1.7727 	WARNING 	We strongly recommend you activate the PTB sound engine in PsychoPy prefs as the preferred audio engine. Its timing is vastly superior. Your prefs are currently set to use ['sounddevice', 'PTB', 'pyo', 'pygame'] (in that order).
22.3321 	WARNING 	User requested fullscreen with size [1440  900], but screen is actually [1920, 1080]. Using actual size
24.2172 	EXP 	Created window1 = Window(allowGUI=False, allowStencil=False, autoLog=True, backendConf=UNKNOWN, bitsMode=UNKNOWN, blendMode='avg', bpc=(8, 8, 8), color=array([1, 1, 1]), colorSpace='rgb', depthBits=8, fullscr=<method-wrapper '__getattribute__' of attributeSetter object at 0x00000277441BF9B0>, gamma=None, gammaErrorPolicy='raise', lms=UNKNOWN, monitor=<psychopy.monitors.calibTools.Monitor object at 0x000002774324E048>, multiSample=False, name='window1', numSamples=2, pos=[0.0, 0.0], screen=0, size=array([1920, 1080]), stencilBits=0, stereo=False, units='height', useFBO=True, useRetina=False, viewOri=0.0, viewPos=None, viewScale=None, waitBlanking=True, winType='pyglet')
24.2175 	EXP 	window1: mouseVisible = True
24.2175 	EXP 	window1: recordFrameIntervals = False
24.2585 	EXP 	window1: recordFrameIntervals = True
24.3046 	EXP 	window1: recordFrameIntervals = False
24.6681 	EXP 	window1: mouseVisible = False
25.0782 	EXP 	Created Instruction = TextStim(__class__=<class 'psychopy.visual.text.TextStim'>, alignHoriz=method-wrapper(...), alignText='center', alignVert=method-wrapper(...), anchorHoriz='center', anchorVert='center', antialias=True, autoLog=True, bold=False, color=array([-1, -1, -1]), colorSpace='rgb', contrast=1.0, depth=0.0, flipHoriz=False, flipVert=False, font='Open Sans', fontFiles=[], height=0.04, italic=False, languageStyle='LTR', name='Instruction', opacity=1, ori=0.0, pos=array([0., 0.]), rgb=UNKNOWN, text=str(...), units='height', win=Window(...), wrapWidth=1)
25.1023 	EXP 	Created FixCross = ShapeStim(__class__=<class 'psychopy.visual.shape.ShapeStim'>, autoDraw=False, autoLog=True, closeShape=True, color=method-wrapper(...), colorSpace='rgb', contrast=None, depth=0.0, fillColor=array([-1, -1, -1]), fillColorSpace='rgb', fillRGB=UNKNOWN, interpolate=True, lineColor=array([-1, -1, -1]), lineColorSpace='rgb', lineRGB=UNKNOWN, lineWidth=1.0, name='FixCross', opacity=1, ori=0.0, pos=array([0., 0.]), size=array([20., 20.]), units='pix', vertices=ndarray(...), win=Window(...), windingRule=None)
25.1033 	EXP 	Created Box_p = Rect(__class__=<class 'psychopy.visual.rect.Rect'>, autoDraw=False, autoLog=True, closeShape=True, color=method-wrapper(...), colorSpace='rgb', contrast=None, depth=0.0, fillColor=array([1, 1, 1]), fillColorSpace='rgb', fillRGB=UNKNOWN, interpolate=True, lineColor=array([1, 1, 1]), lineColorSpace='rgb', lineRGB=UNKNOWN, lineWidth=1.0, name='Box_p', opacity=1, ori=0.0, pos=array([0., 0.]), size=array([0.05, 0.05]), units='height', vertices=ndarray(...), win=Window(...))
25.1043 	EXP 	Created FB_msg = TextStim(__class__=<class 'psychopy.visual.text.TextStim'>, alignHoriz=method-wrapper(...), alignText='center', alignVert=method-wrapper(...), anchorHoriz='center', anchorVert='center', antialias=True, autoLog=True, bold=False, color=array([1, 1, 1]), colorSpace='rgb', contrast=1.0, depth=-1.0, flipHoriz=False, flipVert=False, font='Open Sans', fontFiles=[], height=0.06, italic=False, languageStyle='LTR', name='FB_msg', opacity=1, ori=0.0, pos=array([0., 0.]), rgb=UNKNOWN, text='', units='height', win=Window(...), wrapWidth=1)
25.1055 	EXP 	Created text_3 = TextStim(__class__=<class 'psychopy.visual.text.TextStim'>, alignHoriz=method-wrapper(...), alignText='center', alignVert=method-wrapper(...), anchorHoriz='center', anchorVert='center', antialias=True, autoLog=True, bold=False, color=array([-1, -1, -1]), colorSpace='rgb', contrast=1.0, depth=-1.0, flipHoriz=False, flipVert=False, font='Open Sans', fontFiles=[], height=0.05, italic=False, languageStyle='LTR', name='text_3', opacity=1, ori=0.0, pos=array([0., 0.]), rgb=UNKNOWN, text='', units='height', win=Window(...), wrapWidth=1)
25.1210 	EXP 	Created instr_text_2 = TextStim(__class__=<class 'psychopy.visual.text.TextStim'>, alignHoriz=method-wrapper(...), alignText='center', alignVert=method-wrapper(...), anchorHoriz='center', anchorVert='center', antialias=True, autoLog=True, bold=False, color=array([-1, -1, -1]), colorSpace='rgb', contrast=1.0, depth=0.0, flipHoriz=False, flipVert=False, font='Open Sans', fontFiles=[], height=0.05, italic=False, languageStyle='LTR', name='instr_text_2', opacity=1, ori=0.0, pos=array([0., 0.]), rgb=UNKNOWN, text=str(...), units='height', win=Window(...), wrapWidth=1)
25.1227 	EXP 	Created FixCross = ShapeStim(__class__=<class 'psychopy.visual.shape.ShapeStim'>, autoDraw=False, autoLog=True, closeShape=True, color=method-wrapper(...), colorSpace='rgb', contrast=None, depth=0.0, fillColor=array([-1, -1, -1]), fillColorSpace='rgb', fillRGB=UNKNOWN, interpolate=True, lineColor=array([-1, -1, -1]), lineColorSpace='rgb', lineRGB=UNKNOWN, lineWidth=1.0, name='FixCross', opacity=1, ori=0.0, pos=array([0., 0.]), size=array([20., 20.]), units='pix', vertices=ndarray(...), win=Window(...), windingRule=None)
25.1236 	EXP 	Created Box = Rect(__class__=<class 'psychopy.visual.rect.Rect'>, autoDraw=False, autoLog=True, closeShape=True, color=method-wrapper(...), colorSpace='rgb', contrast=None, depth=0.0, fillColor=array([1, 1, 1]), fillColorSpace='rgb', fillRGB=UNKNOWN, interpolate=True, lineColor=array([1, 1, 1]), lineColorSpace='rgb', lineRGB=UNKNOWN, lineWidth=1.0, name='Box', opacity=1, ori=0.0, pos=array([0., 0.]), size=array([0.05, 0.05]), units='height', vertices=ndarray(...), win=Window(...))
25.1241 	EXP 	Created text_2 = TextStim(__class__=<class 'psychopy.visual.text.TextStim'>, alignHoriz=method-wrapper(...), alignText='center', alignVert=method-wrapper(...), anchorHoriz='center', anchorVert='center', antialias=True, autoLog=True, bold=False, color=array([-1, -1, -1]), colorSpace='rgb', contrast=1.0, depth=-1.0, flipHoriz=False, flipVert=False, font='Open Sans', fontFiles=[], height=0.05, italic=False, languageStyle='LTR', name='text_2', opacity=1, ori=0.0, pos=array([0., 0.]), rgb=UNKNOWN, text='', units='height', win=Window(...), wrapWidth=1)
25.1255 	EXP 	Created FixCross = ShapeStim(__class__=<class 'psychopy.visual.shape.ShapeStim'>, autoDraw=False, autoLog=True, closeShape=True, color=method-wrapper(...), colorSpace='rgb', contrast=None, depth=0.0, fillColor=array([-1, -1, -1]), fillColorSpace='rgb', fillRGB=UNKNOWN, interpolate=True, lineColor=array([-1, -1, -1]), lineColorSpace='rgb', lineRGB=UNKNOWN, lineWidth=1.0, name='FixCross', opacity=1, ori=0.0, pos=array([0., 0.]), size=array([20., 20.]), units='pix', vertices=ndarray(...), win=Window(...), windingRule=None)
25.1264 	EXP 	Created Box = Rect(__class__=<class 'psychopy.visual.rect.Rect'>, autoDraw=False, autoLog=True, closeShape=True, color=method-wrapper(...), colorSpace='rgb', contrast=None, depth=0.0, fillColor=array([1, 1, 1]), fillColorSpace='rgb', fillRGB=UNKNOWN, interpolate=True, lineColor=array([1, 1, 1]), lineColorSpace='rgb', lineRGB=UNKNOWN, lineWidth=1.0, name='Box', opacity=1, ori=0.0, pos=array([0., 0.]), size=array([0.05, 0.05]), units='height', vertices=ndarray(...), win=Window(...))
25.1270 	EXP 	Created text_2 = TextStim(__class__=<class 'psychopy.visual.text.TextStim'>, alignHoriz=method-wrapper(...), alignText='center', alignVert=method-wrapper(...), anchorHoriz='center', anchorVert='center', antialias=True, autoLog=True, bold=False, color=array([-1, -1, -1]), colorSpace='rgb', contrast=1.0, depth=-1.0, flipHoriz=False, flipVert=False, font='Open Sans', fontFiles=[], height=0.05, italic=False, languageStyle='LTR', name='text_2', opacity=1, ori=0.0, pos=array([0., 0.]), rgb=UNKNOWN, text='', units='height', win=Window(...), wrapWidth=1)
25.1283 	EXP 	Created FixCross = ShapeStim(__class__=<class 'psychopy.visual.shape.ShapeStim'>, autoDraw=False, autoLog=True, closeShape=True, color=method-wrapper(...), colorSpace='rgb', contrast=None, depth=0.0, fillColor=array([-1, -1, -1]), fillColorSpace='rgb', fillRGB=UNKNOWN, interpolate=True, lineColor=array([-1, -1, -1]), lineColorSpace='rgb', lineRGB=UNKNOWN, lineWidth=1.0, name='FixCross', opacity=1, ori=0.0, pos=array([0., 0.]), size=array([20., 20.]), units='pix', vertices=ndarray(...), win=Window(...), windingRule=None)
25.1292 	EXP 	Created Box = Rect(__class__=<class 'psychopy.visual.rect.Rect'>, autoDraw=False, autoLog=True, closeShape=True, color=method-wrapper(...), colorSpace='rgb', contrast=None, depth=0.0, fillColor=array([1, 1, 1]), fillColorSpace='rgb', fillRGB=UNKNOWN, interpolate=True, lineColor=array([1, 1, 1]), lineColorSpace='rgb', lineRGB=UNKNOWN, lineWidth=1.0, name='Box', opacity=1, ori=0.0, pos=array([0., 0.]), size=array([0.05, 0.05]), units='height', vertices=ndarray(...), win=Window(...))
25.1297 	EXP 	Created text_2 = TextStim(__class__=<class 'psychopy.visual.text.TextStim'>, alignHoriz=method-wrapper(...), alignText='center', alignVert=method-wrapper(...), anchorHoriz='center', anchorVert='center', antialias=True, autoLog=True, bold=False, color=array([-1, -1, -1]), colorSpace='rgb', contrast=1.0, depth=-1.0, flipHoriz=False, flipVert=False, font='Open Sans', fontFiles=[], height=0.05, italic=False, languageStyle='LTR', name='text_2', opacity=1, ori=0.0, pos=array([0., 0.]), rgb=UNKNOWN, text='', units='height', win=Window(...), wrapWidth=1)
25.1461 	EXP 	Created text = TextStim(__class__=<class 'psychopy.visual.text.TextStim'>, alignHoriz=method-wrapper(...), alignText='center', alignVert=method-wrapper(...), anchorHoriz='center', anchorVert='center', antialias=True, autoLog=True, bold=False, color=array([-1, -1, -1]), colorSpace='rgb', contrast=1.0, depth=0.0, flipHoriz=False, flipVert=False, font='Open Sans', fontFiles=[], height=0.05, italic=False, languageStyle='LTR', name='text', opacity=1, ori=0.0, pos=array([0., 0.]), rgb=UNKNOWN, text=str(...), units='height', win=Window(...), wrapWidth=1)
25.2013 	EXP 	Instruction: autoDraw = True
40.0870 	EXP 	Imported SimonTask.xlsx as conditions, 6 conditions, 6 params
40.0875 	EXP 	Created sequence: fullRandom, trialTypes=6, nReps=4, seed=None
40.0878 	EXP 	New trial (rep=0, index=0): {'images': 'red_congruent', 'congruentcy': 1, 'corrAns': 'k', 'box_pos': 'right', 'box_color': 'red', 'box_x': 0.6}
40.1002 	DATA 	Keypress: space
40.1046 	EXP 	Instruction: autoDraw = False
40.1046 	EXP 	FixCross: autoDraw = True
41.1303 	EXP 	FixCross: autoDraw = False
41.1303 	EXP 	FixCross: autoDraw = False
41.1303 	EXP 	Box_p: pos = array([0.6, 0. ])
41.1303 	EXP 	Box_p: autoDraw = True
41.7574 	DATA 	Keypress: k
41.7601 	EXP 	Box_p: autoDraw = False
41.7601 	EXP 	FB_msg: text = 'Doğru cevap'
41.7601 	EXP 	FB_msg: autoDraw = True
42.7531 	EXP 	New trial (rep=0, index=1): {'images': 'red_congruent', 'congruentcy': 1, 'corrAns': 'k', 'box_pos': 'right', 'box_color': 'red', 'box_x': 0.6}
42.7612 	EXP 	FB_msg: autoDraw = False
42.7612 	EXP 	FixCross: autoDraw = True
43.8416 	EXP 	FixCross: autoDraw = False
43.8416 	EXP 	FixCross: autoDraw = False
43.8416 	EXP 	Box_p: pos = array([0.6, 0. ])
43.8416 	EXP 	Box_p: autoDraw = True
44.1877 	DATA 	Keypress: k
44.2044 	EXP 	Box_p: autoDraw = False
44.2044 	EXP 	FB_msg: text = 'Doğru cevap'
44.2044 	EXP 	FB_msg: autoDraw = True
45.1976 	EXP 	New trial (rep=0, index=2): {'images': 'red_congruent', 'congruentcy': 1, 'corrAns': 'k', 'box_pos': 'right', 'box_color': 'red', 'box_x': 0.6}
45.2056 	EXP 	FB_msg: autoDraw = False
45.2056 	EXP 	FixCross: autoDraw = True
46.2983 	EXP 	FixCross: autoDraw = False
46.2983 	EXP 	FixCross: autoDraw = False
46.2983 	EXP 	Box_p: pos = array([0.6, 0. ])
46.2983 	EXP 	Box_p: autoDraw = True
46.7152 	DATA 	Keypress: k
46.7321 	EXP 	Box_p: autoDraw = False
46.7321 	EXP 	FB_msg: text = 'Doğru cevap'
46.7321 	EXP 	FB_msg: autoDraw = True
47.7293 	EXP 	New trial (rep=0, index=3): {'images': 'red_incongruent', 'congruentcy': 0, 'corrAns': 'k', 'box_pos': 'left', 'box_color': 'red', 'box_x': -0.6}
47.7373 	EXP 	FB_msg: autoDraw = False
47.7373 	EXP 	FixCross: autoDraw = True
48.8301 	EXP 	FixCross: autoDraw = False
48.8301 	EXP 	FixCross: autoDraw = False
48.8301 	EXP 	Box_p: pos = array([-0.6,  0. ])
48.8301 	EXP 	Box_p: autoDraw = True
49.1478 	DATA 	Keypress: a
49.1681 	EXP 	Box_p: autoDraw = False
49.1681 	EXP 	FB_msg: text = 'Yalnış cevap'
49.1681 	EXP 	FB_msg: autoDraw = True
50.1568 	EXP 	New trial (rep=0, index=4): {'images': 'red_congruent', 'congruentcy': 1, 'corrAns': 'k', 'box_pos': 'right', 'box_color': 'red', 'box_x': 0.6}
50.1649 	EXP 	FB_msg: autoDraw = False
50.1649 	EXP 	FixCross: autoDraw = True
51.3244 	EXP 	FixCross: autoDraw = False
51.3244 	EXP 	FixCross: autoDraw = False
51.3244 	EXP 	Box_p: pos = array([0.6, 0. ])
51.3244 	EXP 	Box_p: autoDraw = True
51.7001 	DATA 	Keypress: k
51.7166 	EXP 	Box_p: autoDraw = False
51.7166 	EXP 	FB_msg: text = 'Doğru cevap'
51.7166 	EXP 	FB_msg: autoDraw = True
52.7095 	EXP 	New trial (rep=0, index=5): {'images': 'blue_neutral', 'congruentcy': 0, 'corrAns': 'a', 'box_pos': 'middle', 'box_color': 'blue', 'box_x': 0}
52.7176 	EXP 	FB_msg: autoDraw = False
52.7176 	EXP 	FixCross: autoDraw = True
53.8521 	EXP 	FixCross: autoDraw = False
53.8521 	EXP 	FixCross: autoDraw = False
53.8521 	EXP 	Box_p: pos = array([0., 0.])
53.8521 	EXP 	Box_p: autoDraw = True
54.4277 	DATA 	Keypress: a
54.4445 	EXP 	Box_p: autoDraw = False
54.4445 	EXP 	FB_msg: text = 'Doğru cevap'
54.4445 	EXP 	FB_msg: autoDraw = True
55.4374 	EXP 	New trial (rep=1, index=0): {'images': 'red_neutral', 'congruentcy': 0, 'corrAns': 'k', 'box_pos': 'middle', 'box_color': 'red', 'box_x': 0}
55.4456 	EXP 	FB_msg: autoDraw = False
55.4456 	EXP 	FixCross: autoDraw = True
56.5300 	EXP 	FixCross: autoDraw = False
56.5300 	EXP 	FixCross: autoDraw = False
56.5300 	EXP 	Box_p: pos = array([0., 0.])
56.5300 	EXP 	Box_p: autoDraw = True
57.0203 	DATA 	Keypress: k
57.0263 	EXP 	Box_p: autoDraw = False
57.0263 	EXP 	FB_msg: text = 'Doğru cevap'
57.0263 	EXP 	FB_msg: autoDraw = True
58.0236 	EXP 	New trial (rep=1, index=1): {'images': 'blue_neutral', 'congruentcy': 0, 'corrAns': 'a', 'box_pos': 'middle', 'box_color': 'blue', 'box_x': 0}
58.0316 	EXP 	FB_msg: autoDraw = False
58.0316 	EXP 	FixCross: autoDraw = True
59.1995 	EXP 	FixCross: autoDraw = False
59.1995 	EXP 	FixCross: autoDraw = False
59.1995 	EXP 	Box_p: pos = array([0., 0.])
59.1995 	EXP 	Box_p: autoDraw = True
59.8521 	DATA 	Keypress: a
59.8585 	EXP 	Box_p: autoDraw = False
59.8585 	EXP 	FB_msg: text = 'Doğru cevap'
59.8585 	EXP 	FB_msg: autoDraw = True
60.8515 	EXP 	New trial (rep=1, index=2): {'images': 'blue_congruent', 'congruentcy': 1, 'corrAns': 'a', 'box_pos': 'left', 'box_color': 'blue', 'box_x': -0.6}
60.8596 	EXP 	FB_msg: autoDraw = False
60.8596 	EXP 	FixCross: autoDraw = True
61.9399 	EXP 	FixCross: autoDraw = False
61.9399 	EXP 	FixCross: autoDraw = False
61.9399 	EXP 	Box_p: pos = array([-0.6,  0. ])
61.9399 	EXP 	Box_p: autoDraw = True
62.4427 	DATA 	Keypress: a
62.4489 	EXP 	Box_p: autoDraw = False
62.4489 	EXP 	FB_msg: text = 'Doğru cevap'
62.4489 	EXP 	FB_msg: autoDraw = True
63.4460 	EXP 	New trial (rep=1, index=3): {'images': 'blue_incongruent', 'congruentcy': 0, 'corrAns': 'a', 'box_pos': 'right', 'box_color': 'blue', 'box_x': 0.6}
63.4540 	EXP 	FB_msg: autoDraw = False
63.4540 	EXP 	FixCross: autoDraw = True
64.6637 	EXP 	FixCross: autoDraw = False
64.6637 	EXP 	FixCross: autoDraw = False
64.6637 	EXP 	Box_p: pos = array([0.6, 0. ])
64.6637 	EXP 	Box_p: autoDraw = True
65.2222 	DATA 	Keypress: a
65.2392 	EXP 	Box_p: autoDraw = False
65.2392 	EXP 	FB_msg: text = 'Doğru cevap'
65.2392 	EXP 	FB_msg: autoDraw = True
66.2322 	EXP 	New trial (rep=1, index=4): {'images': 'blue_congruent', 'congruentcy': 1, 'corrAns': 'a', 'box_pos': 'left', 'box_color': 'blue', 'box_x': -0.6}
66.2403 	EXP 	FB_msg: autoDraw = False
66.2403 	EXP 	FixCross: autoDraw = True
67.3289 	EXP 	FixCross: autoDraw = False
67.3289 	EXP 	FixCross: autoDraw = False
67.3289 	EXP 	Box_p: pos = array([-0.6,  0. ])
67.3289 	EXP 	Box_p: autoDraw = True
67.6548 	DATA 	Keypress: a
67.6709 	EXP 	Box_p: autoDraw = False
67.6709 	EXP 	FB_msg: text = 'Doğru cevap'
67.6709 	EXP 	FB_msg: autoDraw = True
68.6681 	EXP 	New trial (rep=1, index=5): {'images': 'blue_congruent', 'congruentcy': 1, 'corrAns': 'a', 'box_pos': 'left', 'box_color': 'blue', 'box_x': -0.6}
68.6762 	EXP 	FB_msg: autoDraw = False
68.6762 	EXP 	FixCross: autoDraw = True
69.8191 	EXP 	FixCross: autoDraw = False
69.8191 	EXP 	FixCross: autoDraw = False
69.8191 	EXP 	Box_p: pos = array([-0.6,  0. ])
69.8191 	EXP 	Box_p: autoDraw = True
70.1573 	DATA 	Keypress: a
70.1736 	EXP 	Box_p: autoDraw = False
70.1736 	EXP 	FB_msg: text = 'Doğru cevap'
70.1736 	EXP 	FB_msg: autoDraw = True
71.1707 	EXP 	New trial (rep=2, index=0): {'images': 'blue_congruent', 'congruentcy': 1, 'corrAns': 'a', 'box_pos': 'left', 'box_color': 'blue', 'box_x': -0.6}
71.1788 	EXP 	FB_msg: autoDraw = False
71.1788 	EXP 	FixCross: autoDraw = True
72.2384 	EXP 	FixCross: autoDraw = False
72.2384 	EXP 	FixCross: autoDraw = False
72.2384 	EXP 	Box_p: pos = array([-0.6,  0. ])
72.2384 	EXP 	Box_p: autoDraw = True
72.5829 	DATA 	Keypress: a
72.5887 	EXP 	Box_p: autoDraw = False
72.5887 	EXP 	FB_msg: text = 'Doğru cevap'
72.5887 	EXP 	FB_msg: autoDraw = True
73.5817 	EXP 	New trial (rep=2, index=1): {'images': 'red_incongruent', 'congruentcy': 0, 'corrAns': 'k', 'box_pos': 'left', 'box_color': 'red', 'box_x': -0.6}
73.5897 	EXP 	FB_msg: autoDraw = False
73.5897 	EXP 	FixCross: autoDraw = True
74.7078 	EXP 	FixCross: autoDraw = False
74.7078 	EXP 	FixCross: autoDraw = False
74.7078 	EXP 	Box_p: pos = array([-0.6,  0. ])
74.7078 	EXP 	Box_p: autoDraw = True
75.1588 	DATA 	Keypress: k
75.1748 	EXP 	Box_p: autoDraw = False
75.1748 	EXP 	FB_msg: text = 'Doğru cevap'
75.1748 	EXP 	FB_msg: autoDraw = True
76.1720 	EXP 	New trial (rep=2, index=2): {'images': 'blue_neutral', 'congruentcy': 0, 'corrAns': 'a', 'box_pos': 'middle', 'box_color': 'blue', 'box_x': 0}
76.1799 	EXP 	FB_msg: autoDraw = False
76.1799 	EXP 	FixCross: autoDraw = True
77.3063 	EXP 	FixCross: autoDraw = False
77.3063 	EXP 	FixCross: autoDraw = False
77.3063 	EXP 	Box_p: pos = array([0., 0.])
77.3063 	EXP 	Box_p: autoDraw = True
77.8512 	DATA 	Keypress: a
77.8569 	EXP 	Box_p: autoDraw = False
77.8569 	EXP 	FB_msg: text = 'Doğru cevap'
77.8569 	EXP 	FB_msg: autoDraw = True
78.8497 	EXP 	New trial (rep=2, index=3): {'images': 'blue_incongruent', 'congruentcy': 0, 'corrAns': 'a', 'box_pos': 'right', 'box_color': 'blue', 'box_x': 0.6}
78.8579 	EXP 	FB_msg: autoDraw = False
78.8579 	EXP 	FixCross: autoDraw = True
79.9256 	EXP 	FixCross: autoDraw = False
79.9256 	EXP 	FixCross: autoDraw = False
79.9256 	EXP 	Box_p: pos = array([0.6, 0. ])
79.9256 	EXP 	Box_p: autoDraw = True
80.5407 	DATA 	Keypress: a
80.5472 	EXP 	Box_p: autoDraw = False
80.5472 	EXP 	FB_msg: text = 'Doğru cevap'
80.5472 	EXP 	FB_msg: autoDraw = True
81.5401 	EXP 	New trial (rep=2, index=4): {'images': 'red_neutral', 'congruentcy': 0, 'corrAns': 'k', 'box_pos': 'middle', 'box_color': 'red', 'box_x': 0}
81.5481 	EXP 	FB_msg: autoDraw = False
81.5481 	EXP 	FixCross: autoDraw = True
82.5742 	EXP 	FixCross: autoDraw = False
82.5742 	EXP 	FixCross: autoDraw = False
82.5742 	EXP 	Box_p: pos = array([0., 0.])
82.5742 	EXP 	Box_p: autoDraw = True
82.9733 	DATA 	Keypress: k
82.9790 	EXP 	Box_p: autoDraw = False
82.9790 	EXP 	FB_msg: text = 'Doğru cevap'
82.9790 	EXP 	FB_msg: autoDraw = True
83.9760 	EXP 	New trial (rep=2, index=5): {'images': 'blue_incongruent', 'congruentcy': 0, 'corrAns': 'a', 'box_pos': 'right', 'box_color': 'blue', 'box_x': 0.6}
83.9842 	EXP 	FB_msg: autoDraw = False
83.9842 	EXP 	FixCross: autoDraw = True
85.0354 	EXP 	FixCross: autoDraw = False
85.0354 	EXP 	FixCross: autoDraw = False
85.0354 	EXP 	Box_p: pos = array([0.6, 0. ])
85.0354 	EXP 	Box_p: autoDraw = True
85.5698 	DATA 	Keypress: a
85.5858 	EXP 	Box_p: autoDraw = False
85.5858 	EXP 	FB_msg: text = 'Doğru cevap'
85.5858 	EXP 	FB_msg: autoDraw = True
86.5831 	EXP 	New trial (rep=3, index=0): {'images': 'blue_neutral', 'congruentcy': 0, 'corrAns': 'a', 'box_pos': 'middle', 'box_color': 'blue', 'box_x': 0}
86.5910 	EXP 	FB_msg: autoDraw = False
86.5910 	EXP 	FixCross: autoDraw = True
87.7047 	EXP 	FixCross: autoDraw = False
87.7047 	EXP 	FixCross: autoDraw = False
87.7047 	EXP 	Box_p: pos = array([0., 0.])
87.7047 	EXP 	Box_p: autoDraw = True
88.2575 	DATA 	Keypress: a
88.2638 	EXP 	Box_p: autoDraw = False
88.2638 	EXP 	FB_msg: text = 'Doğru cevap'
88.2638 	EXP 	FB_msg: autoDraw = True
89.2609 	EXP 	New trial (rep=3, index=1): {'images': 'red_neutral', 'congruentcy': 0, 'corrAns': 'k', 'box_pos': 'middle', 'box_color': 'red', 'box_x': 0}
89.2690 	EXP 	FB_msg: autoDraw = False
89.2690 	EXP 	FixCross: autoDraw = True
90.4118 	EXP 	FixCross: autoDraw = False
90.4118 	EXP 	FixCross: autoDraw = False
90.4118 	EXP 	Box_p: pos = array([0., 0.])
90.4118 	EXP 	Box_p: autoDraw = True
90.8500 	DATA 	Keypress: k
90.8666 	EXP 	Box_p: autoDraw = False
90.8666 	EXP 	FB_msg: text = 'Doğru cevap'
90.8666 	EXP 	FB_msg: autoDraw = True
91.8593 	EXP 	New trial (rep=3, index=2): {'images': 'red_incongruent', 'congruentcy': 0, 'corrAns': 'k', 'box_pos': 'left', 'box_color': 'red', 'box_x': -0.6}
91.8674 	EXP 	FB_msg: autoDraw = False
91.8674 	EXP 	FixCross: autoDraw = True
92.9020 	EXP 	FixCross: autoDraw = False
92.9020 	EXP 	FixCross: autoDraw = False
92.9020 	EXP 	Box_p: pos = array([-0.6,  0. ])
92.9020 	EXP 	Box_p: autoDraw = True
93.3407 	DATA 	Keypress: a
93.3442 	EXP 	Box_p: autoDraw = False
93.3442 	EXP 	FB_msg: text = 'Yalnış cevap'
93.3442 	EXP 	FB_msg: autoDraw = True
94.3371 	EXP 	New trial (rep=3, index=3): {'images': 'blue_incongruent', 'congruentcy': 0, 'corrAns': 'a', 'box_pos': 'right', 'box_color': 'blue', 'box_x': 0.6}
94.3450 	EXP 	FB_msg: autoDraw = False
94.3450 	EXP 	FixCross: autoDraw = True
95.4881 	EXP 	FixCross: autoDraw = False
95.4881 	EXP 	FixCross: autoDraw = False
95.4881 	EXP 	Box_p: pos = array([0.6, 0. ])
95.4881 	EXP 	Box_p: autoDraw = True
96.0513 	DATA 	Keypress: a
96.0680 	EXP 	Box_p: autoDraw = False
96.0680 	EXP 	FB_msg: text = 'Doğru cevap'
96.0680 	EXP 	FB_msg: autoDraw = True
97.0650 	EXP 	New trial (rep=3, index=4): {'images': 'red_incongruent', 'congruentcy': 0, 'corrAns': 'k', 'box_pos': 'left', 'box_color': 'red', 'box_x': -0.6}
97.0730 	EXP 	FB_msg: autoDraw = False
97.0730 	EXP 	FixCross: autoDraw = True
98.1493 	EXP 	FixCross: autoDraw = False
98.1493 	EXP 	FixCross: autoDraw = False
98.1493 	EXP 	Box_p: pos = array([-0.6,  0. ])
98.1493 	EXP 	Box_p: autoDraw = True
98.9769 	DATA 	Keypress: k
98.9833 	EXP 	Box_p: autoDraw = False
98.9833 	EXP 	FB_msg: text = 'Doğru cevap'
98.9833 	EXP 	FB_msg: autoDraw = True
99.9765 	EXP 	New trial (rep=3, index=5): {'images': 'red_neutral', 'congruentcy': 0, 'corrAns': 'k', 'box_pos': 'middle', 'box_color': 'red', 'box_x': 0}
99.9844 	EXP 	FB_msg: autoDraw = False
99.9844 	EXP 	FixCross: autoDraw = True
101.0982 	EXP 	FixCross: autoDraw = False
101.0982 	EXP 	FixCross: autoDraw = False
101.0982 	EXP 	Box_p: pos = array([0., 0.])
101.0982 	EXP 	Box_p: autoDraw = True
101.4823 	DATA 	Keypress: k
101.4986 	EXP 	Box_p: autoDraw = False
101.4986 	EXP 	FB_msg: text = 'Doğru cevap'
101.4986 	EXP 	FB_msg: autoDraw = True
102.5079 	EXP 	FB_msg: autoDraw = False
102.5079 	EXP 	text_3: text = '\n\n 22 adet doğru cevap verdiniz. \n Ortalama cevap süreniz 3.83e+02ms.'
102.5079 	EXP 	text_3: autoDraw = True
104.5017 	EXP 	text_3: autoDraw = False
104.5017 	EXP 	instr_text_2: autoDraw = True
120.4520 	DATA 	Keypress: space
120.4660 	EXP 	Imported SimonTask.xlsx as conditions, 6 conditions, 6 params
120.4664 	EXP 	Created sequence: fullRandom, trialTypes=6, nReps=8, seed=None
120.4667 	EXP 	New trial (rep=0, index=0): {'images': 'blue_neutral', 'congruentcy': 0, 'corrAns': 'a', 'box_pos': 'middle', 'box_color': 'blue', 'box_x': 0}
120.4731 	EXP 	instr_text_2: autoDraw = False
120.4731 	EXP 	FixCross: autoDraw = True
121.5448 	EXP 	FixCross: autoDraw = False
121.5448 	EXP 	FixCross: autoDraw = False
121.5448 	EXP 	Box: pos = array([0., 0.])
121.5448 	EXP 	Box: autoDraw = True
122.2795 	EXP 	New trial (rep=0, index=1): {'images': 'blue_congruent', 'congruentcy': 1, 'corrAns': 'a', 'box_pos': 'left', 'box_color': 'blue', 'box_x': -0.6}
122.2822 	DATA 	Keypress: a
122.2874 	EXP 	Box: autoDraw = False
122.2874 	EXP 	FixCross: autoDraw = True
123.4761 	EXP 	FixCross: autoDraw = False
123.4761 	EXP 	FixCross: autoDraw = False
123.4761 	EXP 	Box: pos = array([-0.6,  0. ])
123.4761 	EXP 	Box: autoDraw = True
124.5687 	EXP 	New trial (rep=0, index=2): {'images': 'blue_congruent', 'congruentcy': 1, 'corrAns': 'a', 'box_pos': 'left', 'box_color': 'blue', 'box_x': -0.6}
124.5708 	DATA 	Keypress: a
124.5772 	EXP 	Box: autoDraw = False
124.5772 	EXP 	FixCross: autoDraw = True
125.6701 	EXP 	FixCross: autoDraw = False
125.6701 	EXP 	FixCross: autoDraw = False
125.6701 	EXP 	Box: pos = array([-0.6,  0. ])
125.6701 	EXP 	Box: autoDraw = True
126.2661 	EXP 	New trial (rep=0, index=3): {'images': 'blue_incongruent', 'congruentcy': 0, 'corrAns': 'a', 'box_pos': 'right', 'box_color': 'blue', 'box_x': 0.6}
126.2681 	DATA 	Keypress: a
126.2708 	EXP 	Box: autoDraw = False
126.2708 	EXP 	FixCross: autoDraw = True
127.3844 	EXP 	FixCross: autoDraw = False
127.3844 	EXP 	FixCross: autoDraw = False
127.3844 	EXP 	Box: pos = array([0.6, 0. ])
127.3844 	EXP 	Box: autoDraw = True
127.9225 	EXP 	New trial (rep=0, index=4): {'images': 'red_incongruent', 'congruentcy': 0, 'corrAns': 'k', 'box_pos': 'left', 'box_color': 'red', 'box_x': -0.6}
127.9246 	DATA 	Keypress: a
127.9308 	EXP 	Box: autoDraw = False
127.9308 	EXP 	FixCross: autoDraw = True
129.1364 	EXP 	FixCross: autoDraw = False
129.1364 	EXP 	FixCross: autoDraw = False
129.1364 	EXP 	Box: pos = array([-0.6,  0. ])
129.1364 	EXP 	Box: autoDraw = True
130.0460 	EXP 	New trial (rep=0, index=5): {'images': 'blue_incongruent', 'congruentcy': 0, 'corrAns': 'a', 'box_pos': 'right', 'box_color': 'blue', 'box_x': 0.6}
130.0480 	DATA 	Keypress: k
130.0539 	EXP 	Box: autoDraw = False
130.0539 	EXP 	FixCross: autoDraw = True
131.2260 	EXP 	FixCross: autoDraw = False
131.2260 	EXP 	FixCross: autoDraw = False
131.2260 	EXP 	Box: pos = array([0.6, 0. ])
131.2260 	EXP 	Box: autoDraw = True
131.7434 	DATA 	Keypress: a
131.7513 	EXP 	New trial (rep=1, index=0): {'images': 'red_congruent', 'congruentcy': 1, 'corrAns': 'k', 'box_pos': 'right', 'box_color': 'red', 'box_x': 0.6}
131.7557 	EXP 	Box: autoDraw = False
131.7557 	EXP 	FixCross: autoDraw = True
132.8651 	EXP 	FixCross: autoDraw = False
132.8651 	EXP 	FixCross: autoDraw = False
132.8651 	EXP 	Box: pos = array([0.6, 0. ])
132.8651 	EXP 	Box: autoDraw = True
133.2487 	EXP 	New trial (rep=1, index=1): {'images': 'blue_incongruent', 'congruentcy': 0, 'corrAns': 'a', 'box_pos': 'right', 'box_color': 'blue', 'box_x': 0.6}
133.2507 	DATA 	Keypress: k
133.2573 	EXP 	Box: autoDraw = False
133.2573 	EXP 	FixCross: autoDraw = True
134.3125 	EXP 	FixCross: autoDraw = False
134.3125 	EXP 	FixCross: autoDraw = False
134.3125 	EXP 	Box: pos = array([0.6, 0. ])
134.3125 	EXP 	Box: autoDraw = True
134.8381 	DATA 	Keypress: a
134.8470 	EXP 	New trial (rep=1, index=2): {'images': 'blue_neutral', 'congruentcy': 0, 'corrAns': 'a', 'box_pos': 'middle', 'box_color': 'blue', 'box_x': 0}
134.8548 	EXP 	Box: autoDraw = False
134.8548 	EXP 	FixCross: autoDraw = True
135.8767 	EXP 	FixCross: autoDraw = False
135.8767 	EXP 	FixCross: autoDraw = False
135.8767 	EXP 	Box: pos = array([0., 0.])
135.8767 	EXP 	Box: autoDraw = True
136.4694 	EXP 	New trial (rep=1, index=3): {'images': 'blue_neutral', 'congruentcy': 0, 'corrAns': 'a', 'box_pos': 'middle', 'box_color': 'blue', 'box_x': 0}
136.4714 	DATA 	Keypress: a
136.4774 	EXP 	Box: autoDraw = False
136.4774 	EXP 	FixCross: autoDraw = True
137.6077 	EXP 	FixCross: autoDraw = False
137.6077 	EXP 	FixCross: autoDraw = False
137.6077 	EXP 	Box: pos = array([0., 0.])
137.6077 	EXP 	Box: autoDraw = True
138.1458 	EXP 	New trial (rep=1, index=4): {'images': 'red_congruent', 'congruentcy': 1, 'corrAns': 'k', 'box_pos': 'right', 'box_color': 'red', 'box_x': 0.6}
138.1478 	DATA 	Keypress: a
138.1542 	EXP 	Box: autoDraw = False
138.1542 	EXP 	FixCross: autoDraw = True
139.2970 	EXP 	FixCross: autoDraw = False
139.2970 	EXP 	FixCross: autoDraw = False
139.2970 	EXP 	Box: pos = array([0.6, 0. ])
139.2970 	EXP 	Box: autoDraw = True
139.7772 	DATA 	Keypress: k
141.4368 	EXP 	New trial (rep=1, index=5): {'images': 'red_incongruent', 'congruentcy': 0, 'corrAns': 'k', 'box_pos': 'left', 'box_color': 'red', 'box_x': -0.6}
141.4389 	DATA 	Keypress: k
141.4451 	EXP 	Box: autoDraw = False
141.4451 	EXP 	FixCross: autoDraw = True
142.6130 	EXP 	FixCross: autoDraw = False
142.6130 	EXP 	FixCross: autoDraw = False
142.6130 	EXP 	Box: pos = array([-0.6,  0. ])
142.6130 	EXP 	Box: autoDraw = True
143.1591 	DATA 	Keypress: k
143.1682 	EXP 	New trial (rep=2, index=0): {'images': 'blue_congruent', 'congruentcy': 1, 'corrAns': 'a', 'box_pos': 'left', 'box_color': 'blue', 'box_x': -0.6}
143.1761 	EXP 	Box: autoDraw = False
143.1761 	EXP 	FixCross: autoDraw = True
144.3232 	EXP 	FixCross: autoDraw = False
144.3232 	EXP 	FixCross: autoDraw = False
144.3232 	EXP 	Box: pos = array([-0.6,  0. ])
144.3232 	EXP 	Box: autoDraw = True
145.1736 	EXP 	New trial (rep=2, index=1): {'images': 'red_neutral', 'congruentcy': 0, 'corrAns': 'k', 'box_pos': 'middle', 'box_color': 'red', 'box_x': 0}
145.1756 	DATA 	Keypress: a
145.1781 	EXP 	Box: autoDraw = False
145.1781 	EXP 	FixCross: autoDraw = True
146.2751 	EXP 	FixCross: autoDraw = False
146.2751 	EXP 	FixCross: autoDraw = False
146.2751 	EXP 	Box: pos = array([0., 0.])
146.2751 	EXP 	Box: autoDraw = True
146.8171 	DATA 	Keypress: k
146.8260 	EXP 	New trial (rep=2, index=2): {'images': 'red_neutral', 'congruentcy': 0, 'corrAns': 'k', 'box_pos': 'middle', 'box_color': 'red', 'box_x': 0}
146.8341 	EXP 	Box: autoDraw = False
146.8341 	EXP 	FixCross: autoDraw = True
147.9895 	EXP 	FixCross: autoDraw = False
147.9895 	EXP 	FixCross: autoDraw = False
147.9895 	EXP 	Box: pos = array([0., 0.])
147.9895 	EXP 	Box: autoDraw = True
149.0535 	EXP 	New trial (rep=2, index=3): {'images': 'red_neutral', 'congruentcy': 0, 'corrAns': 'k', 'box_pos': 'middle', 'box_color': 'red', 'box_x': 0}
149.0556 	DATA 	Keypress: k
149.0613 	EXP 	Box: autoDraw = False
149.0613 	EXP 	FixCross: autoDraw = True
150.2294 	EXP 	FixCross: autoDraw = False
150.2294 	EXP 	FixCross: autoDraw = False
150.2294 	EXP 	Box: pos = array([0., 0.])
150.2294 	EXP 	Box: autoDraw = True
150.7800 	EXP 	New trial (rep=2, index=4): {'images': 'red_incongruent', 'congruentcy': 0, 'corrAns': 'k', 'box_pos': 'left', 'box_color': 'red', 'box_x': -0.6}
150.7831 	DATA 	Keypress: k
150.7884 	EXP 	Box: autoDraw = False
150.7884 	EXP 	FixCross: autoDraw = True
151.9646 	EXP 	FixCross: autoDraw = False
151.9646 	EXP 	FixCross: autoDraw = False
151.9646 	EXP 	Box: pos = array([-0.6,  0. ])
151.9646 	EXP 	Box: autoDraw = True
152.6323 	EXP 	New trial (rep=2, index=5): {'images': 'red_neutral', 'congruentcy': 0, 'corrAns': 'k', 'box_pos': 'middle', 'box_color': 'red', 'box_x': 0}
152.6343 	DATA 	Keypress: k
152.6403 	EXP 	Box: autoDraw = False
152.6403 	EXP 	FixCross: autoDraw = True
153.7709 	EXP 	FixCross: autoDraw = False
153.7709 	EXP 	FixCross: autoDraw = False
153.7709 	EXP 	Box: pos = array([0., 0.])
153.7709 	EXP 	Box: autoDraw = True
154.2046 	EXP 	New trial (rep=3, index=0): {'images': 'red_congruent', 'congruentcy': 1, 'corrAns': 'k', 'box_pos': 'right', 'box_color': 'red', 'box_x': 0.6}
154.2077 	DATA 	Keypress: k
154.2128 	EXP 	Box: autoDraw = False
154.2128 	EXP 	FixCross: autoDraw = True
155.3390 	EXP 	FixCross: autoDraw = False
155.3390 	EXP 	FixCross: autoDraw = False
155.3390 	EXP 	Box: pos = array([0.6, 0. ])
155.3390 	EXP 	Box: autoDraw = True
155.7940 	DATA 	Keypress: k
155.8020 	EXP 	New trial (rep=3, index=1): {'images': 'blue_neutral', 'congruentcy': 0, 'corrAns': 'a', 'box_pos': 'middle', 'box_color': 'blue', 'box_x': 0}
155.8103 	EXP 	Box: autoDraw = False
155.8103 	EXP 	FixCross: autoDraw = True
156.9324 	EXP 	FixCross: autoDraw = False
156.9324 	EXP 	FixCross: autoDraw = False
156.9324 	EXP 	Box: pos = array([0., 0.])
156.9324 	EXP 	Box: autoDraw = True
157.5704 	DATA 	Keypress: a
157.5794 	EXP 	New trial (rep=3, index=2): {'images': 'blue_neutral', 'congruentcy': 0, 'corrAns': 'a', 'box_pos': 'middle', 'box_color': 'blue', 'box_x': 0}
157.5872 	EXP 	Box: autoDraw = False
157.5872 	EXP 	FixCross: autoDraw = True
158.6966 	EXP 	FixCross: autoDraw = False
158.6966 	EXP 	FixCross: autoDraw = False
158.6966 	EXP 	Box: pos = array([0., 0.])
158.6966 	EXP 	Box: autoDraw = True
159.3228 	DATA 	Keypress: a
159.3308 	EXP 	New trial (rep=3, index=3): {'images': 'red_congruent', 'congruentcy': 1, 'corrAns': 'k', 'box_pos': 'right', 'box_color': 'red', 'box_x': 0.6}
159.3391 	EXP 	Box: autoDraw = False
159.3391 	EXP 	FixCross: autoDraw = True
160.3903 	EXP 	FixCross: autoDraw = False
160.3903 	EXP 	FixCross: autoDraw = False
160.3903 	EXP 	Box: pos = array([0.6, 0. ])
160.3903 	EXP 	Box: autoDraw = True
160.8241 	EXP 	New trial (rep=3, index=4): {'images': 'red_congruent', 'congruentcy': 1, 'corrAns': 'k', 'box_pos': 'right', 'box_color': 'red', 'box_x': 0.6}
160.8262 	DATA 	Keypress: k
160.8323 	EXP 	Box: autoDraw = False
160.8323 	EXP 	FixCross: autoDraw = True
161.9585 	EXP 	FixCross: autoDraw = False
161.9585 	EXP 	FixCross: autoDraw = False
161.9585 	EXP 	Box: pos = array([0.6, 0. ])
161.9585 	EXP 	Box: autoDraw = True
162.3545 	DATA 	Keypress: k
162.3635 	EXP 	New trial (rep=3, index=5): {'images': 'red_congruent', 'congruentcy': 1, 'corrAns': 'k', 'box_pos': 'right', 'box_color': 'red', 'box_x': 0.6}
162.3714 	EXP 	Box: autoDraw = False
162.3714 	EXP 	FixCross: autoDraw = True
163.5435 	EXP 	FixCross: autoDraw = False
163.5435 	EXP 	FixCross: autoDraw = False
163.5435 	EXP 	Box: pos = array([0.6, 0. ])
163.5435 	EXP 	Box: autoDraw = True
163.9109 	EXP 	New trial (rep=4, index=0): {'images': 'blue_neutral', 'congruentcy': 0, 'corrAns': 'a', 'box_pos': 'middle', 'box_color': 'blue', 'box_x': 0}
163.9130 	DATA 	Keypress: k
163.9190 	EXP 	Box: autoDraw = False
163.9190 	EXP 	FixCross: autoDraw = True
164.9659 	EXP 	FixCross: autoDraw = False
164.9659 	EXP 	FixCross: autoDraw = False
164.9659 	EXP 	Box: pos = array([0., 0.])
164.9659 	EXP 	Box: autoDraw = True
165.8583 	DATA 	Keypress: a
165.8673 	EXP 	New trial (rep=4, index=1): {'images': 'red_neutral', 'congruentcy': 0, 'corrAns': 'k', 'box_pos': 'middle', 'box_color': 'red', 'box_x': 0}
165.8752 	EXP 	Box: autoDraw = False
165.8752 	EXP 	FixCross: autoDraw = True
166.9180 	EXP 	FixCross: autoDraw = False
166.9180 	EXP 	FixCross: autoDraw = False
166.9180 	EXP 	Box: pos = array([0., 0.])
166.9180 	EXP 	Box: autoDraw = True
167.3267 	EXP 	New trial (rep=4, index=2): {'images': 'blue_incongruent', 'congruentcy': 0, 'corrAns': 'a', 'box_pos': 'right', 'box_color': 'blue', 'box_x': 0.6}
167.3287 	DATA 	Keypress: k
167.3350 	EXP 	Box: autoDraw = False
167.3350 	EXP 	FixCross: autoDraw = True
168.4157 	EXP 	FixCross: autoDraw = False
168.4157 	EXP 	FixCross: autoDraw = False
168.4157 	EXP 	Box: pos = array([0.6, 0. ])
168.4157 	EXP 	Box: autoDraw = True
169.2752 	EXP 	New trial (rep=4, index=3): {'images': 'red_incongruent', 'congruentcy': 0, 'corrAns': 'k', 'box_pos': 'left', 'box_color': 'red', 'box_x': -0.6}
169.2772 	DATA 	Keypress: a
169.2828 	EXP 	Box: autoDraw = False
169.2828 	EXP 	FixCross: autoDraw = True
170.3632 	EXP 	FixCross: autoDraw = False
170.3632 	EXP 	FixCross: autoDraw = False
170.3632 	EXP 	Box: pos = array([-0.6,  0. ])
170.3632 	EXP 	Box: autoDraw = True
170.7466 	EXP 	New trial (rep=4, index=4): {'images': 'blue_neutral', 'congruentcy': 0, 'corrAns': 'a', 'box_pos': 'middle', 'box_color': 'blue', 'box_x': 0}
170.7486 	DATA 	Keypress: k
170.7511 	EXP 	Box: autoDraw = False
170.7511 	EXP 	FixCross: autoDraw = True
171.8065 	EXP 	FixCross: autoDraw = False
171.8065 	EXP 	FixCross: autoDraw = False
171.8065 	EXP 	Box: pos = array([0., 0.])
171.8065 	EXP 	Box: autoDraw = True
172.3740 	EXP 	New trial (rep=4, index=5): {'images': 'red_neutral', 'congruentcy': 0, 'corrAns': 'k', 'box_pos': 'middle', 'box_color': 'red', 'box_x': 0}
172.3769 	DATA 	Keypress: a
172.3819 	EXP 	Box: autoDraw = False
172.3819 	EXP 	FixCross: autoDraw = True
173.5794 	EXP 	FixCross: autoDraw = False
173.5794 	EXP 	FixCross: autoDraw = False
173.5794 	EXP 	Box: pos = array([0., 0.])
173.5794 	EXP 	Box: autoDraw = True
174.0883 	EXP 	New trial (rep=5, index=0): {'images': 'blue_congruent', 'congruentcy': 1, 'corrAns': 'a', 'box_pos': 'left', 'box_color': 'blue', 'box_x': -0.6}
174.0903 	DATA 	Keypress: k
174.0964 	EXP 	Box: autoDraw = False
174.0964 	EXP 	FixCross: autoDraw = True
175.2475 	EXP 	FixCross: autoDraw = False
175.2475 	EXP 	FixCross: autoDraw = False
175.2475 	EXP 	Box: pos = array([-0.6,  0. ])
175.2475 	EXP 	Box: autoDraw = True
175.7319 	EXP 	New trial (rep=5, index=1): {'images': 'blue_congruent', 'congruentcy': 1, 'corrAns': 'a', 'box_pos': 'left', 'box_color': 'blue', 'box_x': -0.6}
175.7348 	DATA 	Keypress: a
175.7397 	EXP 	Box: autoDraw = False
175.7397 	EXP 	FixCross: autoDraw = True
176.8033 	EXP 	FixCross: autoDraw = False
176.8033 	EXP 	FixCross: autoDraw = False
176.8033 	EXP 	Box: pos = array([-0.6,  0. ])
176.8033 	EXP 	Box: autoDraw = True
177.1620 	EXP 	New trial (rep=5, index=2): {'images': 'red_incongruent', 'congruentcy': 0, 'corrAns': 'k', 'box_pos': 'left', 'box_color': 'red', 'box_x': -0.6}
177.1641 	DATA 	Keypress: a
177.1705 	EXP 	Box: autoDraw = False
177.1705 	EXP 	FixCross: autoDraw = True
178.2632 	EXP 	FixCross: autoDraw = False
178.2632 	EXP 	FixCross: autoDraw = False
178.2632 	EXP 	Box: pos = array([-0.6,  0. ])
178.2632 	EXP 	Box: autoDraw = True
178.7809 	DATA 	Keypress: k
178.7885 	EXP 	New trial (rep=5, index=3): {'images': 'blue_incongruent', 'congruentcy': 0, 'corrAns': 'a', 'box_pos': 'right', 'box_color': 'blue', 'box_x': 0.6}
178.7924 	EXP 	Box: autoDraw = False
178.7924 	EXP 	FixCross: autoDraw = True
179.8941 	EXP 	FixCross: autoDraw = False
179.8941 	EXP 	FixCross: autoDraw = False
179.8941 	EXP 	Box: pos = array([0.6, 0. ])
179.8941 	EXP 	Box: autoDraw = True
180.4450 	DATA 	Keypress: a
180.4528 	EXP 	New trial (rep=5, index=4): {'images': 'blue_congruent', 'congruentcy': 1, 'corrAns': 'a', 'box_pos': 'left', 'box_color': 'blue', 'box_x': -0.6}
180.4614 	EXP 	Box: autoDraw = False
180.4614 	EXP 	FixCross: autoDraw = True
181.6376 	EXP 	FixCross: autoDraw = False
181.6376 	EXP 	FixCross: autoDraw = False
181.6376 	EXP 	Box: pos = array([-0.6,  0. ])
181.6376 	EXP 	Box: autoDraw = True
182.3552 	EXP 	New trial (rep=5, index=5): {'images': 'blue_congruent', 'congruentcy': 1, 'corrAns': 'a', 'box_pos': 'left', 'box_color': 'blue', 'box_x': -0.6}
182.3573 	DATA 	Keypress: a
182.3635 	EXP 	Box: autoDraw = False
182.3635 	EXP 	FixCross: autoDraw = True
183.5020 	EXP 	FixCross: autoDraw = False
183.5020 	EXP 	FixCross: autoDraw = False
183.5020 	EXP 	Box: pos = array([-0.6,  0. ])
183.5020 	EXP 	Box: autoDraw = True
184.0616 	DATA 	Keypress: a
184.0696 	EXP 	New trial (rep=6, index=0): {'images': 'red_neutral', 'congruentcy': 0, 'corrAns': 'k', 'box_pos': 'middle', 'box_color': 'red', 'box_x': 0}
184.0778 	EXP 	Box: autoDraw = False
184.0778 	EXP 	FixCross: autoDraw = True
185.2247 	EXP 	FixCross: autoDraw = False
185.2247 	EXP 	FixCross: autoDraw = False
185.2247 	EXP 	Box: pos = array([0., 0.])
185.2247 	EXP 	Box: autoDraw = True
185.7010 	EXP 	New trial (rep=6, index=1): {'images': 'blue_incongruent', 'congruentcy': 0, 'corrAns': 'a', 'box_pos': 'right', 'box_color': 'blue', 'box_x': 0.6}
185.7030 	DATA 	Keypress: k
185.7086 	EXP 	Box: autoDraw = False
185.7086 	EXP 	FixCross: autoDraw = True
186.8181 	EXP 	FixCross: autoDraw = False
186.8181 	EXP 	FixCross: autoDraw = False
186.8181 	EXP 	Box: pos = array([0.6, 0. ])
186.8181 	EXP 	Box: autoDraw = True
187.3103 	DATA 	Keypress: a
187.3183 	EXP 	New trial (rep=6, index=2): {'images': 'red_incongruent', 'congruentcy': 0, 'corrAns': 'k', 'box_pos': 'left', 'box_color': 'red', 'box_x': -0.6}
187.3228 	EXP 	Box: autoDraw = False
187.3228 	EXP 	FixCross: autoDraw = True
188.4531 	EXP 	FixCross: autoDraw = False
188.4531 	EXP 	FixCross: autoDraw = False
188.4531 	EXP 	Box: pos = array([-0.6,  0. ])
188.4531 	EXP 	Box: autoDraw = True
188.9457 	EXP 	New trial (rep=6, index=3): {'images': 'red_neutral', 'congruentcy': 0, 'corrAns': 'k', 'box_pos': 'middle', 'box_color': 'red', 'box_x': 0}
188.9478 	DATA 	Keypress: k
188.9538 	EXP 	Box: autoDraw = False
188.9538 	EXP 	FixCross: autoDraw = True
190.0173 	EXP 	FixCross: autoDraw = False
190.0173 	EXP 	FixCross: autoDraw = False
190.0173 	EXP 	Box: pos = array([0., 0.])
190.0173 	EXP 	Box: autoDraw = True
190.5351 	DATA 	Keypress: a
190.5431 	EXP 	New trial (rep=6, index=4): {'images': 'blue_incongruent', 'congruentcy': 0, 'corrAns': 'a', 'box_pos': 'right', 'box_color': 'blue', 'box_x': 0.6}
190.5513 	EXP 	Box: autoDraw = False
190.5513 	EXP 	FixCross: autoDraw = True
191.5983 	EXP 	FixCross: autoDraw = False
191.5983 	EXP 	FixCross: autoDraw = False
191.5983 	EXP 	Box: pos = array([0.6, 0. ])
191.5983 	EXP 	Box: autoDraw = True
192.2785 	EXP 	New trial (rep=6, index=5): {'images': 'red_incongruent', 'congruentcy': 0, 'corrAns': 'k', 'box_pos': 'left', 'box_color': 'red', 'box_x': -0.6}
192.2805 	DATA 	Keypress: a
192.2865 	EXP 	Box: autoDraw = False
192.2865 	EXP 	FixCross: autoDraw = True
193.4628 	EXP 	FixCross: autoDraw = False
193.4628 	EXP 	FixCross: autoDraw = False
193.4628 	EXP 	Box: pos = array([-0.6,  0. ])
193.4628 	EXP 	Box: autoDraw = True
194.0429 	EXP 	New trial (rep=7, index=0): {'images': 'red_congruent', 'congruentcy': 1, 'corrAns': 'k', 'box_pos': 'right', 'box_color': 'red', 'box_x': 0.6}
194.0449 	DATA 	Keypress: k
194.0508 	EXP 	Box: autoDraw = False
194.0508 	EXP 	FixCross: autoDraw = True
195.0645 	EXP 	FixCross: autoDraw = False
195.0645 	EXP 	FixCross: autoDraw = False
195.0645 	EXP 	Box: pos = array([0.6, 0. ])
195.0645 	EXP 	Box: autoDraw = True
195.4652 	EXP 	New trial (rep=7, index=1): {'images': 'blue_neutral', 'congruentcy': 0, 'corrAns': 'a', 'box_pos': 'middle', 'box_color': 'blue', 'box_x': 0}
195.4672 	DATA 	Keypress: k
195.4732 	EXP 	Box: autoDraw = False
195.4732 	EXP 	FixCross: autoDraw = True
196.6161 	EXP 	FixCross: autoDraw = False
196.6161 	EXP 	FixCross: autoDraw = False
196.6161 	EXP 	Box: pos = array([0., 0.])
196.6161 	EXP 	Box: autoDraw = True
197.1166 	EXP 	New trial (rep=7, index=2): {'images': 'blue_incongruent', 'congruentcy': 0, 'corrAns': 'a', 'box_pos': 'right', 'box_color': 'blue', 'box_x': 0.6}
197.1186 	DATA 	Keypress: a
197.1249 	EXP 	Box: autoDraw = False
197.1249 	EXP 	FixCross: autoDraw = True
198.2178 	EXP 	FixCross: autoDraw = False
198.2178 	EXP 	FixCross: autoDraw = False
198.2178 	EXP 	Box: pos = array([0.6, 0. ])
198.2178 	EXP 	Box: autoDraw = True
198.9640 	EXP 	New trial (rep=7, index=3): {'images': 'blue_congruent', 'congruentcy': 1, 'corrAns': 'a', 'box_pos': 'left', 'box_color': 'blue', 'box_x': -0.6}
198.9661 	DATA 	Keypress: a
198.9729 	EXP 	Box: autoDraw = False
198.9729 	EXP 	FixCross: autoDraw = True
200.0572 	EXP 	FixCross: autoDraw = False
200.0572 	EXP 	FixCross: autoDraw = False
200.0572 	EXP 	Box: pos = array([-0.6,  0. ])
200.0572 	EXP 	Box: autoDraw = True
200.5914 	DATA 	Keypress: a
200.5993 	EXP 	New trial (rep=7, index=4): {'images': 'red_congruent', 'congruentcy': 1, 'corrAns': 'k', 'box_pos': 'right', 'box_color': 'red', 'box_x': 0.6}
200.6079 	EXP 	Box: autoDraw = False
200.6079 	EXP 	FixCross: autoDraw = True
201.8675 	EXP 	FixCross: autoDraw = False
201.8675 	EXP 	FixCross: autoDraw = False
201.8675 	EXP 	Box: pos = array([0.6, 0. ])
201.8675 	EXP 	Box: autoDraw = True
202.2847 	EXP 	New trial (rep=7, index=5): {'images': 'red_incongruent', 'congruentcy': 0, 'corrAns': 'k', 'box_pos': 'left', 'box_color': 'red', 'box_x': -0.6}
202.2868 	DATA 	Keypress: k
202.2929 	EXP 	Box: autoDraw = False
202.2929 	EXP 	FixCross: autoDraw = True
203.5232 	EXP 	FixCross: autoDraw = False
203.5232 	EXP 	FixCross: autoDraw = False
203.5232 	EXP 	Box: pos = array([-0.6,  0. ])
203.5232 	EXP 	Box: autoDraw = True
203.9232 	DATA 	Keypress: a
203.9278 	EXP 	Box: autoDraw = False
203.9278 	EXP 	text_2: text = 'Biraz mola verebilirsiniz. \n\n 46 adet doğru cevap verdiniz. \n Ortalama cevap süreniz 3.8e+02ms.\n\n Devam etmek için BOŞLUK tuşuna basınız.'
203.9278 	EXP 	text_2: autoDraw = True
208.2062 	EXP 	Imported SimonTask.xlsx as conditions, 6 conditions, 6 params
208.2066 	EXP 	Created sequence: fullRandom, trialTypes=6, nReps=8, seed=None
208.2069 	EXP 	New trial (rep=0, index=0): {'images': 'blue_congruent', 'congruentcy': 1, 'corrAns': 'a', 'box_pos': 'left', 'box_color': 'blue', 'box_x': -0.6}
208.2092 	DATA 	Keypress: space
208.2159 	EXP 	text_2: autoDraw = False
208.2159 	EXP 	FixCross: autoDraw = True
209.3253 	EXP 	FixCross: autoDraw = False
209.3253 	EXP 	FixCross: autoDraw = False
209.3253 	EXP 	Box: pos = array([-0.6,  0. ])
209.3253 	EXP 	Box: autoDraw = True
209.9056 	DATA 	Keypress: a
209.9138 	EXP 	New trial (rep=0, index=1): {'images': 'blue_incongruent', 'congruentcy': 0, 'corrAns': 'a', 'box_pos': 'right', 'box_color': 'blue', 'box_x': 0.6}
209.9217 	EXP 	Box: autoDraw = False
209.9217 	EXP 	FixCross: autoDraw = True
211.0980 	EXP 	FixCross: autoDraw = False
211.0980 	EXP 	FixCross: autoDraw = False
211.0980 	EXP 	Box: pos = array([0.6, 0. ])
211.0980 	EXP 	Box: autoDraw = True
211.5158 	EXP 	New trial (rep=0, index=2): {'images': 'blue_neutral', 'congruentcy': 0, 'corrAns': 'a', 'box_pos': 'middle', 'box_color': 'blue', 'box_x': 0}
211.5178 	DATA 	Keypress: a
211.5236 	EXP 	Box: autoDraw = False
211.5236 	EXP 	FixCross: autoDraw = True
212.6580 	EXP 	FixCross: autoDraw = False
212.6580 	EXP 	FixCross: autoDraw = False
212.6580 	EXP 	Box: pos = array([0., 0.])
212.6580 	EXP 	Box: autoDraw = True
213.1591 	EXP 	New trial (rep=0, index=3): {'images': 'red_congruent', 'congruentcy': 1, 'corrAns': 'k', 'box_pos': 'right', 'box_color': 'red', 'box_x': 0.6}
213.1612 	DATA 	Keypress: a
213.1669 	EXP 	Box: autoDraw = False
213.1669 	EXP 	FixCross: autoDraw = True
214.2514 	EXP 	FixCross: autoDraw = False
214.2514 	EXP 	FixCross: autoDraw = False
214.2514 	EXP 	Box: pos = array([0.6, 0. ])
214.2514 	EXP 	Box: autoDraw = True
214.7895 	EXP 	New trial (rep=0, index=4): {'images': 'blue_congruent', 'congruentcy': 1, 'corrAns': 'a', 'box_pos': 'left', 'box_color': 'blue', 'box_x': -0.6}
214.7915 	DATA 	Keypress: k
214.7977 	EXP 	Box: autoDraw = False
214.7977 	EXP 	FixCross: autoDraw = True
215.9282 	EXP 	FixCross: autoDraw = False
215.9282 	EXP 	FixCross: autoDraw = False
215.9282 	EXP 	Box: pos = array([-0.6,  0. ])
215.9282 	EXP 	Box: autoDraw = True
216.2698 	EXP 	New trial (rep=0, index=5): {'images': 'blue_congruent', 'congruentcy': 1, 'corrAns': 'a', 'box_pos': 'left', 'box_color': 'blue', 'box_x': -0.6}
216.2719 	DATA 	Keypress: a
216.2743 	EXP 	Box: autoDraw = False
216.2743 	EXP 	FixCross: autoDraw = True
217.5381 	EXP 	FixCross: autoDraw = False
217.5381 	EXP 	FixCross: autoDraw = False
217.5381 	EXP 	Box: pos = array([-0.6,  0. ])
217.5381 	EXP 	Box: autoDraw = True
217.9432 	EXP 	New trial (rep=1, index=0): {'images': 'blue_incongruent', 'congruentcy': 0, 'corrAns': 'a', 'box_pos': 'right', 'box_color': 'blue', 'box_x': 0.6}
217.9454 	DATA 	Keypress: a
217.9511 	EXP 	Box: autoDraw = False
217.9511 	EXP 	FixCross: autoDraw = True
219.1149 	EXP 	FixCross: autoDraw = False
219.1149 	EXP 	FixCross: autoDraw = False
219.1149 	EXP 	Box: pos = array([0.6, 0. ])
219.1149 	EXP 	Box: autoDraw = True
219.5986 	EXP 	New trial (rep=1, index=1): {'images': 'blue_incongruent', 'congruentcy': 0, 'corrAns': 'a', 'box_pos': 'right', 'box_color': 'blue', 'box_x': 0.6}
219.6007 	DATA 	Keypress: a
219.6069 	EXP 	Box: autoDraw = False
219.6069 	EXP 	FixCross: autoDraw = True
220.8209 	EXP 	FixCross: autoDraw = False
220.8209 	EXP 	FixCross: autoDraw = False
220.8209 	EXP 	Box: pos = array([0.6, 0. ])
220.8209 	EXP 	Box: autoDraw = True
221.2591 	DATA 	Keypress: a
221.2670 	EXP 	New trial (rep=1, index=2): {'images': 'red_neutral', 'congruentcy': 0, 'corrAns': 'k', 'box_pos': 'middle', 'box_color': 'red', 'box_x': 0}
221.2756 	EXP 	Box: autoDraw = False
221.2756 	EXP 	FixCross: autoDraw = True
222.3559 	EXP 	FixCross: autoDraw = False
222.3559 	EXP 	FixCross: autoDraw = False
222.3559 	EXP 	Box: pos = array([0., 0.])
222.3559 	EXP 	Box: autoDraw = True
222.8233 	EXP 	New trial (rep=1, index=3): {'images': 'red_incongruent', 'congruentcy': 0, 'corrAns': 'k', 'box_pos': 'left', 'box_color': 'red', 'box_x': -0.6}
222.8253 	DATA 	Keypress: k
222.8313 	EXP 	Box: autoDraw = False
222.8313 	EXP 	FixCross: autoDraw = True
224.0159 	EXP 	FixCross: autoDraw = False
224.0159 	EXP 	FixCross: autoDraw = False
224.0159 	EXP 	Box: pos = array([-0.6,  0. ])
224.0159 	EXP 	Box: autoDraw = True
224.5837 	EXP 	New trial (rep=1, index=4): {'images': 'blue_neutral', 'congruentcy': 0, 'corrAns': 'a', 'box_pos': 'middle', 'box_color': 'blue', 'box_x': 0}
224.5858 	DATA 	Keypress: k
224.5914 	EXP 	Box: autoDraw = False
224.5914 	EXP 	FixCross: autoDraw = True
225.7678 	EXP 	FixCross: autoDraw = False
225.7678 	EXP 	FixCross: autoDraw = False
225.7678 	EXP 	Box: pos = array([0., 0.])
225.7678 	EXP 	Box: autoDraw = True
226.2021 	EXP 	New trial (rep=1, index=5): {'images': 'red_incongruent', 'congruentcy': 0, 'corrAns': 'k', 'box_pos': 'left', 'box_color': 'red', 'box_x': -0.6}
226.2041 	DATA 	Keypress: a
226.2099 	EXP 	Box: autoDraw = False
226.2099 	EXP 	FixCross: autoDraw = True
227.2859 	EXP 	FixCross: autoDraw = False
227.2859 	EXP 	FixCross: autoDraw = False
227.2859 	EXP 	Box: pos = array([-0.6,  0. ])
227.2859 	EXP 	Box: autoDraw = True
227.7945 	DATA 	Keypress: k
227.8034 	EXP 	New trial (rep=2, index=0): {'images': 'blue_neutral', 'congruentcy': 0, 'corrAns': 'a', 'box_pos': 'middle', 'box_color': 'blue', 'box_x': 0}
227.8115 	EXP 	Box: autoDraw = False
227.8115 	EXP 	FixCross: autoDraw = True
228.9169 	EXP 	FixCross: autoDraw = False
228.9169 	EXP 	FixCross: autoDraw = False
228.9169 	EXP 	Box: pos = array([0., 0.])
228.9169 	EXP 	Box: autoDraw = True
229.6759 	DATA 	Keypress: a
229.6848 	EXP 	New trial (rep=2, index=1): {'images': 'blue_neutral', 'congruentcy': 0, 'corrAns': 'a', 'box_pos': 'middle', 'box_color': 'blue', 'box_x': 0}
229.6927 	EXP 	Box: autoDraw = False
229.6927 	EXP 	FixCross: autoDraw = True
230.7604 	EXP 	FixCross: autoDraw = False
230.7604 	EXP 	FixCross: autoDraw = False
230.7604 	EXP 	Box: pos = array([0., 0.])
230.7604 	EXP 	Box: autoDraw = True
231.1192 	EXP 	New trial (rep=2, index=2): {'images': 'blue_incongruent', 'congruentcy': 0, 'corrAns': 'a', 'box_pos': 'right', 'box_color': 'blue', 'box_x': 0.6}
231.1213 	DATA 	Keypress: a
231.1276 	EXP 	Box: autoDraw = False
231.1276 	EXP 	FixCross: autoDraw = True
232.3373 	EXP 	FixCross: autoDraw = False
232.3373 	EXP 	FixCross: autoDraw = False
232.3373 	EXP 	Box: pos = array([0.6, 0. ])
232.3373 	EXP 	Box: autoDraw = True
232.7376 	EXP 	New trial (rep=2, index=3): {'images': 'red_congruent', 'congruentcy': 1, 'corrAns': 'k', 'box_pos': 'right', 'box_color': 'red', 'box_x': 0.6}
232.7397 	DATA 	Keypress: a
232.7460 	EXP 	Box: autoDraw = False
232.7460 	EXP 	FixCross: autoDraw = True
233.8181 	EXP 	FixCross: autoDraw = False
233.8181 	EXP 	FixCross: autoDraw = False
233.8181 	EXP 	Box: pos = array([0.6, 0. ])
233.8181 	EXP 	Box: autoDraw = True
234.4519 	DATA 	Keypress: k
234.4599 	EXP 	New trial (rep=2, index=4): {'images': 'red_incongruent', 'congruentcy': 0, 'corrAns': 'k', 'box_pos': 'left', 'box_color': 'red', 'box_x': -0.6}
234.4646 	EXP 	Box: autoDraw = False
234.4646 	EXP 	FixCross: autoDraw = True
235.5823 	EXP 	FixCross: autoDraw = False
235.5823 	EXP 	FixCross: autoDraw = False
235.5823 	EXP 	Box: pos = array([-0.6,  0. ])
235.5823 	EXP 	Box: autoDraw = True
236.0873 	EXP 	New trial (rep=2, index=5): {'images': 'blue_congruent', 'congruentcy': 1, 'corrAns': 'a', 'box_pos': 'left', 'box_color': 'blue', 'box_x': -0.6}
236.0893 	DATA 	Keypress: k
236.0954 	EXP 	Box: autoDraw = False
236.0954 	EXP 	FixCross: autoDraw = True
237.2132 	EXP 	FixCross: autoDraw = False
237.2132 	EXP 	FixCross: autoDraw = False
237.2132 	EXP 	Box: pos = array([-0.6,  0. ])
237.2132 	EXP 	Box: autoDraw = True
237.6727 	EXP 	New trial (rep=3, index=0): {'images': 'red_congruent', 'congruentcy': 1, 'corrAns': 'k', 'box_pos': 'right', 'box_color': 'red', 'box_x': 0.6}
237.6748 	DATA 	Keypress: a
237.6802 	EXP 	Box: autoDraw = False
237.6802 	EXP 	FixCross: autoDraw = True
238.8274 	EXP 	FixCross: autoDraw = False
238.8274 	EXP 	FixCross: autoDraw = False
238.8274 	EXP 	Box: pos = array([0.6, 0. ])
238.8274 	EXP 	Box: autoDraw = True
239.3781 	EXP 	New trial (rep=3, index=1): {'images': 'red_neutral', 'congruentcy': 0, 'corrAns': 'k', 'box_pos': 'middle', 'box_color': 'red', 'box_x': 0}
239.3801 	DATA 	Keypress: k
239.3865 	EXP 	Box: autoDraw = False
239.3865 	EXP 	FixCross: autoDraw = True
240.4417 	EXP 	FixCross: autoDraw = False
240.4417 	EXP 	FixCross: autoDraw = False
240.4417 	EXP 	Box: pos = array([0., 0.])
240.4417 	EXP 	Box: autoDraw = True
241.0095 	EXP 	New trial (rep=3, index=2): {'images': 'red_congruent', 'congruentcy': 1, 'corrAns': 'k', 'box_pos': 'right', 'box_color': 'red', 'box_x': 0.6}
241.0115 	DATA 	Keypress: k
241.0173 	EXP 	Box: autoDraw = False
241.0173 	EXP 	FixCross: autoDraw = True
242.1560 	EXP 	FixCross: autoDraw = False
242.1560 	EXP 	FixCross: autoDraw = False
242.1560 	EXP 	Box: pos = array([0.6, 0. ])
242.1560 	EXP 	Box: autoDraw = True
242.5317 	EXP 	New trial (rep=3, index=3): {'images': 'blue_incongruent', 'congruentcy': 0, 'corrAns': 'a', 'box_pos': 'right', 'box_color': 'blue', 'box_x': 0.6}
242.5338 	DATA 	Keypress: k
242.5396 	EXP 	Box: autoDraw = False
242.5396 	EXP 	FixCross: autoDraw = True
243.6283 	EXP 	FixCross: autoDraw = False
243.6283 	EXP 	FixCross: autoDraw = False
243.6283 	EXP 	Box: pos = array([0.6, 0. ])
243.6283 	EXP 	Box: autoDraw = True
244.0791 	DATA 	Keypress: a
244.0871 	EXP 	New trial (rep=3, index=4): {'images': 'red_congruent', 'congruentcy': 1, 'corrAns': 'k', 'box_pos': 'right', 'box_color': 'red', 'box_x': 0.6}
244.0955 	EXP 	Box: autoDraw = False
244.0955 	EXP 	FixCross: autoDraw = True
245.2299 	EXP 	FixCross: autoDraw = False
245.2299 	EXP 	FixCross: autoDraw = False
245.2299 	EXP 	Box: pos = array([0.6, 0. ])
245.2299 	EXP 	Box: autoDraw = True
245.5554 	EXP 	New trial (rep=3, index=5): {'images': 'red_incongruent', 'congruentcy': 0, 'corrAns': 'k', 'box_pos': 'left', 'box_color': 'red', 'box_x': -0.6}
245.5576 	DATA 	Keypress: k
245.5638 	EXP 	Box: autoDraw = False
245.5638 	EXP 	FixCross: autoDraw = True
246.8152 	EXP 	FixCross: autoDraw = False
246.8152 	EXP 	FixCross: autoDraw = False
246.8152 	EXP 	Box: pos = array([-0.6,  0. ])
246.8152 	EXP 	Box: autoDraw = True
247.3408 	EXP 	New trial (rep=4, index=0): {'images': 'blue_neutral', 'congruentcy': 0, 'corrAns': 'a', 'box_pos': 'middle', 'box_color': 'blue', 'box_x': 0}
247.3429 	DATA 	Keypress: k
247.3490 	EXP 	Box: autoDraw = False
247.3490 	EXP 	FixCross: autoDraw = True
248.5211 	EXP 	FixCross: autoDraw = False
248.5211 	EXP 	FixCross: autoDraw = False
248.5211 	EXP 	Box: pos = array([0., 0.])
248.5211 	EXP 	Box: autoDraw = True
248.9342 	DATA 	Keypress: a
248.9422 	EXP 	New trial (rep=4, index=1): {'images': 'red_neutral', 'congruentcy': 0, 'corrAns': 'k', 'box_pos': 'middle', 'box_color': 'red', 'box_x': 0}
248.9507 	EXP 	Box: autoDraw = False
248.9507 	EXP 	FixCross: autoDraw = True
250.0352 	EXP 	FixCross: autoDraw = False
250.0352 	EXP 	FixCross: autoDraw = False
250.0352 	EXP 	Box: pos = array([0., 0.])
250.0352 	EXP 	Box: autoDraw = True
250.4525 	EXP 	New trial (rep=4, index=2): {'images': 'red_neutral', 'congruentcy': 0, 'corrAns': 'k', 'box_pos': 'middle', 'box_color': 'red', 'box_x': 0}
250.4547 	DATA 	Keypress: k
250.4606 	EXP 	Box: autoDraw = False
250.4606 	EXP 	FixCross: autoDraw = True
251.5826 	EXP 	FixCross: autoDraw = False
251.5826 	EXP 	FixCross: autoDraw = False
251.5826 	EXP 	Box: pos = array([0., 0.])
251.5826 	EXP 	Box: autoDraw = True
252.0169 	EXP 	New trial (rep=4, index=3): {'images': 'blue_incongruent', 'congruentcy': 0, 'corrAns': 'a', 'box_pos': 'right', 'box_color': 'blue', 'box_x': 0.6}
252.0190 	DATA 	Keypress: k
252.0248 	EXP 	Box: autoDraw = False
252.0248 	EXP 	FixCross: autoDraw = True
253.2385 	EXP 	FixCross: autoDraw = False
253.2385 	EXP 	FixCross: autoDraw = False
253.2385 	EXP 	Box: pos = array([0.6, 0. ])
253.2385 	EXP 	Box: autoDraw = True
253.6973 	EXP 	New trial (rep=4, index=4): {'images': 'red_neutral', 'congruentcy': 0, 'corrAns': 'k', 'box_pos': 'middle', 'box_color': 'red', 'box_x': 0}
253.6993 	DATA 	Keypress: a
253.7057 	EXP 	Box: autoDraw = False
253.7057 	EXP 	FixCross: autoDraw = True
254.7817 	EXP 	FixCross: autoDraw = False
254.7817 	EXP 	FixCross: autoDraw = False
254.7817 	EXP 	Box: pos = array([0., 0.])
254.7817 	EXP 	Box: autoDraw = True
255.2786 	EXP 	New trial (rep=4, index=5): {'images': 'blue_incongruent', 'congruentcy': 0, 'corrAns': 'a', 'box_pos': 'right', 'box_color': 'blue', 'box_x': 0.6}
255.2807 	DATA 	Keypress: k
255.2866 	EXP 	Box: autoDraw = False
255.2866 	EXP 	FixCross: autoDraw = True
256.3836 	EXP 	FixCross: autoDraw = False
256.3836 	EXP 	FixCross: autoDraw = False
256.3836 	EXP 	Box: pos = array([0.6, 0. ])
256.3836 	EXP 	Box: autoDraw = True
256.8670 	EXP 	New trial (rep=5, index=0): {'images': 'red_neutral', 'congruentcy': 0, 'corrAns': 'k', 'box_pos': 'middle', 'box_color': 'red', 'box_x': 0}
256.8690 	DATA 	Keypress: a
256.8718 	EXP 	Box: autoDraw = False
256.8718 	EXP 	FixCross: autoDraw = True
257.9976 	EXP 	FixCross: autoDraw = False
257.9976 	EXP 	FixCross: autoDraw = False
257.9976 	EXP 	Box: pos = array([0., 0.])
257.9976 	EXP 	Box: autoDraw = True
258.4984 	EXP 	New trial (rep=5, index=1): {'images': 'blue_neutral', 'congruentcy': 0, 'corrAns': 'a', 'box_pos': 'middle', 'box_color': 'blue', 'box_x': 0}
258.5004 	DATA 	Keypress: k
258.5066 	EXP 	Box: autoDraw = False
258.5066 	EXP 	FixCross: autoDraw = True
259.7620 	EXP 	FixCross: autoDraw = False
259.7620 	EXP 	FixCross: autoDraw = False
259.7620 	EXP 	Box: pos = array([0., 0.])
259.7620 	EXP 	Box: autoDraw = True
260.4798 	DATA 	Keypress: a
260.4878 	EXP 	New trial (rep=5, index=2): {'images': 'red_incongruent', 'congruentcy': 0, 'corrAns': 'k', 'box_pos': 'left', 'box_color': 'red', 'box_x': -0.6}
260.4962 	EXP 	Box: autoDraw = False
260.4962 	EXP 	FixCross: autoDraw = True
261.5764 	EXP 	FixCross: autoDraw = False
261.5764 	EXP 	FixCross: autoDraw = False
261.5764 	EXP 	Box: pos = array([-0.6,  0. ])
261.5764 	EXP 	Box: autoDraw = True
262.0102 	EXP 	New trial (rep=5, index=3): {'images': 'red_incongruent', 'congruentcy': 0, 'corrAns': 'k', 'box_pos': 'left', 'box_color': 'red', 'box_x': -0.6}
262.0122 	DATA 	Keypress: k
262.0187 	EXP 	Box: autoDraw = False
262.0187 	EXP 	FixCross: autoDraw = True
263.0738 	EXP 	FixCross: autoDraw = False
263.0738 	EXP 	FixCross: autoDraw = False
263.0738 	EXP 	Box: pos = array([-0.6,  0. ])
263.0738 	EXP 	Box: autoDraw = True
263.5915 	EXP 	New trial (rep=5, index=4): {'images': 'blue_congruent', 'congruentcy': 1, 'corrAns': 'a', 'box_pos': 'left', 'box_color': 'blue', 'box_x': -0.6}
263.5936 	DATA 	Keypress: k
263.5995 	EXP 	Box: autoDraw = False
263.5995 	EXP 	FixCross: autoDraw = True
264.7631 	EXP 	FixCross: autoDraw = False
264.7631 	EXP 	FixCross: autoDraw = False
264.7631 	EXP 	Box: pos = array([-0.6,  0. ])
264.7631 	EXP 	Box: autoDraw = True
265.2226 	EXP 	New trial (rep=5, index=5): {'images': 'red_congruent', 'congruentcy': 1, 'corrAns': 'k', 'box_pos': 'right', 'box_color': 'red', 'box_x': 0.6}
265.2246 	DATA 	Keypress: k
265.2306 	EXP 	Box: autoDraw = False
265.2306 	EXP 	FixCross: autoDraw = True
266.3566 	EXP 	FixCross: autoDraw = False
266.3566 	EXP 	FixCross: autoDraw = False
266.3566 	EXP 	Box: pos = array([0.6, 0. ])
266.3566 	EXP 	Box: autoDraw = True
266.9910 	EXP 	New trial (rep=6, index=0): {'images': 'red_neutral', 'congruentcy': 0, 'corrAns': 'k', 'box_pos': 'middle', 'box_color': 'red', 'box_x': 0}
266.9930 	DATA 	Keypress: k
266.9991 	EXP 	Box: autoDraw = False
266.9991 	EXP 	FixCross: autoDraw = True
268.0791 	EXP 	FixCross: autoDraw = False
268.0791 	EXP 	FixCross: autoDraw = False
268.0791 	EXP 	Box: pos = array([0., 0.])
268.0791 	EXP 	Box: autoDraw = True
268.5093 	EXP 	New trial (rep=6, index=1): {'images': 'red_congruent', 'congruentcy': 1, 'corrAns': 'k', 'box_pos': 'right', 'box_color': 'red', 'box_x': 0.6}
268.5114 	DATA 	Keypress: k
268.5172 	EXP 	Box: autoDraw = False
268.5172 	EXP 	FixCross: autoDraw = True
269.5354 	EXP 	FixCross: autoDraw = False
269.5354 	EXP 	FixCross: autoDraw = False
269.5354 	EXP 	Box: pos = array([0.6, 0. ])
269.5354 	EXP 	Box: autoDraw = True
269.9516 	EXP 	New trial (rep=6, index=2): {'images': 'blue_congruent', 'congruentcy': 1, 'corrAns': 'a', 'box_pos': 'left', 'box_color': 'blue', 'box_x': -0.6}
269.9537 	DATA 	Keypress: k
269.9605 	EXP 	Box: autoDraw = False
269.9605 	EXP 	FixCross: autoDraw = True
271.0115 	EXP 	FixCross: autoDraw = False
271.0115 	EXP 	FixCross: autoDraw = False
271.0115 	EXP 	Box: pos = array([-0.6,  0. ])
271.0115 	EXP 	Box: autoDraw = True
271.3790 	DATA 	Keypress: a
272.8973 	DATA 	Keypress: a
272.9053 	EXP 	New trial (rep=6, index=3): {'images': 'blue_neutral', 'congruentcy': 0, 'corrAns': 'a', 'box_pos': 'middle', 'box_color': 'blue', 'box_x': 0}
272.9136 	EXP 	Box: autoDraw = False
272.9136 	EXP 	FixCross: autoDraw = True
274.0273 	EXP 	FixCross: autoDraw = False
274.0273 	EXP 	FixCross: autoDraw = False
274.0273 	EXP 	Box: pos = array([0., 0.])
274.0273 	EXP 	Box: autoDraw = True
274.5197 	EXP 	New trial (rep=6, index=4): {'images': 'blue_congruent', 'congruentcy': 1, 'corrAns': 'a', 'box_pos': 'left', 'box_color': 'blue', 'box_x': -0.6}
274.5218 	DATA 	Keypress: a
274.5278 	EXP 	Box: autoDraw = False
274.5278 	EXP 	FixCross: autoDraw = True
275.6998 	EXP 	FixCross: autoDraw = False
275.6998 	EXP 	FixCross: autoDraw = False
275.6998 	EXP 	Box: pos = array([-0.6,  0. ])
275.6998 	EXP 	Box: autoDraw = True
276.0591 	DATA 	Keypress: a
276.0670 	EXP 	New trial (rep=6, index=5): {'images': 'red_neutral', 'congruentcy': 0, 'corrAns': 'k', 'box_pos': 'middle', 'box_color': 'red', 'box_x': 0}
276.0753 	EXP 	Box: autoDraw = False
276.0753 	EXP 	FixCross: autoDraw = True
277.1804 	EXP 	FixCross: autoDraw = False
277.1804 	EXP 	FixCross: autoDraw = False
277.1804 	EXP 	Box: pos = array([0., 0.])
277.1804 	EXP 	Box: autoDraw = True
277.6185 	DATA 	Keypress: k
277.6274 	EXP 	New trial (rep=7, index=0): {'images': 'blue_congruent', 'congruentcy': 1, 'corrAns': 'a', 'box_pos': 'left', 'box_color': 'blue', 'box_x': -0.6}
277.6354 	EXP 	Box: autoDraw = False
277.6354 	EXP 	FixCross: autoDraw = True
278.7197 	EXP 	FixCross: autoDraw = False
278.7197 	EXP 	FixCross: autoDraw = False
278.7197 	EXP 	Box: pos = array([-0.6,  0. ])
278.7197 	EXP 	Box: autoDraw = True
279.1497 	EXP 	New trial (rep=7, index=1): {'images': 'red_incongruent', 'congruentcy': 0, 'corrAns': 'k', 'box_pos': 'left', 'box_color': 'red', 'box_x': -0.6}
279.1518 	DATA 	Keypress: a
279.1577 	EXP 	Box: autoDraw = False
279.1577 	EXP 	FixCross: autoDraw = True
280.3130 	EXP 	FixCross: autoDraw = False
280.3130 	EXP 	FixCross: autoDraw = False
280.3130 	EXP 	Box: pos = array([-0.6,  0. ])
280.3130 	EXP 	Box: autoDraw = True
280.8182 	DATA 	Keypress: k
280.8261 	EXP 	New trial (rep=7, index=2): {'images': 'red_incongruent', 'congruentcy': 0, 'corrAns': 'k', 'box_pos': 'left', 'box_color': 'red', 'box_x': -0.6}
280.8345 	EXP 	Box: autoDraw = False
280.8345 	EXP 	FixCross: autoDraw = True
281.8813 	EXP 	FixCross: autoDraw = False
281.8813 	EXP 	FixCross: autoDraw = False
281.8813 	EXP 	Box: pos = array([-0.6,  0. ])
281.8813 	EXP 	Box: autoDraw = True
282.2774 	EXP 	New trial (rep=7, index=3): {'images': 'blue_neutral', 'congruentcy': 0, 'corrAns': 'a', 'box_pos': 'middle', 'box_color': 'blue', 'box_x': 0}
282.2795 	DATA 	Keypress: k
282.2860 	EXP 	Box: autoDraw = False
282.2860 	EXP 	FixCross: autoDraw = True
283.4248 	EXP 	FixCross: autoDraw = False
283.4248 	EXP 	FixCross: autoDraw = False
283.4248 	EXP 	Box: pos = array([0., 0.])
283.4248 	EXP 	Box: autoDraw = True
283.7918 	EXP 	New trial (rep=7, index=4): {'images': 'red_congruent', 'congruentcy': 1, 'corrAns': 'k', 'box_pos': 'right', 'box_color': 'red', 'box_x': 0.6}
283.7938 	DATA 	Keypress: a
283.8001 	EXP 	Box: autoDraw = False
283.8001 	EXP 	FixCross: autoDraw = True
284.8638 	EXP 	FixCross: autoDraw = False
284.8638 	EXP 	FixCross: autoDraw = False
284.8638 	EXP 	Box: pos = array([0.6, 0. ])
284.8638 	EXP 	Box: autoDraw = True
285.3141 	EXP 	New trial (rep=7, index=5): {'images': 'blue_incongruent', 'congruentcy': 0, 'corrAns': 'a', 'box_pos': 'right', 'box_color': 'blue', 'box_x': 0.6}
285.3163 	DATA 	Keypress: k
285.3226 	EXP 	Box: autoDraw = False
285.3226 	EXP 	FixCross: autoDraw = True
286.4906 	EXP 	FixCross: autoDraw = False
286.4906 	EXP 	FixCross: autoDraw = False
286.4906 	EXP 	Box: pos = array([0.6, 0. ])
286.4906 	EXP 	Box: autoDraw = True
287.0310 	DATA 	Keypress: a
287.0368 	EXP 	Box: autoDraw = False
287.0368 	EXP 	text_2: text = 'Biraz mola verebilirsiniz. \n\n 47 adet doğru cevap verdiniz. \n Ortalama cevap süreniz 5.2e+02ms.\n\n Devam etmek için BOŞLUK tuşuna basınız.'
287.0368 	EXP 	text_2: autoDraw = True
328.6213 	EXP 	Imported SimonTask.xlsx as conditions, 6 conditions, 6 params
328.6217 	EXP 	Created sequence: fullRandom, trialTypes=6, nReps=8, seed=None
328.6220 	EXP 	New trial (rep=0, index=0): {'images': 'red_neutral', 'congruentcy': 0, 'corrAns': 'k', 'box_pos': 'middle', 'box_color': 'red', 'box_x': 0}
328.6245 	DATA 	Keypress: space
328.6310 	EXP 	text_2: autoDraw = False
328.6310 	EXP 	FixCross: autoDraw = True
329.7571 	EXP 	FixCross: autoDraw = False
329.7571 	EXP 	FixCross: autoDraw = False
329.7571 	EXP 	Box: pos = array([0., 0.])
329.7571 	EXP 	Box: autoDraw = True
330.1159 	EXP 	New trial (rep=0, index=1): {'images': 'red_incongruent', 'congruentcy': 0, 'corrAns': 'k', 'box_pos': 'left', 'box_color': 'red', 'box_x': -0.6}
330.1187 	DATA 	Keypress: k
330.1243 	EXP 	Box: autoDraw = False
330.1243 	EXP 	FixCross: autoDraw = True
331.3379 	EXP 	FixCross: autoDraw = False
331.3379 	EXP 	FixCross: autoDraw = False
331.3379 	EXP 	Box: pos = array([-0.6,  0. ])
331.3379 	EXP 	Box: autoDraw = True
331.8430 	DATA 	Keypress: k
331.8510 	EXP 	New trial (rep=0, index=2): {'images': 'blue_congruent', 'congruentcy': 1, 'corrAns': 'a', 'box_pos': 'left', 'box_color': 'blue', 'box_x': -0.6}
331.8594 	EXP 	Box: autoDraw = False
331.8594 	EXP 	FixCross: autoDraw = True
332.8771 	EXP 	FixCross: autoDraw = False
332.8771 	EXP 	FixCross: autoDraw = False
332.8771 	EXP 	Box: pos = array([-0.6,  0. ])
332.8771 	EXP 	Box: autoDraw = True
333.2693 	EXP 	New trial (rep=0, index=3): {'images': 'red_neutral', 'congruentcy': 0, 'corrAns': 'k', 'box_pos': 'middle', 'box_color': 'red', 'box_x': 0}
333.2713 	DATA 	Keypress: a
333.2774 	EXP 	Box: autoDraw = False
333.2774 	EXP 	FixCross: autoDraw = True
334.4703 	EXP 	FixCross: autoDraw = False
334.4703 	EXP 	FixCross: autoDraw = False
334.4703 	EXP 	Box: pos = array([0., 0.])
334.4703 	EXP 	Box: autoDraw = True
334.9461 	DATA 	Keypress: k
334.9539 	EXP 	New trial (rep=0, index=4): {'images': 'red_incongruent', 'congruentcy': 0, 'corrAns': 'k', 'box_pos': 'left', 'box_color': 'red', 'box_x': -0.6}
334.9584 	EXP 	Box: autoDraw = False
334.9584 	EXP 	FixCross: autoDraw = True
336.0220 	EXP 	FixCross: autoDraw = False
336.0220 	EXP 	FixCross: autoDraw = False
336.0220 	EXP 	Box: pos = array([-0.6,  0. ])
336.0220 	EXP 	Box: autoDraw = True
336.4392 	EXP 	New trial (rep=0, index=5): {'images': 'red_congruent', 'congruentcy': 1, 'corrAns': 'k', 'box_pos': 'right', 'box_color': 'red', 'box_x': 0.6}
336.4413 	DATA 	Keypress: k
336.4475 	EXP 	Box: autoDraw = False
336.4475 	EXP 	FixCross: autoDraw = True
337.4945 	EXP 	FixCross: autoDraw = False
337.4945 	EXP 	FixCross: autoDraw = False
337.4945 	EXP 	Box: pos = array([0.6, 0. ])
337.4945 	EXP 	Box: autoDraw = True
337.7947 	DATA 	Keypress: k
337.8035 	EXP 	New trial (rep=1, index=0): {'images': 'blue_neutral', 'congruentcy': 0, 'corrAns': 'a', 'box_pos': 'middle', 'box_color': 'blue', 'box_x': 0}
337.8115 	EXP 	Box: autoDraw = False
337.8115 	EXP 	FixCross: autoDraw = True
338.8626 	EXP 	FixCross: autoDraw = False
338.8626 	EXP 	FixCross: autoDraw = False
338.8626 	EXP 	Box: pos = array([0., 0.])
338.8626 	EXP 	Box: autoDraw = True
339.3300 	DATA 	Keypress: a
339.3379 	EXP 	New trial (rep=1, index=1): {'images': 'red_neutral', 'congruentcy': 0, 'corrAns': 'k', 'box_pos': 'middle', 'box_color': 'red', 'box_x': 0}
339.3423 	EXP 	Box: autoDraw = False
339.3423 	EXP 	FixCross: autoDraw = True
340.5228 	EXP 	FixCross: autoDraw = False
340.5228 	EXP 	FixCross: autoDraw = False
340.5228 	EXP 	Box: pos = array([0., 0.])
340.5228 	EXP 	Box: autoDraw = True
340.9814 	EXP 	New trial (rep=1, index=2): {'images': 'red_neutral', 'congruentcy': 0, 'corrAns': 'k', 'box_pos': 'middle', 'box_color': 'red', 'box_x': 0}
340.9844 	DATA 	Keypress: k
340.9899 	EXP 	Box: autoDraw = False
340.9899 	EXP 	FixCross: autoDraw = True
342.1452 	EXP 	FixCross: autoDraw = False
342.1452 	EXP 	FixCross: autoDraw = False
342.1452 	EXP 	Box: pos = array([0., 0.])
342.1452 	EXP 	Box: autoDraw = True
342.4286 	DATA 	Keypress: k
342.4376 	EXP 	New trial (rep=1, index=3): {'images': 'blue_incongruent', 'congruentcy': 0, 'corrAns': 'a', 'box_pos': 'right', 'box_color': 'blue', 'box_x': 0.6}
342.4456 	EXP 	Box: autoDraw = False
342.4456 	EXP 	FixCross: autoDraw = True
343.5177 	EXP 	FixCross: autoDraw = False
343.5177 	EXP 	FixCross: autoDraw = False
343.5177 	EXP 	Box: pos = array([0.6, 0. ])
343.5177 	EXP 	Box: autoDraw = True
343.9679 	EXP 	New trial (rep=1, index=4): {'images': 'blue_incongruent', 'congruentcy': 0, 'corrAns': 'a', 'box_pos': 'right', 'box_color': 'blue', 'box_x': 0.6}
343.9701 	DATA 	Keypress: a
343.9763 	EXP 	Box: autoDraw = False
343.9763 	EXP 	FixCross: autoDraw = True
345.1859 	EXP 	FixCross: autoDraw = False
345.1859 	EXP 	FixCross: autoDraw = False
345.1859 	EXP 	Box: pos = array([0.6, 0. ])
345.1859 	EXP 	Box: autoDraw = True
345.6613 	EXP 	New trial (rep=1, index=5): {'images': 'blue_congruent', 'congruentcy': 1, 'corrAns': 'a', 'box_pos': 'left', 'box_color': 'blue', 'box_x': -0.6}
345.6635 	DATA 	Keypress: a
345.6697 	EXP 	Box: autoDraw = False
345.6697 	EXP 	FixCross: autoDraw = True
346.8378 	EXP 	FixCross: autoDraw = False
346.8378 	EXP 	FixCross: autoDraw = False
346.8378 	EXP 	Box: pos = array([-0.6,  0. ])
346.8378 	EXP 	Box: autoDraw = True
347.1427 	EXP 	New trial (rep=2, index=0): {'images': 'red_neutral', 'congruentcy': 0, 'corrAns': 'k', 'box_pos': 'middle', 'box_color': 'red', 'box_x': 0}
347.1447 	DATA 	Keypress: a
347.1504 	EXP 	Box: autoDraw = False
347.1504 	EXP 	FixCross: autoDraw = True
348.2016 	EXP 	FixCross: autoDraw = False
348.2016 	EXP 	FixCross: autoDraw = False
348.2016 	EXP 	Box: pos = array([0., 0.])
348.2016 	EXP 	Box: autoDraw = True
348.5690 	EXP 	New trial (rep=2, index=1): {'images': 'red_congruent', 'congruentcy': 1, 'corrAns': 'k', 'box_pos': 'right', 'box_color': 'red', 'box_x': 0.6}
348.5710 	DATA 	Keypress: k
348.5771 	EXP 	Box: autoDraw = False
348.5771 	EXP 	FixCross: autoDraw = True
349.6909 	EXP 	FixCross: autoDraw = False
349.6909 	EXP 	FixCross: autoDraw = False
349.6909 	EXP 	Box: pos = array([0.6, 0. ])
349.6909 	EXP 	Box: autoDraw = True
350.0834 	DATA 	Keypress: k
350.0913 	EXP 	New trial (rep=2, index=2): {'images': 'red_incongruent', 'congruentcy': 0, 'corrAns': 'k', 'box_pos': 'left', 'box_color': 'red', 'box_x': -0.6}
350.0995 	EXP 	Box: autoDraw = False
350.0995 	EXP 	FixCross: autoDraw = True
351.1799 	EXP 	FixCross: autoDraw = False
351.1799 	EXP 	FixCross: autoDraw = False
351.1799 	EXP 	Box: pos = array([-0.6,  0. ])
351.1799 	EXP 	Box: autoDraw = True
351.6467 	EXP 	New trial (rep=2, index=3): {'images': 'blue_neutral', 'congruentcy': 0, 'corrAns': 'a', 'box_pos': 'middle', 'box_color': 'blue', 'box_x': 0}
351.6488 	DATA 	Keypress: k
351.6553 	EXP 	Box: autoDraw = False
351.6553 	EXP 	FixCross: autoDraw = True
352.8150 	EXP 	FixCross: autoDraw = False
352.8150 	EXP 	FixCross: autoDraw = False
352.8150 	EXP 	Box: pos = array([0., 0.])
352.8150 	EXP 	Box: autoDraw = True
353.1902 	DATA 	Keypress: a
353.1990 	EXP 	New trial (rep=2, index=4): {'images': 'blue_neutral', 'congruentcy': 0, 'corrAns': 'a', 'box_pos': 'middle', 'box_color': 'blue', 'box_x': 0}
353.2070 	EXP 	Box: autoDraw = False
353.2070 	EXP 	FixCross: autoDraw = True
354.2748 	EXP 	FixCross: autoDraw = False
354.2748 	EXP 	FixCross: autoDraw = False
354.2748 	EXP 	Box: pos = array([0., 0.])
354.2748 	EXP 	Box: autoDraw = True
354.5753 	EXP 	New trial (rep=2, index=5): {'images': 'blue_incongruent', 'congruentcy': 0, 'corrAns': 'a', 'box_pos': 'right', 'box_color': 'blue', 'box_x': 0.6}
354.5775 	DATA 	Keypress: k
354.5835 	EXP 	Box: autoDraw = False
354.5835 	EXP 	FixCross: autoDraw = True
355.6514 	EXP 	FixCross: autoDraw = False
355.6514 	EXP 	FixCross: autoDraw = False
355.6514 	EXP 	Box: pos = array([0.6, 0. ])
355.6514 	EXP 	Box: autoDraw = True
356.1347 	EXP 	New trial (rep=3, index=0): {'images': 'blue_incongruent', 'congruentcy': 0, 'corrAns': 'a', 'box_pos': 'right', 'box_color': 'blue', 'box_x': 0.6}
356.1367 	DATA 	Keypress: a
356.1434 	EXP 	Box: autoDraw = False
356.1434 	EXP 	FixCross: autoDraw = True
357.2947 	EXP 	FixCross: autoDraw = False
357.2947 	EXP 	FixCross: autoDraw = False
357.2947 	EXP 	Box: pos = array([0.6, 0. ])
357.2947 	EXP 	Box: autoDraw = True
357.8541 	DATA 	Keypress: a
357.8621 	EXP 	New trial (rep=3, index=1): {'images': 'red_congruent', 'congruentcy': 1, 'corrAns': 'k', 'box_pos': 'right', 'box_color': 'red', 'box_x': 0.6}
357.8703 	EXP 	Box: autoDraw = False
357.8703 	EXP 	FixCross: autoDraw = True
358.9881 	EXP 	FixCross: autoDraw = False
358.9881 	EXP 	FixCross: autoDraw = False
358.9881 	EXP 	Box: pos = array([0.6, 0. ])
358.9881 	EXP 	Box: autoDraw = True
359.4226 	DATA 	Keypress: k
359.4304 	EXP 	New trial (rep=3, index=2): {'images': 'red_incongruent', 'congruentcy': 0, 'corrAns': 'k', 'box_pos': 'left', 'box_color': 'red', 'box_x': -0.6}
359.4386 	EXP 	Box: autoDraw = False
359.4386 	EXP 	FixCross: autoDraw = True
360.5229 	EXP 	FixCross: autoDraw = False
360.5229 	EXP 	FixCross: autoDraw = False
360.5229 	EXP 	Box: pos = array([-0.6,  0. ])
360.5229 	EXP 	Box: autoDraw = True
360.9528 	EXP 	New trial (rep=3, index=3): {'images': 'red_neutral', 'congruentcy': 0, 'corrAns': 'k', 'box_pos': 'middle', 'box_color': 'red', 'box_x': 0}
360.9548 	DATA 	Keypress: k
360.9610 	EXP 	Box: autoDraw = False
360.9610 	EXP 	FixCross: autoDraw = True
361.9871 	EXP 	FixCross: autoDraw = False
361.9871 	EXP 	FixCross: autoDraw = False
361.9871 	EXP 	Box: pos = array([0., 0.])
361.9871 	EXP 	Box: autoDraw = True
362.4501 	EXP 	New trial (rep=3, index=4): {'images': 'blue_neutral', 'congruentcy': 0, 'corrAns': 'a', 'box_pos': 'middle', 'box_color': 'blue', 'box_x': 0}
362.4521 	DATA 	Keypress: k
362.4584 	EXP 	Box: autoDraw = False
362.4584 	EXP 	FixCross: autoDraw = True
363.6263 	EXP 	FixCross: autoDraw = False
363.6263 	EXP 	FixCross: autoDraw = False
363.6263 	EXP 	Box: pos = array([0., 0.])
363.6263 	EXP 	Box: autoDraw = True
364.1106 	DATA 	Keypress: a
364.1185 	EXP 	New trial (rep=3, index=5): {'images': 'red_congruent', 'congruentcy': 1, 'corrAns': 'k', 'box_pos': 'right', 'box_color': 'red', 'box_x': 0.6}
364.1268 	EXP 	Box: autoDraw = False
364.1268 	EXP 	FixCross: autoDraw = True
365.2237 	EXP 	FixCross: autoDraw = False
365.2237 	EXP 	FixCross: autoDraw = False
365.2237 	EXP 	Box: pos = array([0.6, 0. ])
365.2237 	EXP 	Box: autoDraw = True
365.5868 	EXP 	New trial (rep=4, index=0): {'images': 'red_congruent', 'congruentcy': 1, 'corrAns': 'k', 'box_pos': 'right', 'box_color': 'red', 'box_x': 0.6}
365.5888 	DATA 	Keypress: k
365.5951 	EXP 	Box: autoDraw = False
365.5951 	EXP 	FixCross: autoDraw = True
366.6962 	EXP 	FixCross: autoDraw = False
366.6962 	EXP 	FixCross: autoDraw = False
366.6962 	EXP 	Box: pos = array([0.6, 0. ])
366.6962 	EXP 	Box: autoDraw = True
367.0421 	EXP 	New trial (rep=4, index=1): {'images': 'blue_congruent', 'congruentcy': 1, 'corrAns': 'a', 'box_pos': 'left', 'box_color': 'blue', 'box_x': -0.6}
367.0444 	DATA 	Keypress: k
367.0508 	EXP 	Box: autoDraw = False
367.0508 	EXP 	FixCross: autoDraw = True
368.2104 	EXP 	FixCross: autoDraw = False
368.2104 	EXP 	FixCross: autoDraw = False
368.2104 	EXP 	Box: pos = array([-0.6,  0. ])
368.2104 	EXP 	Box: autoDraw = True
368.5356 	DATA 	Keypress: a
368.5445 	EXP 	New trial (rep=4, index=2): {'images': 'blue_congruent', 'congruentcy': 1, 'corrAns': 'a', 'box_pos': 'left', 'box_color': 'blue', 'box_x': -0.6}
368.5522 	EXP 	Box: autoDraw = False
368.5522 	EXP 	FixCross: autoDraw = True
369.7080 	EXP 	FixCross: autoDraw = False
369.7080 	EXP 	FixCross: autoDraw = False
369.7080 	EXP 	Box: pos = array([-0.6,  0. ])
369.7080 	EXP 	Box: autoDraw = True
370.0248 	EXP 	New trial (rep=4, index=3): {'images': 'blue_congruent', 'congruentcy': 1, 'corrAns': 'a', 'box_pos': 'left', 'box_color': 'blue', 'box_x': -0.6}
370.0269 	DATA 	Keypress: a
370.0331 	EXP 	Box: autoDraw = False
370.0331 	EXP 	FixCross: autoDraw = True
371.2511 	EXP 	FixCross: autoDraw = False
371.2511 	EXP 	FixCross: autoDraw = False
371.2511 	EXP 	Box: pos = array([-0.6,  0. ])
371.2511 	EXP 	Box: autoDraw = True
371.6182 	EXP 	New trial (rep=4, index=4): {'images': 'blue_incongruent', 'congruentcy': 0, 'corrAns': 'a', 'box_pos': 'right', 'box_color': 'blue', 'box_x': 0.6}
371.6203 	DATA 	Keypress: a
371.6265 	EXP 	Box: autoDraw = False
371.6265 	EXP 	FixCross: autoDraw = True
372.7486 	EXP 	FixCross: autoDraw = False
372.7486 	EXP 	FixCross: autoDraw = False
372.7486 	EXP 	Box: pos = array([0.6, 0. ])
372.7486 	EXP 	Box: autoDraw = True
373.2535 	EXP 	New trial (rep=4, index=5): {'images': 'blue_neutral', 'congruentcy': 0, 'corrAns': 'a', 'box_pos': 'middle', 'box_color': 'blue', 'box_x': 0}
373.2556 	DATA 	Keypress: a
373.2615 	EXP 	Box: autoDraw = False
373.2615 	EXP 	FixCross: autoDraw = True
374.3587 	EXP 	FixCross: autoDraw = False
374.3587 	EXP 	FixCross: autoDraw = False
374.3587 	EXP 	Box: pos = array([0., 0.])
374.3587 	EXP 	Box: autoDraw = True
374.7169 	EXP 	New trial (rep=5, index=0): {'images': 'red_neutral', 'congruentcy': 0, 'corrAns': 'k', 'box_pos': 'middle', 'box_color': 'red', 'box_x': 0}
374.7190 	DATA 	Keypress: a
374.7256 	EXP 	Box: autoDraw = False
374.7256 	EXP 	FixCross: autoDraw = True
375.8518 	EXP 	FixCross: autoDraw = False
375.8518 	EXP 	FixCross: autoDraw = False
375.8518 	EXP 	Box: pos = array([0., 0.])
375.8518 	EXP 	Box: autoDraw = True
376.2772 	EXP 	New trial (rep=5, index=1): {'images': 'blue_neutral', 'congruentcy': 0, 'corrAns': 'a', 'box_pos': 'middle', 'box_color': 'blue', 'box_x': 0}
376.2793 	DATA 	Keypress: k
376.2856 	EXP 	Box: autoDraw = False
376.2856 	EXP 	FixCross: autoDraw = True
377.3407 	EXP 	FixCross: autoDraw = False
377.3407 	EXP 	FixCross: autoDraw = False
377.3407 	EXP 	Box: pos = array([0., 0.])
377.3407 	EXP 	Box: autoDraw = True
377.7246 	EXP 	New trial (rep=5, index=2): {'images': 'blue_incongruent', 'congruentcy': 0, 'corrAns': 'a', 'box_pos': 'right', 'box_color': 'blue', 'box_x': 0.6}
377.7267 	DATA 	Keypress: a
377.7329 	EXP 	Box: autoDraw = False
377.7329 	EXP 	FixCross: autoDraw = True
378.8300 	EXP 	FixCross: autoDraw = False
378.8300 	EXP 	FixCross: autoDraw = False
378.8300 	EXP 	Box: pos = array([0.6, 0. ])
378.8300 	EXP 	Box: autoDraw = True
379.2229 	EXP 	New trial (rep=5, index=3): {'images': 'red_incongruent', 'congruentcy': 0, 'corrAns': 'k', 'box_pos': 'left', 'box_color': 'red', 'box_x': -0.6}
379.2249 	DATA 	Keypress: a
379.2303 	EXP 	Box: autoDraw = False
379.2303 	EXP 	FixCross: autoDraw = True
380.3816 	EXP 	FixCross: autoDraw = False
380.3816 	EXP 	FixCross: autoDraw = False
380.3816 	EXP 	Box: pos = array([-0.6,  0. ])
380.3816 	EXP 	Box: autoDraw = True
380.8073 	EXP 	New trial (rep=5, index=4): {'images': 'blue_congruent', 'congruentcy': 1, 'corrAns': 'a', 'box_pos': 'left', 'box_color': 'blue', 'box_x': -0.6}
380.8093 	DATA 	Keypress: k
380.8154 	EXP 	Box: autoDraw = False
380.8154 	EXP 	FixCross: autoDraw = True
381.9874 	EXP 	FixCross: autoDraw = False
381.9874 	EXP 	FixCross: autoDraw = False
381.9874 	EXP 	Box: pos = array([-0.6,  0. ])
381.9874 	EXP 	Box: autoDraw = True
382.5886 	EXP 	New trial (rep=5, index=5): {'images': 'blue_congruent', 'congruentcy': 1, 'corrAns': 'a', 'box_pos': 'left', 'box_color': 'blue', 'box_x': -0.6}
382.5907 	DATA 	Keypress: k
382.5964 	EXP 	Box: autoDraw = False
382.5964 	EXP 	FixCross: autoDraw = True
383.6935 	EXP 	FixCross: autoDraw = False
383.6935 	EXP 	FixCross: autoDraw = False
383.6935 	EXP 	Box: pos = array([-0.6,  0. ])
383.6935 	EXP 	Box: autoDraw = True
384.3861 	DATA 	Keypress: a
384.3940 	EXP 	New trial (rep=6, index=0): {'images': 'red_incongruent', 'congruentcy': 0, 'corrAns': 'k', 'box_pos': 'left', 'box_color': 'red', 'box_x': -0.6}
384.4025 	EXP 	Box: autoDraw = False
384.4025 	EXP 	FixCross: autoDraw = True
385.5036 	EXP 	FixCross: autoDraw = False
385.5036 	EXP 	FixCross: autoDraw = False
385.5036 	EXP 	Box: pos = array([-0.6,  0. ])
385.5036 	EXP 	Box: autoDraw = True
385.9545 	DATA 	Keypress: k
385.9624 	EXP 	New trial (rep=6, index=1): {'images': 'red_incongruent', 'congruentcy': 0, 'corrAns': 'k', 'box_pos': 'left', 'box_color': 'red', 'box_x': -0.6}
385.9709 	EXP 	Box: autoDraw = False
385.9709 	EXP 	FixCross: autoDraw = True
387.1012 	EXP 	FixCross: autoDraw = False
387.1012 	EXP 	FixCross: autoDraw = False
387.1012 	EXP 	Box: pos = array([-0.6,  0. ])
387.1012 	EXP 	Box: autoDraw = True
387.6268 	EXP 	New trial (rep=6, index=2): {'images': 'red_congruent', 'congruentcy': 1, 'corrAns': 'k', 'box_pos': 'right', 'box_color': 'red', 'box_x': 0.6}
387.6288 	DATA 	Keypress: k
387.6351 	EXP 	Box: autoDraw = False
387.6351 	EXP 	FixCross: autoDraw = True
388.7237 	EXP 	FixCross: autoDraw = False
388.7237 	EXP 	FixCross: autoDraw = False
388.7237 	EXP 	Box: pos = array([0.6, 0. ])
388.7237 	EXP 	Box: autoDraw = True
389.1412 	EXP 	New trial (rep=6, index=3): {'images': 'red_congruent', 'congruentcy': 1, 'corrAns': 'k', 'box_pos': 'right', 'box_color': 'red', 'box_x': 0.6}
389.1433 	DATA 	Keypress: k
389.1493 	EXP 	Box: autoDraw = False
389.1493 	EXP 	FixCross: autoDraw = True
390.2921 	EXP 	FixCross: autoDraw = False
390.2921 	EXP 	FixCross: autoDraw = False
390.2921 	EXP 	Box: pos = array([0.6, 0. ])
390.2921 	EXP 	Box: autoDraw = True
390.6675 	EXP 	New trial (rep=6, index=4): {'images': 'red_congruent', 'congruentcy': 1, 'corrAns': 'k', 'box_pos': 'right', 'box_color': 'red', 'box_x': 0.6}
390.6696 	DATA 	Keypress: k
390.6758 	EXP 	Box: autoDraw = False
390.6758 	EXP 	FixCross: autoDraw = True
391.9355 	EXP 	FixCross: autoDraw = False
391.9355 	EXP 	FixCross: autoDraw = False
391.9355 	EXP 	Box: pos = array([0.6, 0. ])
391.9355 	EXP 	Box: autoDraw = True
392.2358 	EXP 	New trial (rep=6, index=5): {'images': 'blue_congruent', 'congruentcy': 1, 'corrAns': 'a', 'box_pos': 'left', 'box_color': 'blue', 'box_x': -0.6}
392.2378 	DATA 	Keypress: k
392.2441 	EXP 	Box: autoDraw = False
392.2441 	EXP 	FixCross: autoDraw = True
393.2660 	EXP 	FixCross: autoDraw = False
393.2660 	EXP 	FixCross: autoDraw = False
393.2660 	EXP 	Box: pos = array([-0.6,  0. ])
393.2660 	EXP 	Box: autoDraw = True
393.7912 	EXP 	New trial (rep=7, index=0): {'images': 'red_incongruent', 'congruentcy': 0, 'corrAns': 'k', 'box_pos': 'left', 'box_color': 'red', 'box_x': -0.6}
393.7932 	DATA 	Keypress: a
393.7957 	EXP 	Box: autoDraw = False
393.7957 	EXP 	FixCross: autoDraw = True
394.9094 	EXP 	FixCross: autoDraw = False
394.9094 	EXP 	FixCross: autoDraw = False
394.9094 	EXP 	Box: pos = array([-0.6,  0. ])
394.9094 	EXP 	Box: autoDraw = True
395.4347 	DATA 	Keypress: k
395.4435 	EXP 	New trial (rep=7, index=1): {'images': 'blue_neutral', 'congruentcy': 0, 'corrAns': 'a', 'box_pos': 'middle', 'box_color': 'blue', 'box_x': 0}
395.4517 	EXP 	Box: autoDraw = False
395.4517 	EXP 	FixCross: autoDraw = True
396.5445 	EXP 	FixCross: autoDraw = False
396.5445 	EXP 	FixCross: autoDraw = False
396.5445 	EXP 	Box: pos = array([0., 0.])
396.5445 	EXP 	Box: autoDraw = True
397.1199 	EXP 	New trial (rep=7, index=2): {'images': 'red_neutral', 'congruentcy': 0, 'corrAns': 'k', 'box_pos': 'middle', 'box_color': 'red', 'box_x': 0}
397.1219 	DATA 	Keypress: a
397.1285 	EXP 	Box: autoDraw = False
397.1285 	EXP 	FixCross: autoDraw = True
398.2255 	EXP 	FixCross: autoDraw = False
398.2255 	EXP 	FixCross: autoDraw = False
398.2255 	EXP 	Box: pos = array([0., 0.])
398.2255 	EXP 	Box: autoDraw = True
398.7175 	EXP 	New trial (rep=7, index=3): {'images': 'blue_incongruent', 'congruentcy': 0, 'corrAns': 'a', 'box_pos': 'right', 'box_color': 'blue', 'box_x': 0.6}
398.7204 	DATA 	Keypress: k
398.7261 	EXP 	Box: autoDraw = False
398.7261 	EXP 	FixCross: autoDraw = True
399.8730 	EXP 	FixCross: autoDraw = False
399.8730 	EXP 	FixCross: autoDraw = False
399.8730 	EXP 	Box: pos = array([0.6, 0. ])
399.8730 	EXP 	Box: autoDraw = True
400.2987 	EXP 	New trial (rep=7, index=4): {'images': 'blue_neutral', 'congruentcy': 0, 'corrAns': 'a', 'box_pos': 'middle', 'box_color': 'blue', 'box_x': 0}
400.3008 	DATA 	Keypress: a
400.3068 	EXP 	Box: autoDraw = False
400.3068 	EXP 	FixCross: autoDraw = True
401.5330 	EXP 	FixCross: autoDraw = False
401.5330 	EXP 	FixCross: autoDraw = False
401.5330 	EXP 	Box: pos = array([0., 0.])
401.5330 	EXP 	Box: autoDraw = True
401.9041 	EXP 	New trial (rep=7, index=5): {'images': 'blue_incongruent', 'congruentcy': 0, 'corrAns': 'a', 'box_pos': 'right', 'box_color': 'blue', 'box_x': 0.6}
401.9063 	DATA 	Keypress: a
401.9127 	EXP 	Box: autoDraw = False
401.9127 	EXP 	FixCross: autoDraw = True
403.0640 	EXP 	FixCross: autoDraw = False
403.0640 	EXP 	FixCross: autoDraw = False
403.0640 	EXP 	Box: pos = array([0.6, 0. ])
403.0640 	EXP 	Box: autoDraw = True
403.5396 	DATA 	Keypress: a
403.5646 	EXP 	Box: autoDraw = False
403.5646 	EXP 	text_2: text = 'Biraz mola verebilirsiniz. \n\n 46 adet doğru cevap verdiniz. \n Ortalama cevap süreniz 4.74e+02ms.\n\n Devam etmek için BOŞLUK tuşuna basınız.'
403.5646 	EXP 	text_2: autoDraw = True
413.0917 	DATA 	Keypress: space
413.1079 	EXP 	text_2: autoDraw = False
413.1079 	EXP 	text: autoDraw = True
417.4299 	DATA 	Keypress: space
417.4418 	EXP 	text: autoDraw = False
417.4933 	EXP 	window1: mouseVisible = True
