1.8248 	WARNING 	We strongly recommend you activate the PTB sound engine in PsychoPy prefs as the preferred audio engine. Its timing is vastly superior. Your prefs are currently set to use ['sounddevice', 'PTB', 'pyo', 'pygame'] (in that order).
9.0508 	WARNING 	User requested fullscreen with size [1440  900], but screen is actually [1920, 1080]. Using actual size
9.6979 	EXP 	Created window1 = Window(allowGUI=False, allowStencil=False, autoLog=True, backendConf=UNKNOWN, bitsMode=UNKNOWN, blendMode='avg', bpc=(8, 8, 8), color=array([1, 1, 1]), colorSpace='rgb', depthBits=8, fullscr=<method-wrapper '__getattribute__' of attributeSetter object at 0x0000020BF23B29B0>, gamma=None, gammaErrorPolicy='raise', lms=UNKNOWN, monitor=<psychopy.monitors.calibTools.Monitor object at 0x0000020BF1D14080>, multiSample=False, name='window1', numSamples=2, pos=[0.0, 0.0], screen=0, size=array([1920, 1080]), stencilBits=0, stereo=False, units='height', useFBO=True, useRetina=False, viewOri=0.0, viewPos=None, viewScale=None, waitBlanking=True, winType='pyglet')
9.6982 	EXP 	window1: mouseVisible = True
9.6982 	EXP 	window1: recordFrameIntervals = False
9.7393 	EXP 	window1: recordFrameIntervals = True
9.7849 	EXP 	window1: recordFrameIntervals = False
10.0878 	EXP 	window1: mouseVisible = False
10.1816 	EXP 	Created Instruction = TextStim(__class__=<class 'psychopy.visual.text.TextStim'>, alignHoriz=method-wrapper(...), alignText='center', alignVert=method-wrapper(...), anchorHoriz='center', anchorVert='center', antialias=True, autoLog=True, bold=False, color=array([-1, -1, -1]), colorSpace='rgb', contrast=1.0, depth=0.0, flipHoriz=False, flipVert=False, font='Open Sans', fontFiles=[], height=0.04, italic=False, languageStyle='LTR', name='Instruction', opacity=1, ori=0.0, pos=array([0., 0.]), rgb=UNKNOWN, text=str(...), units='height', win=Window(...), wrapWidth=1)
10.1851 	EXP 	Created FixCross = ShapeStim(__class__=<class 'psychopy.visual.shape.ShapeStim'>, autoDraw=False, autoLog=True, closeShape=True, color=method-wrapper(...), colorSpace='rgb', contrast=None, depth=0.0, fillColor=array([-1, -1, -1]), fillColorSpace='rgb', fillRGB=UNKNOWN, interpolate=True, lineColor=array([-1, -1, -1]), lineColorSpace='rgb', lineRGB=UNKNOWN, lineWidth=1.0, name='FixCross', opacity=1, ori=0.0, pos=array([0., 0.]), size=array([20., 20.]), units='pix', vertices=ndarray(...), win=Window(...), windingRule=None)
10.1861 	EXP 	Created Box_p = Rect(__class__=<class 'psychopy.visual.rect.Rect'>, autoDraw=False, autoLog=True, closeShape=True, color=method-wrapper(...), colorSpace='rgb', contrast=None, depth=0.0, fillColor=array([1, 1, 1]), fillColorSpace='rgb', fillRGB=UNKNOWN, interpolate=True, lineColor=array([1, 1, 1]), lineColorSpace='rgb', lineRGB=UNKNOWN, lineWidth=1.0, name='Box_p', opacity=1, ori=0.0, pos=array([0., 0.]), size=array([0.05, 0.05]), units='height', vertices=ndarray(...), win=Window(...))
10.1871 	EXP 	Created FB_msg = TextStim(__class__=<class 'psychopy.visual.text.TextStim'>, alignHoriz=method-wrapper(...), alignText='center', alignVert=method-wrapper(...), anchorHoriz='center', anchorVert='center', antialias=True, autoLog=True, bold=False, color=array([1, 1, 1]), colorSpace='rgb', contrast=1.0, depth=-1.0, flipHoriz=False, flipVert=False, font='Open Sans', fontFiles=[], height=0.06, italic=False, languageStyle='LTR', name='FB_msg', opacity=1, ori=0.0, pos=array([0., 0.]), rgb=UNKNOWN, text='', units='height', win=Window(...), wrapWidth=1)
10.1882 	EXP 	Created text_3 = TextStim(__class__=<class 'psychopy.visual.text.TextStim'>, alignHoriz=method-wrapper(...), alignText='center', alignVert=method-wrapper(...), anchorHoriz='center', anchorVert='center', antialias=True, autoLog=True, bold=False, color=array([-1, -1, -1]), colorSpace='rgb', contrast=1.0, depth=-1.0, flipHoriz=False, flipVert=False, font='Open Sans', fontFiles=[], height=0.05, italic=False, languageStyle='LTR', name='text_3', opacity=1, ori=0.0, pos=array([0., 0.]), rgb=UNKNOWN, text='', units='height', win=Window(...), wrapWidth=1)
10.2031 	EXP 	Created instr_text_2 = TextStim(__class__=<class 'psychopy.visual.text.TextStim'>, alignHoriz=method-wrapper(...), alignText='center', alignVert=method-wrapper(...), anchorHoriz='center', anchorVert='center', antialias=True, autoLog=True, bold=False, color=array([-1, -1, -1]), colorSpace='rgb', contrast=1.0, depth=0.0, flipHoriz=False, flipVert=False, font='Open Sans', fontFiles=[], height=0.05, italic=False, languageStyle='LTR', name='instr_text_2', opacity=1, ori=0.0, pos=array([0., 0.]), rgb=UNKNOWN, text=str(...), units='height', win=Window(...), wrapWidth=1)
10.2047 	EXP 	Created FixCross = ShapeStim(__class__=<class 'psychopy.visual.shape.ShapeStim'>, autoDraw=False, autoLog=True, closeShape=True, color=method-wrapper(...), colorSpace='rgb', contrast=None, depth=0.0, fillColor=array([-1, -1, -1]), fillColorSpace='rgb', fillRGB=UNKNOWN, interpolate=True, lineColor=array([-1, -1, -1]), lineColorSpace='rgb', lineRGB=UNKNOWN, lineWidth=1.0, name='FixCross', opacity=1, ori=0.0, pos=array([0., 0.]), size=array([20., 20.]), units='pix', vertices=ndarray(...), win=Window(...), windingRule=None)
10.2056 	EXP 	Created Box = Rect(__class__=<class 'psychopy.visual.rect.Rect'>, autoDraw=False, autoLog=True, closeShape=True, color=method-wrapper(...), colorSpace='rgb', contrast=None, depth=0.0, fillColor=array([1, 1, 1]), fillColorSpace='rgb', fillRGB=UNKNOWN, interpolate=True, lineColor=array([1, 1, 1]), lineColorSpace='rgb', lineRGB=UNKNOWN, lineWidth=1.0, name='Box', opacity=1, ori=0.0, pos=array([0., 0.]), size=array([0.05, 0.05]), units='height', vertices=ndarray(...), win=Window(...))
10.2062 	EXP 	Created text_2 = TextStim(__class__=<class 'psychopy.visual.text.TextStim'>, alignHoriz=method-wrapper(...), alignText='center', alignVert=method-wrapper(...), anchorHoriz='center', anchorVert='center', antialias=True, autoLog=True, bold=False, color=array([-1, -1, -1]), colorSpace='rgb', contrast=1.0, depth=-1.0, flipHoriz=False, flipVert=False, font='Open Sans', fontFiles=[], height=0.05, italic=False, languageStyle='LTR', name='text_2', opacity=1, ori=0.0, pos=array([0., 0.]), rgb=UNKNOWN, text='', units='height', win=Window(...), wrapWidth=1)
10.2075 	EXP 	Created FixCross = ShapeStim(__class__=<class 'psychopy.visual.shape.ShapeStim'>, autoDraw=False, autoLog=True, closeShape=True, color=method-wrapper(...), colorSpace='rgb', contrast=None, depth=0.0, fillColor=array([-1, -1, -1]), fillColorSpace='rgb', fillRGB=UNKNOWN, interpolate=True, lineColor=array([-1, -1, -1]), lineColorSpace='rgb', lineRGB=UNKNOWN, lineWidth=1.0, name='FixCross', opacity=1, ori=0.0, pos=array([0., 0.]), size=array([20., 20.]), units='pix', vertices=ndarray(...), win=Window(...), windingRule=None)
10.2084 	EXP 	Created Box = Rect(__class__=<class 'psychopy.visual.rect.Rect'>, autoDraw=False, autoLog=True, closeShape=True, color=method-wrapper(...), colorSpace='rgb', contrast=None, depth=0.0, fillColor=array([1, 1, 1]), fillColorSpace='rgb', fillRGB=UNKNOWN, interpolate=True, lineColor=array([1, 1, 1]), lineColorSpace='rgb', lineRGB=UNKNOWN, lineWidth=1.0, name='Box', opacity=1, ori=0.0, pos=array([0., 0.]), size=array([0.05, 0.05]), units='height', vertices=ndarray(...), win=Window(...))
10.2089 	EXP 	Created text_2 = TextStim(__class__=<class 'psychopy.visual.text.TextStim'>, alignHoriz=method-wrapper(...), alignText='center', alignVert=method-wrapper(...), anchorHoriz='center', anchorVert='center', antialias=True, autoLog=True, bold=False, color=array([-1, -1, -1]), colorSpace='rgb', contrast=1.0, depth=-1.0, flipHoriz=False, flipVert=False, font='Open Sans', fontFiles=[], height=0.05, italic=False, languageStyle='LTR', name='text_2', opacity=1, ori=0.0, pos=array([0., 0.]), rgb=UNKNOWN, text='', units='height', win=Window(...), wrapWidth=1)
10.2103 	EXP 	Created FixCross = ShapeStim(__class__=<class 'psychopy.visual.shape.ShapeStim'>, autoDraw=False, autoLog=True, closeShape=True, color=method-wrapper(...), colorSpace='rgb', contrast=None, depth=0.0, fillColor=array([-1, -1, -1]), fillColorSpace='rgb', fillRGB=UNKNOWN, interpolate=True, lineColor=array([-1, -1, -1]), lineColorSpace='rgb', lineRGB=UNKNOWN, lineWidth=1.0, name='FixCross', opacity=1, ori=0.0, pos=array([0., 0.]), size=array([20., 20.]), units='pix', vertices=ndarray(...), win=Window(...), windingRule=None)
10.2111 	EXP 	Created Box = Rect(__class__=<class 'psychopy.visual.rect.Rect'>, autoDraw=False, autoLog=True, closeShape=True, color=method-wrapper(...), colorSpace='rgb', contrast=None, depth=0.0, fillColor=array([1, 1, 1]), fillColorSpace='rgb', fillRGB=UNKNOWN, interpolate=True, lineColor=array([1, 1, 1]), lineColorSpace='rgb', lineRGB=UNKNOWN, lineWidth=1.0, name='Box', opacity=1, ori=0.0, pos=array([0., 0.]), size=array([0.05, 0.05]), units='height', vertices=ndarray(...), win=Window(...))
10.2117 	EXP 	Created text_2 = TextStim(__class__=<class 'psychopy.visual.text.TextStim'>, alignHoriz=method-wrapper(...), alignText='center', alignVert=method-wrapper(...), anchorHoriz='center', anchorVert='center', antialias=True, autoLog=True, bold=False, color=array([-1, -1, -1]), colorSpace='rgb', contrast=1.0, depth=-1.0, flipHoriz=False, flipVert=False, font='Open Sans', fontFiles=[], height=0.05, italic=False, languageStyle='LTR', name='text_2', opacity=1, ori=0.0, pos=array([0., 0.]), rgb=UNKNOWN, text='', units='height', win=Window(...), wrapWidth=1)
10.2281 	EXP 	Created text = TextStim(__class__=<class 'psychopy.visual.text.TextStim'>, alignHoriz=method-wrapper(...), alignText='center', alignVert=method-wrapper(...), anchorHoriz='center', anchorVert='center', antialias=True, autoLog=True, bold=False, color=array([-1, -1, -1]), colorSpace='rgb', contrast=1.0, depth=0.0, flipHoriz=False, flipVert=False, font='Open Sans', fontFiles=[], height=0.05, italic=False, languageStyle='LTR', name='text', opacity=1, ori=0.0, pos=array([0., 0.]), rgb=UNKNOWN, text=str(...), units='height', win=Window(...), wrapWidth=1)
10.2889 	EXP 	Instruction: autoDraw = True
21.2678 	EXP 	Imported SimonTask.xlsx as conditions, 6 conditions, 6 params
21.2683 	EXP 	Created sequence: fullRandom, trialTypes=6, nReps=4, seed=None
21.2686 	EXP 	New trial (rep=0, index=0): {'images': 'red_congruent', 'congruentcy': 1, 'corrAns': 'k', 'box_pos': 'right', 'box_color': 'red', 'box_x': 0.6}
21.2717 	DATA 	Keypress: space
21.2762 	EXP 	Instruction: autoDraw = False
21.2762 	EXP 	FixCross: autoDraw = True
22.2898 	EXP 	FixCross: autoDraw = False
22.2898 	EXP 	FixCross: autoDraw = False
22.2898 	EXP 	Box_p: pos = array([0.6, 0. ])
22.2898 	EXP 	Box_p: autoDraw = True
23.0340 	DATA 	Keypress: k
23.0409 	EXP 	Box_p: autoDraw = False
23.0409 	EXP 	FB_msg: text = 'Doğru cevap'
23.0409 	EXP 	FB_msg: autoDraw = True
24.0296 	EXP 	New trial (rep=0, index=1): {'images': 'red_neutral', 'congruentcy': 0, 'corrAns': 'k', 'box_pos': 'middle', 'box_color': 'red', 'box_x': 0}
24.0377 	EXP 	FB_msg: autoDraw = False
24.0377 	EXP 	FixCross: autoDraw = True
25.1177 	EXP 	FixCross: autoDraw = False
25.1177 	EXP 	FixCross: autoDraw = False
25.1177 	EXP 	Box_p: pos = array([0., 0.])
25.1177 	EXP 	Box_p: autoDraw = True
26.2304 	DATA 	Keypress: k
26.2356 	EXP 	Box_p: autoDraw = False
26.2356 	EXP 	FB_msg: text = 'Doğru cevap'
26.2356 	EXP 	FB_msg: autoDraw = True
27.2286 	EXP 	New trial (rep=0, index=2): {'images': 'red_incongruent', 'congruentcy': 0, 'corrAns': 'k', 'box_pos': 'left', 'box_color': 'red', 'box_x': -0.6}
27.2367 	EXP 	FB_msg: autoDraw = False
27.2367 	EXP 	FixCross: autoDraw = True
28.2878 	EXP 	FixCross: autoDraw = False
28.2878 	EXP 	FixCross: autoDraw = False
28.2878 	EXP 	Box_p: pos = array([-0.6,  0. ])
28.2878 	EXP 	Box_p: autoDraw = True
28.9260 	DATA 	Keypress: k
28.9380 	EXP 	Box_p: autoDraw = False
28.9380 	EXP 	FB_msg: text = 'Doğru cevap'
28.9380 	EXP 	FB_msg: autoDraw = True
29.9401 	EXP 	New trial (rep=0, index=3): {'images': 'blue_congruent', 'congruentcy': 1, 'corrAns': 'a', 'box_pos': 'left', 'box_color': 'blue', 'box_x': -0.6}
29.9479 	EXP 	FB_msg: autoDraw = False
29.9479 	EXP 	FixCross: autoDraw = True
31.0741 	EXP 	FixCross: autoDraw = False
31.0741 	EXP 	FixCross: autoDraw = False
31.0741 	EXP 	Box_p: pos = array([-0.6,  0. ])
31.0741 	EXP 	Box_p: autoDraw = True
31.6267 	DATA 	Keypress: a
31.6332 	EXP 	Box_p: autoDraw = False
31.6332 	EXP 	FB_msg: text = 'Doğru cevap'
31.6332 	EXP 	FB_msg: autoDraw = True
32.6304 	EXP 	New trial (rep=0, index=4): {'images': 'blue_neutral', 'congruentcy': 0, 'corrAns': 'a', 'box_pos': 'middle', 'box_color': 'blue', 'box_x': 0}
32.6382 	EXP 	FB_msg: autoDraw = False
32.6382 	EXP 	FixCross: autoDraw = True
33.7228 	EXP 	FixCross: autoDraw = False
33.7228 	EXP 	FixCross: autoDraw = False
33.7228 	EXP 	Box_p: pos = array([0., 0.])
33.7228 	EXP 	Box_p: autoDraw = True
34.2152 	DATA 	Keypress: a
34.2316 	EXP 	Box_p: autoDraw = False
34.2316 	EXP 	FB_msg: text = 'Doğru cevap'
34.2316 	EXP 	FB_msg: autoDraw = True
35.2290 	EXP 	New trial (rep=0, index=5): {'images': 'red_incongruent', 'congruentcy': 0, 'corrAns': 'k', 'box_pos': 'left', 'box_color': 'red', 'box_x': -0.6}
35.2368 	EXP 	FB_msg: autoDraw = False
35.2368 	EXP 	FixCross: autoDraw = True
36.3130 	EXP 	FixCross: autoDraw = False
36.3130 	EXP 	FixCross: autoDraw = False
36.3130 	EXP 	Box_p: pos = array([-0.6,  0. ])
36.3130 	EXP 	Box_p: autoDraw = True
36.9079 	DATA 	Keypress: k
36.9136 	EXP 	Box_p: autoDraw = False
36.9136 	EXP 	FB_msg: text = 'Doğru cevap'
36.9136 	EXP 	FB_msg: autoDraw = True
37.9068 	EXP 	New trial (rep=1, index=0): {'images': 'blue_congruent', 'congruentcy': 1, 'corrAns': 'a', 'box_pos': 'left', 'box_color': 'blue', 'box_x': -0.6}
37.9147 	EXP 	FB_msg: autoDraw = False
37.9147 	EXP 	FixCross: autoDraw = True
39.0326 	EXP 	FixCross: autoDraw = False
39.0326 	EXP 	FixCross: autoDraw = False
39.0326 	EXP 	Box_p: pos = array([-0.6,  0. ])
39.0326 	EXP 	Box_p: autoDraw = True
39.3355 	DATA 	Keypress: a
39.3413 	EXP 	Box_p: autoDraw = False
39.3413 	EXP 	FB_msg: text = 'Doğru cevap'
39.3413 	EXP 	FB_msg: autoDraw = True
40.3385 	EXP 	New trial (rep=1, index=1): {'images': 'blue_congruent', 'congruentcy': 1, 'corrAns': 'a', 'box_pos': 'left', 'box_color': 'blue', 'box_x': -0.6}
40.3467 	EXP 	FB_msg: autoDraw = False
40.3467 	EXP 	FixCross: autoDraw = True
41.4770 	EXP 	FixCross: autoDraw = False
41.4770 	EXP 	FixCross: autoDraw = False
41.4770 	EXP 	Box_p: pos = array([-0.6,  0. ])
41.4770 	EXP 	Box_p: autoDraw = True
42.0130 	DATA 	Keypress: a
42.0190 	EXP 	Box_p: autoDraw = False
42.0190 	EXP 	FB_msg: text = 'Doğru cevap'
42.0190 	EXP 	FB_msg: autoDraw = True
43.0123 	EXP 	New trial (rep=1, index=2): {'images': 'blue_neutral', 'congruentcy': 0, 'corrAns': 'a', 'box_pos': 'middle', 'box_color': 'blue', 'box_x': 0}
43.0201 	EXP 	FB_msg: autoDraw = False
43.0201 	EXP 	FixCross: autoDraw = True
44.1797 	EXP 	FixCross: autoDraw = False
44.1797 	EXP 	FixCross: autoDraw = False
44.1797 	EXP 	Box_p: pos = array([0., 0.])
44.1797 	EXP 	Box_p: autoDraw = True
44.6975 	DATA 	Keypress: k
44.7180 	EXP 	Box_p: autoDraw = False
44.7180 	EXP 	FB_msg: text = 'Yalnış cevap'
44.7180 	EXP 	FB_msg: autoDraw = True
45.7109 	EXP 	New trial (rep=1, index=3): {'images': 'blue_incongruent', 'congruentcy': 0, 'corrAns': 'a', 'box_pos': 'right', 'box_color': 'blue', 'box_x': 0.6}
45.7189 	EXP 	FB_msg: autoDraw = False
45.7189 	EXP 	FixCross: autoDraw = True
46.7866 	EXP 	FixCross: autoDraw = False
46.7866 	EXP 	FixCross: autoDraw = False
46.7866 	EXP 	Box_p: pos = array([0.6, 0. ])
46.7866 	EXP 	Box_p: autoDraw = True
47.5837 	DATA 	Keypress: a
47.6000 	EXP 	Box_p: autoDraw = False
47.6000 	EXP 	FB_msg: text = 'Doğru cevap'
47.6000 	EXP 	FB_msg: autoDraw = True
48.5931 	EXP 	New trial (rep=1, index=4): {'images': 'red_neutral', 'congruentcy': 0, 'corrAns': 'k', 'box_pos': 'middle', 'box_color': 'red', 'box_x': 0}
48.6010 	EXP 	FB_msg: autoDraw = False
48.6010 	EXP 	FixCross: autoDraw = True
49.7189 	EXP 	FixCross: autoDraw = False
49.7189 	EXP 	FixCross: autoDraw = False
49.7189 	EXP 	Box_p: pos = array([0., 0.])
49.7189 	EXP 	Box_p: autoDraw = True
50.0714 	DATA 	Keypress: k
50.0777 	EXP 	Box_p: autoDraw = False
50.0777 	EXP 	FB_msg: text = 'Doğru cevap'
50.0777 	EXP 	FB_msg: autoDraw = True
51.0749 	EXP 	New trial (rep=1, index=5): {'images': 'red_neutral', 'congruentcy': 0, 'corrAns': 'k', 'box_pos': 'middle', 'box_color': 'red', 'box_x': 0}
51.0831 	EXP 	FB_msg: autoDraw = False
51.0831 	EXP 	FixCross: autoDraw = True
52.1423 	EXP 	FixCross: autoDraw = False
52.1423 	EXP 	FixCross: autoDraw = False
52.1423 	EXP 	Box_p: pos = array([0., 0.])
52.1423 	EXP 	Box_p: autoDraw = True
53.0972 	DATA 	Keypress: a
53.1017 	EXP 	Box_p: autoDraw = False
53.1017 	EXP 	FB_msg: text = 'Yalnış cevap'
53.1017 	EXP 	FB_msg: autoDraw = True
54.0990 	EXP 	New trial (rep=2, index=0): {'images': 'red_incongruent', 'congruentcy': 0, 'corrAns': 'k', 'box_pos': 'left', 'box_color': 'red', 'box_x': -0.6}
54.1070 	EXP 	FB_msg: autoDraw = False
54.1070 	EXP 	FixCross: autoDraw = True
55.2750 	EXP 	FixCross: autoDraw = False
55.2750 	EXP 	FixCross: autoDraw = False
55.2750 	EXP 	Box_p: pos = array([-0.6,  0. ])
55.2750 	EXP 	Box_p: autoDraw = True
56.8560 	DATA 	Keypress: k
56.8601 	EXP 	Box_p: autoDraw = False
56.8601 	EXP 	FB_msg: text = 'Doğru cevap'
56.8601 	EXP 	FB_msg: autoDraw = True
57.8527 	EXP 	New trial (rep=2, index=1): {'images': 'blue_congruent', 'congruentcy': 1, 'corrAns': 'a', 'box_pos': 'left', 'box_color': 'blue', 'box_x': -0.6}
57.8610 	EXP 	FB_msg: autoDraw = False
57.8610 	EXP 	FixCross: autoDraw = True
58.9915 	EXP 	FixCross: autoDraw = False
58.9915 	EXP 	FixCross: autoDraw = False
58.9915 	EXP 	Box_p: pos = array([-0.6,  0. ])
58.9915 	EXP 	Box_p: autoDraw = True
59.3544 	DATA 	Keypress: a
59.3710 	EXP 	Box_p: autoDraw = False
59.3710 	EXP 	FB_msg: text = 'Doğru cevap'
59.3710 	EXP 	FB_msg: autoDraw = True
60.3681 	EXP 	New trial (rep=2, index=2): {'images': 'red_incongruent', 'congruentcy': 0, 'corrAns': 'k', 'box_pos': 'left', 'box_color': 'red', 'box_x': -0.6}
60.3763 	EXP 	FB_msg: autoDraw = False
60.3763 	EXP 	FixCross: autoDraw = True
61.4317 	EXP 	FixCross: autoDraw = False
61.4317 	EXP 	FixCross: autoDraw = False
61.4317 	EXP 	Box_p: pos = array([-0.6,  0. ])
61.4317 	EXP 	Box_p: autoDraw = True
62.0592 	DATA 	Keypress: k
62.0655 	EXP 	Box_p: autoDraw = False
62.0655 	EXP 	FB_msg: text = 'Doğru cevap'
62.0655 	EXP 	FB_msg: autoDraw = True
63.0582 	EXP 	New trial (rep=2, index=3): {'images': 'red_neutral', 'congruentcy': 0, 'corrAns': 'k', 'box_pos': 'middle', 'box_color': 'red', 'box_x': 0}
63.0664 	EXP 	FB_msg: autoDraw = False
63.0664 	EXP 	FixCross: autoDraw = True
64.1967 	EXP 	FixCross: autoDraw = False
64.1967 	EXP 	FixCross: autoDraw = False
64.1967 	EXP 	Box_p: pos = array([0., 0.])
64.1967 	EXP 	Box_p: autoDraw = True
64.8017 	DATA 	Keypress: k
64.8186 	EXP 	Box_p: autoDraw = False
64.8186 	EXP 	FB_msg: text = 'Doğru cevap'
64.8186 	EXP 	FB_msg: autoDraw = True
65.8114 	EXP 	New trial (rep=2, index=4): {'images': 'blue_incongruent', 'congruentcy': 0, 'corrAns': 'a', 'box_pos': 'right', 'box_color': 'blue', 'box_x': 0.6}
65.8193 	EXP 	FB_msg: autoDraw = False
65.8193 	EXP 	FixCross: autoDraw = True
67.0667 	EXP 	FixCross: autoDraw = False
67.0667 	EXP 	FixCross: autoDraw = False
67.0667 	EXP 	Box_p: pos = array([0.6, 0. ])
67.0667 	EXP 	Box_p: autoDraw = True
67.8358 	DATA 	Keypress: a
67.8422 	EXP 	Box_p: autoDraw = False
67.8422 	EXP 	FB_msg: text = 'Doğru cevap'
67.8422 	EXP 	FB_msg: autoDraw = True
68.8355 	EXP 	New trial (rep=2, index=5): {'images': 'red_congruent', 'congruentcy': 1, 'corrAns': 'k', 'box_pos': 'right', 'box_color': 'red', 'box_x': 0.6}
68.8437 	EXP 	FB_msg: autoDraw = False
68.8437 	EXP 	FixCross: autoDraw = True
69.9821 	EXP 	FixCross: autoDraw = False
69.9821 	EXP 	FixCross: autoDraw = False
69.9821 	EXP 	Box_p: pos = array([0.6, 0. ])
69.9821 	EXP 	Box_p: autoDraw = True
70.4595 	DATA 	Keypress: k
70.4661 	EXP 	Box_p: autoDraw = False
70.4661 	EXP 	FB_msg: text = 'Doğru cevap'
70.4661 	EXP 	FB_msg: autoDraw = True
71.4634 	EXP 	New trial (rep=3, index=0): {'images': 'blue_incongruent', 'congruentcy': 0, 'corrAns': 'a', 'box_pos': 'right', 'box_color': 'blue', 'box_x': 0.6}
71.4711 	EXP 	FB_msg: autoDraw = False
71.4711 	EXP 	FixCross: autoDraw = True
72.5848 	EXP 	FixCross: autoDraw = False
72.5848 	EXP 	FixCross: autoDraw = False
72.5848 	EXP 	Box_p: pos = array([0.6, 0. ])
72.5848 	EXP 	Box_p: autoDraw = True
73.2501 	DATA 	Keypress: a
73.2563 	EXP 	Box_p: autoDraw = False
73.2563 	EXP 	FB_msg: text = 'Doğru cevap'
73.2563 	EXP 	FB_msg: autoDraw = True
74.2537 	EXP 	New trial (rep=3, index=1): {'images': 'blue_neutral', 'congruentcy': 0, 'corrAns': 'a', 'box_pos': 'middle', 'box_color': 'blue', 'box_x': 0}
74.2616 	EXP 	FB_msg: autoDraw = False
74.2616 	EXP 	FixCross: autoDraw = True
75.4044 	EXP 	FixCross: autoDraw = False
75.4044 	EXP 	FixCross: autoDraw = False
75.4044 	EXP 	Box_p: pos = array([0., 0.])
75.4044 	EXP 	Box_p: autoDraw = True
76.0367 	DATA 	Keypress: a
76.0426 	EXP 	Box_p: autoDraw = False
76.0426 	EXP 	FB_msg: text = 'Doğru cevap'
76.0426 	EXP 	FB_msg: autoDraw = True
77.0358 	EXP 	New trial (rep=3, index=2): {'images': 'red_congruent', 'congruentcy': 1, 'corrAns': 'k', 'box_pos': 'right', 'box_color': 'red', 'box_x': 0.6}
77.0439 	EXP 	FB_msg: autoDraw = False
77.0439 	EXP 	FixCross: autoDraw = True
78.1157 	EXP 	FixCross: autoDraw = False
78.1157 	EXP 	FixCross: autoDraw = False
78.1157 	EXP 	Box_p: pos = array([0.6, 0. ])
78.1157 	EXP 	Box_p: autoDraw = True
78.5082 	DATA 	Keypress: k
78.5248 	EXP 	Box_p: autoDraw = False
78.5248 	EXP 	FB_msg: text = 'Doğru cevap'
78.5248 	EXP 	FB_msg: autoDraw = True
79.5219 	EXP 	New trial (rep=3, index=3): {'images': 'red_congruent', 'congruentcy': 1, 'corrAns': 'k', 'box_pos': 'right', 'box_color': 'red', 'box_x': 0.6}
79.5299 	EXP 	FB_msg: autoDraw = False
79.5299 	EXP 	FixCross: autoDraw = True
80.6100 	EXP 	FixCross: autoDraw = False
80.6100 	EXP 	FixCross: autoDraw = False
80.6100 	EXP 	Box_p: pos = array([0.6, 0. ])
80.6100 	EXP 	Box_p: autoDraw = True
81.4299 	DATA 	Keypress: k
81.4361 	EXP 	Box_p: autoDraw = False
81.4361 	EXP 	FB_msg: text = 'Doğru cevap'
81.4361 	EXP 	FB_msg: autoDraw = True
82.4330 	EXP 	New trial (rep=3, index=4): {'images': 'blue_neutral', 'congruentcy': 0, 'corrAns': 'a', 'box_pos': 'middle', 'box_color': 'blue', 'box_x': 0}
82.4414 	EXP 	FB_msg: autoDraw = False
82.4414 	EXP 	FixCross: autoDraw = True
83.5422 	EXP 	FixCross: autoDraw = False
83.5422 	EXP 	FixCross: autoDraw = False
83.5422 	EXP 	Box_p: pos = array([0., 0.])
83.5422 	EXP 	Box_p: autoDraw = True
83.8054 	DATA 	Keypress: a
83.8220 	EXP 	Box_p: autoDraw = False
83.8220 	EXP 	FB_msg: text = 'Doğru cevap'
83.8220 	EXP 	FB_msg: autoDraw = True
84.8150 	EXP 	New trial (rep=3, index=5): {'images': 'blue_incongruent', 'congruentcy': 0, 'corrAns': 'a', 'box_pos': 'right', 'box_color': 'blue', 'box_x': 0.6}
84.8228 	EXP 	FB_msg: autoDraw = False
84.8228 	EXP 	FixCross: autoDraw = True
85.8572 	EXP 	FixCross: autoDraw = False
85.8572 	EXP 	FixCross: autoDraw = False
85.8572 	EXP 	Box_p: pos = array([0.6, 0. ])
85.8572 	EXP 	Box_p: autoDraw = True
86.4931 	DATA 	Keypress: a
86.4999 	EXP 	Box_p: autoDraw = False
86.4999 	EXP 	FB_msg: text = 'Doğru cevap'
86.4999 	EXP 	FB_msg: autoDraw = True
87.5090 	EXP 	FB_msg: autoDraw = False
87.5090 	EXP 	text_3: text = '\n\n 22 adet doğru cevap verdiniz. \n Ortalama cevap süreniz 6.27e+02ms.'
87.5090 	EXP 	text_3: autoDraw = True
89.5069 	EXP 	text_3: autoDraw = False
89.5069 	EXP 	instr_text_2: autoDraw = True
94.4348 	EXP 	Imported SimonTask.xlsx as conditions, 6 conditions, 6 params
94.4352 	EXP 	Created sequence: fullRandom, trialTypes=6, nReps=8, seed=None
94.4355 	EXP 	New trial (rep=0, index=0): {'images': 'blue_neutral', 'congruentcy': 0, 'corrAns': 'a', 'box_pos': 'middle', 'box_color': 'blue', 'box_x': 0}
94.4378 	DATA 	Keypress: space
94.4414 	EXP 	instr_text_2: autoDraw = False
94.4414 	EXP 	FixCross: autoDraw = True
95.4883 	EXP 	FixCross: autoDraw = False
95.4883 	EXP 	FixCross: autoDraw = False
95.4883 	EXP 	Box: pos = array([0., 0.])
95.4883 	EXP 	Box: autoDraw = True
96.0064 	EXP 	New trial (rep=0, index=1): {'images': 'red_incongruent', 'congruentcy': 0, 'corrAns': 'k', 'box_pos': 'left', 'box_color': 'red', 'box_x': -0.6}
96.0089 	DATA 	Keypress: a
96.0141 	EXP 	Box: autoDraw = False
96.0141 	EXP 	FixCross: autoDraw = True
97.2068 	EXP 	FixCross: autoDraw = False
97.2068 	EXP 	FixCross: autoDraw = False
97.2068 	EXP 	Box: pos = array([-0.6,  0. ])
97.2068 	EXP 	Box: autoDraw = True
98.0083 	DATA 	Keypress: k
98.0163 	EXP 	New trial (rep=0, index=2): {'images': 'red_incongruent', 'congruentcy': 0, 'corrAns': 'k', 'box_pos': 'left', 'box_color': 'red', 'box_x': -0.6}
98.0246 	EXP 	Box: autoDraw = False
98.0246 	EXP 	FixCross: autoDraw = True
99.1505 	EXP 	FixCross: autoDraw = False
99.1505 	EXP 	FixCross: autoDraw = False
99.1505 	EXP 	Box: pos = array([-0.6,  0. ])
99.1505 	EXP 	Box: autoDraw = True
99.5807 	EXP 	New trial (rep=0, index=3): {'images': 'blue_incongruent', 'congruentcy': 0, 'corrAns': 'a', 'box_pos': 'right', 'box_color': 'blue', 'box_x': 0.6}
99.5827 	DATA 	Keypress: k
99.5888 	EXP 	Box: autoDraw = False
99.5888 	EXP 	FixCross: autoDraw = True
100.6688 	EXP 	FixCross: autoDraw = False
100.6688 	EXP 	FixCross: autoDraw = False
100.6688 	EXP 	Box: pos = array([0.6, 0. ])
100.6688 	EXP 	Box: autoDraw = True
101.3241 	EXP 	New trial (rep=0, index=4): {'images': 'blue_neutral', 'congruentcy': 0, 'corrAns': 'a', 'box_pos': 'middle', 'box_color': 'blue', 'box_x': 0}
101.3261 	DATA 	Keypress: a
101.3323 	EXP 	Box: autoDraw = False
101.3323 	EXP 	FixCross: autoDraw = True
102.3832 	EXP 	FixCross: autoDraw = False
102.3832 	EXP 	FixCross: autoDraw = False
102.3832 	EXP 	Box: pos = array([0., 0.])
102.3832 	EXP 	Box: autoDraw = True
102.8004 	DATA 	Keypress: a
102.8084 	EXP 	New trial (rep=0, index=5): {'images': 'red_neutral', 'congruentcy': 0, 'corrAns': 'k', 'box_pos': 'middle', 'box_color': 'red', 'box_x': 0}
102.8128 	EXP 	Box: autoDraw = False
102.8128 	EXP 	FixCross: autoDraw = True
103.9472 	EXP 	FixCross: autoDraw = False
103.9472 	EXP 	FixCross: autoDraw = False
103.9472 	EXP 	Box: pos = array([0., 0.])
103.9472 	EXP 	Box: autoDraw = True
104.3227 	EXP 	New trial (rep=1, index=0): {'images': 'red_neutral', 'congruentcy': 0, 'corrAns': 'k', 'box_pos': 'middle', 'box_color': 'red', 'box_x': 0}
104.3248 	DATA 	Keypress: k
104.3313 	EXP 	Box: autoDraw = False
104.3313 	EXP 	FixCross: autoDraw = True
105.3780 	EXP 	FixCross: autoDraw = False
105.3780 	EXP 	FixCross: autoDraw = False
105.3780 	EXP 	Box: pos = array([0., 0.])
105.3780 	EXP 	Box: autoDraw = True
105.7914 	EXP 	New trial (rep=1, index=1): {'images': 'blue_congruent', 'congruentcy': 1, 'corrAns': 'a', 'box_pos': 'left', 'box_color': 'blue', 'box_x': -0.6}
105.7942 	DATA 	Keypress: k
105.7995 	EXP 	Box: autoDraw = False
105.7995 	EXP 	FixCross: autoDraw = True
107.0297 	EXP 	FixCross: autoDraw = False
107.0297 	EXP 	FixCross: autoDraw = False
107.0297 	EXP 	Box: pos = array([-0.6,  0. ])
107.0297 	EXP 	Box: autoDraw = True
107.4306 	EXP 	New trial (rep=1, index=2): {'images': 'red_neutral', 'congruentcy': 0, 'corrAns': 'k', 'box_pos': 'middle', 'box_color': 'red', 'box_x': 0}
107.4335 	DATA 	Keypress: a
107.4387 	EXP 	Box: autoDraw = False
107.4387 	EXP 	FixCross: autoDraw = True
108.5062 	EXP 	FixCross: autoDraw = False
108.5062 	EXP 	FixCross: autoDraw = False
108.5062 	EXP 	Box: pos = array([0., 0.])
108.5062 	EXP 	Box: autoDraw = True
108.9489 	EXP 	New trial (rep=1, index=3): {'images': 'blue_congruent', 'congruentcy': 1, 'corrAns': 'a', 'box_pos': 'left', 'box_color': 'blue', 'box_x': -0.6}
108.9518 	DATA 	Keypress: k
108.9567 	EXP 	Box: autoDraw = False
108.9567 	EXP 	FixCross: autoDraw = True
110.0537 	EXP 	FixCross: autoDraw = False
110.0537 	EXP 	FixCross: autoDraw = False
110.0537 	EXP 	Box: pos = array([-0.6,  0. ])
110.0537 	EXP 	Box: autoDraw = True
110.4371 	EXP 	New trial (rep=1, index=4): {'images': 'blue_congruent', 'congruentcy': 1, 'corrAns': 'a', 'box_pos': 'left', 'box_color': 'blue', 'box_x': -0.6}
110.4392 	DATA 	Keypress: a
110.4417 	EXP 	Box: autoDraw = False
110.4417 	EXP 	FixCross: autoDraw = True
111.5178 	EXP 	FixCross: autoDraw = False
111.5178 	EXP 	FixCross: autoDraw = False
111.5178 	EXP 	Box: pos = array([-0.6,  0. ])
111.5178 	EXP 	Box: autoDraw = True
111.9187 	EXP 	New trial (rep=1, index=5): {'images': 'red_neutral', 'congruentcy': 0, 'corrAns': 'k', 'box_pos': 'middle', 'box_color': 'red', 'box_x': 0}
111.9218 	DATA 	Keypress: a
111.9266 	EXP 	Box: autoDraw = False
111.9266 	EXP 	FixCross: autoDraw = True
113.0694 	EXP 	FixCross: autoDraw = False
113.0694 	EXP 	FixCross: autoDraw = False
113.0694 	EXP 	Box: pos = array([0., 0.])
113.0694 	EXP 	Box: autoDraw = True
113.4028 	DATA 	Keypress: k
113.4119 	EXP 	New trial (rep=2, index=0): {'images': 'red_congruent', 'congruentcy': 1, 'corrAns': 'k', 'box_pos': 'right', 'box_color': 'red', 'box_x': 0.6}
113.4201 	EXP 	Box: autoDraw = False
113.4201 	EXP 	FixCross: autoDraw = True
114.5419 	EXP 	FixCross: autoDraw = False
114.5419 	EXP 	FixCross: autoDraw = False
114.5419 	EXP 	Box: pos = array([0.6, 0. ])
114.5419 	EXP 	Box: autoDraw = True
114.9262 	EXP 	New trial (rep=2, index=1): {'images': 'red_incongruent', 'congruentcy': 0, 'corrAns': 'k', 'box_pos': 'left', 'box_color': 'red', 'box_x': -0.6}
114.9282 	DATA 	Keypress: k
114.9342 	EXP 	Box: autoDraw = False
114.9342 	EXP 	FixCross: autoDraw = True
116.0810 	EXP 	FixCross: autoDraw = False
116.0810 	EXP 	FixCross: autoDraw = False
116.0810 	EXP 	Box: pos = array([-0.6,  0. ])
116.0810 	EXP 	Box: autoDraw = True
116.4315 	EXP 	New trial (rep=2, index=2): {'images': 'blue_neutral', 'congruentcy': 0, 'corrAns': 'a', 'box_pos': 'middle', 'box_color': 'blue', 'box_x': 0}
116.4337 	DATA 	Keypress: k
116.4397 	EXP 	Box: autoDraw = False
116.4397 	EXP 	FixCross: autoDraw = True
117.5241 	EXP 	FixCross: autoDraw = False
117.5241 	EXP 	FixCross: autoDraw = False
117.5241 	EXP 	Box: pos = array([0., 0.])
117.5241 	EXP 	Box: autoDraw = True
118.1169 	EXP 	New trial (rep=2, index=3): {'images': 'blue_congruent', 'congruentcy': 1, 'corrAns': 'a', 'box_pos': 'left', 'box_color': 'blue', 'box_x': -0.6}
118.1189 	DATA 	Keypress: a
118.1251 	EXP 	Box: autoDraw = False
118.1251 	EXP 	FixCross: autoDraw = True
119.2343 	EXP 	FixCross: autoDraw = False
119.2343 	EXP 	FixCross: autoDraw = False
119.2343 	EXP 	Box: pos = array([-0.6,  0. ])
119.2343 	EXP 	Box: autoDraw = True
119.9723 	EXP 	New trial (rep=2, index=4): {'images': 'red_incongruent', 'congruentcy': 0, 'corrAns': 'k', 'box_pos': 'left', 'box_color': 'red', 'box_x': -0.6}
119.9743 	DATA 	Keypress: a
119.9769 	EXP 	Box: autoDraw = False
119.9769 	EXP 	FixCross: autoDraw = True
121.0283 	EXP 	FixCross: autoDraw = False
121.0283 	EXP 	FixCross: autoDraw = False
121.0283 	EXP 	Box: pos = array([-0.6,  0. ])
121.0283 	EXP 	Box: autoDraw = True
121.4286 	EXP 	New trial (rep=2, index=5): {'images': 'blue_incongruent', 'congruentcy': 0, 'corrAns': 'a', 'box_pos': 'right', 'box_color': 'blue', 'box_x': 0.6}
121.4307 	DATA 	Keypress: a
121.4370 	EXP 	Box: autoDraw = False
121.4370 	EXP 	FixCross: autoDraw = True
122.4502 	EXP 	FixCross: autoDraw = False
122.4502 	EXP 	FixCross: autoDraw = False
122.4502 	EXP 	Box: pos = array([0.6, 0. ])
122.4502 	EXP 	Box: autoDraw = True
123.2763 	DATA 	Keypress: a
123.2851 	EXP 	New trial (rep=3, index=0): {'images': 'red_incongruent', 'congruentcy': 0, 'corrAns': 'k', 'box_pos': 'left', 'box_color': 'red', 'box_x': -0.6}
123.2929 	EXP 	Box: autoDraw = False
123.2929 	EXP 	FixCross: autoDraw = True
124.4315 	EXP 	FixCross: autoDraw = False
124.4315 	EXP 	FixCross: autoDraw = False
124.4315 	EXP 	Box: pos = array([-0.6,  0. ])
124.4315 	EXP 	Box: autoDraw = True
124.7865 	EXP 	New trial (rep=3, index=1): {'images': 'red_congruent', 'congruentcy': 1, 'corrAns': 'k', 'box_pos': 'right', 'box_color': 'red', 'box_x': 0.6}
124.7894 	DATA 	Keypress: k
124.7944 	EXP 	Box: autoDraw = False
124.7944 	EXP 	FixCross: autoDraw = True
125.8914 	EXP 	FixCross: autoDraw = False
125.8914 	EXP 	FixCross: autoDraw = False
125.8914 	EXP 	Box: pos = array([0.6, 0. ])
125.8914 	EXP 	Box: autoDraw = True
126.2089 	EXP 	New trial (rep=3, index=2): {'images': 'red_congruent', 'congruentcy': 1, 'corrAns': 'k', 'box_pos': 'right', 'box_color': 'red', 'box_x': 0.6}
126.2117 	DATA 	Keypress: k
126.2170 	EXP 	Box: autoDraw = False
126.2170 	EXP 	FixCross: autoDraw = True
127.2681 	EXP 	FixCross: autoDraw = False
127.2681 	EXP 	FixCross: autoDraw = False
127.2681 	EXP 	Box: pos = array([0.6, 0. ])
127.2681 	EXP 	Box: autoDraw = True
127.6106 	DATA 	Keypress: k
127.6187 	EXP 	New trial (rep=3, index=3): {'images': 'blue_incongruent', 'congruentcy': 0, 'corrAns': 'a', 'box_pos': 'right', 'box_color': 'blue', 'box_x': 0.6}
127.6267 	EXP 	Box: autoDraw = False
127.6267 	EXP 	FixCross: autoDraw = True
128.7113 	EXP 	FixCross: autoDraw = False
128.7113 	EXP 	FixCross: autoDraw = False
128.7113 	EXP 	Box: pos = array([0.6, 0. ])
128.7113 	EXP 	Box: autoDraw = True
129.1790 	DATA 	Keypress: a
129.1870 	EXP 	New trial (rep=3, index=4): {'images': 'blue_incongruent', 'congruentcy': 0, 'corrAns': 'a', 'box_pos': 'right', 'box_color': 'blue', 'box_x': 0.6}
129.1951 	EXP 	Box: autoDraw = False
129.1951 	EXP 	FixCross: autoDraw = True
130.3673 	EXP 	FixCross: autoDraw = False
130.3673 	EXP 	FixCross: autoDraw = False
130.3673 	EXP 	Box: pos = array([0.6, 0. ])
130.3673 	EXP 	Box: autoDraw = True
130.7924 	EXP 	New trial (rep=3, index=5): {'images': 'blue_incongruent', 'congruentcy': 0, 'corrAns': 'a', 'box_pos': 'right', 'box_color': 'blue', 'box_x': 0.6}
130.7944 	DATA 	Keypress: a
130.8009 	EXP 	Box: autoDraw = False
130.8009 	EXP 	FixCross: autoDraw = True
131.9564 	EXP 	FixCross: autoDraw = False
131.9564 	EXP 	FixCross: autoDraw = False
131.9564 	EXP 	Box: pos = array([0.6, 0. ])
131.9564 	EXP 	Box: autoDraw = True
132.3157 	DATA 	Keypress: a
132.3237 	EXP 	New trial (rep=4, index=0): {'images': 'blue_neutral', 'congruentcy': 0, 'corrAns': 'a', 'box_pos': 'middle', 'box_color': 'blue', 'box_x': 0}
132.3317 	EXP 	Box: autoDraw = False
132.3317 	EXP 	FixCross: autoDraw = True
133.4038 	EXP 	FixCross: autoDraw = False
133.4038 	EXP 	FixCross: autoDraw = False
133.4038 	EXP 	Box: pos = array([0., 0.])
133.4038 	EXP 	Box: autoDraw = True
133.7713 	EXP 	New trial (rep=4, index=1): {'images': 'blue_congruent', 'congruentcy': 1, 'corrAns': 'a', 'box_pos': 'left', 'box_color': 'blue', 'box_x': -0.6}
133.7734 	DATA 	Keypress: a
133.7792 	EXP 	Box: autoDraw = False
133.7792 	EXP 	FixCross: autoDraw = True
135.0306 	EXP 	FixCross: autoDraw = False
135.0306 	EXP 	FixCross: autoDraw = False
135.0306 	EXP 	Box: pos = array([-0.6,  0. ])
135.0306 	EXP 	Box: autoDraw = True
135.4227 	EXP 	New trial (rep=4, index=2): {'images': 'red_neutral', 'congruentcy': 0, 'corrAns': 'k', 'box_pos': 'middle', 'box_color': 'red', 'box_x': 0}
135.4248 	DATA 	Keypress: a
135.4307 	EXP 	Box: autoDraw = False
135.4307 	EXP 	FixCross: autoDraw = True
136.5989 	EXP 	FixCross: autoDraw = False
136.5989 	EXP 	FixCross: autoDraw = False
136.5989 	EXP 	Box: pos = array([0., 0.])
136.5989 	EXP 	Box: autoDraw = True
137.4492 	EXP 	New trial (rep=4, index=3): {'images': 'blue_incongruent', 'congruentcy': 0, 'corrAns': 'a', 'box_pos': 'right', 'box_color': 'blue', 'box_x': 0.6}
137.4512 	DATA 	Keypress: k
137.4536 	EXP 	Box: autoDraw = False
137.4536 	EXP 	FixCross: autoDraw = True
138.5006 	EXP 	FixCross: autoDraw = False
138.5006 	EXP 	FixCross: autoDraw = False
138.5006 	EXP 	Box: pos = array([0.6, 0. ])
138.5006 	EXP 	Box: autoDraw = True
139.0806 	EXP 	New trial (rep=4, index=4): {'images': 'blue_congruent', 'congruentcy': 1, 'corrAns': 'a', 'box_pos': 'left', 'box_color': 'blue', 'box_x': -0.6}
139.0826 	DATA 	Keypress: a
139.0890 	EXP 	Box: autoDraw = False
139.0890 	EXP 	FixCross: autoDraw = True
140.3153 	EXP 	FixCross: autoDraw = False
140.3153 	EXP 	FixCross: autoDraw = False
140.3153 	EXP 	Box: pos = array([-0.6,  0. ])
140.3153 	EXP 	Box: autoDraw = True
140.6819 	EXP 	New trial (rep=4, index=5): {'images': 'blue_neutral', 'congruentcy': 0, 'corrAns': 'a', 'box_pos': 'middle', 'box_color': 'blue', 'box_x': 0}
140.6839 	DATA 	Keypress: a
140.6907 	EXP 	Box: autoDraw = False
140.6907 	EXP 	FixCross: autoDraw = True
141.7583 	EXP 	FixCross: autoDraw = False
141.7583 	EXP 	FixCross: autoDraw = False
141.7583 	EXP 	Box: pos = array([0., 0.])
141.7583 	EXP 	Box: autoDraw = True
142.3677 	EXP 	New trial (rep=5, index=0): {'images': 'blue_congruent', 'congruentcy': 1, 'corrAns': 'a', 'box_pos': 'left', 'box_color': 'blue', 'box_x': -0.6}
142.3698 	DATA 	Keypress: a
142.3759 	EXP 	Box: autoDraw = False
142.3759 	EXP 	FixCross: autoDraw = True
143.4183 	EXP 	FixCross: autoDraw = False
143.4183 	EXP 	FixCross: autoDraw = False
143.4183 	EXP 	Box: pos = array([-0.6,  0. ])
143.4183 	EXP 	Box: autoDraw = True
143.8443 	EXP 	New trial (rep=5, index=1): {'images': 'red_congruent', 'congruentcy': 1, 'corrAns': 'k', 'box_pos': 'right', 'box_color': 'red', 'box_x': 0.6}
143.8471 	DATA 	Keypress: a
143.8524 	EXP 	Box: autoDraw = False
143.8524 	EXP 	FixCross: autoDraw = True
144.9199 	EXP 	FixCross: autoDraw = False
144.9199 	EXP 	FixCross: autoDraw = False
144.9199 	EXP 	Box: pos = array([0.6, 0. ])
144.9199 	EXP 	Box: autoDraw = True
145.2694 	DATA 	Keypress: k
145.2784 	EXP 	New trial (rep=5, index=2): {'images': 'blue_congruent', 'congruentcy': 1, 'corrAns': 'a', 'box_pos': 'left', 'box_color': 'blue', 'box_x': -0.6}
145.2873 	EXP 	Box: autoDraw = False
145.2873 	EXP 	FixCross: autoDraw = True
146.3423 	EXP 	FixCross: autoDraw = False
146.3423 	EXP 	FixCross: autoDraw = False
146.3423 	EXP 	Box: pos = array([-0.6,  0. ])
146.3423 	EXP 	Box: autoDraw = True
146.7927 	EXP 	New trial (rep=5, index=3): {'images': 'blue_incongruent', 'congruentcy': 0, 'corrAns': 'a', 'box_pos': 'right', 'box_color': 'blue', 'box_x': 0.6}
146.7948 	DATA 	Keypress: a
146.8013 	EXP 	Box: autoDraw = False
146.8013 	EXP 	FixCross: autoDraw = True
148.0274 	EXP 	FixCross: autoDraw = False
148.0274 	EXP 	FixCross: autoDraw = False
148.0274 	EXP 	Box: pos = array([0.6, 0. ])
148.0274 	EXP 	Box: autoDraw = True
148.4283 	EXP 	New trial (rep=5, index=4): {'images': 'blue_neutral', 'congruentcy': 0, 'corrAns': 'a', 'box_pos': 'middle', 'box_color': 'blue', 'box_x': 0}
148.4312 	DATA 	Keypress: a
148.4362 	EXP 	Box: autoDraw = False
148.4362 	EXP 	FixCross: autoDraw = True
149.6374 	EXP 	FixCross: autoDraw = False
149.6374 	EXP 	FixCross: autoDraw = False
149.6374 	EXP 	Box: pos = array([0., 0.])
149.6374 	EXP 	Box: autoDraw = True
149.9845 	EXP 	New trial (rep=5, index=5): {'images': 'red_incongruent', 'congruentcy': 0, 'corrAns': 'k', 'box_pos': 'left', 'box_color': 'red', 'box_x': -0.6}
149.9865 	DATA 	Keypress: a
149.9919 	EXP 	Box: autoDraw = False
149.9919 	EXP 	FixCross: autoDraw = True
151.0597 	EXP 	FixCross: autoDraw = False
151.0597 	EXP 	FixCross: autoDraw = False
151.0597 	EXP 	Box: pos = array([-0.6,  0. ])
151.0597 	EXP 	Box: autoDraw = True
151.4899 	EXP 	New trial (rep=6, index=0): {'images': 'red_neutral', 'congruentcy': 0, 'corrAns': 'k', 'box_pos': 'middle', 'box_color': 'red', 'box_x': 0}
151.4929 	DATA 	Keypress: k
151.4980 	EXP 	Box: autoDraw = False
151.4980 	EXP 	FixCross: autoDraw = True
152.6489 	EXP 	FixCross: autoDraw = False
152.6489 	EXP 	FixCross: autoDraw = False
152.6489 	EXP 	Box: pos = array([0., 0.])
152.6489 	EXP 	Box: autoDraw = True
153.1792 	EXP 	New trial (rep=6, index=1): {'images': 'blue_neutral', 'congruentcy': 0, 'corrAns': 'a', 'box_pos': 'middle', 'box_color': 'blue', 'box_x': 0}
153.1813 	DATA 	Keypress: k
153.1871 	EXP 	Box: autoDraw = False
153.1871 	EXP 	FixCross: autoDraw = True
154.3758 	EXP 	FixCross: autoDraw = False
154.3758 	EXP 	FixCross: autoDraw = False
154.3758 	EXP 	Box: pos = array([0., 0.])
154.3758 	EXP 	Box: autoDraw = True
154.7596 	DATA 	Keypress: a
154.7686 	EXP 	New trial (rep=6, index=2): {'images': 'red_neutral', 'congruentcy': 0, 'corrAns': 'k', 'box_pos': 'middle', 'box_color': 'red', 'box_x': 0}
154.7765 	EXP 	Box: autoDraw = False
154.7765 	EXP 	FixCross: autoDraw = True
155.9441 	EXP 	FixCross: autoDraw = False
155.9441 	EXP 	FixCross: autoDraw = False
155.9441 	EXP 	Box: pos = array([0., 0.])
155.9441 	EXP 	Box: autoDraw = True
156.3449 	EXP 	New trial (rep=6, index=3): {'images': 'blue_incongruent', 'congruentcy': 0, 'corrAns': 'a', 'box_pos': 'right', 'box_color': 'blue', 'box_x': 0.6}
156.3469 	DATA 	Keypress: k
156.3531 	EXP 	Box: autoDraw = False
156.3531 	EXP 	FixCross: autoDraw = True
157.4457 	EXP 	FixCross: autoDraw = False
157.4457 	EXP 	FixCross: autoDraw = False
157.4457 	EXP 	Box: pos = array([0.6, 0. ])
157.4457 	EXP 	Box: autoDraw = True
157.8883 	DATA 	Keypress: a
157.8963 	EXP 	New trial (rep=6, index=4): {'images': 'red_congruent', 'congruentcy': 1, 'corrAns': 'k', 'box_pos': 'right', 'box_color': 'red', 'box_x': 0.6}
157.9049 	EXP 	Box: autoDraw = False
157.9049 	EXP 	FixCross: autoDraw = True
158.9890 	EXP 	FixCross: autoDraw = False
158.9890 	EXP 	FixCross: autoDraw = False
158.9890 	EXP 	Box: pos = array([0.6, 0. ])
158.9890 	EXP 	Box: autoDraw = True
159.7570 	EXP 	New trial (rep=6, index=5): {'images': 'red_congruent', 'congruentcy': 1, 'corrAns': 'k', 'box_pos': 'right', 'box_color': 'red', 'box_x': 0.6}
159.7597 	DATA 	Keypress: k
159.7648 	EXP 	Box: autoDraw = False
159.7648 	EXP 	FixCross: autoDraw = True
160.8618 	EXP 	FixCross: autoDraw = False
160.8618 	EXP 	FixCross: autoDraw = False
160.8618 	EXP 	Box: pos = array([0.6, 0. ])
160.8618 	EXP 	Box: autoDraw = True
161.1830 	DATA 	Keypress: k
161.1920 	EXP 	New trial (rep=7, index=0): {'images': 'blue_neutral', 'congruentcy': 0, 'corrAns': 'a', 'box_pos': 'middle', 'box_color': 'blue', 'box_x': 0}
161.2000 	EXP 	Box: autoDraw = False
161.2000 	EXP 	FixCross: autoDraw = True
162.3592 	EXP 	FixCross: autoDraw = False
162.3592 	EXP 	FixCross: autoDraw = False
162.3592 	EXP 	Box: pos = array([0., 0.])
162.3592 	EXP 	Box: autoDraw = True
162.6644 	EXP 	New trial (rep=7, index=1): {'images': 'red_incongruent', 'congruentcy': 0, 'corrAns': 'k', 'box_pos': 'left', 'box_color': 'red', 'box_x': -0.6}
162.6664 	DATA 	Keypress: a
162.6721 	EXP 	Box: autoDraw = False
162.6721 	EXP 	FixCross: autoDraw = True
163.7983 	EXP 	FixCross: autoDraw = False
163.7983 	EXP 	FixCross: autoDraw = False
163.7983 	EXP 	Box: pos = array([-0.6,  0. ])
163.7983 	EXP 	Box: autoDraw = True
164.2317 	DATA 	Keypress: k
164.2409 	EXP 	New trial (rep=7, index=2): {'images': 'red_neutral', 'congruentcy': 0, 'corrAns': 'k', 'box_pos': 'middle', 'box_color': 'red', 'box_x': 0}
164.2488 	EXP 	Box: autoDraw = False
164.2488 	EXP 	FixCross: autoDraw = True
165.3834 	EXP 	FixCross: autoDraw = False
165.3834 	EXP 	FixCross: autoDraw = False
165.3834 	EXP 	Box: pos = array([0., 0.])
165.3834 	EXP 	Box: autoDraw = True
166.0672 	EXP 	New trial (rep=7, index=3): {'images': 'red_congruent', 'congruentcy': 1, 'corrAns': 'k', 'box_pos': 'right', 'box_color': 'red', 'box_x': 0.6}
166.0692 	DATA 	Keypress: k
166.0760 	EXP 	Box: autoDraw = False
166.0760 	EXP 	FixCross: autoDraw = True
167.1810 	EXP 	FixCross: autoDraw = False
167.1810 	EXP 	FixCross: autoDraw = False
167.1810 	EXP 	Box: pos = array([0.6, 0. ])
167.1810 	EXP 	Box: autoDraw = True
167.6985 	EXP 	New trial (rep=7, index=4): {'images': 'red_congruent', 'congruentcy': 1, 'corrAns': 'k', 'box_pos': 'right', 'box_color': 'red', 'box_x': 0.6}
167.7005 	DATA 	Keypress: k
167.7066 	EXP 	Box: autoDraw = False
167.7066 	EXP 	FixCross: autoDraw = True
168.8161 	EXP 	FixCross: autoDraw = False
168.8161 	EXP 	FixCross: autoDraw = False
168.8161 	EXP 	Box: pos = array([0.6, 0. ])
168.8161 	EXP 	Box: autoDraw = True
169.2009 	DATA 	Keypress: k
169.2078 	EXP 	New trial (rep=7, index=5): {'images': 'red_incongruent', 'congruentcy': 0, 'corrAns': 'k', 'box_pos': 'left', 'box_color': 'red', 'box_x': -0.6}
169.2123 	EXP 	Box: autoDraw = False
169.2123 	EXP 	FixCross: autoDraw = True
170.2593 	EXP 	FixCross: autoDraw = False
170.2593 	EXP 	FixCross: autoDraw = False
170.2593 	EXP 	Box: pos = array([-0.6,  0. ])
170.2593 	EXP 	Box: autoDraw = True
170.7062 	DATA 	Keypress: k
170.7351 	EXP 	Box: autoDraw = False
170.7351 	EXP 	text_2: text = 'Biraz mola verebilirsiniz. \n\n 47 adet doğru cevap verdiniz. \n Ortalama cevap süreniz 4.45e+02ms.\n\n Devam etmek için BOŞLUK tuşuna basınız.'
170.7351 	EXP 	text_2: autoDraw = True
175.1231 	DATA 	Keypress: space
175.1390 	EXP 	Imported SimonTask.xlsx as conditions, 6 conditions, 6 params
175.1394 	EXP 	Created sequence: fullRandom, trialTypes=6, nReps=8, seed=None
175.1397 	EXP 	New trial (rep=0, index=0): {'images': 'blue_neutral', 'congruentcy': 0, 'corrAns': 'a', 'box_pos': 'middle', 'box_color': 'blue', 'box_x': 0}
175.1482 	EXP 	text_2: autoDraw = False
175.1482 	EXP 	FixCross: autoDraw = True
176.2156 	EXP 	FixCross: autoDraw = False
176.2156 	EXP 	FixCross: autoDraw = False
176.2156 	EXP 	Box: pos = array([0., 0.])
176.2156 	EXP 	Box: autoDraw = True
176.9666 	EXP 	New trial (rep=0, index=1): {'images': 'red_incongruent', 'congruentcy': 0, 'corrAns': 'k', 'box_pos': 'left', 'box_color': 'red', 'box_x': -0.6}
176.9695 	DATA 	Keypress: a
176.9748 	EXP 	Box: autoDraw = False
176.9748 	EXP 	FixCross: autoDraw = True
178.0468 	EXP 	FixCross: autoDraw = False
178.0468 	EXP 	FixCross: autoDraw = False
178.0468 	EXP 	Box: pos = array([-0.6,  0. ])
178.0468 	EXP 	Box: autoDraw = True
178.4059 	EXP 	New trial (rep=0, index=2): {'images': 'red_neutral', 'congruentcy': 0, 'corrAns': 'k', 'box_pos': 'middle', 'box_color': 'red', 'box_x': 0}
178.4087 	DATA 	Keypress: k
178.4138 	EXP 	Box: autoDraw = False
178.4138 	EXP 	FixCross: autoDraw = True
179.5234 	EXP 	FixCross: autoDraw = False
179.5234 	EXP 	FixCross: autoDraw = False
179.5234 	EXP 	Box: pos = array([0., 0.])
179.5234 	EXP 	Box: autoDraw = True
180.5081 	DATA 	Keypress: k
180.5164 	EXP 	New trial (rep=0, index=3): {'images': 'red_incongruent', 'congruentcy': 0, 'corrAns': 'k', 'box_pos': 'left', 'box_color': 'red', 'box_x': -0.6}
180.5244 	EXP 	Box: autoDraw = False
180.5244 	EXP 	FixCross: autoDraw = True
181.6339 	EXP 	FixCross: autoDraw = False
181.6339 	EXP 	FixCross: autoDraw = False
181.6339 	EXP 	Box: pos = array([-0.6,  0. ])
181.6339 	EXP 	Box: autoDraw = True
181.9514 	EXP 	New trial (rep=0, index=4): {'images': 'red_incongruent', 'congruentcy': 0, 'corrAns': 'k', 'box_pos': 'left', 'box_color': 'red', 'box_x': -0.6}
181.9535 	DATA 	Keypress: k
181.9593 	EXP 	Box: autoDraw = False
181.9593 	EXP 	FixCross: autoDraw = True
183.0187 	EXP 	FixCross: autoDraw = False
183.0187 	EXP 	FixCross: autoDraw = False
183.0187 	EXP 	Box: pos = array([-0.6,  0. ])
183.0187 	EXP 	Box: autoDraw = True
183.3738 	EXP 	New trial (rep=0, index=5): {'images': 'blue_incongruent', 'congruentcy': 0, 'corrAns': 'a', 'box_pos': 'right', 'box_color': 'blue', 'box_x': 0.6}
183.3758 	DATA 	Keypress: k
183.3819 	EXP 	Box: autoDraw = False
183.3819 	EXP 	FixCross: autoDraw = True
184.4202 	EXP 	FixCross: autoDraw = False
184.4202 	EXP 	FixCross: autoDraw = False
184.4202 	EXP 	Box: pos = array([0.6, 0. ])
184.4202 	EXP 	Box: autoDraw = True
184.8671 	EXP 	New trial (rep=1, index=0): {'images': 'blue_incongruent', 'congruentcy': 0, 'corrAns': 'a', 'box_pos': 'right', 'box_color': 'blue', 'box_x': 0.6}
184.8693 	DATA 	Keypress: a
184.8749 	EXP 	Box: autoDraw = False
184.8749 	EXP 	FixCross: autoDraw = True
185.9134 	EXP 	FixCross: autoDraw = False
185.9134 	EXP 	FixCross: autoDraw = False
185.9134 	EXP 	Box: pos = array([0.6, 0. ])
185.9134 	EXP 	Box: autoDraw = True
186.2685 	DATA 	Keypress: a
186.2767 	EXP 	New trial (rep=1, index=1): {'images': 'blue_neutral', 'congruentcy': 0, 'corrAns': 'a', 'box_pos': 'middle', 'box_color': 'blue', 'box_x': 0}
186.2846 	EXP 	Box: autoDraw = False
186.2846 	EXP 	FixCross: autoDraw = True
187.3733 	EXP 	FixCross: autoDraw = False
187.3733 	EXP 	FixCross: autoDraw = False
187.3733 	EXP 	Box: pos = array([0., 0.])
187.3733 	EXP 	Box: autoDraw = True
187.6908 	EXP 	New trial (rep=1, index=2): {'images': 'blue_neutral', 'congruentcy': 0, 'corrAns': 'a', 'box_pos': 'middle', 'box_color': 'blue', 'box_x': 0}
187.6928 	DATA 	Keypress: a
187.6991 	EXP 	Box: autoDraw = False
187.6991 	EXP 	FixCross: autoDraw = True
188.7956 	EXP 	FixCross: autoDraw = False
188.7956 	EXP 	FixCross: autoDraw = False
188.7956 	EXP 	Box: pos = array([0., 0.])
188.7956 	EXP 	Box: autoDraw = True
189.1291 	EXP 	New trial (rep=1, index=3): {'images': 'blue_congruent', 'congruentcy': 1, 'corrAns': 'a', 'box_pos': 'left', 'box_color': 'blue', 'box_x': -0.6}
189.1311 	DATA 	Keypress: a
189.1330 	EXP 	Box: autoDraw = False
189.1330 	EXP 	FixCross: autoDraw = True
190.2222 	EXP 	FixCross: autoDraw = False
190.2222 	EXP 	FixCross: autoDraw = False
190.2222 	EXP 	Box: pos = array([-0.6,  0. ])
190.2222 	EXP 	Box: autoDraw = True
190.6264 	EXP 	New trial (rep=1, index=4): {'images': 'blue_congruent', 'congruentcy': 1, 'corrAns': 'a', 'box_pos': 'left', 'box_color': 'blue', 'box_x': -0.6}
190.6285 	DATA 	Keypress: a
190.6310 	EXP 	Box: autoDraw = False
190.6310 	EXP 	FixCross: autoDraw = True
191.8075 	EXP 	FixCross: autoDraw = False
191.8075 	EXP 	FixCross: autoDraw = False
191.8075 	EXP 	Box: pos = array([-0.6,  0. ])
191.8075 	EXP 	Box: autoDraw = True
192.1997 	EXP 	New trial (rep=1, index=5): {'images': 'red_congruent', 'congruentcy': 1, 'corrAns': 'k', 'box_pos': 'right', 'box_color': 'red', 'box_x': 0.6}
192.2027 	DATA 	Keypress: a
192.2076 	EXP 	Box: autoDraw = False
192.2076 	EXP 	FixCross: autoDraw = True
193.3755 	EXP 	FixCross: autoDraw = False
193.3755 	EXP 	FixCross: autoDraw = False
193.3755 	EXP 	Box: pos = array([0.6, 0. ])
193.3755 	EXP 	Box: autoDraw = True
193.7340 	EXP 	New trial (rep=2, index=0): {'images': 'blue_congruent', 'congruentcy': 1, 'corrAns': 'a', 'box_pos': 'left', 'box_color': 'blue', 'box_x': -0.6}
193.7361 	DATA 	Keypress: k
193.7428 	EXP 	Box: autoDraw = False
193.7428 	EXP 	FixCross: autoDraw = True
194.8395 	EXP 	FixCross: autoDraw = False
194.8395 	EXP 	FixCross: autoDraw = False
194.8395 	EXP 	Box: pos = array([-0.6,  0. ])
194.8395 	EXP 	Box: autoDraw = True
195.2813 	EXP 	New trial (rep=2, index=1): {'images': 'red_neutral', 'congruentcy': 0, 'corrAns': 'k', 'box_pos': 'middle', 'box_color': 'red', 'box_x': 0}
195.2834 	DATA 	Keypress: a
195.2860 	EXP 	Box: autoDraw = False
195.2860 	EXP 	FixCross: autoDraw = True
196.4579 	EXP 	FixCross: autoDraw = False
196.4579 	EXP 	FixCross: autoDraw = False
196.4579 	EXP 	Box: pos = array([0., 0.])
196.4579 	EXP 	Box: autoDraw = True
196.9248 	DATA 	Keypress: k
196.9337 	EXP 	New trial (rep=2, index=2): {'images': 'red_incongruent', 'congruentcy': 0, 'corrAns': 'k', 'box_pos': 'left', 'box_color': 'red', 'box_x': -0.6}
196.9421 	EXP 	Box: autoDraw = False
196.9421 	EXP 	FixCross: autoDraw = True
198.0471 	EXP 	FixCross: autoDraw = False
198.0471 	EXP 	FixCross: autoDraw = False
198.0471 	EXP 	Box: pos = array([-0.6,  0. ])
198.0471 	EXP 	Box: autoDraw = True
198.4680 	DATA 	Keypress: k
198.4773 	EXP 	New trial (rep=2, index=3): {'images': 'blue_incongruent', 'congruentcy': 0, 'corrAns': 'a', 'box_pos': 'right', 'box_color': 'blue', 'box_x': 0.6}
198.4851 	EXP 	Box: autoDraw = False
198.4851 	EXP 	FixCross: autoDraw = True
199.5779 	EXP 	FixCross: autoDraw = False
199.5779 	EXP 	FixCross: autoDraw = False
199.5779 	EXP 	Box: pos = array([0.6, 0. ])
199.5779 	EXP 	Box: autoDraw = True
200.0705 	DATA 	Keypress: a
200.0784 	EXP 	New trial (rep=2, index=4): {'images': 'blue_congruent', 'congruentcy': 1, 'corrAns': 'a', 'box_pos': 'left', 'box_color': 'blue', 'box_x': -0.6}
200.0870 	EXP 	Box: autoDraw = False
200.0870 	EXP 	FixCross: autoDraw = True
201.2046 	EXP 	FixCross: autoDraw = False
201.2046 	EXP 	FixCross: autoDraw = False
201.2046 	EXP 	Box: pos = array([-0.6,  0. ])
201.2046 	EXP 	Box: autoDraw = True
202.3012 	DATA 	Keypress: a
202.3099 	EXP 	New trial (rep=2, index=5): {'images': 'blue_incongruent', 'congruentcy': 0, 'corrAns': 'a', 'box_pos': 'right', 'box_color': 'blue', 'box_x': 0.6}
202.3142 	EXP 	Box: autoDraw = False
202.3142 	EXP 	FixCross: autoDraw = True
203.4111 	EXP 	FixCross: autoDraw = False
203.4111 	EXP 	FixCross: autoDraw = False
203.4111 	EXP 	Box: pos = array([0.6, 0. ])
203.4111 	EXP 	Box: autoDraw = True
203.8163 	EXP 	New trial (rep=3, index=0): {'images': 'red_incongruent', 'congruentcy': 0, 'corrAns': 'k', 'box_pos': 'left', 'box_color': 'red', 'box_x': -0.6}
203.8183 	DATA 	Keypress: a
203.8247 	EXP 	Box: autoDraw = False
203.8247 	EXP 	FixCross: autoDraw = True
204.8710 	EXP 	FixCross: autoDraw = False
204.8710 	EXP 	FixCross: autoDraw = False
204.8710 	EXP 	Box: pos = array([-0.6,  0. ])
204.8710 	EXP 	Box: autoDraw = True
205.3546 	EXP 	New trial (rep=3, index=1): {'images': 'blue_congruent', 'congruentcy': 1, 'corrAns': 'a', 'box_pos': 'left', 'box_color': 'blue', 'box_x': -0.6}
205.3567 	DATA 	Keypress: k
205.3636 	EXP 	Box: autoDraw = False
205.3636 	EXP 	FixCross: autoDraw = True
206.4644 	EXP 	FixCross: autoDraw = False
206.4644 	EXP 	FixCross: autoDraw = False
206.4644 	EXP 	Box: pos = array([-0.6,  0. ])
206.4644 	EXP 	Box: autoDraw = True
206.8820 	EXP 	New trial (rep=3, index=2): {'images': 'red_congruent', 'congruentcy': 1, 'corrAns': 'k', 'box_pos': 'right', 'box_color': 'red', 'box_x': 0.6}
206.8841 	DATA 	Keypress: k
206.8902 	EXP 	Box: autoDraw = False
206.8902 	EXP 	FixCross: autoDraw = True
207.9621 	EXP 	FixCross: autoDraw = False
207.9621 	EXP 	FixCross: autoDraw = False
207.9621 	EXP 	Box: pos = array([0.6, 0. ])
207.9621 	EXP 	Box: autoDraw = True
208.4543 	DATA 	Keypress: a
208.4623 	EXP 	New trial (rep=3, index=3): {'images': 'red_incongruent', 'congruentcy': 0, 'corrAns': 'k', 'box_pos': 'left', 'box_color': 'red', 'box_x': -0.6}
208.4707 	EXP 	Box: autoDraw = False
208.4707 	EXP 	FixCross: autoDraw = True
209.5803 	EXP 	FixCross: autoDraw = False
209.5803 	EXP 	FixCross: autoDraw = False
209.5803 	EXP 	Box: pos = array([-0.6,  0. ])
209.5803 	EXP 	Box: autoDraw = True
210.1648 	EXP 	New trial (rep=3, index=4): {'images': 'red_neutral', 'congruentcy': 0, 'corrAns': 'k', 'box_pos': 'middle', 'box_color': 'red', 'box_x': 0}
210.1668 	DATA 	Keypress: k
210.1728 	EXP 	Box: autoDraw = False
210.1728 	EXP 	FixCross: autoDraw = True
211.2904 	EXP 	FixCross: autoDraw = False
211.2904 	EXP 	FixCross: autoDraw = False
211.2904 	EXP 	Box: pos = array([0., 0.])
211.2904 	EXP 	Box: autoDraw = True
211.6913 	EXP 	New trial (rep=3, index=5): {'images': 'red_congruent', 'congruentcy': 1, 'corrAns': 'k', 'box_pos': 'right', 'box_color': 'red', 'box_x': 0.6}
211.6941 	DATA 	Keypress: k
211.6994 	EXP 	Box: autoDraw = False
211.6994 	EXP 	FixCross: autoDraw = True
212.7836 	EXP 	FixCross: autoDraw = False
212.7836 	EXP 	FixCross: autoDraw = False
212.7836 	EXP 	Box: pos = array([0.6, 0. ])
212.7836 	EXP 	Box: autoDraw = True
213.1594 	DATA 	Keypress: k
213.1674 	EXP 	New trial (rep=4, index=0): {'images': 'blue_incongruent', 'congruentcy': 0, 'corrAns': 'a', 'box_pos': 'right', 'box_color': 'blue', 'box_x': 0.6}
213.1757 	EXP 	Box: autoDraw = False
213.1757 	EXP 	FixCross: autoDraw = True
214.2143 	EXP 	FixCross: autoDraw = False
214.2143 	EXP 	FixCross: autoDraw = False
214.2143 	EXP 	Box: pos = array([0.6, 0. ])
214.2143 	EXP 	Box: autoDraw = True
214.6821 	EXP 	New trial (rep=4, index=1): {'images': 'red_neutral', 'congruentcy': 0, 'corrAns': 'k', 'box_pos': 'middle', 'box_color': 'red', 'box_x': 0}
214.6848 	DATA 	Keypress: a
214.6900 	EXP 	Box: autoDraw = False
214.6900 	EXP 	FixCross: autoDraw = True
215.7743 	EXP 	FixCross: autoDraw = False
215.7743 	EXP 	FixCross: autoDraw = False
215.7743 	EXP 	Box: pos = array([0., 0.])
215.7743 	EXP 	Box: autoDraw = True
216.3171 	EXP 	New trial (rep=4, index=2): {'images': 'blue_incongruent', 'congruentcy': 0, 'corrAns': 'a', 'box_pos': 'right', 'box_color': 'blue', 'box_x': 0.6}
216.3192 	DATA 	Keypress: k
216.3249 	EXP 	Box: autoDraw = False
216.3249 	EXP 	FixCross: autoDraw = True
217.5011 	EXP 	FixCross: autoDraw = False
217.5011 	EXP 	FixCross: autoDraw = False
217.5011 	EXP 	Box: pos = array([0.6, 0. ])
217.5011 	EXP 	Box: autoDraw = True
217.9605 	DATA 	Keypress: a
217.9688 	EXP 	New trial (rep=4, index=3): {'images': 'blue_congruent', 'congruentcy': 1, 'corrAns': 'a', 'box_pos': 'left', 'box_color': 'blue', 'box_x': -0.6}
217.9766 	EXP 	Box: autoDraw = False
217.9766 	EXP 	FixCross: autoDraw = True
219.0823 	EXP 	FixCross: autoDraw = False
219.0823 	EXP 	FixCross: autoDraw = False
219.0823 	EXP 	Box: pos = array([-0.6,  0. ])
219.0823 	EXP 	Box: autoDraw = True
219.5489 	EXP 	New trial (rep=4, index=4): {'images': 'red_congruent', 'congruentcy': 1, 'corrAns': 'k', 'box_pos': 'right', 'box_color': 'red', 'box_x': 0.6}
219.5509 	DATA 	Keypress: k
219.5534 	EXP 	Box: autoDraw = False
219.5534 	EXP 	FixCross: autoDraw = True
220.6252 	EXP 	FixCross: autoDraw = False
220.6252 	EXP 	FixCross: autoDraw = False
220.6252 	EXP 	Box: pos = array([0.6, 0. ])
220.6252 	EXP 	Box: autoDraw = True
221.1632 	EXP 	New trial (rep=4, index=5): {'images': 'blue_neutral', 'congruentcy': 0, 'corrAns': 'a', 'box_pos': 'middle', 'box_color': 'blue', 'box_x': 0}
221.1653 	DATA 	Keypress: k
221.1720 	EXP 	Box: autoDraw = False
221.1720 	EXP 	FixCross: autoDraw = True
222.2604 	EXP 	FixCross: autoDraw = False
222.2604 	EXP 	FixCross: autoDraw = False
222.2604 	EXP 	Box: pos = array([0., 0.])
222.2604 	EXP 	Box: autoDraw = True
223.0067 	EXP 	New trial (rep=5, index=0): {'images': 'blue_neutral', 'congruentcy': 0, 'corrAns': 'a', 'box_pos': 'middle', 'box_color': 'blue', 'box_x': 0}
223.0087 	DATA 	Keypress: a
223.0112 	EXP 	Box: autoDraw = False
223.0112 	EXP 	FixCross: autoDraw = True
224.0956 	EXP 	FixCross: autoDraw = False
224.0956 	EXP 	FixCross: autoDraw = False
224.0956 	EXP 	Box: pos = array([0., 0.])
224.0956 	EXP 	Box: autoDraw = True
224.5300 	DATA 	Keypress: a
224.5382 	EXP 	New trial (rep=5, index=1): {'images': 'blue_neutral', 'congruentcy': 0, 'corrAns': 'a', 'box_pos': 'middle', 'box_color': 'blue', 'box_x': 0}
224.5461 	EXP 	Box: autoDraw = False
224.5461 	EXP 	FixCross: autoDraw = True
225.6556 	EXP 	FixCross: autoDraw = False
225.6556 	EXP 	FixCross: autoDraw = False
225.6556 	EXP 	Box: pos = array([0., 0.])
225.6556 	EXP 	Box: autoDraw = True
226.0065 	EXP 	New trial (rep=5, index=2): {'images': 'blue_congruent', 'congruentcy': 1, 'corrAns': 'a', 'box_pos': 'left', 'box_color': 'blue', 'box_x': -0.6}
226.0095 	DATA 	Keypress: a
226.0146 	EXP 	Box: autoDraw = False
226.0146 	EXP 	FixCross: autoDraw = True
227.1322 	EXP 	FixCross: autoDraw = False
227.1322 	EXP 	FixCross: autoDraw = False
227.1322 	EXP 	Box: pos = array([-0.6,  0. ])
227.1322 	EXP 	Box: autoDraw = True
227.6157 	EXP 	New trial (rep=5, index=3): {'images': 'blue_congruent', 'congruentcy': 1, 'corrAns': 'a', 'box_pos': 'left', 'box_color': 'blue', 'box_x': -0.6}
227.6178 	DATA 	Keypress: a
227.6202 	EXP 	Box: autoDraw = False
227.6202 	EXP 	FixCross: autoDraw = True
228.7256 	EXP 	FixCross: autoDraw = False
228.7256 	EXP 	FixCross: autoDraw = False
228.7256 	EXP 	Box: pos = array([-0.6,  0. ])
228.7256 	EXP 	Box: autoDraw = True
229.0090 	DATA 	Keypress: a
229.0180 	EXP 	New trial (rep=5, index=4): {'images': 'red_incongruent', 'congruentcy': 0, 'corrAns': 'k', 'box_pos': 'left', 'box_color': 'red', 'box_x': -0.6}
229.0261 	EXP 	Box: autoDraw = False
229.0261 	EXP 	FixCross: autoDraw = True
230.2563 	EXP 	FixCross: autoDraw = False
230.2563 	EXP 	FixCross: autoDraw = False
230.2563 	EXP 	Box: pos = array([-0.6,  0. ])
230.2563 	EXP 	Box: autoDraw = True
230.7197 	EXP 	New trial (rep=5, index=5): {'images': 'red_neutral', 'congruentcy': 0, 'corrAns': 'k', 'box_pos': 'middle', 'box_color': 'red', 'box_x': 0}
230.7224 	DATA 	Keypress: k
230.7276 	EXP 	Box: autoDraw = False
230.7276 	EXP 	FixCross: autoDraw = True
231.8080 	EXP 	FixCross: autoDraw = False
231.8080 	EXP 	FixCross: autoDraw = False
231.8080 	EXP 	Box: pos = array([0., 0.])
231.8080 	EXP 	Box: autoDraw = True
232.4091 	DATA 	Keypress: a
232.4168 	EXP 	New trial (rep=6, index=0): {'images': 'blue_incongruent', 'congruentcy': 0, 'corrAns': 'a', 'box_pos': 'right', 'box_color': 'blue', 'box_x': 0.6}
232.4255 	EXP 	Box: autoDraw = False
232.4255 	EXP 	FixCross: autoDraw = True
233.4597 	EXP 	FixCross: autoDraw = False
233.4597 	EXP 	FixCross: autoDraw = False
233.4597 	EXP 	Box: pos = array([0.6, 0. ])
233.4597 	EXP 	Box: autoDraw = True
233.9852 	DATA 	Keypress: k
233.9942 	EXP 	New trial (rep=6, index=1): {'images': 'blue_incongruent', 'congruentcy': 0, 'corrAns': 'a', 'box_pos': 'right', 'box_color': 'blue', 'box_x': 0.6}
234.0024 	EXP 	Box: autoDraw = False
234.0024 	EXP 	FixCross: autoDraw = True
235.0281 	EXP 	FixCross: autoDraw = False
235.0281 	EXP 	FixCross: autoDraw = False
235.0281 	EXP 	Box: pos = array([0.6, 0. ])
235.0281 	EXP 	Box: autoDraw = True
235.7876 	DATA 	Keypress: a
235.7956 	EXP 	New trial (rep=6, index=2): {'images': 'red_neutral', 'congruentcy': 0, 'corrAns': 'k', 'box_pos': 'middle', 'box_color': 'red', 'box_x': 0}
235.8042 	EXP 	Box: autoDraw = False
235.8042 	EXP 	FixCross: autoDraw = True
236.8886 	EXP 	FixCross: autoDraw = False
236.8886 	EXP 	FixCross: autoDraw = False
236.8886 	EXP 	Box: pos = array([0., 0.])
236.8886 	EXP 	Box: autoDraw = True
237.4059 	EXP 	New trial (rep=6, index=3): {'images': 'blue_neutral', 'congruentcy': 0, 'corrAns': 'a', 'box_pos': 'middle', 'box_color': 'blue', 'box_x': 0}
237.4080 	DATA 	Keypress: k
237.4141 	EXP 	Box: autoDraw = False
237.4141 	EXP 	FixCross: autoDraw = True
238.6364 	EXP 	FixCross: autoDraw = False
238.6364 	EXP 	FixCross: autoDraw = False
238.6364 	EXP 	Box: pos = array([0., 0.])
238.6364 	EXP 	Box: autoDraw = True
239.1663 	EXP 	New trial (rep=6, index=4): {'images': 'blue_neutral', 'congruentcy': 0, 'corrAns': 'a', 'box_pos': 'middle', 'box_color': 'blue', 'box_x': 0}
239.1684 	DATA 	Keypress: a
239.1743 	EXP 	Box: autoDraw = False
239.1743 	EXP 	FixCross: autoDraw = True
240.2798 	EXP 	FixCross: autoDraw = False
240.2798 	EXP 	FixCross: autoDraw = False
240.2798 	EXP 	Box: pos = array([0., 0.])
240.2798 	EXP 	Box: autoDraw = True
240.6677 	DATA 	Keypress: a
240.6757 	EXP 	New trial (rep=6, index=5): {'images': 'red_neutral', 'congruentcy': 0, 'corrAns': 'k', 'box_pos': 'middle', 'box_color': 'red', 'box_x': 0}
240.6800 	EXP 	Box: autoDraw = False
240.6800 	EXP 	FixCross: autoDraw = True
241.7519 	EXP 	FixCross: autoDraw = False
241.7519 	EXP 	FixCross: autoDraw = False
241.7519 	EXP 	Box: pos = array([0., 0.])
241.7519 	EXP 	Box: autoDraw = True
242.1401 	DATA 	Keypress: k
242.1480 	EXP 	New trial (rep=7, index=0): {'images': 'red_congruent', 'congruentcy': 1, 'corrAns': 'k', 'box_pos': 'right', 'box_color': 'red', 'box_x': 0.6}
242.1565 	EXP 	Box: autoDraw = False
242.1565 	EXP 	FixCross: autoDraw = True
243.2201 	EXP 	FixCross: autoDraw = False
243.2201 	EXP 	FixCross: autoDraw = False
243.2201 	EXP 	Box: pos = array([0.6, 0. ])
243.2201 	EXP 	Box: autoDraw = True
244.1425 	EXP 	New trial (rep=7, index=1): {'images': 'red_congruent', 'congruentcy': 1, 'corrAns': 'k', 'box_pos': 'right', 'box_color': 'red', 'box_x': 0.6}
244.1445 	DATA 	Keypress: k
244.1503 	EXP 	Box: autoDraw = False
244.1503 	EXP 	FixCross: autoDraw = True
245.2807 	EXP 	FixCross: autoDraw = False
245.2807 	EXP 	FixCross: autoDraw = False
245.2807 	EXP 	Box: pos = array([0.6, 0. ])
245.2807 	EXP 	Box: autoDraw = True
245.7358 	EXP 	New trial (rep=7, index=2): {'images': 'red_neutral', 'congruentcy': 0, 'corrAns': 'k', 'box_pos': 'middle', 'box_color': 'red', 'box_x': 0}
245.7379 	DATA 	Keypress: k
245.7436 	EXP 	Box: autoDraw = False
245.7436 	EXP 	FixCross: autoDraw = True
246.8907 	EXP 	FixCross: autoDraw = False
246.8907 	EXP 	FixCross: autoDraw = False
246.8907 	EXP 	Box: pos = array([0., 0.])
246.8907 	EXP 	Box: autoDraw = True
247.6663 	EXP 	New trial (rep=7, index=3): {'images': 'red_congruent', 'congruentcy': 1, 'corrAns': 'k', 'box_pos': 'right', 'box_color': 'red', 'box_x': 0.6}
247.6683 	DATA 	Keypress: k
247.6751 	EXP 	Box: autoDraw = False
247.6751 	EXP 	FixCross: autoDraw = True
248.8177 	EXP 	FixCross: autoDraw = False
248.8177 	EXP 	FixCross: autoDraw = False
248.8177 	EXP 	Box: pos = array([0.6, 0. ])
248.8177 	EXP 	Box: autoDraw = True
249.2396 	EXP 	New trial (rep=7, index=4): {'images': 'red_incongruent', 'congruentcy': 0, 'corrAns': 'k', 'box_pos': 'left', 'box_color': 'red', 'box_x': -0.6}
249.2417 	DATA 	Keypress: k
249.2476 	EXP 	Box: autoDraw = False
249.2476 	EXP 	FixCross: autoDraw = True
250.4278 	EXP 	FixCross: autoDraw = False
250.4278 	EXP 	FixCross: autoDraw = False
250.4278 	EXP 	Box: pos = array([-0.6,  0. ])
250.4278 	EXP 	Box: autoDraw = True
251.0623 	EXP 	New trial (rep=7, index=5): {'images': 'red_congruent', 'congruentcy': 1, 'corrAns': 'k', 'box_pos': 'right', 'box_color': 'red', 'box_x': 0.6}
251.0643 	DATA 	Keypress: k
251.0700 	EXP 	Box: autoDraw = False
251.0700 	EXP 	FixCross: autoDraw = True
252.1758 	EXP 	FixCross: autoDraw = False
252.1758 	EXP 	FixCross: autoDraw = False
252.1758 	EXP 	Box: pos = array([0.6, 0. ])
252.1758 	EXP 	Box: autoDraw = True
252.6847 	DATA 	Keypress: k
252.7135 	EXP 	Box: autoDraw = False
252.7135 	EXP 	text_2: text = 'Biraz mola verebilirsiniz. \n\n 43 adet doğru cevap verdiniz. \n Ortalama cevap süreniz 5.08e+02ms.\n\n Devam etmek için BOŞLUK tuşuna basınız.'
252.7135 	EXP 	text_2: autoDraw = True
259.8057 	DATA 	Keypress: space
259.8195 	EXP 	Imported SimonTask.xlsx as conditions, 6 conditions, 6 params
259.8198 	EXP 	Created sequence: fullRandom, trialTypes=6, nReps=8, seed=None
259.8201 	EXP 	New trial (rep=0, index=0): {'images': 'red_congruent', 'congruentcy': 1, 'corrAns': 'k', 'box_pos': 'right', 'box_color': 'red', 'box_x': 0.6}
259.8255 	EXP 	text_2: autoDraw = False
259.8255 	EXP 	FixCross: autoDraw = True
260.8933 	EXP 	FixCross: autoDraw = False
260.8933 	EXP 	FixCross: autoDraw = False
260.8933 	EXP 	Box: pos = array([0.6, 0. ])
260.8933 	EXP 	Box: autoDraw = True
261.4519 	EXP 	New trial (rep=0, index=1): {'images': 'red_neutral', 'congruentcy': 0, 'corrAns': 'k', 'box_pos': 'middle', 'box_color': 'red', 'box_x': 0}
261.4546 	DATA 	Keypress: k
261.4604 	EXP 	Box: autoDraw = False
261.4604 	EXP 	FixCross: autoDraw = True
262.6368 	EXP 	FixCross: autoDraw = False
262.6368 	EXP 	FixCross: autoDraw = False
262.6368 	EXP 	Box: pos = array([0., 0.])
262.6368 	EXP 	Box: autoDraw = True
262.9869 	EXP 	New trial (rep=0, index=2): {'images': 'blue_congruent', 'congruentcy': 1, 'corrAns': 'a', 'box_pos': 'left', 'box_color': 'blue', 'box_x': -0.6}
262.9889 	DATA 	Keypress: k
262.9954 	EXP 	Box: autoDraw = False
262.9954 	EXP 	FixCross: autoDraw = True
264.1342 	EXP 	FixCross: autoDraw = False
264.1342 	EXP 	FixCross: autoDraw = False
264.1342 	EXP 	Box: pos = array([-0.6,  0. ])
264.1342 	EXP 	Box: autoDraw = True
264.5222 	EXP 	New trial (rep=0, index=3): {'images': 'blue_congruent', 'congruentcy': 1, 'corrAns': 'a', 'box_pos': 'left', 'box_color': 'blue', 'box_x': -0.6}
264.5243 	DATA 	Keypress: a
264.5304 	EXP 	Box: autoDraw = False
264.5304 	EXP 	FixCross: autoDraw = True
265.6775 	EXP 	FixCross: autoDraw = False
265.6775 	EXP 	FixCross: autoDraw = False
265.6775 	EXP 	Box: pos = array([-0.6,  0. ])
265.6775 	EXP 	Box: autoDraw = True
266.0696 	DATA 	Keypress: a
266.0776 	EXP 	New trial (rep=0, index=4): {'images': 'blue_congruent', 'congruentcy': 1, 'corrAns': 'a', 'box_pos': 'left', 'box_color': 'blue', 'box_x': -0.6}
266.0862 	EXP 	Box: autoDraw = False
266.0862 	EXP 	FixCross: autoDraw = True
267.1208 	EXP 	FixCross: autoDraw = False
267.1208 	EXP 	FixCross: autoDraw = False
267.1208 	EXP 	Box: pos = array([-0.6,  0. ])
267.1208 	EXP 	Box: autoDraw = True
267.4880 	DATA 	Keypress: a
267.4959 	EXP 	New trial (rep=0, index=5): {'images': 'blue_incongruent', 'congruentcy': 0, 'corrAns': 'a', 'box_pos': 'right', 'box_color': 'blue', 'box_x': 0.6}
267.5044 	EXP 	Box: autoDraw = False
267.5044 	EXP 	FixCross: autoDraw = True
268.5681 	EXP 	FixCross: autoDraw = False
268.5681 	EXP 	FixCross: autoDraw = False
268.5681 	EXP 	Box: pos = array([0.6, 0. ])
268.5681 	EXP 	Box: autoDraw = True
269.1354 	DATA 	Keypress: a
269.1443 	EXP 	New trial (rep=1, index=0): {'images': 'red_neutral', 'congruentcy': 0, 'corrAns': 'k', 'box_pos': 'middle', 'box_color': 'red', 'box_x': 0}
269.1520 	EXP 	Box: autoDraw = False
269.1520 	EXP 	FixCross: autoDraw = True
270.1697 	EXP 	FixCross: autoDraw = False
270.1697 	EXP 	FixCross: autoDraw = False
270.1697 	EXP 	Box: pos = array([0., 0.])
270.1697 	EXP 	Box: autoDraw = True
270.5496 	EXP 	New trial (rep=1, index=1): {'images': 'red_congruent', 'congruentcy': 1, 'corrAns': 'k', 'box_pos': 'right', 'box_color': 'red', 'box_x': 0.6}
270.5517 	DATA 	Keypress: k
270.5576 	EXP 	Box: autoDraw = False
270.5576 	EXP 	FixCross: autoDraw = True
271.6547 	EXP 	FixCross: autoDraw = False
271.6547 	EXP 	FixCross: autoDraw = False
271.6547 	EXP 	Box: pos = array([0.6, 0. ])
271.6547 	EXP 	Box: autoDraw = True
271.9800 	EXP 	New trial (rep=1, index=2): {'images': 'blue_congruent', 'congruentcy': 1, 'corrAns': 'a', 'box_pos': 'left', 'box_color': 'blue', 'box_x': -0.6}
271.9824 	DATA 	Keypress: k
271.9884 	EXP 	Box: autoDraw = False
271.9884 	EXP 	FixCross: autoDraw = True
273.1896 	EXP 	FixCross: autoDraw = False
273.1896 	EXP 	FixCross: autoDraw = False
273.1896 	EXP 	Box: pos = array([-0.6,  0. ])
273.1896 	EXP 	Box: autoDraw = True
273.5563 	EXP 	New trial (rep=1, index=3): {'images': 'blue_congruent', 'congruentcy': 1, 'corrAns': 'a', 'box_pos': 'left', 'box_color': 'blue', 'box_x': -0.6}
273.5584 	DATA 	Keypress: a
273.5650 	EXP 	Box: autoDraw = False
273.5650 	EXP 	FixCross: autoDraw = True
274.6120 	EXP 	FixCross: autoDraw = False
274.6120 	EXP 	FixCross: autoDraw = False
274.6120 	EXP 	Box: pos = array([-0.6,  0. ])
274.6120 	EXP 	Box: autoDraw = True
274.9206 	DATA 	Keypress: a
274.9296 	EXP 	New trial (rep=1, index=4): {'images': 'red_incongruent', 'congruentcy': 0, 'corrAns': 'k', 'box_pos': 'left', 'box_color': 'red', 'box_x': -0.6}
274.9373 	EXP 	Box: autoDraw = False
274.9373 	EXP 	FixCross: autoDraw = True
276.0093 	EXP 	FixCross: autoDraw = False
276.0093 	EXP 	FixCross: autoDraw = False
276.0093 	EXP 	Box: pos = array([-0.6,  0. ])
276.0093 	EXP 	Box: autoDraw = True
276.3350 	DATA 	Keypress: a
276.3429 	EXP 	New trial (rep=1, index=5): {'images': 'blue_congruent', 'congruentcy': 1, 'corrAns': 'a', 'box_pos': 'left', 'box_color': 'blue', 'box_x': -0.6}
276.3514 	EXP 	Box: autoDraw = False
276.3514 	EXP 	FixCross: autoDraw = True
277.5148 	EXP 	FixCross: autoDraw = False
277.5148 	EXP 	FixCross: autoDraw = False
277.5148 	EXP 	Box: pos = array([-0.6,  0. ])
277.5148 	EXP 	Box: autoDraw = True
278.0743 	EXP 	New trial (rep=2, index=0): {'images': 'blue_incongruent', 'congruentcy': 0, 'corrAns': 'a', 'box_pos': 'right', 'box_color': 'blue', 'box_x': 0.6}
278.0764 	DATA 	Keypress: a
278.0824 	EXP 	Box: autoDraw = False
278.0824 	EXP 	FixCross: autoDraw = True
279.2462 	EXP 	FixCross: autoDraw = False
279.2462 	EXP 	FixCross: autoDraw = False
279.2462 	EXP 	Box: pos = array([0.6, 0. ])
279.2462 	EXP 	Box: autoDraw = True
279.7217 	EXP 	New trial (rep=2, index=1): {'images': 'blue_neutral', 'congruentcy': 0, 'corrAns': 'a', 'box_pos': 'middle', 'box_color': 'blue', 'box_x': 0}
279.7237 	DATA 	Keypress: a
279.7298 	EXP 	Box: autoDraw = False
279.7298 	EXP 	FixCross: autoDraw = True
280.8228 	EXP 	FixCross: autoDraw = False
280.8228 	EXP 	FixCross: autoDraw = False
280.8228 	EXP 	Box: pos = array([0., 0.])
280.8228 	EXP 	Box: autoDraw = True
281.2403 	DATA 	Keypress: a
281.2481 	EXP 	New trial (rep=2, index=2): {'images': 'blue_neutral', 'congruentcy': 0, 'corrAns': 'a', 'box_pos': 'middle', 'box_color': 'blue', 'box_x': 0}
281.2564 	EXP 	Box: autoDraw = False
281.2564 	EXP 	FixCross: autoDraw = True
282.3786 	EXP 	FixCross: autoDraw = False
282.3786 	EXP 	FixCross: autoDraw = False
282.3786 	EXP 	Box: pos = array([0., 0.])
282.3786 	EXP 	Box: autoDraw = True
282.7454 	DATA 	Keypress: a
282.7544 	EXP 	New trial (rep=2, index=3): {'images': 'red_congruent', 'congruentcy': 1, 'corrAns': 'k', 'box_pos': 'right', 'box_color': 'red', 'box_x': 0.6}
282.7623 	EXP 	Box: autoDraw = False
282.7623 	EXP 	FixCross: autoDraw = True
283.9178 	EXP 	FixCross: autoDraw = False
283.9178 	EXP 	FixCross: autoDraw = False
283.9178 	EXP 	Box: pos = array([0.6, 0. ])
283.9178 	EXP 	Box: autoDraw = True
284.2681 	EXP 	New trial (rep=2, index=4): {'images': 'red_neutral', 'congruentcy': 0, 'corrAns': 'k', 'box_pos': 'middle', 'box_color': 'red', 'box_x': 0}
284.2702 	DATA 	Keypress: k
284.2764 	EXP 	Box: autoDraw = False
284.2764 	EXP 	FixCross: autoDraw = True
285.2983 	EXP 	FixCross: autoDraw = False
285.2983 	EXP 	FixCross: autoDraw = False
285.2983 	EXP 	Box: pos = array([0., 0.])
285.2983 	EXP 	Box: autoDraw = True
285.6234 	EXP 	New trial (rep=2, index=5): {'images': 'blue_congruent', 'congruentcy': 1, 'corrAns': 'a', 'box_pos': 'left', 'box_color': 'blue', 'box_x': -0.6}
285.6255 	DATA 	Keypress: k
285.6318 	EXP 	Box: autoDraw = False
285.6318 	EXP 	FixCross: autoDraw = True
286.7165 	EXP 	FixCross: autoDraw = False
286.7165 	EXP 	FixCross: autoDraw = False
286.7165 	EXP 	Box: pos = array([-0.6,  0. ])
286.7165 	EXP 	Box: autoDraw = True
287.1168 	EXP 	New trial (rep=3, index=0): {'images': 'red_neutral', 'congruentcy': 0, 'corrAns': 'k', 'box_pos': 'middle', 'box_color': 'red', 'box_x': 0}
287.1188 	DATA 	Keypress: a
287.1253 	EXP 	Box: autoDraw = False
287.1253 	EXP 	FixCross: autoDraw = True
288.3055 	EXP 	FixCross: autoDraw = False
288.3055 	EXP 	FixCross: autoDraw = False
288.3055 	EXP 	Box: pos = array([0., 0.])
288.3055 	EXP 	Box: autoDraw = True
288.6811 	DATA 	Keypress: a
288.6892 	EXP 	New trial (rep=3, index=1): {'images': 'red_neutral', 'congruentcy': 0, 'corrAns': 'k', 'box_pos': 'middle', 'box_color': 'red', 'box_x': 0}
288.6978 	EXP 	Box: autoDraw = False
288.6978 	EXP 	FixCross: autoDraw = True
289.7570 	EXP 	FixCross: autoDraw = False
289.7570 	EXP 	FixCross: autoDraw = False
289.7570 	EXP 	Box: pos = array([0., 0.])
289.7570 	EXP 	Box: autoDraw = True
290.2325 	EXP 	New trial (rep=3, index=2): {'images': 'blue_neutral', 'congruentcy': 0, 'corrAns': 'a', 'box_pos': 'middle', 'box_color': 'blue', 'box_x': 0}
290.2346 	DATA 	Keypress: k
290.2411 	EXP 	Box: autoDraw = False
290.2411 	EXP 	FixCross: autoDraw = True
291.3924 	EXP 	FixCross: autoDraw = False
291.3924 	EXP 	FixCross: autoDraw = False
291.3924 	EXP 	Box: pos = array([0., 0.])
291.3924 	EXP 	Box: autoDraw = True
291.7759 	EXP 	New trial (rep=3, index=3): {'images': 'red_congruent', 'congruentcy': 1, 'corrAns': 'k', 'box_pos': 'right', 'box_color': 'red', 'box_x': 0.6}
291.7780 	DATA 	Keypress: a
291.7844 	EXP 	Box: autoDraw = False
291.7844 	EXP 	FixCross: autoDraw = True
292.8144 	EXP 	FixCross: autoDraw = False
292.8144 	EXP 	FixCross: autoDraw = False
292.8144 	EXP 	Box: pos = array([0.6, 0. ])
292.8144 	EXP 	Box: autoDraw = True
293.3482 	EXP 	New trial (rep=3, index=4): {'images': 'blue_incongruent', 'congruentcy': 0, 'corrAns': 'a', 'box_pos': 'right', 'box_color': 'blue', 'box_x': 0.6}
293.3504 	DATA 	Keypress: k
293.3569 	EXP 	Box: autoDraw = False
293.3569 	EXP 	FixCross: autoDraw = True
294.4331 	EXP 	FixCross: autoDraw = False
294.4331 	EXP 	FixCross: autoDraw = False
294.4331 	EXP 	Box: pos = array([0.6, 0. ])
294.4331 	EXP 	Box: autoDraw = True
295.0166 	EXP 	New trial (rep=3, index=5): {'images': 'blue_incongruent', 'congruentcy': 0, 'corrAns': 'a', 'box_pos': 'right', 'box_color': 'blue', 'box_x': 0.6}
295.0187 	DATA 	Keypress: a
295.0254 	EXP 	Box: autoDraw = False
295.0254 	EXP 	FixCross: autoDraw = True
296.0679 	EXP 	FixCross: autoDraw = False
296.0679 	EXP 	FixCross: autoDraw = False
296.0679 	EXP 	Box: pos = array([0.6, 0. ])
296.0679 	EXP 	Box: autoDraw = True
296.4729 	EXP 	New trial (rep=4, index=0): {'images': 'blue_incongruent', 'congruentcy': 0, 'corrAns': 'a', 'box_pos': 'right', 'box_color': 'blue', 'box_x': 0.6}
296.4750 	DATA 	Keypress: a
296.4809 	EXP 	Box: autoDraw = False
296.4809 	EXP 	FixCross: autoDraw = True
297.5572 	EXP 	FixCross: autoDraw = False
297.5572 	EXP 	FixCross: autoDraw = False
297.5572 	EXP 	Box: pos = array([0.6, 0. ])
297.5572 	EXP 	Box: autoDraw = True
297.8652 	EXP 	New trial (rep=4, index=1): {'images': 'red_neutral', 'congruentcy': 0, 'corrAns': 'k', 'box_pos': 'middle', 'box_color': 'red', 'box_x': 0}
297.8673 	DATA 	Keypress: a
297.8697 	EXP 	Box: autoDraw = False
297.8697 	EXP 	FixCross: autoDraw = True
299.0586 	EXP 	FixCross: autoDraw = False
299.0586 	EXP 	FixCross: autoDraw = False
299.0586 	EXP 	Box: pos = array([0., 0.])
299.0586 	EXP 	Box: autoDraw = True
299.5306 	EXP 	New trial (rep=4, index=2): {'images': 'red_incongruent', 'congruentcy': 0, 'corrAns': 'k', 'box_pos': 'left', 'box_color': 'red', 'box_x': -0.6}
299.5327 	DATA 	Keypress: k
299.5384 	EXP 	Box: autoDraw = False
299.5384 	EXP 	FixCross: autoDraw = True
300.5896 	EXP 	FixCross: autoDraw = False
300.5896 	EXP 	FixCross: autoDraw = False
300.5896 	EXP 	Box: pos = array([-0.6,  0. ])
300.5896 	EXP 	Box: autoDraw = True
301.0736 	EXP 	New trial (rep=4, index=3): {'images': 'blue_incongruent', 'congruentcy': 0, 'corrAns': 'a', 'box_pos': 'right', 'box_color': 'blue', 'box_x': 0.6}
301.0764 	DATA 	Keypress: k
301.0816 	EXP 	Box: autoDraw = False
301.0816 	EXP 	FixCross: autoDraw = True
302.2452 	EXP 	FixCross: autoDraw = False
302.2452 	EXP 	FixCross: autoDraw = False
302.2452 	EXP 	Box: pos = array([0.6, 0. ])
302.2452 	EXP 	Box: autoDraw = True
302.6956 	EXP 	New trial (rep=4, index=4): {'images': 'blue_incongruent', 'congruentcy': 0, 'corrAns': 'a', 'box_pos': 'right', 'box_color': 'blue', 'box_x': 0.6}
302.6978 	DATA 	Keypress: a
302.7042 	EXP 	Box: autoDraw = False
302.7042 	EXP 	FixCross: autoDraw = True
303.8595 	EXP 	FixCross: autoDraw = False
303.8595 	EXP 	FixCross: autoDraw = False
303.8595 	EXP 	Box: pos = array([0.6, 0. ])
303.8595 	EXP 	Box: autoDraw = True
304.3350 	EXP 	New trial (rep=4, index=5): {'images': 'blue_neutral', 'congruentcy': 0, 'corrAns': 'a', 'box_pos': 'middle', 'box_color': 'blue', 'box_x': 0}
304.3371 	DATA 	Keypress: a
304.3436 	EXP 	Box: autoDraw = False
304.3436 	EXP 	FixCross: autoDraw = True
305.3861 	EXP 	FixCross: autoDraw = False
305.3861 	EXP 	FixCross: autoDraw = False
305.3861 	EXP 	Box: pos = array([0., 0.])
305.3861 	EXP 	Box: autoDraw = True
305.7453 	EXP 	New trial (rep=5, index=0): {'images': 'red_incongruent', 'congruentcy': 0, 'corrAns': 'k', 'box_pos': 'left', 'box_color': 'red', 'box_x': -0.6}
305.7474 	DATA 	Keypress: a
305.7534 	EXP 	Box: autoDraw = False
305.7534 	EXP 	FixCross: autoDraw = True
306.8794 	EXP 	FixCross: autoDraw = False
306.8794 	EXP 	FixCross: autoDraw = False
306.8794 	EXP 	Box: pos = array([-0.6,  0. ])
306.8794 	EXP 	Box: autoDraw = True
307.8138 	EXP 	New trial (rep=5, index=1): {'images': 'blue_congruent', 'congruentcy': 1, 'corrAns': 'a', 'box_pos': 'left', 'box_color': 'blue', 'box_x': -0.6}
307.8160 	DATA 	Keypress: k
307.8223 	EXP 	Box: autoDraw = False
307.8223 	EXP 	FixCross: autoDraw = True
308.9024 	EXP 	FixCross: autoDraw = False
308.9024 	EXP 	FixCross: autoDraw = False
308.9024 	EXP 	Box: pos = array([-0.6,  0. ])
308.9024 	EXP 	Box: autoDraw = True
309.2942 	EXP 	New trial (rep=5, index=2): {'images': 'red_congruent', 'congruentcy': 1, 'corrAns': 'k', 'box_pos': 'right', 'box_color': 'red', 'box_x': 0.6}
309.2962 	DATA 	Keypress: a
309.3030 	EXP 	Box: autoDraw = False
309.3030 	EXP 	FixCross: autoDraw = True
310.3664 	EXP 	FixCross: autoDraw = False
310.3664 	EXP 	FixCross: autoDraw = False
310.3664 	EXP 	Box: pos = array([0.6, 0. ])
310.3664 	EXP 	Box: autoDraw = True
310.7295 	EXP 	New trial (rep=5, index=3): {'images': 'red_neutral', 'congruentcy': 0, 'corrAns': 'k', 'box_pos': 'middle', 'box_color': 'red', 'box_x': 0}
310.7315 	DATA 	Keypress: k
310.7378 	EXP 	Box: autoDraw = False
310.7378 	EXP 	FixCross: autoDraw = True
311.8304 	EXP 	FixCross: autoDraw = False
311.8304 	EXP 	FixCross: autoDraw = False
311.8304 	EXP 	Box: pos = array([0., 0.])
311.8304 	EXP 	Box: autoDraw = True
312.4559 	EXP 	New trial (rep=5, index=4): {'images': 'red_congruent', 'congruentcy': 1, 'corrAns': 'k', 'box_pos': 'right', 'box_color': 'red', 'box_x': 0.6}
312.4579 	DATA 	Keypress: k
312.4646 	EXP 	Box: autoDraw = False
312.4646 	EXP 	FixCross: autoDraw = True
313.6114 	EXP 	FixCross: autoDraw = False
313.6114 	EXP 	FixCross: autoDraw = False
313.6114 	EXP 	Box: pos = array([0.6, 0. ])
313.6114 	EXP 	Box: autoDraw = True
313.9532 	EXP 	New trial (rep=5, index=5): {'images': 'red_neutral', 'congruentcy': 0, 'corrAns': 'k', 'box_pos': 'middle', 'box_color': 'red', 'box_x': 0}
313.9553 	DATA 	Keypress: k
313.9577 	EXP 	Box: autoDraw = False
313.9577 	EXP 	FixCross: autoDraw = True
315.0255 	EXP 	FixCross: autoDraw = False
315.0255 	EXP 	FixCross: autoDraw = False
315.0255 	EXP 	Box: pos = array([0., 0.])
315.0255 	EXP 	Box: autoDraw = True
315.3555 	EXP 	New trial (rep=6, index=0): {'images': 'red_incongruent', 'congruentcy': 0, 'corrAns': 'k', 'box_pos': 'left', 'box_color': 'red', 'box_x': -0.6}
315.3576 	DATA 	Keypress: k
315.3633 	EXP 	Box: autoDraw = False
315.3633 	EXP 	FixCross: autoDraw = True
316.5562 	EXP 	FixCross: autoDraw = False
316.5562 	EXP 	FixCross: autoDraw = False
316.5562 	EXP 	Box: pos = array([-0.6,  0. ])
316.5562 	EXP 	Box: autoDraw = True
316.9071 	EXP 	New trial (rep=6, index=1): {'images': 'blue_incongruent', 'congruentcy': 0, 'corrAns': 'a', 'box_pos': 'right', 'box_color': 'blue', 'box_x': 0.6}
316.9099 	DATA 	Keypress: a
316.9150 	EXP 	Box: autoDraw = False
316.9150 	EXP 	FixCross: autoDraw = True
317.9744 	EXP 	FixCross: autoDraw = False
317.9744 	EXP 	FixCross: autoDraw = False
317.9744 	EXP 	Box: pos = array([0.6, 0. ])
317.9744 	EXP 	Box: autoDraw = True
318.9174 	DATA 	Keypress: a
318.9253 	EXP 	New trial (rep=6, index=2): {'images': 'red_incongruent', 'congruentcy': 0, 'corrAns': 'k', 'box_pos': 'left', 'box_color': 'red', 'box_x': -0.6}
318.9296 	EXP 	Box: autoDraw = False
318.9296 	EXP 	FixCross: autoDraw = True
319.9935 	EXP 	FixCross: autoDraw = False
319.9935 	EXP 	FixCross: autoDraw = False
319.9935 	EXP 	Box: pos = array([-0.6,  0. ])
319.9935 	EXP 	Box: autoDraw = True
320.6613 	EXP 	New trial (rep=6, index=3): {'images': 'red_congruent', 'congruentcy': 1, 'corrAns': 'k', 'box_pos': 'right', 'box_color': 'red', 'box_x': 0.6}
320.6633 	DATA 	Keypress: k
320.6692 	EXP 	Box: autoDraw = False
320.6692 	EXP 	FixCross: autoDraw = True
321.8956 	EXP 	FixCross: autoDraw = False
321.8956 	EXP 	FixCross: autoDraw = False
321.8956 	EXP 	Box: pos = array([0.6, 0. ])
321.8956 	EXP 	Box: autoDraw = True
322.8758 	EXP 	New trial (rep=6, index=4): {'images': 'red_incongruent', 'congruentcy': 0, 'corrAns': 'k', 'box_pos': 'left', 'box_color': 'red', 'box_x': -0.6}
322.8778 	DATA 	Keypress: k
322.8838 	EXP 	Box: autoDraw = False
322.8838 	EXP 	FixCross: autoDraw = True
323.9849 	EXP 	FixCross: autoDraw = False
323.9849 	EXP 	FixCross: autoDraw = False
323.9849 	EXP 	Box: pos = array([-0.6,  0. ])
323.9849 	EXP 	Box: autoDraw = True
324.3604 	EXP 	New trial (rep=6, index=5): {'images': 'blue_neutral', 'congruentcy': 0, 'corrAns': 'a', 'box_pos': 'middle', 'box_color': 'blue', 'box_x': 0}
324.3625 	DATA 	Keypress: k
324.3687 	EXP 	Box: autoDraw = False
324.3687 	EXP 	FixCross: autoDraw = True
325.4740 	EXP 	FixCross: autoDraw = False
325.4740 	EXP 	FixCross: autoDraw = False
325.4740 	EXP 	Box: pos = array([0., 0.])
325.4740 	EXP 	Box: autoDraw = True
325.9838 	DATA 	Keypress: a
325.9918 	EXP 	New trial (rep=7, index=0): {'images': 'blue_neutral', 'congruentcy': 0, 'corrAns': 'a', 'box_pos': 'middle', 'box_color': 'blue', 'box_x': 0}
326.0001 	EXP 	Box: autoDraw = False
326.0001 	EXP 	FixCross: autoDraw = True
327.1012 	EXP 	FixCross: autoDraw = False
327.1012 	EXP 	FixCross: autoDraw = False
327.1012 	EXP 	Box: pos = array([0., 0.])
327.1012 	EXP 	Box: autoDraw = True
327.8854 	EXP 	New trial (rep=7, index=1): {'images': 'blue_neutral', 'congruentcy': 0, 'corrAns': 'a', 'box_pos': 'middle', 'box_color': 'blue', 'box_x': 0}
327.8882 	DATA 	Keypress: a
327.8937 	EXP 	Box: autoDraw = False
327.8937 	EXP 	FixCross: autoDraw = True
328.9277 	EXP 	FixCross: autoDraw = False
328.9277 	EXP 	FixCross: autoDraw = False
328.9277 	EXP 	Box: pos = array([0., 0.])
328.9277 	EXP 	Box: autoDraw = True
329.2946 	DATA 	Keypress: a
329.3035 	EXP 	New trial (rep=7, index=2): {'images': 'blue_neutral', 'congruentcy': 0, 'corrAns': 'a', 'box_pos': 'middle', 'box_color': 'blue', 'box_x': 0}
329.3117 	EXP 	Box: autoDraw = False
329.3117 	EXP 	FixCross: autoDraw = True
330.3751 	EXP 	FixCross: autoDraw = False
330.3751 	EXP 	FixCross: autoDraw = False
330.3751 	EXP 	Box: pos = array([0., 0.])
330.3751 	EXP 	Box: autoDraw = True
330.7088 	EXP 	New trial (rep=7, index=3): {'images': 'red_congruent', 'congruentcy': 1, 'corrAns': 'k', 'box_pos': 'right', 'box_color': 'red', 'box_x': 0.6}
330.7109 	DATA 	Keypress: a
330.7174 	EXP 	Box: autoDraw = False
330.7174 	EXP 	FixCross: autoDraw = True
331.7850 	EXP 	FixCross: autoDraw = False
331.7850 	EXP 	FixCross: autoDraw = False
331.7850 	EXP 	Box: pos = array([0.6, 0. ])
331.7850 	EXP 	Box: autoDraw = True
332.1233 	EXP 	New trial (rep=7, index=4): {'images': 'red_incongruent', 'congruentcy': 0, 'corrAns': 'k', 'box_pos': 'left', 'box_color': 'red', 'box_x': -0.6}
332.1262 	DATA 	Keypress: k
332.1312 	EXP 	Box: autoDraw = False
332.1312 	EXP 	FixCross: autoDraw = True
333.1947 	EXP 	FixCross: autoDraw = False
333.1947 	EXP 	FixCross: autoDraw = False
333.1947 	EXP 	Box: pos = array([-0.6,  0. ])
333.1947 	EXP 	Box: autoDraw = True
333.5366 	DATA 	Keypress: k
333.5456 	EXP 	New trial (rep=7, index=5): {'images': 'red_incongruent', 'congruentcy': 0, 'corrAns': 'k', 'box_pos': 'left', 'box_color': 'red', 'box_x': -0.6}
333.5534 	EXP 	Box: autoDraw = False
333.5534 	EXP 	FixCross: autoDraw = True
334.6880 	EXP 	FixCross: autoDraw = False
334.6880 	EXP 	FixCross: autoDraw = False
334.6880 	EXP 	Box: pos = array([-0.6,  0. ])
334.6880 	EXP 	Box: autoDraw = True
335.0578 	DATA 	Keypress: k
335.0635 	EXP 	Box: autoDraw = False
335.0635 	EXP 	text_2: text = 'Biraz mola verebilirsiniz. \n\n 45 adet doğru cevap verdiniz. \n Ortalama cevap süreniz 3.51e+02ms.\n\n Devam etmek için BOŞLUK tuşuna basınız.'
335.0635 	EXP 	text_2: autoDraw = True
339.3845 	DATA 	Keypress: space
339.4015 	EXP 	text_2: autoDraw = False
339.4015 	EXP 	text: autoDraw = True
345.5162 	DATA 	Keypress: space
345.5207 	EXP 	text: autoDraw = False
345.5772 	EXP 	window1: mouseVisible = True
