1.7747 	WARNING 	We strongly recommend you activate the PTB sound engine in PsychoPy prefs as the preferred audio engine. Its timing is vastly superior. Your prefs are currently set to use ['sounddevice', 'PTB', 'pyo', 'pygame'] (in that order).
9.7358 	WARNING 	User requested fullscreen with size [1440  900], but screen is actually [1920, 1080]. Using actual size
10.3837 	EXP 	Created window1 = Window(allowGUI=False, allowStencil=False, autoLog=True, backendConf=UNKNOWN, bitsMode=UNKNOWN, blendMode='avg', bpc=(8, 8, 8), color=array([1, 1, 1]), colorSpace='rgb', depthBits=8, fullscr=<method-wrapper '__getattribute__' of attributeSetter object at 0x0000021ED31B29B0>, gamma=None, gammaErrorPolicy='raise', lms=UNKNOWN, monitor=<psychopy.monitors.calibTools.Monitor object at 0x0000021ED2C11080>, multiSample=False, name='window1', numSamples=2, pos=[0.0, 0.0], screen=0, size=array([1920, 1080]), stencilBits=0, stereo=False, units='height', useFBO=True, useRetina=False, viewOri=0.0, viewPos=None, viewScale=None, waitBlanking=True, winType='pyglet')
10.3840 	EXP 	window1: mouseVisible = True
10.3840 	EXP 	window1: recordFrameIntervals = False
10.4250 	EXP 	window1: recordFrameIntervals = True
10.4710 	EXP 	window1: recordFrameIntervals = False
10.7710 	EXP 	window1: mouseVisible = False
10.8650 	EXP 	Created Instruction = TextStim(__class__=<class 'psychopy.visual.text.TextStim'>, alignHoriz=method-wrapper(...), alignText='center', alignVert=method-wrapper(...), anchorHoriz='center', anchorVert='center', antialias=True, autoLog=True, bold=False, color=array([-1, -1, -1]), colorSpace='rgb', contrast=1.0, depth=0.0, flipHoriz=False, flipVert=False, font='Open Sans', fontFiles=[], height=0.04, italic=False, languageStyle='LTR', name='Instruction', opacity=1, ori=0.0, pos=array([0., 0.]), rgb=UNKNOWN, text=str(...), units='height', win=Window(...), wrapWidth=1)
10.8684 	EXP 	Created FixCross = ShapeStim(__class__=<class 'psychopy.visual.shape.ShapeStim'>, autoDraw=False, autoLog=True, closeShape=True, color=method-wrapper(...), colorSpace='rgb', contrast=None, depth=0.0, fillColor=array([-1, -1, -1]), fillColorSpace='rgb', fillRGB=UNKNOWN, interpolate=True, lineColor=array([-1, -1, -1]), lineColorSpace='rgb', lineRGB=UNKNOWN, lineWidth=1.0, name='FixCross', opacity=1, ori=0.0, pos=array([0., 0.]), size=array([20., 20.]), units='pix', vertices=ndarray(...), win=Window(...), windingRule=None)
10.8694 	EXP 	Created Box_p = Rect(__class__=<class 'psychopy.visual.rect.Rect'>, autoDraw=False, autoLog=True, closeShape=True, color=method-wrapper(...), colorSpace='rgb', contrast=None, depth=0.0, fillColor=array([1, 1, 1]), fillColorSpace='rgb', fillRGB=UNKNOWN, interpolate=True, lineColor=array([1, 1, 1]), lineColorSpace='rgb', lineRGB=UNKNOWN, lineWidth=1.0, name='Box_p', opacity=1, ori=0.0, pos=array([0., 0.]), size=array([0.05, 0.05]), units='height', vertices=ndarray(...), win=Window(...))
10.8705 	EXP 	Created FB_msg = TextStim(__class__=<class 'psychopy.visual.text.TextStim'>, alignHoriz=method-wrapper(...), alignText='center', alignVert=method-wrapper(...), anchorHoriz='center', anchorVert='center', antialias=True, autoLog=True, bold=False, color=array([1, 1, 1]), colorSpace='rgb', contrast=1.0, depth=-1.0, flipHoriz=False, flipVert=False, font='Open Sans', fontFiles=[], height=0.06, italic=False, languageStyle='LTR', name='FB_msg', opacity=1, ori=0.0, pos=array([0., 0.]), rgb=UNKNOWN, text='', units='height', win=Window(...), wrapWidth=1)
10.8717 	EXP 	Created text_3 = TextStim(__class__=<class 'psychopy.visual.text.TextStim'>, alignHoriz=method-wrapper(...), alignText='center', alignVert=method-wrapper(...), anchorHoriz='center', anchorVert='center', antialias=True, autoLog=True, bold=False, color=array([-1, -1, -1]), colorSpace='rgb', contrast=1.0, depth=-1.0, flipHoriz=False, flipVert=False, font='Open Sans', fontFiles=[], height=0.05, italic=False, languageStyle='LTR', name='text_3', opacity=1, ori=0.0, pos=array([0., 0.]), rgb=UNKNOWN, text='', units='height', win=Window(...), wrapWidth=1)
10.8867 	EXP 	Created instr_text_2 = TextStim(__class__=<class 'psychopy.visual.text.TextStim'>, alignHoriz=method-wrapper(...), alignText='center', alignVert=method-wrapper(...), anchorHoriz='center', anchorVert='center', antialias=True, autoLog=True, bold=False, color=array([-1, -1, -1]), colorSpace='rgb', contrast=1.0, depth=0.0, flipHoriz=False, flipVert=False, font='Open Sans', fontFiles=[], height=0.05, italic=False, languageStyle='LTR', name='instr_text_2', opacity=1, ori=0.0, pos=array([0., 0.]), rgb=UNKNOWN, text=str(...), units='height', win=Window(...), wrapWidth=1)
10.8884 	EXP 	Created FixCross = ShapeStim(__class__=<class 'psychopy.visual.shape.ShapeStim'>, autoDraw=False, autoLog=True, closeShape=True, color=method-wrapper(...), colorSpace='rgb', contrast=None, depth=0.0, fillColor=array([-1, -1, -1]), fillColorSpace='rgb', fillRGB=UNKNOWN, interpolate=True, lineColor=array([-1, -1, -1]), lineColorSpace='rgb', lineRGB=UNKNOWN, lineWidth=1.0, name='FixCross', opacity=1, ori=0.0, pos=array([0., 0.]), size=array([20., 20.]), units='pix', vertices=ndarray(...), win=Window(...), windingRule=None)
10.8894 	EXP 	Created Box = Rect(__class__=<class 'psychopy.visual.rect.Rect'>, autoDraw=False, autoLog=True, closeShape=True, color=method-wrapper(...), colorSpace='rgb', contrast=None, depth=0.0, fillColor=array([1, 1, 1]), fillColorSpace='rgb', fillRGB=UNKNOWN, interpolate=True, lineColor=array([1, 1, 1]), lineColorSpace='rgb', lineRGB=UNKNOWN, lineWidth=1.0, name='Box', opacity=1, ori=0.0, pos=array([0., 0.]), size=array([0.05, 0.05]), units='height', vertices=ndarray(...), win=Window(...))
10.8899 	EXP 	Created text_2 = TextStim(__class__=<class 'psychopy.visual.text.TextStim'>, alignHoriz=method-wrapper(...), alignText='center', alignVert=method-wrapper(...), anchorHoriz='center', anchorVert='center', antialias=True, autoLog=True, bold=False, color=array([-1, -1, -1]), colorSpace='rgb', contrast=1.0, depth=-1.0, flipHoriz=False, flipVert=False, font='Open Sans', fontFiles=[], height=0.05, italic=False, languageStyle='LTR', name='text_2', opacity=1, ori=0.0, pos=array([0., 0.]), rgb=UNKNOWN, text='', units='height', win=Window(...), wrapWidth=1)
10.8913 	EXP 	Created FixCross = ShapeStim(__class__=<class 'psychopy.visual.shape.ShapeStim'>, autoDraw=False, autoLog=True, closeShape=True, color=method-wrapper(...), colorSpace='rgb', contrast=None, depth=0.0, fillColor=array([-1, -1, -1]), fillColorSpace='rgb', fillRGB=UNKNOWN, interpolate=True, lineColor=array([-1, -1, -1]), lineColorSpace='rgb', lineRGB=UNKNOWN, lineWidth=1.0, name='FixCross', opacity=1, ori=0.0, pos=array([0., 0.]), size=array([20., 20.]), units='pix', vertices=ndarray(...), win=Window(...), windingRule=None)
10.8922 	EXP 	Created Box = Rect(__class__=<class 'psychopy.visual.rect.Rect'>, autoDraw=False, autoLog=True, closeShape=True, color=method-wrapper(...), colorSpace='rgb', contrast=None, depth=0.0, fillColor=array([1, 1, 1]), fillColorSpace='rgb', fillRGB=UNKNOWN, interpolate=True, lineColor=array([1, 1, 1]), lineColorSpace='rgb', lineRGB=UNKNOWN, lineWidth=1.0, name='Box', opacity=1, ori=0.0, pos=array([0., 0.]), size=array([0.05, 0.05]), units='height', vertices=ndarray(...), win=Window(...))
10.8927 	EXP 	Created text_2 = TextStim(__class__=<class 'psychopy.visual.text.TextStim'>, alignHoriz=method-wrapper(...), alignText='center', alignVert=method-wrapper(...), anchorHoriz='center', anchorVert='center', antialias=True, autoLog=True, bold=False, color=array([-1, -1, -1]), colorSpace='rgb', contrast=1.0, depth=-1.0, flipHoriz=False, flipVert=False, font='Open Sans', fontFiles=[], height=0.05, italic=False, languageStyle='LTR', name='text_2', opacity=1, ori=0.0, pos=array([0., 0.]), rgb=UNKNOWN, text='', units='height', win=Window(...), wrapWidth=1)
10.8941 	EXP 	Created FixCross = ShapeStim(__class__=<class 'psychopy.visual.shape.ShapeStim'>, autoDraw=False, autoLog=True, closeShape=True, color=method-wrapper(...), colorSpace='rgb', contrast=None, depth=0.0, fillColor=array([-1, -1, -1]), fillColorSpace='rgb', fillRGB=UNKNOWN, interpolate=True, lineColor=array([-1, -1, -1]), lineColorSpace='rgb', lineRGB=UNKNOWN, lineWidth=1.0, name='FixCross', opacity=1, ori=0.0, pos=array([0., 0.]), size=array([20., 20.]), units='pix', vertices=ndarray(...), win=Window(...), windingRule=None)
10.8950 	EXP 	Created Box = Rect(__class__=<class 'psychopy.visual.rect.Rect'>, autoDraw=False, autoLog=True, closeShape=True, color=method-wrapper(...), colorSpace='rgb', contrast=None, depth=0.0, fillColor=array([1, 1, 1]), fillColorSpace='rgb', fillRGB=UNKNOWN, interpolate=True, lineColor=array([1, 1, 1]), lineColorSpace='rgb', lineRGB=UNKNOWN, lineWidth=1.0, name='Box', opacity=1, ori=0.0, pos=array([0., 0.]), size=array([0.05, 0.05]), units='height', vertices=ndarray(...), win=Window(...))
10.8955 	EXP 	Created text_2 = TextStim(__class__=<class 'psychopy.visual.text.TextStim'>, alignHoriz=method-wrapper(...), alignText='center', alignVert=method-wrapper(...), anchorHoriz='center', anchorVert='center', antialias=True, autoLog=True, bold=False, color=array([-1, -1, -1]), colorSpace='rgb', contrast=1.0, depth=-1.0, flipHoriz=False, flipVert=False, font='Open Sans', fontFiles=[], height=0.05, italic=False, languageStyle='LTR', name='text_2', opacity=1, ori=0.0, pos=array([0., 0.]), rgb=UNKNOWN, text='', units='height', win=Window(...), wrapWidth=1)
10.9116 	EXP 	Created text = TextStim(__class__=<class 'psychopy.visual.text.TextStim'>, alignHoriz=method-wrapper(...), alignText='center', alignVert=method-wrapper(...), anchorHoriz='center', anchorVert='center', antialias=True, autoLog=True, bold=False, color=array([-1, -1, -1]), colorSpace='rgb', contrast=1.0, depth=0.0, flipHoriz=False, flipVert=False, font='Open Sans', fontFiles=[], height=0.05, italic=False, languageStyle='LTR', name='text', opacity=1, ori=0.0, pos=array([0., 0.]), rgb=UNKNOWN, text=str(...), units='height', win=Window(...), wrapWidth=1)
10.9725 	EXP 	Instruction: autoDraw = True
35.0166 	EXP 	Imported SimonTask.xlsx as conditions, 6 conditions, 6 params
35.0170 	EXP 	Created sequence: fullRandom, trialTypes=6, nReps=4, seed=None
35.0173 	EXP 	New trial (rep=0, index=0): {'images': 'red_incongruent', 'congruentcy': 0, 'corrAns': 'k', 'box_pos': 'left', 'box_color': 'red', 'box_x': -0.6}
35.0207 	DATA 	Keypress: space
35.0262 	EXP 	Instruction: autoDraw = False
35.0262 	EXP 	FixCross: autoDraw = True
36.2647 	EXP 	FixCross: autoDraw = False
36.2647 	EXP 	FixCross: autoDraw = False
36.2647 	EXP 	Box_p: pos = array([-0.6,  0. ])
36.2647 	EXP 	Box_p: autoDraw = True
37.5137 	DATA 	Keypress: k
37.5203 	EXP 	Box_p: autoDraw = False
37.5203 	EXP 	FB_msg: text = 'Doğru cevap'
37.5203 	EXP 	FB_msg: autoDraw = True
38.5092 	EXP 	New trial (rep=0, index=1): {'images': 'red_neutral', 'congruentcy': 0, 'corrAns': 'k', 'box_pos': 'middle', 'box_color': 'red', 'box_x': 0}
38.5171 	EXP 	FB_msg: autoDraw = False
38.5171 	EXP 	FixCross: autoDraw = True
39.6391 	EXP 	FixCross: autoDraw = False
39.6391 	EXP 	FixCross: autoDraw = False
39.6391 	EXP 	Box_p: pos = array([0., 0.])
39.6391 	EXP 	Box_p: autoDraw = True
41.4183 	DATA 	Keypress: k
41.4245 	EXP 	Box_p: autoDraw = False
41.4245 	EXP 	FB_msg: text = 'Doğru cevap'
41.4245 	EXP 	FB_msg: autoDraw = True
42.4174 	EXP 	New trial (rep=0, index=2): {'images': 'red_neutral', 'congruentcy': 0, 'corrAns': 'k', 'box_pos': 'middle', 'box_color': 'red', 'box_x': 0}
42.4256 	EXP 	FB_msg: autoDraw = False
42.4256 	EXP 	FixCross: autoDraw = True
43.4766 	EXP 	FixCross: autoDraw = False
43.4766 	EXP 	FixCross: autoDraw = False
43.4766 	EXP 	Box_p: pos = array([0., 0.])
43.4766 	EXP 	Box_p: autoDraw = True
52.1337 	DATA 	Keypress: k
52.1399 	EXP 	Box_p: autoDraw = False
52.1399 	EXP 	FB_msg: text = 'Doğru cevap'
52.1399 	EXP 	FB_msg: autoDraw = True
53.1373 	EXP 	New trial (rep=0, index=3): {'images': 'red_incongruent', 'congruentcy': 0, 'corrAns': 'k', 'box_pos': 'left', 'box_color': 'red', 'box_x': -0.6}
53.1453 	EXP 	FB_msg: autoDraw = False
53.1453 	EXP 	FixCross: autoDraw = True
54.3131 	EXP 	FixCross: autoDraw = False
54.3131 	EXP 	FixCross: autoDraw = False
54.3131 	EXP 	Box_p: pos = array([-0.6,  0. ])
54.3131 	EXP 	Box_p: autoDraw = True
55.0934 	DATA 	Keypress: k
55.1099 	EXP 	Box_p: autoDraw = False
55.1099 	EXP 	FB_msg: text = 'Doğru cevap'
55.1099 	EXP 	FB_msg: autoDraw = True
56.1029 	EXP 	New trial (rep=0, index=4): {'images': 'red_congruent', 'congruentcy': 1, 'corrAns': 'k', 'box_pos': 'right', 'box_color': 'red', 'box_x': 0.6}
56.1108 	EXP 	FB_msg: autoDraw = False
56.1108 	EXP 	FixCross: autoDraw = True
57.1869 	EXP 	FixCross: autoDraw = False
57.1869 	EXP 	FixCross: autoDraw = False
57.1869 	EXP 	Box_p: pos = array([0.6, 0. ])
57.1869 	EXP 	Box_p: autoDraw = True
57.7669 	DATA 	Keypress: k
57.7793 	EXP 	Box_p: autoDraw = False
57.7793 	EXP 	FB_msg: text = 'Doğru cevap'
57.7793 	EXP 	FB_msg: autoDraw = True
58.7764 	EXP 	New trial (rep=0, index=5): {'images': 'red_congruent', 'congruentcy': 1, 'corrAns': 'k', 'box_pos': 'right', 'box_color': 'red', 'box_x': 0.6}
58.7845 	EXP 	FB_msg: autoDraw = False
58.7845 	EXP 	FixCross: autoDraw = True
59.8650 	EXP 	FixCross: autoDraw = False
59.8650 	EXP 	FixCross: autoDraw = False
59.8650 	EXP 	Box_p: pos = array([0.6, 0. ])
59.8650 	EXP 	Box_p: autoDraw = True
60.3006 	DATA 	Keypress: k
60.3070 	EXP 	Box_p: autoDraw = False
60.3070 	EXP 	FB_msg: text = 'Doğru cevap'
60.3070 	EXP 	FB_msg: autoDraw = True
61.2999 	EXP 	New trial (rep=1, index=0): {'images': 'blue_neutral', 'congruentcy': 0, 'corrAns': 'a', 'box_pos': 'middle', 'box_color': 'blue', 'box_x': 0}
61.3080 	EXP 	FB_msg: autoDraw = False
61.3080 	EXP 	FixCross: autoDraw = True
62.3843 	EXP 	FixCross: autoDraw = False
62.3843 	EXP 	FixCross: autoDraw = False
62.3843 	EXP 	Box_p: pos = array([0., 0.])
62.3843 	EXP 	Box_p: autoDraw = True
62.8450 	DATA 	Keypress: a
62.8515 	EXP 	Box_p: autoDraw = False
62.8515 	EXP 	FB_msg: text = 'Doğru cevap'
62.8515 	EXP 	FB_msg: autoDraw = True
63.8485 	EXP 	New trial (rep=1, index=1): {'images': 'blue_neutral', 'congruentcy': 0, 'corrAns': 'a', 'box_pos': 'middle', 'box_color': 'blue', 'box_x': 0}
63.8565 	EXP 	FB_msg: autoDraw = False
63.8565 	EXP 	FixCross: autoDraw = True
64.9118 	EXP 	FixCross: autoDraw = False
64.9118 	EXP 	FixCross: autoDraw = False
64.9118 	EXP 	Box_p: pos = array([0., 0.])
64.9118 	EXP 	Box_p: autoDraw = True
65.2624 	DATA 	Keypress: a
65.2789 	EXP 	Box_p: autoDraw = False
65.2789 	EXP 	FB_msg: text = 'Doğru cevap'
65.2789 	EXP 	FB_msg: autoDraw = True
66.2760 	EXP 	New trial (rep=1, index=2): {'images': 'blue_neutral', 'congruentcy': 0, 'corrAns': 'a', 'box_pos': 'middle', 'box_color': 'blue', 'box_x': 0}
66.2841 	EXP 	FB_msg: autoDraw = False
66.2841 	EXP 	FixCross: autoDraw = True
67.3602 	EXP 	FixCross: autoDraw = False
67.3602 	EXP 	FixCross: autoDraw = False
67.3602 	EXP 	Box_p: pos = array([0., 0.])
67.3602 	EXP 	Box_p: autoDraw = True
67.7962 	DATA 	Keypress: a
67.8025 	EXP 	Box_p: autoDraw = False
67.8025 	EXP 	FB_msg: text = 'Doğru cevap'
67.8025 	EXP 	FB_msg: autoDraw = True
68.7997 	EXP 	New trial (rep=1, index=3): {'images': 'red_congruent', 'congruentcy': 1, 'corrAns': 'k', 'box_pos': 'right', 'box_color': 'red', 'box_x': 0.6}
68.8078 	EXP 	FB_msg: autoDraw = False
68.8078 	EXP 	FixCross: autoDraw = True
69.8673 	EXP 	FixCross: autoDraw = False
69.8673 	EXP 	FixCross: autoDraw = False
69.8673 	EXP 	Box_p: pos = array([0.6, 0. ])
69.8673 	EXP 	Box_p: autoDraw = True
70.3367 	DATA 	Keypress: k
70.3427 	EXP 	Box_p: autoDraw = False
70.3427 	EXP 	FB_msg: text = 'Doğru cevap'
70.3427 	EXP 	FB_msg: autoDraw = True
71.3397 	EXP 	New trial (rep=1, index=4): {'images': 'red_incongruent', 'congruentcy': 0, 'corrAns': 'k', 'box_pos': 'left', 'box_color': 'red', 'box_x': -0.6}
71.3480 	EXP 	FB_msg: autoDraw = False
71.3480 	EXP 	FixCross: autoDraw = True
72.4992 	EXP 	FixCross: autoDraw = False
72.4992 	EXP 	FixCross: autoDraw = False
72.4992 	EXP 	Box_p: pos = array([-0.6,  0. ])
72.4992 	EXP 	Box_p: autoDraw = True
73.0063 	DATA 	Keypress: k
73.0122 	EXP 	Box_p: autoDraw = False
73.0122 	EXP 	FB_msg: text = 'Doğru cevap'
73.0122 	EXP 	FB_msg: autoDraw = True
74.0052 	EXP 	New trial (rep=1, index=5): {'images': 'blue_incongruent', 'congruentcy': 0, 'corrAns': 'a', 'box_pos': 'right', 'box_color': 'blue', 'box_x': 0.6}
74.0134 	EXP 	FB_msg: autoDraw = False
74.0134 	EXP 	FixCross: autoDraw = True
75.1687 	EXP 	FixCross: autoDraw = False
75.1687 	EXP 	FixCross: autoDraw = False
75.1687 	EXP 	Box_p: pos = array([0.6, 0. ])
75.1687 	EXP 	Box_p: autoDraw = True
75.6089 	DATA 	Keypress: a
75.6150 	EXP 	Box_p: autoDraw = False
75.6150 	EXP 	FB_msg: text = 'Doğru cevap'
75.6150 	EXP 	FB_msg: autoDraw = True
76.6080 	EXP 	New trial (rep=2, index=0): {'images': 'red_neutral', 'congruentcy': 0, 'corrAns': 'k', 'box_pos': 'middle', 'box_color': 'red', 'box_x': 0}
76.6161 	EXP 	FB_msg: autoDraw = False
76.6161 	EXP 	FixCross: autoDraw = True
77.7340 	EXP 	FixCross: autoDraw = False
77.7340 	EXP 	FixCross: autoDraw = False
77.7340 	EXP 	Box_p: pos = array([0., 0.])
77.7340 	EXP 	Box_p: autoDraw = True
78.4616 	DATA 	Keypress: k
78.4680 	EXP 	Box_p: autoDraw = False
78.4680 	EXP 	FB_msg: text = 'Doğru cevap'
78.4680 	EXP 	FB_msg: autoDraw = True
79.4650 	EXP 	New trial (rep=2, index=1): {'images': 'blue_congruent', 'congruentcy': 1, 'corrAns': 'a', 'box_pos': 'left', 'box_color': 'blue', 'box_x': -0.6}
79.4732 	EXP 	FB_msg: autoDraw = False
79.4732 	EXP 	FixCross: autoDraw = True
80.5786 	EXP 	FixCross: autoDraw = False
80.5786 	EXP 	FixCross: autoDraw = False
80.5786 	EXP 	Box_p: pos = array([-0.6,  0. ])
80.5786 	EXP 	Box_p: autoDraw = True
80.8981 	DATA 	Keypress: a
80.9039 	EXP 	Box_p: autoDraw = False
80.9039 	EXP 	FB_msg: text = 'Doğru cevap'
80.9039 	EXP 	FB_msg: autoDraw = True
81.8970 	EXP 	New trial (rep=2, index=2): {'images': 'blue_congruent', 'congruentcy': 1, 'corrAns': 'a', 'box_pos': 'left', 'box_color': 'blue', 'box_x': -0.6}
81.9051 	EXP 	FB_msg: autoDraw = False
81.9051 	EXP 	FixCross: autoDraw = True
82.9478 	EXP 	FixCross: autoDraw = False
82.9478 	EXP 	FixCross: autoDraw = False
82.9478 	EXP 	Box_p: pos = array([-0.6,  0. ])
82.9478 	EXP 	Box_p: autoDraw = True
83.3066 	DATA 	Keypress: a
83.3192 	EXP 	Box_p: autoDraw = False
83.3192 	EXP 	FB_msg: text = 'Doğru cevap'
83.3192 	EXP 	FB_msg: autoDraw = True
84.3203 	EXP 	New trial (rep=2, index=3): {'images': 'red_congruent', 'congruentcy': 1, 'corrAns': 'k', 'box_pos': 'right', 'box_color': 'red', 'box_x': 0.6}
84.3284 	EXP 	FB_msg: autoDraw = False
84.3284 	EXP 	FixCross: autoDraw = True
85.4923 	EXP 	FixCross: autoDraw = False
85.4923 	EXP 	FixCross: autoDraw = False
85.4923 	EXP 	Box_p: pos = array([0.6, 0. ])
85.4923 	EXP 	Box_p: autoDraw = True
85.8572 	DATA 	Keypress: k
85.8634 	EXP 	Box_p: autoDraw = False
85.8634 	EXP 	FB_msg: text = 'Doğru cevap'
85.8634 	EXP 	FB_msg: autoDraw = True
86.8564 	EXP 	New trial (rep=2, index=4): {'images': 'blue_incongruent', 'congruentcy': 0, 'corrAns': 'a', 'box_pos': 'right', 'box_color': 'blue', 'box_x': 0.6}
86.8645 	EXP 	FB_msg: autoDraw = False
86.8645 	EXP 	FixCross: autoDraw = True
87.9493 	EXP 	FixCross: autoDraw = False
87.9493 	EXP 	FixCross: autoDraw = False
87.9493 	EXP 	Box_p: pos = array([0.6, 0. ])
87.9493 	EXP 	Box_p: autoDraw = True
88.4179 	DATA 	Keypress: a
88.4244 	EXP 	Box_p: autoDraw = False
88.4244 	EXP 	FB_msg: text = 'Doğru cevap'
88.4244 	EXP 	FB_msg: autoDraw = True
89.4215 	EXP 	New trial (rep=2, index=5): {'images': 'red_incongruent', 'congruentcy': 0, 'corrAns': 'k', 'box_pos': 'left', 'box_color': 'red', 'box_x': -0.6}
89.4297 	EXP 	FB_msg: autoDraw = False
89.4297 	EXP 	FixCross: autoDraw = True
90.5267 	EXP 	FixCross: autoDraw = False
90.5267 	EXP 	FixCross: autoDraw = False
90.5267 	EXP 	Box_p: pos = array([-0.6,  0. ])
90.5267 	EXP 	Box_p: autoDraw = True
90.9714 	DATA 	Keypress: k
90.9772 	EXP 	Box_p: autoDraw = False
90.9772 	EXP 	FB_msg: text = 'Doğru cevap'
90.9772 	EXP 	FB_msg: autoDraw = True
91.9701 	EXP 	New trial (rep=3, index=0): {'images': 'blue_congruent', 'congruentcy': 1, 'corrAns': 'a', 'box_pos': 'left', 'box_color': 'blue', 'box_x': -0.6}
91.9783 	EXP 	FB_msg: autoDraw = False
91.9783 	EXP 	FixCross: autoDraw = True
93.0668 	EXP 	FixCross: autoDraw = False
93.0668 	EXP 	FixCross: autoDraw = False
93.0668 	EXP 	Box_p: pos = array([-0.6,  0. ])
93.0668 	EXP 	Box_p: autoDraw = True
93.4400 	DATA 	Keypress: a
93.4465 	EXP 	Box_p: autoDraw = False
93.4465 	EXP 	FB_msg: text = 'Doğru cevap'
93.4465 	EXP 	FB_msg: autoDraw = True
94.4394 	EXP 	New trial (rep=3, index=1): {'images': 'blue_incongruent', 'congruentcy': 0, 'corrAns': 'a', 'box_pos': 'right', 'box_color': 'blue', 'box_x': 0.6}
94.4475 	EXP 	FB_msg: autoDraw = False
94.4475 	EXP 	FixCross: autoDraw = True
95.6988 	EXP 	FixCross: autoDraw = False
95.6988 	EXP 	FixCross: autoDraw = False
95.6988 	EXP 	Box_p: pos = array([0.6, 0. ])
95.6988 	EXP 	Box_p: autoDraw = True
96.2596 	DATA 	Keypress: a
96.2662 	EXP 	Box_p: autoDraw = False
96.2662 	EXP 	FB_msg: text = 'Doğru cevap'
96.2662 	EXP 	FB_msg: autoDraw = True
97.2632 	EXP 	New trial (rep=3, index=2): {'images': 'blue_neutral', 'congruentcy': 0, 'corrAns': 'a', 'box_pos': 'middle', 'box_color': 'blue', 'box_x': 0}
97.2713 	EXP 	FB_msg: autoDraw = False
97.2713 	EXP 	FixCross: autoDraw = True
98.3768 	EXP 	FixCross: autoDraw = False
98.3768 	EXP 	FixCross: autoDraw = False
98.3768 	EXP 	Box_p: pos = array([0., 0.])
98.3768 	EXP 	Box_p: autoDraw = True
98.8132 	DATA 	Keypress: a
98.8189 	EXP 	Box_p: autoDraw = False
98.8189 	EXP 	FB_msg: text = 'Doğru cevap'
98.8189 	EXP 	FB_msg: autoDraw = True
99.8118 	EXP 	New trial (rep=3, index=3): {'images': 'red_neutral', 'congruentcy': 0, 'corrAns': 'k', 'box_pos': 'middle', 'box_color': 'red', 'box_x': 0}
99.8199 	EXP 	FB_msg: autoDraw = False
99.8199 	EXP 	FixCross: autoDraw = True
101.0420 	EXP 	FixCross: autoDraw = False
101.0420 	EXP 	FixCross: autoDraw = False
101.0420 	EXP 	Box_p: pos = array([0., 0.])
101.0420 	EXP 	Box_p: autoDraw = True
101.4198 	DATA 	Keypress: k
101.4257 	EXP 	Box_p: autoDraw = False
101.4257 	EXP 	FB_msg: text = 'Doğru cevap'
101.4257 	EXP 	FB_msg: autoDraw = True
102.4229 	EXP 	New trial (rep=3, index=4): {'images': 'blue_incongruent', 'congruentcy': 0, 'corrAns': 'a', 'box_pos': 'right', 'box_color': 'blue', 'box_x': 0.6}
102.4311 	EXP 	FB_msg: autoDraw = False
102.4311 	EXP 	FixCross: autoDraw = True
103.5364 	EXP 	FixCross: autoDraw = False
103.5364 	EXP 	FixCross: autoDraw = False
103.5364 	EXP 	Box_p: pos = array([0.6, 0. ])
103.5364 	EXP 	Box_p: autoDraw = True
104.0344 	DATA 	Keypress: a
104.0411 	EXP 	Box_p: autoDraw = False
104.0411 	EXP 	FB_msg: text = 'Doğru cevap'
104.0411 	EXP 	FB_msg: autoDraw = True
105.0380 	EXP 	New trial (rep=3, index=5): {'images': 'blue_congruent', 'congruentcy': 1, 'corrAns': 'a', 'box_pos': 'left', 'box_color': 'blue', 'box_x': -0.6}
105.0463 	EXP 	FB_msg: autoDraw = False
105.0463 	EXP 	FixCross: autoDraw = True
106.1266 	EXP 	FixCross: autoDraw = False
106.1266 	EXP 	FixCross: autoDraw = False
106.1266 	EXP 	Box_p: pos = array([-0.6,  0. ])
106.1266 	EXP 	Box_p: autoDraw = True
106.5620 	DATA 	Keypress: a
106.5645 	EXP 	Box_p: autoDraw = False
106.5645 	EXP 	FB_msg: text = 'Doğru cevap'
106.5645 	EXP 	FB_msg: autoDraw = True
107.5780 	EXP 	FB_msg: autoDraw = False
107.5780 	EXP 	text_3: text = '\n\n 24 adet doğru cevap verdiniz. \n Ortalama cevap süreniz 4.29e+02ms.'
107.5780 	EXP 	text_3: autoDraw = True
109.5719 	EXP 	text_3: autoDraw = False
109.5719 	EXP 	instr_text_2: autoDraw = True
114.4186 	DATA 	Keypress: n
115.9251 	EXP 	Imported SimonTask.xlsx as conditions, 6 conditions, 6 params
115.9254 	EXP 	Created sequence: fullRandom, trialTypes=6, nReps=8, seed=None
115.9257 	EXP 	New trial (rep=0, index=0): {'images': 'red_neutral', 'congruentcy': 0, 'corrAns': 'k', 'box_pos': 'middle', 'box_color': 'red', 'box_x': 0}
115.9280 	DATA 	Keypress: space
115.9327 	EXP 	instr_text_2: autoDraw = False
115.9327 	EXP 	FixCross: autoDraw = True
117.0047 	EXP 	FixCross: autoDraw = False
117.0047 	EXP 	FixCross: autoDraw = False
117.0047 	EXP 	Box: pos = array([0., 0.])
117.0047 	EXP 	Box: autoDraw = True
118.7318 	EXP 	New trial (rep=0, index=1): {'images': 'red_neutral', 'congruentcy': 0, 'corrAns': 'k', 'box_pos': 'middle', 'box_color': 'red', 'box_x': 0}
118.7345 	DATA 	Keypress: k
118.7401 	EXP 	Box: autoDraw = False
118.7401 	EXP 	FixCross: autoDraw = True
119.8243 	EXP 	FixCross: autoDraw = False
119.8243 	EXP 	FixCross: autoDraw = False
119.8243 	EXP 	Box: pos = array([0., 0.])
119.8243 	EXP 	Box: autoDraw = True
120.3419 	EXP 	New trial (rep=0, index=2): {'images': 'blue_neutral', 'congruentcy': 0, 'corrAns': 'a', 'box_pos': 'middle', 'box_color': 'blue', 'box_x': 0}
120.3439 	DATA 	Keypress: k
120.3501 	EXP 	Box: autoDraw = False
120.3501 	EXP 	FixCross: autoDraw = True
121.4345 	EXP 	FixCross: autoDraw = False
121.4345 	EXP 	FixCross: autoDraw = False
121.4345 	EXP 	Box: pos = array([0., 0.])
121.4345 	EXP 	Box: autoDraw = True
121.8102 	EXP 	New trial (rep=0, index=3): {'images': 'blue_congruent', 'congruentcy': 1, 'corrAns': 'a', 'box_pos': 'left', 'box_color': 'blue', 'box_x': -0.6}
121.8123 	DATA 	Keypress: a
121.8182 	EXP 	Box: autoDraw = False
121.8182 	EXP 	FixCross: autoDraw = True
122.9235 	EXP 	FixCross: autoDraw = False
122.9235 	EXP 	FixCross: autoDraw = False
122.9235 	EXP 	Box: pos = array([-0.6,  0. ])
122.9235 	EXP 	Box: autoDraw = True
123.3536 	EXP 	New trial (rep=0, index=4): {'images': 'red_incongruent', 'congruentcy': 0, 'corrAns': 'k', 'box_pos': 'left', 'box_color': 'red', 'box_x': -0.6}
123.3556 	DATA 	Keypress: a
123.3615 	EXP 	Box: autoDraw = False
123.3615 	EXP 	FixCross: autoDraw = True
124.3834 	EXP 	FixCross: autoDraw = False
124.3834 	EXP 	FixCross: autoDraw = False
124.3834 	EXP 	Box: pos = array([-0.6,  0. ])
124.3834 	EXP 	Box: autoDraw = True
124.8089 	DATA 	Keypress: k
124.8169 	EXP 	New trial (rep=0, index=5): {'images': 'blue_incongruent', 'congruentcy': 0, 'corrAns': 'a', 'box_pos': 'right', 'box_color': 'blue', 'box_x': 0.6}
124.8220 	EXP 	Box: autoDraw = False
124.8220 	EXP 	FixCross: autoDraw = True
125.9267 	EXP 	FixCross: autoDraw = False
125.9267 	EXP 	FixCross: autoDraw = False
125.9267 	EXP 	Box: pos = array([0.6, 0. ])
125.9267 	EXP 	Box: autoDraw = True
126.3192 	EXP 	New trial (rep=1, index=0): {'images': 'red_incongruent', 'congruentcy': 0, 'corrAns': 'k', 'box_pos': 'left', 'box_color': 'red', 'box_x': -0.6}
126.3213 	DATA 	Keypress: a
126.3273 	EXP 	Box: autoDraw = False
126.3273 	EXP 	FixCross: autoDraw = True
127.4867 	EXP 	FixCross: autoDraw = False
127.4867 	EXP 	FixCross: autoDraw = False
127.4867 	EXP 	Box: pos = array([-0.6,  0. ])
127.4867 	EXP 	Box: autoDraw = True
127.9168 	EXP 	New trial (rep=1, index=1): {'images': 'red_congruent', 'congruentcy': 1, 'corrAns': 'k', 'box_pos': 'right', 'box_color': 'red', 'box_x': 0.6}
127.9189 	DATA 	Keypress: k
127.9247 	EXP 	Box: autoDraw = False
127.9247 	EXP 	FixCross: autoDraw = True
129.0843 	EXP 	FixCross: autoDraw = False
129.0843 	EXP 	FixCross: autoDraw = False
129.0843 	EXP 	Box: pos = array([0.6, 0. ])
129.0843 	EXP 	Box: autoDraw = True
129.6563 	DATA 	Keypress: k
129.6642 	EXP 	New trial (rep=1, index=2): {'images': 'red_congruent', 'congruentcy': 1, 'corrAns': 'k', 'box_pos': 'right', 'box_color': 'red', 'box_x': 0.6}
129.6724 	EXP 	Box: autoDraw = False
129.6724 	EXP 	FixCross: autoDraw = True
130.8028 	EXP 	FixCross: autoDraw = False
130.8028 	EXP 	FixCross: autoDraw = False
130.8028 	EXP 	Box: pos = array([0.6, 0. ])
130.8028 	EXP 	Box: autoDraw = True
131.1786 	EXP 	New trial (rep=1, index=3): {'images': 'blue_neutral', 'congruentcy': 0, 'corrAns': 'a', 'box_pos': 'middle', 'box_color': 'blue', 'box_x': 0}
131.1806 	DATA 	Keypress: k
131.1865 	EXP 	Box: autoDraw = False
131.1865 	EXP 	FixCross: autoDraw = True
132.4462 	EXP 	FixCross: autoDraw = False
132.4462 	EXP 	FixCross: autoDraw = False
132.4462 	EXP 	Box: pos = array([0., 0.])
132.4462 	EXP 	Box: autoDraw = True
132.7549 	EXP 	New trial (rep=1, index=4): {'images': 'red_neutral', 'congruentcy': 0, 'corrAns': 'k', 'box_pos': 'middle', 'box_color': 'red', 'box_x': 0}
132.7570 	DATA 	Keypress: a
132.7631 	EXP 	Box: autoDraw = False
132.7631 	EXP 	FixCross: autoDraw = True
133.8019 	EXP 	FixCross: autoDraw = False
133.8019 	EXP 	FixCross: autoDraw = False
133.8019 	EXP 	Box: pos = array([0., 0.])
133.8019 	EXP 	Box: autoDraw = True
134.2022 	EXP 	New trial (rep=1, index=5): {'images': 'blue_congruent', 'congruentcy': 1, 'corrAns': 'a', 'box_pos': 'left', 'box_color': 'blue', 'box_x': -0.6}
134.2044 	DATA 	Keypress: k
134.2105 	EXP 	Box: autoDraw = False
134.2105 	EXP 	FixCross: autoDraw = True
135.3242 	EXP 	FixCross: autoDraw = False
135.3242 	EXP 	FixCross: autoDraw = False
135.3242 	EXP 	Box: pos = array([-0.6,  0. ])
135.3242 	EXP 	Box: autoDraw = True
135.6416 	DATA 	Keypress: a
135.6496 	EXP 	New trial (rep=2, index=0): {'images': 'red_incongruent', 'congruentcy': 0, 'corrAns': 'k', 'box_pos': 'left', 'box_color': 'red', 'box_x': -0.6}
135.6578 	EXP 	Box: autoDraw = False
135.6578 	EXP 	FixCross: autoDraw = True
136.7548 	EXP 	FixCross: autoDraw = False
136.7548 	EXP 	FixCross: autoDraw = False
136.7548 	EXP 	Box: pos = array([-0.6,  0. ])
136.7548 	EXP 	Box: autoDraw = True
137.0850 	EXP 	New trial (rep=2, index=1): {'images': 'red_congruent', 'congruentcy': 1, 'corrAns': 'k', 'box_pos': 'right', 'box_color': 'red', 'box_x': 0.6}
137.0881 	DATA 	Keypress: a
137.0926 	EXP 	Box: autoDraw = False
137.0926 	EXP 	FixCross: autoDraw = True
138.2148 	EXP 	FixCross: autoDraw = False
138.2148 	EXP 	FixCross: autoDraw = False
138.2148 	EXP 	Box: pos = array([0.6, 0. ])
138.2148 	EXP 	Box: autoDraw = True
138.5903 	EXP 	New trial (rep=2, index=2): {'images': 'blue_neutral', 'congruentcy': 0, 'corrAns': 'a', 'box_pos': 'middle', 'box_color': 'blue', 'box_x': 0}
138.5923 	DATA 	Keypress: k
138.5984 	EXP 	Box: autoDraw = False
138.5984 	EXP 	FixCross: autoDraw = True
139.7955 	EXP 	FixCross: autoDraw = False
139.7955 	EXP 	FixCross: autoDraw = False
139.7955 	EXP 	Box: pos = array([0., 0.])
139.7955 	EXP 	Box: autoDraw = True
140.1917 	EXP 	New trial (rep=2, index=3): {'images': 'red_neutral', 'congruentcy': 0, 'corrAns': 'k', 'box_pos': 'middle', 'box_color': 'red', 'box_x': 0}
140.1937 	DATA 	Keypress: a
140.2001 	EXP 	Box: autoDraw = False
140.2001 	EXP 	FixCross: autoDraw = True
141.2137 	EXP 	FixCross: autoDraw = False
141.2137 	EXP 	FixCross: autoDraw = False
141.2137 	EXP 	Box: pos = array([0., 0.])
141.2137 	EXP 	Box: autoDraw = True
141.6230 	EXP 	New trial (rep=2, index=4): {'images': 'red_congruent', 'congruentcy': 1, 'corrAns': 'k', 'box_pos': 'right', 'box_color': 'red', 'box_x': 0.6}
141.6263 	DATA 	Keypress: k
141.6308 	EXP 	Box: autoDraw = False
141.6308 	EXP 	FixCross: autoDraw = True
142.7528 	EXP 	FixCross: autoDraw = False
142.7528 	EXP 	FixCross: autoDraw = False
142.7528 	EXP 	Box: pos = array([0.6, 0. ])
142.7528 	EXP 	Box: autoDraw = True
143.1453 	EXP 	New trial (rep=2, index=5): {'images': 'blue_congruent', 'congruentcy': 1, 'corrAns': 'a', 'box_pos': 'left', 'box_color': 'blue', 'box_x': -0.6}
143.1473 	DATA 	Keypress: k
143.1534 	EXP 	Box: autoDraw = False
143.1534 	EXP 	FixCross: autoDraw = True
144.3296 	EXP 	FixCross: autoDraw = False
144.3296 	EXP 	FixCross: autoDraw = False
144.3296 	EXP 	Box: pos = array([-0.6,  0. ])
144.3296 	EXP 	Box: autoDraw = True
144.6846 	EXP 	New trial (rep=3, index=0): {'images': 'red_incongruent', 'congruentcy': 0, 'corrAns': 'k', 'box_pos': 'left', 'box_color': 'red', 'box_x': -0.6}
144.6867 	DATA 	Keypress: a
144.6925 	EXP 	Box: autoDraw = False
144.6925 	EXP 	FixCross: autoDraw = True
145.7980 	EXP 	FixCross: autoDraw = False
145.7980 	EXP 	FixCross: autoDraw = False
145.7980 	EXP 	Box: pos = array([-0.6,  0. ])
145.7980 	EXP 	Box: autoDraw = True
146.3865 	DATA 	Keypress: k
146.3940 	EXP 	New trial (rep=3, index=1): {'images': 'blue_congruent', 'congruentcy': 1, 'corrAns': 'a', 'box_pos': 'left', 'box_color': 'blue', 'box_x': -0.6}
146.3985 	EXP 	Box: autoDraw = False
146.3985 	EXP 	FixCross: autoDraw = True
147.4663 	EXP 	FixCross: autoDraw = False
147.4663 	EXP 	FixCross: autoDraw = False
147.4663 	EXP 	Box: pos = array([-0.6,  0. ])
147.4663 	EXP 	Box: autoDraw = True
147.8464 	EXP 	New trial (rep=3, index=2): {'images': 'red_neutral', 'congruentcy': 0, 'corrAns': 'k', 'box_pos': 'middle', 'box_color': 'red', 'box_x': 0}
147.8484 	DATA 	Keypress: a
147.8542 	EXP 	Box: autoDraw = False
147.8542 	EXP 	FixCross: autoDraw = True
148.9220 	EXP 	FixCross: autoDraw = False
148.9220 	EXP 	FixCross: autoDraw = False
148.9220 	EXP 	Box: pos = array([0., 0.])
148.9220 	EXP 	Box: autoDraw = True
149.2807 	EXP 	New trial (rep=3, index=3): {'images': 'red_congruent', 'congruentcy': 1, 'corrAns': 'k', 'box_pos': 'right', 'box_color': 'red', 'box_x': 0.6}
149.2828 	DATA 	Keypress: k
149.2891 	EXP 	Box: autoDraw = False
149.2891 	EXP 	FixCross: autoDraw = True
150.3277 	EXP 	FixCross: autoDraw = False
150.3277 	EXP 	FixCross: autoDraw = False
150.3277 	EXP 	Box: pos = array([0.6, 0. ])
150.3277 	EXP 	Box: autoDraw = True
150.6870 	EXP 	New trial (rep=3, index=4): {'images': 'red_congruent', 'congruentcy': 1, 'corrAns': 'k', 'box_pos': 'right', 'box_color': 'red', 'box_x': 0.6}
150.6891 	DATA 	Keypress: k
150.6947 	EXP 	Box: autoDraw = False
150.6947 	EXP 	FixCross: autoDraw = True
151.8335 	EXP 	FixCross: autoDraw = False
151.8335 	EXP 	FixCross: autoDraw = False
151.8335 	EXP 	Box: pos = array([0.6, 0. ])
151.8335 	EXP 	Box: autoDraw = True
152.1637 	DATA 	Keypress: k
152.1716 	EXP 	New trial (rep=3, index=5): {'images': 'red_incongruent', 'congruentcy': 0, 'corrAns': 'k', 'box_pos': 'left', 'box_color': 'red', 'box_x': -0.6}
152.1796 	EXP 	Box: autoDraw = False
152.1796 	EXP 	FixCross: autoDraw = True
153.2516 	EXP 	FixCross: autoDraw = False
153.2516 	EXP 	FixCross: autoDraw = False
153.2516 	EXP 	Box: pos = array([-0.6,  0. ])
153.2516 	EXP 	Box: autoDraw = True
153.8111 	DATA 	Keypress: k
153.8190 	EXP 	New trial (rep=4, index=0): {'images': 'red_incongruent', 'congruentcy': 0, 'corrAns': 'k', 'box_pos': 'left', 'box_color': 'red', 'box_x': -0.6}
153.8272 	EXP 	Box: autoDraw = False
153.8272 	EXP 	FixCross: autoDraw = True
154.9032 	EXP 	FixCross: autoDraw = False
154.9032 	EXP 	FixCross: autoDraw = False
154.9032 	EXP 	Box: pos = array([-0.6,  0. ])
154.9032 	EXP 	Box: autoDraw = True
155.2917 	DATA 	Keypress: k
155.2993 	EXP 	New trial (rep=4, index=1): {'images': 'red_incongruent', 'congruentcy': 0, 'corrAns': 'k', 'box_pos': 'left', 'box_color': 'red', 'box_x': -0.6}
155.3038 	EXP 	Box: autoDraw = False
155.3038 	EXP 	FixCross: autoDraw = True
156.3593 	EXP 	FixCross: autoDraw = False
156.3593 	EXP 	FixCross: autoDraw = False
156.3593 	EXP 	Box: pos = array([-0.6,  0. ])
156.3593 	EXP 	Box: autoDraw = True
156.8098 	EXP 	New trial (rep=4, index=2): {'images': 'red_congruent', 'congruentcy': 1, 'corrAns': 'k', 'box_pos': 'right', 'box_color': 'red', 'box_x': 0.6}
156.8127 	DATA 	Keypress: k
156.8178 	EXP 	Box: autoDraw = False
156.8178 	EXP 	FixCross: autoDraw = True
157.8940 	EXP 	FixCross: autoDraw = False
157.8940 	EXP 	FixCross: autoDraw = False
157.8940 	EXP 	Box: pos = array([0.6, 0. ])
157.8940 	EXP 	Box: autoDraw = True
158.2572 	EXP 	New trial (rep=4, index=3): {'images': 'red_neutral', 'congruentcy': 0, 'corrAns': 'k', 'box_pos': 'middle', 'box_color': 'red', 'box_x': 0}
158.2592 	DATA 	Keypress: k
158.2652 	EXP 	Box: autoDraw = False
158.2652 	EXP 	FixCross: autoDraw = True
159.4497 	EXP 	FixCross: autoDraw = False
159.4497 	EXP 	FixCross: autoDraw = False
159.4497 	EXP 	Box: pos = array([0., 0.])
159.4497 	EXP 	Box: autoDraw = True
159.7915 	EXP 	New trial (rep=4, index=4): {'images': 'blue_congruent', 'congruentcy': 1, 'corrAns': 'a', 'box_pos': 'left', 'box_color': 'blue', 'box_x': -0.6}
159.7936 	DATA 	Keypress: k
159.7960 	EXP 	Box: autoDraw = False
159.7960 	EXP 	FixCross: autoDraw = True
160.8847 	EXP 	FixCross: autoDraw = False
160.8847 	EXP 	FixCross: autoDraw = False
160.8847 	EXP 	Box: pos = array([-0.6,  0. ])
160.8847 	EXP 	Box: autoDraw = True
161.2559 	EXP 	New trial (rep=4, index=5): {'images': 'red_congruent', 'congruentcy': 1, 'corrAns': 'k', 'box_pos': 'right', 'box_color': 'red', 'box_x': 0.6}
161.2579 	DATA 	Keypress: a
161.2643 	EXP 	Box: autoDraw = False
161.2643 	EXP 	FixCross: autoDraw = True
162.3822 	EXP 	FixCross: autoDraw = False
162.3822 	EXP 	FixCross: autoDraw = False
162.3822 	EXP 	Box: pos = array([0.6, 0. ])
162.3822 	EXP 	Box: autoDraw = True
162.7452 	EXP 	New trial (rep=5, index=0): {'images': 'blue_incongruent', 'congruentcy': 0, 'corrAns': 'a', 'box_pos': 'right', 'box_color': 'blue', 'box_x': 0.6}
162.7473 	DATA 	Keypress: k
162.7534 	EXP 	Box: autoDraw = False
162.7534 	EXP 	FixCross: autoDraw = True
163.9296 	EXP 	FixCross: autoDraw = False
163.9296 	EXP 	FixCross: autoDraw = False
163.9296 	EXP 	Box: pos = array([0.6, 0. ])
163.9296 	EXP 	Box: autoDraw = True
164.3426 	EXP 	New trial (rep=5, index=1): {'images': 'blue_incongruent', 'congruentcy': 0, 'corrAns': 'a', 'box_pos': 'right', 'box_color': 'blue', 'box_x': 0.6}
164.3446 	DATA 	Keypress: a
164.3510 	EXP 	Box: autoDraw = False
164.3510 	EXP 	FixCross: autoDraw = True
165.3812 	EXP 	FixCross: autoDraw = False
165.3812 	EXP 	FixCross: autoDraw = False
165.3812 	EXP 	Box: pos = array([0.6, 0. ])
165.3812 	EXP 	Box: autoDraw = True
165.8229 	EXP 	New trial (rep=5, index=2): {'images': 'blue_incongruent', 'congruentcy': 0, 'corrAns': 'a', 'box_pos': 'right', 'box_color': 'blue', 'box_x': 0.6}
165.8249 	DATA 	Keypress: a
165.8274 	EXP 	Box: autoDraw = False
165.8274 	EXP 	FixCross: autoDraw = True
166.9119 	EXP 	FixCross: autoDraw = False
166.9119 	EXP 	FixCross: autoDraw = False
166.9119 	EXP 	Box: pos = array([0.6, 0. ])
166.9119 	EXP 	Box: autoDraw = True
167.3202 	EXP 	New trial (rep=5, index=3): {'images': 'red_neutral', 'congruentcy': 0, 'corrAns': 'k', 'box_pos': 'middle', 'box_color': 'red', 'box_x': 0}
167.3223 	DATA 	Keypress: a
167.3249 	EXP 	Box: autoDraw = False
167.3249 	EXP 	FixCross: autoDraw = True
168.4134 	EXP 	FixCross: autoDraw = False
168.4134 	EXP 	FixCross: autoDraw = False
168.4134 	EXP 	Box: pos = array([0., 0.])
168.4134 	EXP 	Box: autoDraw = True
168.9310 	EXP 	New trial (rep=5, index=4): {'images': 'blue_neutral', 'congruentcy': 0, 'corrAns': 'a', 'box_pos': 'middle', 'box_color': 'blue', 'box_x': 0}
168.9330 	DATA 	Keypress: k
168.9391 	EXP 	Box: autoDraw = False
168.9391 	EXP 	FixCross: autoDraw = True
170.1152 	EXP 	FixCross: autoDraw = False
170.1152 	EXP 	FixCross: autoDraw = False
170.1152 	EXP 	Box: pos = array([0., 0.])
170.1152 	EXP 	Box: autoDraw = True
170.7533 	EXP 	New trial (rep=5, index=5): {'images': 'blue_neutral', 'congruentcy': 0, 'corrAns': 'a', 'box_pos': 'middle', 'box_color': 'blue', 'box_x': 0}
170.7554 	DATA 	Keypress: a
170.7619 	EXP 	Box: autoDraw = False
170.7619 	EXP 	FixCross: autoDraw = True
171.9839 	EXP 	FixCross: autoDraw = False
171.9839 	EXP 	FixCross: autoDraw = False
171.9839 	EXP 	Box: pos = array([0., 0.])
171.9839 	EXP 	Box: autoDraw = True
172.4177 	EXP 	New trial (rep=6, index=0): {'images': 'blue_congruent', 'congruentcy': 1, 'corrAns': 'a', 'box_pos': 'left', 'box_color': 'blue', 'box_x': -0.6}
172.4197 	DATA 	Keypress: a
172.4260 	EXP 	Box: autoDraw = False
172.4260 	EXP 	FixCross: autoDraw = True
173.4771 	EXP 	FixCross: autoDraw = False
173.4771 	EXP 	FixCross: autoDraw = False
173.4771 	EXP 	Box: pos = array([-0.6,  0. ])
173.4771 	EXP 	Box: autoDraw = True
174.1241 	EXP 	New trial (rep=6, index=1): {'images': 'blue_neutral', 'congruentcy': 0, 'corrAns': 'a', 'box_pos': 'middle', 'box_color': 'blue', 'box_x': 0}
174.1262 	DATA 	Keypress: a
174.1321 	EXP 	Box: autoDraw = False
174.1321 	EXP 	FixCross: autoDraw = True
175.2248 	EXP 	FixCross: autoDraw = False
175.2248 	EXP 	FixCross: autoDraw = False
175.2248 	EXP 	Box: pos = array([0., 0.])
175.2248 	EXP 	Box: autoDraw = True
175.6175 	EXP 	New trial (rep=6, index=2): {'images': 'blue_incongruent', 'congruentcy': 0, 'corrAns': 'a', 'box_pos': 'right', 'box_color': 'blue', 'box_x': 0.6}
175.6195 	DATA 	Keypress: a
175.6254 	EXP 	Box: autoDraw = False
175.6254 	EXP 	FixCross: autoDraw = True
176.6805 	EXP 	FixCross: autoDraw = False
176.6805 	EXP 	FixCross: autoDraw = False
176.6805 	EXP 	Box: pos = array([0.6, 0. ])
176.6805 	EXP 	Box: autoDraw = True
177.1858 	EXP 	New trial (rep=6, index=3): {'images': 'blue_neutral', 'congruentcy': 0, 'corrAns': 'a', 'box_pos': 'middle', 'box_color': 'blue', 'box_x': 0}
177.1878 	DATA 	Keypress: a
177.1938 	EXP 	Box: autoDraw = False
177.1938 	EXP 	FixCross: autoDraw = True
178.2238 	EXP 	FixCross: autoDraw = False
178.2238 	EXP 	FixCross: autoDraw = False
178.2238 	EXP 	Box: pos = array([0., 0.])
178.2238 	EXP 	Box: autoDraw = True
178.6991 	EXP 	New trial (rep=6, index=4): {'images': 'blue_congruent', 'congruentcy': 1, 'corrAns': 'a', 'box_pos': 'left', 'box_color': 'blue', 'box_x': -0.6}
178.7012 	DATA 	Keypress: a
178.7078 	EXP 	Box: autoDraw = False
178.7078 	EXP 	FixCross: autoDraw = True
179.8881 	EXP 	FixCross: autoDraw = False
179.8881 	EXP 	FixCross: autoDraw = False
179.8881 	EXP 	Box: pos = array([-0.6,  0. ])
179.8881 	EXP 	Box: autoDraw = True
180.2715 	DATA 	Keypress: a
180.2805 	EXP 	New trial (rep=6, index=5): {'images': 'red_neutral', 'congruentcy': 0, 'corrAns': 'k', 'box_pos': 'middle', 'box_color': 'red', 'box_x': 0}
180.2887 	EXP 	Box: autoDraw = False
180.2887 	EXP 	FixCross: autoDraw = True
181.4565 	EXP 	FixCross: autoDraw = False
181.4565 	EXP 	FixCross: autoDraw = False
181.4565 	EXP 	Box: pos = array([0., 0.])
181.4565 	EXP 	Box: autoDraw = True
181.8489 	EXP 	New trial (rep=7, index=0): {'images': 'blue_incongruent', 'congruentcy': 0, 'corrAns': 'a', 'box_pos': 'right', 'box_color': 'blue', 'box_x': 0.6}
181.8509 	DATA 	Keypress: k
181.8570 	EXP 	Box: autoDraw = False
181.8570 	EXP 	FixCross: autoDraw = True
182.9121 	EXP 	FixCross: autoDraw = False
182.9121 	EXP 	FixCross: autoDraw = False
182.9121 	EXP 	Box: pos = array([0.6, 0. ])
182.9121 	EXP 	Box: autoDraw = True
183.7717 	EXP 	New trial (rep=7, index=1): {'images': 'blue_congruent', 'congruentcy': 1, 'corrAns': 'a', 'box_pos': 'left', 'box_color': 'blue', 'box_x': -0.6}
183.7747 	DATA 	Keypress: a
183.7797 	EXP 	Box: autoDraw = False
183.7797 	EXP 	FixCross: autoDraw = True
184.8434 	EXP 	FixCross: autoDraw = False
184.8434 	EXP 	FixCross: autoDraw = False
184.8434 	EXP 	Box: pos = array([-0.6,  0. ])
184.8434 	EXP 	Box: autoDraw = True
185.2690 	EXP 	New trial (rep=7, index=2): {'images': 'blue_incongruent', 'congruentcy': 0, 'corrAns': 'a', 'box_pos': 'right', 'box_color': 'blue', 'box_x': 0.6}
185.2711 	DATA 	Keypress: a
185.2773 	EXP 	Box: autoDraw = False
185.2773 	EXP 	FixCross: autoDraw = True
186.3826 	EXP 	FixCross: autoDraw = False
186.3826 	EXP 	FixCross: autoDraw = False
186.3826 	EXP 	Box: pos = array([0.6, 0. ])
186.3826 	EXP 	Box: autoDraw = True
186.8164 	DATA 	Keypress: a
186.8243 	EXP 	New trial (rep=7, index=3): {'images': 'blue_incongruent', 'congruentcy': 0, 'corrAns': 'a', 'box_pos': 'right', 'box_color': 'blue', 'box_x': 0.6}
186.8286 	EXP 	Box: autoDraw = False
186.8286 	EXP 	FixCross: autoDraw = True
187.9008 	EXP 	FixCross: autoDraw = False
187.9008 	EXP 	FixCross: autoDraw = False
187.9008 	EXP 	Box: pos = array([0.6, 0. ])
187.9008 	EXP 	Box: autoDraw = True
188.2927 	EXP 	New trial (rep=7, index=4): {'images': 'red_incongruent', 'congruentcy': 0, 'corrAns': 'k', 'box_pos': 'left', 'box_color': 'red', 'box_x': -0.6}
188.2947 	DATA 	Keypress: a
188.3012 	EXP 	Box: autoDraw = False
188.3012 	EXP 	FixCross: autoDraw = True
189.4691 	EXP 	FixCross: autoDraw = False
189.4691 	EXP 	FixCross: autoDraw = False
189.4691 	EXP 	Box: pos = array([-0.6,  0. ])
189.4691 	EXP 	Box: autoDraw = True
189.9571 	EXP 	New trial (rep=7, index=5): {'images': 'blue_neutral', 'congruentcy': 0, 'corrAns': 'a', 'box_pos': 'middle', 'box_color': 'blue', 'box_x': 0}
189.9591 	DATA 	Keypress: k
189.9656 	EXP 	Box: autoDraw = False
189.9656 	EXP 	FixCross: autoDraw = True
191.1375 	EXP 	FixCross: autoDraw = False
191.1375 	EXP 	FixCross: autoDraw = False
191.1375 	EXP 	Box: pos = array([0., 0.])
191.1375 	EXP 	Box: autoDraw = True
192.1070 	DATA 	Keypress: a
192.1137 	EXP 	Box: autoDraw = False
192.1137 	EXP 	text_2: text = 'Biraz mola verebilirsiniz. \n\n 47 adet doğru cevap verdiniz. \n Ortalama cevap süreniz 9.5e+02ms.\n\n Devam etmek için BOŞLUK tuşuna basınız.'
192.1137 	EXP 	text_2: autoDraw = True
206.4689 	EXP 	Imported SimonTask.xlsx as conditions, 6 conditions, 6 params
206.4692 	EXP 	Created sequence: fullRandom, trialTypes=6, nReps=8, seed=None
206.4695 	EXP 	New trial (rep=0, index=0): {'images': 'red_neutral', 'congruentcy': 0, 'corrAns': 'k', 'box_pos': 'middle', 'box_color': 'red', 'box_x': 0}
206.4720 	DATA 	Keypress: space
206.4744 	EXP 	text_2: autoDraw = False
206.4744 	EXP 	FixCross: autoDraw = True
207.6759 	EXP 	FixCross: autoDraw = False
207.6759 	EXP 	FixCross: autoDraw = False
207.6759 	EXP 	Box: pos = array([0., 0.])
207.6759 	EXP 	Box: autoDraw = True
208.1642 	DATA 	Keypress: k
208.1725 	EXP 	New trial (rep=0, index=1): {'images': 'red_neutral', 'congruentcy': 0, 'corrAns': 'k', 'box_pos': 'middle', 'box_color': 'red', 'box_x': 0}
208.1808 	EXP 	Box: autoDraw = False
208.1808 	EXP 	FixCross: autoDraw = True
209.2568 	EXP 	FixCross: autoDraw = False
209.2568 	EXP 	FixCross: autoDraw = False
209.2568 	EXP 	Box: pos = array([0., 0.])
209.2568 	EXP 	Box: autoDraw = True
209.6485 	EXP 	New trial (rep=0, index=2): {'images': 'red_incongruent', 'congruentcy': 0, 'corrAns': 'k', 'box_pos': 'left', 'box_color': 'red', 'box_x': -0.6}
209.6506 	DATA 	Keypress: k
209.6531 	EXP 	Box: autoDraw = False
209.6531 	EXP 	FixCross: autoDraw = True
210.7250 	EXP 	FixCross: autoDraw = False
210.7250 	EXP 	FixCross: autoDraw = False
210.7250 	EXP 	Box: pos = array([-0.6,  0. ])
210.7250 	EXP 	Box: autoDraw = True
211.2339 	EXP 	New trial (rep=0, index=3): {'images': 'blue_neutral', 'congruentcy': 0, 'corrAns': 'a', 'box_pos': 'middle', 'box_color': 'blue', 'box_x': 0}
211.2359 	DATA 	Keypress: k
211.2423 	EXP 	Box: autoDraw = False
211.2423 	EXP 	FixCross: autoDraw = True
212.3601 	EXP 	FixCross: autoDraw = False
212.3601 	EXP 	FixCross: autoDraw = False
212.3601 	EXP 	Box: pos = array([0., 0.])
212.3601 	EXP 	Box: autoDraw = True
212.8063 	EXP 	New trial (rep=0, index=4): {'images': 'blue_incongruent', 'congruentcy': 0, 'corrAns': 'a', 'box_pos': 'right', 'box_color': 'blue', 'box_x': 0.6}
212.8084 	DATA 	Keypress: a
212.8147 	EXP 	Box: autoDraw = False
212.8147 	EXP 	FixCross: autoDraw = True
213.8366 	EXP 	FixCross: autoDraw = False
213.8366 	EXP 	FixCross: autoDraw = False
213.8366 	EXP 	Box: pos = array([0.6, 0. ])
213.8366 	EXP 	Box: autoDraw = True
214.2667 	DATA 	Keypress: a
214.2746 	EXP 	New trial (rep=0, index=5): {'images': 'blue_neutral', 'congruentcy': 0, 'corrAns': 'a', 'box_pos': 'middle', 'box_color': 'blue', 'box_x': 0}
214.2833 	EXP 	Box: autoDraw = False
214.2833 	EXP 	FixCross: autoDraw = True
215.4008 	EXP 	FixCross: autoDraw = False
215.4008 	EXP 	FixCross: autoDraw = False
215.4008 	EXP 	Box: pos = array([0., 0.])
215.4008 	EXP 	Box: autoDraw = True
215.7389 	DATA 	Keypress: a
215.7469 	EXP 	New trial (rep=1, index=0): {'images': 'blue_congruent', 'congruentcy': 1, 'corrAns': 'a', 'box_pos': 'left', 'box_color': 'blue', 'box_x': -0.6}
215.7513 	EXP 	Box: autoDraw = False
215.7513 	EXP 	FixCross: autoDraw = True
216.8775 	EXP 	FixCross: autoDraw = False
216.8775 	EXP 	FixCross: autoDraw = False
216.8775 	EXP 	Box: pos = array([-0.6,  0. ])
216.8775 	EXP 	Box: autoDraw = True
217.2533 	DATA 	Keypress: a
217.2613 	EXP 	New trial (rep=1, index=1): {'images': 'red_congruent', 'congruentcy': 1, 'corrAns': 'k', 'box_pos': 'right', 'box_color': 'red', 'box_x': 0.6}
217.2696 	EXP 	Box: autoDraw = False
217.2696 	EXP 	FixCross: autoDraw = True
218.3583 	EXP 	FixCross: autoDraw = False
218.3583 	EXP 	FixCross: autoDraw = False
218.3583 	EXP 	Box: pos = array([0.6, 0. ])
218.3583 	EXP 	Box: autoDraw = True
218.6916 	DATA 	Keypress: k
218.7006 	EXP 	New trial (rep=1, index=2): {'images': 'blue_neutral', 'congruentcy': 0, 'corrAns': 'a', 'box_pos': 'middle', 'box_color': 'blue', 'box_x': 0}
218.7086 	EXP 	Box: autoDraw = False
218.7086 	EXP 	FixCross: autoDraw = True
219.7765 	EXP 	FixCross: autoDraw = False
219.7765 	EXP 	FixCross: autoDraw = False
219.7765 	EXP 	Box: pos = array([0., 0.])
219.7765 	EXP 	Box: autoDraw = True
220.1681 	EXP 	New trial (rep=1, index=3): {'images': 'red_incongruent', 'congruentcy': 0, 'corrAns': 'k', 'box_pos': 'left', 'box_color': 'red', 'box_x': -0.6}
220.1701 	DATA 	Keypress: a
220.1726 	EXP 	Box: autoDraw = False
220.1726 	EXP 	FixCross: autoDraw = True
221.2780 	EXP 	FixCross: autoDraw = False
221.2780 	EXP 	FixCross: autoDraw = False
221.2780 	EXP 	Box: pos = array([-0.6,  0. ])
221.2780 	EXP 	Box: autoDraw = True
221.7114 	EXP 	New trial (rep=1, index=4): {'images': 'blue_incongruent', 'congruentcy': 0, 'corrAns': 'a', 'box_pos': 'right', 'box_color': 'blue', 'box_x': 0.6}
221.7135 	DATA 	Keypress: k
221.7202 	EXP 	Box: autoDraw = False
221.7202 	EXP 	FixCross: autoDraw = True
222.9592 	EXP 	FixCross: autoDraw = False
222.9592 	EXP 	FixCross: autoDraw = False
222.9592 	EXP 	Box: pos = array([0.6, 0. ])
222.9592 	EXP 	Box: autoDraw = True
223.3178 	DATA 	Keypress: a
223.3258 	EXP 	New trial (rep=1, index=5): {'images': 'blue_neutral', 'congruentcy': 0, 'corrAns': 'a', 'box_pos': 'middle', 'box_color': 'blue', 'box_x': 0}
223.3301 	EXP 	Box: autoDraw = False
223.3301 	EXP 	FixCross: autoDraw = True
224.3855 	EXP 	FixCross: autoDraw = False
224.3855 	EXP 	FixCross: autoDraw = False
224.3855 	EXP 	Box: pos = array([0., 0.])
224.3855 	EXP 	Box: autoDraw = True
224.7531 	EXP 	New trial (rep=2, index=0): {'images': 'blue_incongruent', 'congruentcy': 0, 'corrAns': 'a', 'box_pos': 'right', 'box_color': 'blue', 'box_x': 0.6}
224.7552 	DATA 	Keypress: a
224.7610 	EXP 	Box: autoDraw = False
224.7610 	EXP 	FixCross: autoDraw = True
225.8162 	EXP 	FixCross: autoDraw = False
225.8162 	EXP 	FixCross: autoDraw = False
225.8162 	EXP 	Box: pos = array([0.6, 0. ])
225.8162 	EXP 	Box: autoDraw = True
226.1915 	EXP 	New trial (rep=2, index=1): {'images': 'blue_neutral', 'congruentcy': 0, 'corrAns': 'a', 'box_pos': 'middle', 'box_color': 'blue', 'box_x': 0}
226.1935 	DATA 	Keypress: a
226.1999 	EXP 	Box: autoDraw = False
226.1999 	EXP 	FixCross: autoDraw = True
227.2552 	EXP 	FixCross: autoDraw = False
227.2552 	EXP 	FixCross: autoDraw = False
227.2552 	EXP 	Box: pos = array([0., 0.])
227.2552 	EXP 	Box: autoDraw = True
227.5638 	EXP 	New trial (rep=2, index=2): {'images': 'blue_incongruent', 'congruentcy': 0, 'corrAns': 'a', 'box_pos': 'right', 'box_color': 'blue', 'box_x': 0.6}
227.5658 	DATA 	Keypress: a
227.5720 	EXP 	Box: autoDraw = False
227.5720 	EXP 	FixCross: autoDraw = True
228.6150 	EXP 	FixCross: autoDraw = False
228.6150 	EXP 	FixCross: autoDraw = False
228.6150 	EXP 	Box: pos = array([0.6, 0. ])
228.6150 	EXP 	Box: autoDraw = True
229.1702 	EXP 	New trial (rep=2, index=3): {'images': 'blue_neutral', 'congruentcy': 0, 'corrAns': 'a', 'box_pos': 'middle', 'box_color': 'blue', 'box_x': 0}
229.1722 	DATA 	Keypress: a
229.1782 	EXP 	Box: autoDraw = False
229.1782 	EXP 	FixCross: autoDraw = True
230.2208 	EXP 	FixCross: autoDraw = False
230.2208 	EXP 	FixCross: autoDraw = False
230.2208 	EXP 	Box: pos = array([0., 0.])
230.2208 	EXP 	Box: autoDraw = True
230.6465 	DATA 	Keypress: a
230.6545 	EXP 	New trial (rep=2, index=4): {'images': 'red_neutral', 'congruentcy': 0, 'corrAns': 'k', 'box_pos': 'middle', 'box_color': 'red', 'box_x': 0}
230.6588 	EXP 	Box: autoDraw = False
230.6588 	EXP 	FixCross: autoDraw = True
231.6974 	EXP 	FixCross: autoDraw = False
231.6974 	EXP 	FixCross: autoDraw = False
231.6974 	EXP 	Box: pos = array([0., 0.])
231.6974 	EXP 	Box: autoDraw = True
232.1148 	EXP 	New trial (rep=2, index=5): {'images': 'red_neutral', 'congruentcy': 0, 'corrAns': 'k', 'box_pos': 'middle', 'box_color': 'red', 'box_x': 0}
232.1168 	DATA 	Keypress: k
232.1230 	EXP 	Box: autoDraw = False
232.1230 	EXP 	FixCross: autoDraw = True
233.2491 	EXP 	FixCross: autoDraw = False
233.2491 	EXP 	FixCross: autoDraw = False
233.2491 	EXP 	Box: pos = array([0., 0.])
233.2491 	EXP 	Box: autoDraw = True
233.5621 	EXP 	New trial (rep=3, index=0): {'images': 'blue_congruent', 'congruentcy': 1, 'corrAns': 'a', 'box_pos': 'left', 'box_color': 'blue', 'box_x': -0.6}
233.5642 	DATA 	Keypress: k
233.5702 	EXP 	Box: autoDraw = False
233.5702 	EXP 	FixCross: autoDraw = True
234.6129 	EXP 	FixCross: autoDraw = False
234.6129 	EXP 	FixCross: autoDraw = False
234.6129 	EXP 	Box: pos = array([-0.6,  0. ])
234.6129 	EXP 	Box: autoDraw = True
234.9634 	EXP 	New trial (rep=3, index=1): {'images': 'red_incongruent', 'congruentcy': 0, 'corrAns': 'k', 'box_pos': 'left', 'box_color': 'red', 'box_x': -0.6}
234.9656 	DATA 	Keypress: a
234.9717 	EXP 	Box: autoDraw = False
234.9717 	EXP 	FixCross: autoDraw = True
236.1188 	EXP 	FixCross: autoDraw = False
236.1188 	EXP 	FixCross: autoDraw = False
236.1188 	EXP 	Box: pos = array([-0.6,  0. ])
236.1188 	EXP 	Box: autoDraw = True
236.7239 	EXP 	New trial (rep=3, index=2): {'images': 'blue_incongruent', 'congruentcy': 0, 'corrAns': 'a', 'box_pos': 'right', 'box_color': 'blue', 'box_x': 0.6}
236.7259 	DATA 	Keypress: k
236.7319 	EXP 	Box: autoDraw = False
236.7319 	EXP 	FixCross: autoDraw = True
237.9164 	EXP 	FixCross: autoDraw = False
237.9164 	EXP 	FixCross: autoDraw = False
237.9164 	EXP 	Box: pos = array([0.6, 0. ])
237.9164 	EXP 	Box: autoDraw = True
238.3172 	EXP 	New trial (rep=3, index=3): {'images': 'blue_neutral', 'congruentcy': 0, 'corrAns': 'a', 'box_pos': 'middle', 'box_color': 'blue', 'box_x': 0}
238.3193 	DATA 	Keypress: a
238.3253 	EXP 	Box: autoDraw = False
238.3253 	EXP 	FixCross: autoDraw = True
239.4847 	EXP 	FixCross: autoDraw = False
239.4847 	EXP 	FixCross: autoDraw = False
239.4847 	EXP 	Box: pos = array([0., 0.])
239.4847 	EXP 	Box: autoDraw = True
239.9146 	EXP 	New trial (rep=3, index=4): {'images': 'red_congruent', 'congruentcy': 1, 'corrAns': 'k', 'box_pos': 'right', 'box_color': 'red', 'box_x': 0.6}
239.9166 	DATA 	Keypress: a
239.9228 	EXP 	Box: autoDraw = False
239.9228 	EXP 	FixCross: autoDraw = True
240.9823 	EXP 	FixCross: autoDraw = False
240.9823 	EXP 	FixCross: autoDraw = False
240.9823 	EXP 	Box: pos = array([0.6, 0. ])
240.9823 	EXP 	Box: autoDraw = True
241.3659 	EXP 	New trial (rep=3, index=5): {'images': 'blue_neutral', 'congruentcy': 0, 'corrAns': 'a', 'box_pos': 'middle', 'box_color': 'blue', 'box_x': 0}
241.3679 	DATA 	Keypress: k
241.3742 	EXP 	Box: autoDraw = False
241.3742 	EXP 	FixCross: autoDraw = True
242.4088 	EXP 	FixCross: autoDraw = False
242.4088 	EXP 	FixCross: autoDraw = False
242.4088 	EXP 	Box: pos = array([0., 0.])
242.4088 	EXP 	Box: autoDraw = True
242.7763 	DATA 	Keypress: a
242.7842 	EXP 	New trial (rep=4, index=0): {'images': 'red_congruent', 'congruentcy': 1, 'corrAns': 'k', 'box_pos': 'right', 'box_color': 'red', 'box_x': 0.6}
242.7925 	EXP 	Box: autoDraw = False
242.7925 	EXP 	FixCross: autoDraw = True
243.8812 	EXP 	FixCross: autoDraw = False
243.8812 	EXP 	FixCross: autoDraw = False
243.8812 	EXP 	Box: pos = array([0.6, 0. ])
243.8812 	EXP 	Box: autoDraw = True
244.2566 	DATA 	Keypress: k
244.2646 	EXP 	New trial (rep=4, index=1): {'images': 'blue_congruent', 'congruentcy': 1, 'corrAns': 'a', 'box_pos': 'left', 'box_color': 'blue', 'box_x': -0.6}
244.2690 	EXP 	Box: autoDraw = False
244.2690 	EXP 	FixCross: autoDraw = True
245.4330 	EXP 	FixCross: autoDraw = False
245.4330 	EXP 	FixCross: autoDraw = False
245.4330 	EXP 	Box: pos = array([-0.6,  0. ])
245.4330 	EXP 	Box: autoDraw = True
245.9040 	DATA 	Keypress: a
245.9129 	EXP 	New trial (rep=4, index=2): {'images': 'red_congruent', 'congruentcy': 1, 'corrAns': 'k', 'box_pos': 'right', 'box_color': 'red', 'box_x': 0.6}
245.9210 	EXP 	Box: autoDraw = False
245.9210 	EXP 	FixCross: autoDraw = True
247.0595 	EXP 	FixCross: autoDraw = False
247.0595 	EXP 	FixCross: autoDraw = False
247.0595 	EXP 	Box: pos = array([0.6, 0. ])
247.0595 	EXP 	Box: autoDraw = True
247.4513 	EXP 	New trial (rep=4, index=3): {'images': 'red_congruent', 'congruentcy': 1, 'corrAns': 'k', 'box_pos': 'right', 'box_color': 'red', 'box_x': 0.6}
247.4533 	DATA 	Keypress: k
247.4558 	EXP 	Box: autoDraw = False
247.4558 	EXP 	FixCross: autoDraw = True
248.5486 	EXP 	FixCross: autoDraw = False
248.5486 	EXP 	FixCross: autoDraw = False
248.5486 	EXP 	Box: pos = array([0.6, 0. ])
248.5486 	EXP 	Box: autoDraw = True
248.9537 	DATA 	Keypress: k
248.9616 	EXP 	New trial (rep=4, index=4): {'images': 'blue_incongruent', 'congruentcy': 0, 'corrAns': 'a', 'box_pos': 'right', 'box_color': 'blue', 'box_x': 0.6}
248.9699 	EXP 	Box: autoDraw = False
248.9699 	EXP 	FixCross: autoDraw = True
250.0502 	EXP 	FixCross: autoDraw = False
250.0502 	EXP 	FixCross: autoDraw = False
250.0502 	EXP 	Box: pos = array([0.6, 0. ])
250.0502 	EXP 	Box: autoDraw = True
250.4920 	EXP 	New trial (rep=4, index=5): {'images': 'red_neutral', 'congruentcy': 0, 'corrAns': 'k', 'box_pos': 'middle', 'box_color': 'red', 'box_x': 0}
250.4940 	DATA 	Keypress: a
250.4966 	EXP 	Box: autoDraw = False
250.4966 	EXP 	FixCross: autoDraw = True
251.6770 	EXP 	FixCross: autoDraw = False
251.6770 	EXP 	FixCross: autoDraw = False
251.6770 	EXP 	Box: pos = array([0., 0.])
251.6770 	EXP 	Box: autoDraw = True
252.0774 	EXP 	New trial (rep=5, index=0): {'images': 'red_incongruent', 'congruentcy': 0, 'corrAns': 'k', 'box_pos': 'left', 'box_color': 'red', 'box_x': -0.6}
252.0794 	DATA 	Keypress: k
252.0857 	EXP 	Box: autoDraw = False
252.0857 	EXP 	FixCross: autoDraw = True
253.1827 	EXP 	FixCross: autoDraw = False
253.1827 	EXP 	FixCross: autoDraw = False
253.1827 	EXP 	Box: pos = array([-0.6,  0. ])
253.1827 	EXP 	Box: autoDraw = True
253.6627 	EXP 	New trial (rep=5, index=1): {'images': 'red_neutral', 'congruentcy': 0, 'corrAns': 'k', 'box_pos': 'middle', 'box_color': 'red', 'box_x': 0}
253.6648 	DATA 	Keypress: k
253.6707 	EXP 	Box: autoDraw = False
253.6707 	EXP 	FixCross: autoDraw = True
254.8595 	EXP 	FixCross: autoDraw = False
254.8595 	EXP 	FixCross: autoDraw = False
254.8595 	EXP 	Box: pos = array([0., 0.])
254.8595 	EXP 	Box: autoDraw = True
255.1932 	DATA 	Keypress: k
255.2012 	EXP 	New trial (rep=5, index=2): {'images': 'blue_congruent', 'congruentcy': 1, 'corrAns': 'a', 'box_pos': 'left', 'box_color': 'blue', 'box_x': -0.6}
255.2053 	EXP 	Box: autoDraw = False
255.2053 	EXP 	FixCross: autoDraw = True
256.2235 	EXP 	FixCross: autoDraw = False
256.2235 	EXP 	FixCross: autoDraw = False
256.2235 	EXP 	Box: pos = array([-0.6,  0. ])
256.2235 	EXP 	Box: autoDraw = True
256.6035 	EXP 	New trial (rep=5, index=3): {'images': 'blue_incongruent', 'congruentcy': 0, 'corrAns': 'a', 'box_pos': 'right', 'box_color': 'blue', 'box_x': 0.6}
256.6056 	DATA 	Keypress: a
256.6114 	EXP 	Box: autoDraw = False
256.6114 	EXP 	FixCross: autoDraw = True
257.7752 	EXP 	FixCross: autoDraw = False
257.7752 	EXP 	FixCross: autoDraw = False
257.7752 	EXP 	Box: pos = array([0.6, 0. ])
257.7752 	EXP 	Box: autoDraw = True
258.1259 	EXP 	New trial (rep=5, index=4): {'images': 'blue_congruent', 'congruentcy': 1, 'corrAns': 'a', 'box_pos': 'left', 'box_color': 'blue', 'box_x': -0.6}
258.1279 	DATA 	Keypress: a
258.1339 	EXP 	Box: autoDraw = False
258.1339 	EXP 	FixCross: autoDraw = True
259.2143 	EXP 	FixCross: autoDraw = False
259.2143 	EXP 	FixCross: autoDraw = False
259.2143 	EXP 	Box: pos = array([-0.6,  0. ])
259.2143 	EXP 	Box: autoDraw = True
259.5942 	DATA 	Keypress: a
259.6022 	EXP 	New trial (rep=5, index=5): {'images': 'red_incongruent', 'congruentcy': 0, 'corrAns': 'k', 'box_pos': 'left', 'box_color': 'red', 'box_x': -0.6}
259.6104 	EXP 	Box: autoDraw = False
259.6104 	EXP 	FixCross: autoDraw = True
260.6865 	EXP 	FixCross: autoDraw = False
260.6865 	EXP 	FixCross: autoDraw = False
260.6865 	EXP 	Box: pos = array([-0.6,  0. ])
260.6865 	EXP 	Box: autoDraw = True
261.1666 	EXP 	New trial (rep=6, index=0): {'images': 'red_neutral', 'congruentcy': 0, 'corrAns': 'k', 'box_pos': 'middle', 'box_color': 'red', 'box_x': 0}
261.1686 	DATA 	Keypress: k
261.1746 	EXP 	Box: autoDraw = False
261.1746 	EXP 	FixCross: autoDraw = True
262.2257 	EXP 	FixCross: autoDraw = False
262.2257 	EXP 	FixCross: autoDraw = False
262.2257 	EXP 	Box: pos = array([0., 0.])
262.2257 	EXP 	Box: autoDraw = True
262.7592 	EXP 	New trial (rep=6, index=1): {'images': 'red_neutral', 'congruentcy': 0, 'corrAns': 'k', 'box_pos': 'middle', 'box_color': 'red', 'box_x': 0}
262.7612 	DATA 	Keypress: k
262.7637 	EXP 	Box: autoDraw = False
262.7637 	EXP 	FixCross: autoDraw = True
263.9191 	EXP 	FixCross: autoDraw = False
263.9191 	EXP 	FixCross: autoDraw = False
263.9191 	EXP 	Box: pos = array([0., 0.])
263.9191 	EXP 	Box: autoDraw = True
264.3275 	EXP 	New trial (rep=6, index=2): {'images': 'red_congruent', 'congruentcy': 1, 'corrAns': 'k', 'box_pos': 'right', 'box_color': 'red', 'box_x': 0.6}
264.3295 	DATA 	Keypress: k
264.3320 	EXP 	Box: autoDraw = False
264.3320 	EXP 	FixCross: autoDraw = True
265.4459 	EXP 	FixCross: autoDraw = False
265.4459 	EXP 	FixCross: autoDraw = False
265.4459 	EXP 	Box: pos = array([0.6, 0. ])
265.4459 	EXP 	Box: autoDraw = True
265.8258 	EXP 	New trial (rep=6, index=3): {'images': 'blue_congruent', 'congruentcy': 1, 'corrAns': 'a', 'box_pos': 'left', 'box_color': 'blue', 'box_x': -0.6}
265.8279 	DATA 	Keypress: k
265.8337 	EXP 	Box: autoDraw = False
265.8337 	EXP 	FixCross: autoDraw = True
266.9181 	EXP 	FixCross: autoDraw = False
266.9181 	EXP 	FixCross: autoDraw = False
266.9181 	EXP 	Box: pos = array([-0.6,  0. ])
266.9181 	EXP 	Box: autoDraw = True
267.2982 	EXP 	New trial (rep=6, index=4): {'images': 'red_incongruent', 'congruentcy': 0, 'corrAns': 'k', 'box_pos': 'left', 'box_color': 'red', 'box_x': -0.6}
267.3002 	DATA 	Keypress: a
267.3061 	EXP 	Box: autoDraw = False
267.3061 	EXP 	FixCross: autoDraw = True
268.4532 	EXP 	FixCross: autoDraw = False
268.4532 	EXP 	FixCross: autoDraw = False
268.4532 	EXP 	Box: pos = array([-0.6,  0. ])
268.4532 	EXP 	Box: autoDraw = True
268.9365 	EXP 	New trial (rep=6, index=5): {'images': 'blue_congruent', 'congruentcy': 1, 'corrAns': 'a', 'box_pos': 'left', 'box_color': 'blue', 'box_x': -0.6}
268.9386 	DATA 	Keypress: k
268.9405 	EXP 	Box: autoDraw = False
268.9405 	EXP 	FixCross: autoDraw = True
270.1883 	EXP 	FixCross: autoDraw = False
270.1883 	EXP 	FixCross: autoDraw = False
270.1883 	EXP 	Box: pos = array([-0.6,  0. ])
270.1883 	EXP 	Box: autoDraw = True
270.6970 	EXP 	New trial (rep=7, index=0): {'images': 'blue_congruent', 'congruentcy': 1, 'corrAns': 'a', 'box_pos': 'left', 'box_color': 'blue', 'box_x': -0.6}
270.6990 	DATA 	Keypress: a
270.7054 	EXP 	Box: autoDraw = False
270.7054 	EXP 	FixCross: autoDraw = True
271.8274 	EXP 	FixCross: autoDraw = False
271.8274 	EXP 	FixCross: autoDraw = False
271.8274 	EXP 	Box: pos = array([-0.6,  0. ])
271.8274 	EXP 	Box: autoDraw = True
272.1983 	EXP 	New trial (rep=7, index=1): {'images': 'red_incongruent', 'congruentcy': 0, 'corrAns': 'k', 'box_pos': 'left', 'box_color': 'red', 'box_x': -0.6}
272.2003 	DATA 	Keypress: a
272.2023 	EXP 	Box: autoDraw = False
272.2023 	EXP 	FixCross: autoDraw = True
273.3168 	EXP 	FixCross: autoDraw = False
273.3168 	EXP 	FixCross: autoDraw = False
273.3168 	EXP 	Box: pos = array([-0.6,  0. ])
273.3168 	EXP 	Box: autoDraw = True
273.7416 	EXP 	New trial (rep=7, index=2): {'images': 'red_congruent', 'congruentcy': 1, 'corrAns': 'k', 'box_pos': 'right', 'box_color': 'red', 'box_x': 0.6}
273.7437 	DATA 	Keypress: k
273.7462 	EXP 	Box: autoDraw = False
273.7462 	EXP 	FixCross: autoDraw = True
274.9351 	EXP 	FixCross: autoDraw = False
274.9351 	EXP 	FixCross: autoDraw = False
274.9351 	EXP 	Box: pos = array([0.6, 0. ])
274.9351 	EXP 	Box: autoDraw = True
275.4230 	EXP 	New trial (rep=7, index=3): {'images': 'red_congruent', 'congruentcy': 1, 'corrAns': 'k', 'box_pos': 'right', 'box_color': 'red', 'box_x': 0.6}
275.4251 	DATA 	Keypress: k
275.4312 	EXP 	Box: autoDraw = False
275.4312 	EXP 	FixCross: autoDraw = True
276.5033 	EXP 	FixCross: autoDraw = False
276.5033 	EXP 	FixCross: autoDraw = False
276.5033 	EXP 	Box: pos = array([0.6, 0. ])
276.5033 	EXP 	Box: autoDraw = True
276.8994 	DATA 	Keypress: k
276.9083 	EXP 	New trial (rep=7, index=4): {'images': 'red_incongruent', 'congruentcy': 0, 'corrAns': 'k', 'box_pos': 'left', 'box_color': 'red', 'box_x': -0.6}
276.9161 	EXP 	Box: autoDraw = False
276.9161 	EXP 	FixCross: autoDraw = True
278.0007 	EXP 	FixCross: autoDraw = False
278.0007 	EXP 	FixCross: autoDraw = False
278.0007 	EXP 	Box: pos = array([-0.6,  0. ])
278.0007 	EXP 	Box: autoDraw = True
278.4058 	DATA 	Keypress: k
278.4137 	EXP 	New trial (rep=7, index=5): {'images': 'blue_incongruent', 'congruentcy': 0, 'corrAns': 'a', 'box_pos': 'right', 'box_color': 'blue', 'box_x': 0.6}
278.4220 	EXP 	Box: autoDraw = False
278.4220 	EXP 	FixCross: autoDraw = True
279.5691 	EXP 	FixCross: autoDraw = False
279.5691 	EXP 	FixCross: autoDraw = False
279.5691 	EXP 	Box: pos = array([0.6, 0. ])
279.5691 	EXP 	Box: autoDraw = True
279.9400 	DATA 	Keypress: a
279.9694 	EXP 	Box: autoDraw = False
279.9694 	EXP 	text_2: text = 'Biraz mola verebilirsiniz. \n\n 48 adet doğru cevap verdiniz. \n Ortalama cevap süreniz 3.7e+02ms.\n\n Devam etmek için BOŞLUK tuşuna basınız.'
279.9694 	EXP 	text_2: autoDraw = True
291.8980 	EXP 	Imported SimonTask.xlsx as conditions, 6 conditions, 6 params
291.8983 	EXP 	Created sequence: fullRandom, trialTypes=6, nReps=8, seed=None
291.8986 	EXP 	New trial (rep=0, index=0): {'images': 'blue_incongruent', 'congruentcy': 0, 'corrAns': 'a', 'box_pos': 'right', 'box_color': 'blue', 'box_x': 0.6}
291.9010 	DATA 	Keypress: space
291.9070 	EXP 	text_2: autoDraw = False
291.9070 	EXP 	FixCross: autoDraw = True
293.0041 	EXP 	FixCross: autoDraw = False
293.0041 	EXP 	FixCross: autoDraw = False
293.0041 	EXP 	Box: pos = array([0.6, 0. ])
293.0041 	EXP 	Box: autoDraw = True
293.3925 	EXP 	New trial (rep=0, index=1): {'images': 'blue_congruent', 'congruentcy': 1, 'corrAns': 'a', 'box_pos': 'left', 'box_color': 'blue', 'box_x': -0.6}
293.3952 	DATA 	Keypress: a
293.4005 	EXP 	Box: autoDraw = False
293.4005 	EXP 	FixCross: autoDraw = True
294.5600 	EXP 	FixCross: autoDraw = False
294.5600 	EXP 	FixCross: autoDraw = False
294.5600 	EXP 	Box: pos = array([-0.6,  0. ])
294.5600 	EXP 	Box: autoDraw = True
294.8434 	EXP 	New trial (rep=0, index=2): {'images': 'blue_incongruent', 'congruentcy': 0, 'corrAns': 'a', 'box_pos': 'right', 'box_color': 'blue', 'box_x': 0.6}
294.8456 	DATA 	Keypress: a
294.8520 	EXP 	Box: autoDraw = False
294.8520 	EXP 	FixCross: autoDraw = True
295.8947 	EXP 	FixCross: autoDraw = False
295.8947 	EXP 	FixCross: autoDraw = False
295.8947 	EXP 	Box: pos = array([0.6, 0. ])
295.8947 	EXP 	Box: autoDraw = True
296.2158 	DATA 	Keypress: a
296.2247 	EXP 	New trial (rep=0, index=3): {'images': 'red_incongruent', 'congruentcy': 0, 'corrAns': 'k', 'box_pos': 'left', 'box_color': 'red', 'box_x': -0.6}
296.2327 	EXP 	Box: autoDraw = False
296.2327 	EXP 	FixCross: autoDraw = True
297.4296 	EXP 	FixCross: autoDraw = False
297.4296 	EXP 	FixCross: autoDraw = False
297.4296 	EXP 	Box: pos = array([-0.6,  0. ])
297.4296 	EXP 	Box: autoDraw = True
297.8632 	DATA 	Keypress: k
297.8721 	EXP 	New trial (rep=0, index=4): {'images': 'red_neutral', 'congruentcy': 0, 'corrAns': 'k', 'box_pos': 'middle', 'box_color': 'red', 'box_x': 0}
297.8801 	EXP 	Box: autoDraw = False
297.8801 	EXP 	FixCross: autoDraw = True
299.0564 	EXP 	FixCross: autoDraw = False
299.0564 	EXP 	FixCross: autoDraw = False
299.0564 	EXP 	Box: pos = array([0., 0.])
299.0564 	EXP 	Box: autoDraw = True
299.4775 	EXP 	New trial (rep=0, index=5): {'images': 'blue_neutral', 'congruentcy': 0, 'corrAns': 'a', 'box_pos': 'middle', 'box_color': 'blue', 'box_x': 0}
299.4795 	DATA 	Keypress: k
299.4862 	EXP 	Box: autoDraw = False
299.4862 	EXP 	FixCross: autoDraw = True
300.5455 	EXP 	FixCross: autoDraw = False
300.5455 	EXP 	FixCross: autoDraw = False
300.5455 	EXP 	Box: pos = array([0., 0.])
300.5455 	EXP 	Box: autoDraw = True
301.0128 	EXP 	New trial (rep=1, index=0): {'images': 'blue_congruent', 'congruentcy': 1, 'corrAns': 'a', 'box_pos': 'left', 'box_color': 'blue', 'box_x': -0.6}
301.0149 	DATA 	Keypress: a
301.0210 	EXP 	Box: autoDraw = False
301.0210 	EXP 	FixCross: autoDraw = True
302.1930 	EXP 	FixCross: autoDraw = False
302.1930 	EXP 	FixCross: autoDraw = False
302.1930 	EXP 	Box: pos = array([-0.6,  0. ])
302.1930 	EXP 	Box: autoDraw = True
302.5432 	DATA 	Keypress: a
302.5522 	EXP 	New trial (rep=1, index=1): {'images': 'red_neutral', 'congruentcy': 0, 'corrAns': 'k', 'box_pos': 'middle', 'box_color': 'red', 'box_x': 0}
302.5602 	EXP 	Box: autoDraw = False
302.5602 	EXP 	FixCross: autoDraw = True
303.7741 	EXP 	FixCross: autoDraw = False
303.7741 	EXP 	FixCross: autoDraw = False
303.7741 	EXP 	Box: pos = array([0., 0.])
303.7741 	EXP 	Box: autoDraw = True
304.1246 	EXP 	New trial (rep=1, index=2): {'images': 'red_congruent', 'congruentcy': 1, 'corrAns': 'k', 'box_pos': 'right', 'box_color': 'red', 'box_x': 0.6}
304.1266 	DATA 	Keypress: k
304.1327 	EXP 	Box: autoDraw = False
304.1327 	EXP 	FixCross: autoDraw = True
305.3923 	EXP 	FixCross: autoDraw = False
305.3923 	EXP 	FixCross: autoDraw = False
305.3923 	EXP 	Box: pos = array([0.6, 0. ])
305.3923 	EXP 	Box: autoDraw = True
305.8510 	EXP 	New trial (rep=1, index=3): {'images': 'red_incongruent', 'congruentcy': 0, 'corrAns': 'k', 'box_pos': 'left', 'box_color': 'red', 'box_x': -0.6}
305.8530 	DATA 	Keypress: k
305.8595 	EXP 	Box: autoDraw = False
305.8595 	EXP 	FixCross: autoDraw = True
306.9440 	EXP 	FixCross: autoDraw = False
306.9440 	EXP 	FixCross: autoDraw = False
306.9440 	EXP 	Box: pos = array([-0.6,  0. ])
306.9440 	EXP 	Box: autoDraw = True
307.3783 	EXP 	New trial (rep=1, index=4): {'images': 'red_congruent', 'congruentcy': 1, 'corrAns': 'k', 'box_pos': 'right', 'box_color': 'red', 'box_x': 0.6}
307.3804 	DATA 	Keypress: k
307.3861 	EXP 	Box: autoDraw = False
307.3861 	EXP 	FixCross: autoDraw = True
308.4789 	EXP 	FixCross: autoDraw = False
308.4789 	EXP 	FixCross: autoDraw = False
308.4789 	EXP 	Box: pos = array([0.6, 0. ])
308.4789 	EXP 	Box: autoDraw = True
308.8626 	EXP 	New trial (rep=1, index=5): {'images': 'blue_neutral', 'congruentcy': 0, 'corrAns': 'a', 'box_pos': 'middle', 'box_color': 'blue', 'box_x': 0}
308.8647 	DATA 	Keypress: k
308.8711 	EXP 	Box: autoDraw = False
308.8711 	EXP 	FixCross: autoDraw = True
309.9722 	EXP 	FixCross: autoDraw = False
309.9722 	EXP 	FixCross: autoDraw = False
309.9722 	EXP 	Box: pos = array([0., 0.])
309.9722 	EXP 	Box: autoDraw = True
310.3560 	EXP 	New trial (rep=2, index=0): {'images': 'red_incongruent', 'congruentcy': 0, 'corrAns': 'k', 'box_pos': 'left', 'box_color': 'red', 'box_x': -0.6}
310.3590 	DATA 	Keypress: a
310.3643 	EXP 	Box: autoDraw = False
310.3643 	EXP 	FixCross: autoDraw = True
311.5113 	EXP 	FixCross: autoDraw = False
311.5113 	EXP 	FixCross: autoDraw = False
311.5113 	EXP 	Box: pos = array([-0.6,  0. ])
311.5113 	EXP 	Box: autoDraw = True
311.8914 	EXP 	New trial (rep=2, index=1): {'images': 'blue_incongruent', 'congruentcy': 0, 'corrAns': 'a', 'box_pos': 'right', 'box_color': 'blue', 'box_x': 0.6}
311.8947 	DATA 	Keypress: k
311.8993 	EXP 	Box: autoDraw = False
311.8993 	EXP 	FixCross: autoDraw = True
312.9461 	EXP 	FixCross: autoDraw = False
312.9461 	EXP 	FixCross: autoDraw = False
312.9461 	EXP 	Box: pos = array([0.6, 0. ])
312.9461 	EXP 	Box: autoDraw = True
313.2966 	DATA 	Keypress: a
313.3047 	EXP 	New trial (rep=2, index=2): {'images': 'blue_congruent', 'congruentcy': 1, 'corrAns': 'a', 'box_pos': 'left', 'box_color': 'blue', 'box_x': -0.6}
313.3090 	EXP 	Box: autoDraw = False
313.3090 	EXP 	FixCross: autoDraw = True
314.3977 	EXP 	FixCross: autoDraw = False
314.3977 	EXP 	FixCross: autoDraw = False
314.3977 	EXP 	Box: pos = array([-0.6,  0. ])
314.3977 	EXP 	Box: autoDraw = True
314.6980 	DATA 	Keypress: a
314.7070 	EXP 	New trial (rep=2, index=3): {'images': 'red_incongruent', 'congruentcy': 0, 'corrAns': 'k', 'box_pos': 'left', 'box_color': 'red', 'box_x': -0.6}
314.7146 	EXP 	Box: autoDraw = False
314.7146 	EXP 	FixCross: autoDraw = True
315.8076 	EXP 	FixCross: autoDraw = False
315.8076 	EXP 	FixCross: autoDraw = False
315.8076 	EXP 	Box: pos = array([-0.6,  0. ])
315.8076 	EXP 	Box: autoDraw = True
316.2504 	DATA 	Keypress: k
316.2584 	EXP 	New trial (rep=2, index=4): {'images': 'red_congruent', 'congruentcy': 1, 'corrAns': 'k', 'box_pos': 'right', 'box_color': 'red', 'box_x': 0.6}
316.2665 	EXP 	Box: autoDraw = False
316.2665 	EXP 	FixCross: autoDraw = True
317.5511 	EXP 	FixCross: autoDraw = False
317.5511 	EXP 	FixCross: autoDraw = False
317.5511 	EXP 	Box: pos = array([0.6, 0. ])
317.5511 	EXP 	Box: autoDraw = True
318.1351 	EXP 	New trial (rep=2, index=5): {'images': 'blue_neutral', 'congruentcy': 0, 'corrAns': 'a', 'box_pos': 'middle', 'box_color': 'blue', 'box_x': 0}
318.1372 	DATA 	Keypress: k
318.1432 	EXP 	Box: autoDraw = False
318.1432 	EXP 	FixCross: autoDraw = True
319.2655 	EXP 	FixCross: autoDraw = False
319.2655 	EXP 	FixCross: autoDraw = False
319.2655 	EXP 	Box: pos = array([0., 0.])
319.2655 	EXP 	Box: autoDraw = True
319.6365 	EXP 	New trial (rep=3, index=0): {'images': 'red_incongruent', 'congruentcy': 0, 'corrAns': 'k', 'box_pos': 'left', 'box_color': 'red', 'box_x': -0.6}
319.6385 	DATA 	Keypress: a
319.6448 	EXP 	Box: autoDraw = False
319.6448 	EXP 	FixCross: autoDraw = True
320.7378 	EXP 	FixCross: autoDraw = False
320.7378 	EXP 	FixCross: autoDraw = False
320.7378 	EXP 	Box: pos = array([-0.6,  0. ])
320.7378 	EXP 	Box: autoDraw = True
321.1338 	EXP 	New trial (rep=3, index=1): {'images': 'blue_neutral', 'congruentcy': 0, 'corrAns': 'a', 'box_pos': 'middle', 'box_color': 'blue', 'box_x': 0}
321.1359 	DATA 	Keypress: k
321.1424 	EXP 	Box: autoDraw = False
321.1424 	EXP 	FixCross: autoDraw = True
322.3228 	EXP 	FixCross: autoDraw = False
322.3228 	EXP 	FixCross: autoDraw = False
322.3228 	EXP 	Box: pos = array([0., 0.])
322.3228 	EXP 	Box: autoDraw = True
322.7062 	DATA 	Keypress: a
322.7152 	EXP 	New trial (rep=3, index=2): {'images': 'blue_incongruent', 'congruentcy': 0, 'corrAns': 'a', 'box_pos': 'right', 'box_color': 'blue', 'box_x': 0.6}
322.7232 	EXP 	Box: autoDraw = False
322.7232 	EXP 	FixCross: autoDraw = True
323.8370 	EXP 	FixCross: autoDraw = False
323.8370 	EXP 	FixCross: autoDraw = False
323.8370 	EXP 	Box: pos = array([0.6, 0. ])
323.8370 	EXP 	Box: autoDraw = True
324.3036 	EXP 	New trial (rep=3, index=3): {'images': 'red_congruent', 'congruentcy': 1, 'corrAns': 'k', 'box_pos': 'right', 'box_color': 'red', 'box_x': 0.6}
324.3056 	DATA 	Keypress: a
324.3082 	EXP 	Box: autoDraw = False
324.3082 	EXP 	FixCross: autoDraw = True
325.4678 	EXP 	FixCross: autoDraw = False
325.4678 	EXP 	FixCross: autoDraw = False
325.4678 	EXP 	Box: pos = array([0.6, 0. ])
325.4678 	EXP 	Box: autoDraw = True
325.8469 	EXP 	New trial (rep=3, index=4): {'images': 'blue_congruent', 'congruentcy': 1, 'corrAns': 'a', 'box_pos': 'left', 'box_color': 'blue', 'box_x': -0.6}
325.8489 	DATA 	Keypress: k
325.8515 	EXP 	Box: autoDraw = False
325.8515 	EXP 	FixCross: autoDraw = True
327.0779 	EXP 	FixCross: autoDraw = False
327.0779 	EXP 	FixCross: autoDraw = False
327.0779 	EXP 	Box: pos = array([-0.6,  0. ])
327.0779 	EXP 	Box: autoDraw = True
327.3953 	DATA 	Keypress: a
327.4033 	EXP 	New trial (rep=3, index=5): {'images': 'red_incongruent', 'congruentcy': 0, 'corrAns': 'k', 'box_pos': 'left', 'box_color': 'red', 'box_x': -0.6}
327.4115 	EXP 	Box: autoDraw = False
327.4115 	EXP 	FixCross: autoDraw = True
328.5002 	EXP 	FixCross: autoDraw = False
328.5002 	EXP 	FixCross: autoDraw = False
328.5002 	EXP 	Box: pos = array([-0.6,  0. ])
328.5002 	EXP 	Box: autoDraw = True
328.8677 	DATA 	Keypress: k
328.8756 	EXP 	New trial (rep=4, index=0): {'images': 'blue_neutral', 'congruentcy': 0, 'corrAns': 'a', 'box_pos': 'middle', 'box_color': 'blue', 'box_x': 0}
328.8839 	EXP 	Box: autoDraw = False
328.8839 	EXP 	FixCross: autoDraw = True
329.9810 	EXP 	FixCross: autoDraw = False
329.9810 	EXP 	FixCross: autoDraw = False
329.9810 	EXP 	Box: pos = array([0., 0.])
329.9810 	EXP 	Box: autoDraw = True
330.2939 	EXP 	New trial (rep=4, index=1): {'images': 'red_neutral', 'congruentcy': 0, 'corrAns': 'k', 'box_pos': 'middle', 'box_color': 'red', 'box_x': 0}
330.2960 	DATA 	Keypress: a
330.3021 	EXP 	Box: autoDraw = False
330.3021 	EXP 	FixCross: autoDraw = True
331.3699 	EXP 	FixCross: autoDraw = False
331.3699 	EXP 	FixCross: autoDraw = False
331.3699 	EXP 	Box: pos = array([0., 0.])
331.3699 	EXP 	Box: autoDraw = True
331.7533 	EXP 	New trial (rep=4, index=2): {'images': 'blue_congruent', 'congruentcy': 1, 'corrAns': 'a', 'box_pos': 'left', 'box_color': 'blue', 'box_x': -0.6}
331.7553 	DATA 	Keypress: k
331.7578 	EXP 	Box: autoDraw = False
331.7578 	EXP 	FixCross: autoDraw = True
332.8632 	EXP 	FixCross: autoDraw = False
332.8632 	EXP 	FixCross: autoDraw = False
332.8632 	EXP 	Box: pos = array([-0.6,  0. ])
332.8632 	EXP 	Box: autoDraw = True
333.1886 	DATA 	Keypress: a
333.1966 	EXP 	New trial (rep=4, index=3): {'images': 'red_congruent', 'congruentcy': 1, 'corrAns': 'k', 'box_pos': 'right', 'box_color': 'red', 'box_x': 0.6}
333.2009 	EXP 	Box: autoDraw = False
333.2009 	EXP 	FixCross: autoDraw = True
334.3106 	EXP 	FixCross: autoDraw = False
334.3106 	EXP 	FixCross: autoDraw = False
334.3106 	EXP 	Box: pos = array([0.6, 0. ])
334.3106 	EXP 	Box: autoDraw = True
334.6860 	EXP 	New trial (rep=4, index=4): {'images': 'blue_congruent', 'congruentcy': 1, 'corrAns': 'a', 'box_pos': 'left', 'box_color': 'blue', 'box_x': -0.6}
334.6880 	DATA 	Keypress: k
334.6943 	EXP 	Box: autoDraw = False
334.6943 	EXP 	FixCross: autoDraw = True
335.7828 	EXP 	FixCross: autoDraw = False
335.7828 	EXP 	FixCross: autoDraw = False
335.7828 	EXP 	Box: pos = array([-0.6,  0. ])
335.7828 	EXP 	Box: autoDraw = True
336.1423 	EXP 	New trial (rep=4, index=5): {'images': 'blue_incongruent', 'congruentcy': 0, 'corrAns': 'a', 'box_pos': 'right', 'box_color': 'blue', 'box_x': 0.6}
336.1443 	DATA 	Keypress: a
336.1498 	EXP 	Box: autoDraw = False
336.1498 	EXP 	FixCross: autoDraw = True
337.2176 	EXP 	FixCross: autoDraw = False
337.2176 	EXP 	FixCross: autoDraw = False
337.2176 	EXP 	Box: pos = array([0.6, 0. ])
337.2176 	EXP 	Box: autoDraw = True
337.7397 	DATA 	Keypress: a
337.7476 	EXP 	New trial (rep=5, index=0): {'images': 'red_neutral', 'congruentcy': 0, 'corrAns': 'k', 'box_pos': 'middle', 'box_color': 'red', 'box_x': 0}
337.7557 	EXP 	Box: autoDraw = False
337.7557 	EXP 	FixCross: autoDraw = True
338.8529 	EXP 	FixCross: autoDraw = False
338.8529 	EXP 	FixCross: autoDraw = False
338.8529 	EXP 	Box: pos = array([0., 0.])
338.8529 	EXP 	Box: autoDraw = True
339.2240 	EXP 	New trial (rep=5, index=1): {'images': 'red_incongruent', 'congruentcy': 0, 'corrAns': 'k', 'box_pos': 'left', 'box_color': 'red', 'box_x': -0.6}
339.2261 	DATA 	Keypress: k
339.2324 	EXP 	Box: autoDraw = False
339.2324 	EXP 	FixCross: autoDraw = True
340.3836 	EXP 	FixCross: autoDraw = False
340.3836 	EXP 	FixCross: autoDraw = False
340.3836 	EXP 	Box: pos = array([-0.6,  0. ])
340.3836 	EXP 	Box: autoDraw = True
340.9674 	EXP 	New trial (rep=5, index=2): {'images': 'blue_neutral', 'congruentcy': 0, 'corrAns': 'a', 'box_pos': 'middle', 'box_color': 'blue', 'box_x': 0}
340.9694 	DATA 	Keypress: k
340.9760 	EXP 	Box: autoDraw = False
340.9760 	EXP 	FixCross: autoDraw = True
342.1062 	EXP 	FixCross: autoDraw = False
342.1062 	EXP 	FixCross: autoDraw = False
342.1062 	EXP 	Box: pos = array([0., 0.])
342.1062 	EXP 	Box: autoDraw = True
342.5407 	DATA 	Keypress: a
342.5487 	EXP 	New trial (rep=5, index=3): {'images': 'blue_incongruent', 'congruentcy': 0, 'corrAns': 'a', 'box_pos': 'right', 'box_color': 'blue', 'box_x': 0.6}
342.5568 	EXP 	Box: autoDraw = False
342.5568 	EXP 	FixCross: autoDraw = True
343.6581 	EXP 	FixCross: autoDraw = False
343.6581 	EXP 	FixCross: autoDraw = False
343.6581 	EXP 	Box: pos = array([0.6, 0. ])
343.6581 	EXP 	Box: autoDraw = True
344.1881 	EXP 	New trial (rep=5, index=4): {'images': 'blue_incongruent', 'congruentcy': 0, 'corrAns': 'a', 'box_pos': 'right', 'box_color': 'blue', 'box_x': 0.6}
344.1901 	DATA 	Keypress: a
344.1960 	EXP 	Box: autoDraw = False
344.1960 	EXP 	FixCross: autoDraw = True
345.2681 	EXP 	FixCross: autoDraw = False
345.2681 	EXP 	FixCross: autoDraw = False
345.2681 	EXP 	Box: pos = array([0.6, 0. ])
345.2681 	EXP 	Box: autoDraw = True
345.7355 	EXP 	New trial (rep=5, index=5): {'images': 'blue_incongruent', 'congruentcy': 0, 'corrAns': 'a', 'box_pos': 'right', 'box_color': 'blue', 'box_x': 0.6}
345.7375 	DATA 	Keypress: a
345.7435 	EXP 	Box: autoDraw = False
345.7435 	EXP 	FixCross: autoDraw = True
347.0116 	EXP 	FixCross: autoDraw = False
347.0116 	EXP 	FixCross: autoDraw = False
347.0116 	EXP 	Box: pos = array([0.6, 0. ])
347.0116 	EXP 	Box: autoDraw = True
347.3538 	EXP 	New trial (rep=6, index=0): {'images': 'blue_neutral', 'congruentcy': 0, 'corrAns': 'a', 'box_pos': 'middle', 'box_color': 'blue', 'box_x': 0}
347.3559 	DATA 	Keypress: a
347.3619 	EXP 	Box: autoDraw = False
347.3619 	EXP 	FixCross: autoDraw = True
348.4881 	EXP 	FixCross: autoDraw = False
348.4881 	EXP 	FixCross: autoDraw = False
348.4881 	EXP 	Box: pos = array([0., 0.])
348.4881 	EXP 	Box: autoDraw = True
348.8932 	EXP 	New trial (rep=6, index=1): {'images': 'red_neutral', 'congruentcy': 0, 'corrAns': 'k', 'box_pos': 'middle', 'box_color': 'red', 'box_x': 0}
348.8952 	DATA 	Keypress: a
348.9012 	EXP 	Box: autoDraw = False
348.9012 	EXP 	FixCross: autoDraw = True
350.0899 	EXP 	FixCross: autoDraw = False
350.0899 	EXP 	FixCross: autoDraw = False
350.0899 	EXP 	Box: pos = array([0., 0.])
350.0899 	EXP 	Box: autoDraw = True
350.4735 	EXP 	New trial (rep=6, index=2): {'images': 'red_neutral', 'congruentcy': 0, 'corrAns': 'k', 'box_pos': 'middle', 'box_color': 'red', 'box_x': 0}
350.4756 	DATA 	Keypress: k
350.4819 	EXP 	Box: autoDraw = False
350.4819 	EXP 	FixCross: autoDraw = True
351.5954 	EXP 	FixCross: autoDraw = False
351.5954 	EXP 	FixCross: autoDraw = False
351.5954 	EXP 	Box: pos = array([0., 0.])
351.5954 	EXP 	Box: autoDraw = True
351.9298 	EXP 	New trial (rep=6, index=3): {'images': 'blue_neutral', 'congruentcy': 0, 'corrAns': 'a', 'box_pos': 'middle', 'box_color': 'blue', 'box_x': 0}
351.9319 	DATA 	Keypress: k
351.9376 	EXP 	Box: autoDraw = False
351.9376 	EXP 	FixCross: autoDraw = True
352.9930 	EXP 	FixCross: autoDraw = False
352.9930 	EXP 	FixCross: autoDraw = False
352.9930 	EXP 	Box: pos = array([0., 0.])
352.9930 	EXP 	Box: autoDraw = True
353.4182 	EXP 	New trial (rep=6, index=4): {'images': 'red_incongruent', 'congruentcy': 0, 'corrAns': 'k', 'box_pos': 'left', 'box_color': 'red', 'box_x': -0.6}
353.4202 	DATA 	Keypress: a
353.4267 	EXP 	Box: autoDraw = False
353.4267 	EXP 	FixCross: autoDraw = True
354.4945 	EXP 	FixCross: autoDraw = False
354.4945 	EXP 	FixCross: autoDraw = False
354.4945 	EXP 	Box: pos = array([-0.6,  0. ])
354.4945 	EXP 	Box: autoDraw = True
354.8905 	EXP 	New trial (rep=6, index=5): {'images': 'blue_congruent', 'congruentcy': 1, 'corrAns': 'a', 'box_pos': 'left', 'box_color': 'blue', 'box_x': -0.6}
354.8926 	DATA 	Keypress: k
354.8991 	EXP 	Box: autoDraw = False
354.8991 	EXP 	FixCross: autoDraw = True
355.9669 	EXP 	FixCross: autoDraw = False
355.9669 	EXP 	FixCross: autoDraw = False
355.9669 	EXP 	Box: pos = array([-0.6,  0. ])
355.9669 	EXP 	Box: autoDraw = True
356.3469 	EXP 	New trial (rep=7, index=0): {'images': 'red_congruent', 'congruentcy': 1, 'corrAns': 'k', 'box_pos': 'right', 'box_color': 'red', 'box_x': 0.6}
356.3489 	DATA 	Keypress: a
356.3548 	EXP 	Box: autoDraw = False
356.3548 	EXP 	FixCross: autoDraw = True
357.4726 	EXP 	FixCross: autoDraw = False
357.4726 	EXP 	FixCross: autoDraw = False
357.4726 	EXP 	Box: pos = array([0.6, 0. ])
357.4726 	EXP 	Box: autoDraw = True
357.8152 	DATA 	Keypress: k
357.8232 	EXP 	New trial (rep=7, index=1): {'images': 'red_neutral', 'congruentcy': 0, 'corrAns': 'k', 'box_pos': 'middle', 'box_color': 'red', 'box_x': 0}
357.8314 	EXP 	Box: autoDraw = False
357.8314 	EXP 	FixCross: autoDraw = True
358.8824 	EXP 	FixCross: autoDraw = False
358.8824 	EXP 	FixCross: autoDraw = False
358.8824 	EXP 	Box: pos = array([0., 0.])
358.8824 	EXP 	Box: autoDraw = True
359.2455 	EXP 	New trial (rep=7, index=2): {'images': 'red_neutral', 'congruentcy': 0, 'corrAns': 'k', 'box_pos': 'middle', 'box_color': 'red', 'box_x': 0}
359.2475 	DATA 	Keypress: k
359.2537 	EXP 	Box: autoDraw = False
359.2537 	EXP 	FixCross: autoDraw = True
360.3964 	EXP 	FixCross: autoDraw = False
360.3964 	EXP 	FixCross: autoDraw = False
360.3964 	EXP 	Box: pos = array([0., 0.])
360.3964 	EXP 	Box: autoDraw = True
360.7388 	EXP 	New trial (rep=7, index=3): {'images': 'red_congruent', 'congruentcy': 1, 'corrAns': 'k', 'box_pos': 'right', 'box_color': 'red', 'box_x': 0.6}
360.7409 	DATA 	Keypress: k
360.7469 	EXP 	Box: autoDraw = False
360.7469 	EXP 	FixCross: autoDraw = True
361.9232 	EXP 	FixCross: autoDraw = False
361.9232 	EXP 	FixCross: autoDraw = False
361.9232 	EXP 	Box: pos = array([0.6, 0. ])
361.9232 	EXP 	Box: autoDraw = True
362.3112 	DATA 	Keypress: k
362.3192 	EXP 	New trial (rep=7, index=4): {'images': 'blue_congruent', 'congruentcy': 1, 'corrAns': 'a', 'box_pos': 'left', 'box_color': 'blue', 'box_x': -0.6}
362.3239 	EXP 	Box: autoDraw = False
362.3239 	EXP 	FixCross: autoDraw = True
363.3831 	EXP 	FixCross: autoDraw = False
363.3831 	EXP 	FixCross: autoDraw = False
363.3831 	EXP 	Box: pos = array([-0.6,  0. ])
363.3831 	EXP 	Box: autoDraw = True
363.7665 	EXP 	New trial (rep=7, index=5): {'images': 'red_congruent', 'congruentcy': 1, 'corrAns': 'k', 'box_pos': 'right', 'box_color': 'red', 'box_x': 0.6}
363.7686 	DATA 	Keypress: a
363.7752 	EXP 	Box: autoDraw = False
363.7752 	EXP 	FixCross: autoDraw = True
364.8470 	EXP 	FixCross: autoDraw = False
364.8470 	EXP 	FixCross: autoDraw = False
364.8470 	EXP 	Box: pos = array([0.6, 0. ])
364.8470 	EXP 	Box: autoDraw = True
365.2019 	DATA 	Keypress: k
366.4762 	DATA 	Keypress: k
366.4823 	EXP 	Box: autoDraw = False
366.4823 	EXP 	text_2: text = 'Biraz mola verebilirsiniz. \n\n 48 adet doğru cevap verdiniz. \n Ortalama cevap süreniz 1.61e+03ms.\n\n Devam etmek için BOŞLUK tuşuna basınız.'
366.4823 	EXP 	text_2: autoDraw = True
380.1720 	DATA 	Keypress: space
380.1884 	EXP 	text_2: autoDraw = False
380.1884 	EXP 	text: autoDraw = True
399.0496 	DATA 	Keypress: space
399.0543 	EXP 	text: autoDraw = False
399.1038 	EXP 	window1: mouseVisible = True
