1.7940 	WARNING 	We strongly recommend you activate the PTB sound engine in PsychoPy prefs as the preferred audio engine. Its timing is vastly superior. Your prefs are currently set to use ['sounddevice', 'PTB', 'pyo', 'pygame'] (in that order).
14.0291 	WARNING 	User requested fullscreen with size [1440  900], but screen is actually [1920, 1080]. Using actual size
14.6712 	EXP 	Created window1 = Window(allowGUI=False, allowStencil=False, autoLog=True, backendConf=UNKNOWN, bitsMode=UNKNOWN, blendMode='avg', bpc=(8, 8, 8), color=array([1, 1, 1]), colorSpace='rgb', depthBits=8, fullscr=<method-wrapper '__getattribute__' of attributeSetter object at 0x000001DC90FEC9B0>, gamma=None, gammaErrorPolicy='raise', lms=UNKNOWN, monitor=<psychopy.monitors.calibTools.Monitor object at 0x000001DC90A54080>, multiSample=False, name='window1', numSamples=2, pos=[0.0, 0.0], screen=0, size=array([1920, 1080]), stencilBits=0, stereo=False, units='height', useFBO=True, useRetina=False, viewOri=0.0, viewPos=None, viewScale=None, waitBlanking=True, winType='pyglet')
14.6715 	EXP 	window1: mouseVisible = True
14.6715 	EXP 	window1: recordFrameIntervals = False
14.7125 	EXP 	window1: recordFrameIntervals = True
14.7583 	EXP 	window1: recordFrameIntervals = False
15.0590 	EXP 	window1: mouseVisible = False
15.1535 	EXP 	Created Instruction = TextStim(__class__=<class 'psychopy.visual.text.TextStim'>, alignHoriz=method-wrapper(...), alignText='center', alignVert=method-wrapper(...), anchorHoriz='center', anchorVert='center', antialias=True, autoLog=True, bold=False, color=array([-1, -1, -1]), colorSpace='rgb', contrast=1.0, depth=0.0, flipHoriz=False, flipVert=False, font='Open Sans', fontFiles=[], height=0.04, italic=False, languageStyle='LTR', name='Instruction', opacity=1, ori=0.0, pos=array([0., 0.]), rgb=UNKNOWN, text=str(...), units='height', win=Window(...), wrapWidth=1)
15.1568 	EXP 	Created FixCross = ShapeStim(__class__=<class 'psychopy.visual.shape.ShapeStim'>, autoDraw=False, autoLog=True, closeShape=True, color=method-wrapper(...), colorSpace='rgb', contrast=None, depth=0.0, fillColor=array([-1, -1, -1]), fillColorSpace='rgb', fillRGB=UNKNOWN, interpolate=True, lineColor=array([-1, -1, -1]), lineColorSpace='rgb', lineRGB=UNKNOWN, lineWidth=1.0, name='FixCross', opacity=1, ori=0.0, pos=array([0., 0.]), size=array([20., 20.]), units='pix', vertices=ndarray(...), win=Window(...), windingRule=None)
15.1578 	EXP 	Created Box_p = Rect(__class__=<class 'psychopy.visual.rect.Rect'>, autoDraw=False, autoLog=True, closeShape=True, color=method-wrapper(...), colorSpace='rgb', contrast=None, depth=0.0, fillColor=array([1, 1, 1]), fillColorSpace='rgb', fillRGB=UNKNOWN, interpolate=True, lineColor=array([1, 1, 1]), lineColorSpace='rgb', lineRGB=UNKNOWN, lineWidth=1.0, name='Box_p', opacity=1, ori=0.0, pos=array([0., 0.]), size=array([0.05, 0.05]), units='height', vertices=ndarray(...), win=Window(...))
15.1589 	EXP 	Created FB_msg = TextStim(__class__=<class 'psychopy.visual.text.TextStim'>, alignHoriz=method-wrapper(...), alignText='center', alignVert=method-wrapper(...), anchorHoriz='center', anchorVert='center', antialias=True, autoLog=True, bold=False, color=array([1, 1, 1]), colorSpace='rgb', contrast=1.0, depth=-1.0, flipHoriz=False, flipVert=False, font='Open Sans', fontFiles=[], height=0.06, italic=False, languageStyle='LTR', name='FB_msg', opacity=1, ori=0.0, pos=array([0., 0.]), rgb=UNKNOWN, text='', units='height', win=Window(...), wrapWidth=1)
15.1600 	EXP 	Created text_3 = TextStim(__class__=<class 'psychopy.visual.text.TextStim'>, alignHoriz=method-wrapper(...), alignText='center', alignVert=method-wrapper(...), anchorHoriz='center', anchorVert='center', antialias=True, autoLog=True, bold=False, color=array([-1, -1, -1]), colorSpace='rgb', contrast=1.0, depth=-1.0, flipHoriz=False, flipVert=False, font='Open Sans', fontFiles=[], height=0.05, italic=False, languageStyle='LTR', name='text_3', opacity=1, ori=0.0, pos=array([0., 0.]), rgb=UNKNOWN, text='', units='height', win=Window(...), wrapWidth=1)
15.1751 	EXP 	Created instr_text_2 = TextStim(__class__=<class 'psychopy.visual.text.TextStim'>, alignHoriz=method-wrapper(...), alignText='center', alignVert=method-wrapper(...), anchorHoriz='center', anchorVert='center', antialias=True, autoLog=True, bold=False, color=array([-1, -1, -1]), colorSpace='rgb', contrast=1.0, depth=0.0, flipHoriz=False, flipVert=False, font='Open Sans', fontFiles=[], height=0.05, italic=False, languageStyle='LTR', name='instr_text_2', opacity=1, ori=0.0, pos=array([0., 0.]), rgb=UNKNOWN, text=str(...), units='height', win=Window(...), wrapWidth=1)
15.1767 	EXP 	Created FixCross = ShapeStim(__class__=<class 'psychopy.visual.shape.ShapeStim'>, autoDraw=False, autoLog=True, closeShape=True, color=method-wrapper(...), colorSpace='rgb', contrast=None, depth=0.0, fillColor=array([-1, -1, -1]), fillColorSpace='rgb', fillRGB=UNKNOWN, interpolate=True, lineColor=array([-1, -1, -1]), lineColorSpace='rgb', lineRGB=UNKNOWN, lineWidth=1.0, name='FixCross', opacity=1, ori=0.0, pos=array([0., 0.]), size=array([20., 20.]), units='pix', vertices=ndarray(...), win=Window(...), windingRule=None)
15.1777 	EXP 	Created Box = Rect(__class__=<class 'psychopy.visual.rect.Rect'>, autoDraw=False, autoLog=True, closeShape=True, color=method-wrapper(...), colorSpace='rgb', contrast=None, depth=0.0, fillColor=array([1, 1, 1]), fillColorSpace='rgb', fillRGB=UNKNOWN, interpolate=True, lineColor=array([1, 1, 1]), lineColorSpace='rgb', lineRGB=UNKNOWN, lineWidth=1.0, name='Box', opacity=1, ori=0.0, pos=array([0., 0.]), size=array([0.05, 0.05]), units='height', vertices=ndarray(...), win=Window(...))
15.1782 	EXP 	Created text_2 = TextStim(__class__=<class 'psychopy.visual.text.TextStim'>, alignHoriz=method-wrapper(...), alignText='center', alignVert=method-wrapper(...), anchorHoriz='center', anchorVert='center', antialias=True, autoLog=True, bold=False, color=array([-1, -1, -1]), colorSpace='rgb', contrast=1.0, depth=-1.0, flipHoriz=False, flipVert=False, font='Open Sans', fontFiles=[], height=0.05, italic=False, languageStyle='LTR', name='text_2', opacity=1, ori=0.0, pos=array([0., 0.]), rgb=UNKNOWN, text='', units='height', win=Window(...), wrapWidth=1)
15.1796 	EXP 	Created FixCross = ShapeStim(__class__=<class 'psychopy.visual.shape.ShapeStim'>, autoDraw=False, autoLog=True, closeShape=True, color=method-wrapper(...), colorSpace='rgb', contrast=None, depth=0.0, fillColor=array([-1, -1, -1]), fillColorSpace='rgb', fillRGB=UNKNOWN, interpolate=True, lineColor=array([-1, -1, -1]), lineColorSpace='rgb', lineRGB=UNKNOWN, lineWidth=1.0, name='FixCross', opacity=1, ori=0.0, pos=array([0., 0.]), size=array([20., 20.]), units='pix', vertices=ndarray(...), win=Window(...), windingRule=None)
15.1805 	EXP 	Created Box = Rect(__class__=<class 'psychopy.visual.rect.Rect'>, autoDraw=False, autoLog=True, closeShape=True, color=method-wrapper(...), colorSpace='rgb', contrast=None, depth=0.0, fillColor=array([1, 1, 1]), fillColorSpace='rgb', fillRGB=UNKNOWN, interpolate=True, lineColor=array([1, 1, 1]), lineColorSpace='rgb', lineRGB=UNKNOWN, lineWidth=1.0, name='Box', opacity=1, ori=0.0, pos=array([0., 0.]), size=array([0.05, 0.05]), units='height', vertices=ndarray(...), win=Window(...))
15.1810 	EXP 	Created text_2 = TextStim(__class__=<class 'psychopy.visual.text.TextStim'>, alignHoriz=method-wrapper(...), alignText='center', alignVert=method-wrapper(...), anchorHoriz='center', anchorVert='center', antialias=True, autoLog=True, bold=False, color=array([-1, -1, -1]), colorSpace='rgb', contrast=1.0, depth=-1.0, flipHoriz=False, flipVert=False, font='Open Sans', fontFiles=[], height=0.05, italic=False, languageStyle='LTR', name='text_2', opacity=1, ori=0.0, pos=array([0., 0.]), rgb=UNKNOWN, text='', units='height', win=Window(...), wrapWidth=1)
15.1824 	EXP 	Created FixCross = ShapeStim(__class__=<class 'psychopy.visual.shape.ShapeStim'>, autoDraw=False, autoLog=True, closeShape=True, color=method-wrapper(...), colorSpace='rgb', contrast=None, depth=0.0, fillColor=array([-1, -1, -1]), fillColorSpace='rgb', fillRGB=UNKNOWN, interpolate=True, lineColor=array([-1, -1, -1]), lineColorSpace='rgb', lineRGB=UNKNOWN, lineWidth=1.0, name='FixCross', opacity=1, ori=0.0, pos=array([0., 0.]), size=array([20., 20.]), units='pix', vertices=ndarray(...), win=Window(...), windingRule=None)
15.1833 	EXP 	Created Box = Rect(__class__=<class 'psychopy.visual.rect.Rect'>, autoDraw=False, autoLog=True, closeShape=True, color=method-wrapper(...), colorSpace='rgb', contrast=None, depth=0.0, fillColor=array([1, 1, 1]), fillColorSpace='rgb', fillRGB=UNKNOWN, interpolate=True, lineColor=array([1, 1, 1]), lineColorSpace='rgb', lineRGB=UNKNOWN, lineWidth=1.0, name='Box', opacity=1, ori=0.0, pos=array([0., 0.]), size=array([0.05, 0.05]), units='height', vertices=ndarray(...), win=Window(...))
15.1838 	EXP 	Created text_2 = TextStim(__class__=<class 'psychopy.visual.text.TextStim'>, alignHoriz=method-wrapper(...), alignText='center', alignVert=method-wrapper(...), anchorHoriz='center', anchorVert='center', antialias=True, autoLog=True, bold=False, color=array([-1, -1, -1]), colorSpace='rgb', contrast=1.0, depth=-1.0, flipHoriz=False, flipVert=False, font='Open Sans', fontFiles=[], height=0.05, italic=False, languageStyle='LTR', name='text_2', opacity=1, ori=0.0, pos=array([0., 0.]), rgb=UNKNOWN, text='', units='height', win=Window(...), wrapWidth=1)
15.1999 	EXP 	Created text = TextStim(__class__=<class 'psychopy.visual.text.TextStim'>, alignHoriz=method-wrapper(...), alignText='center', alignVert=method-wrapper(...), anchorHoriz='center', anchorVert='center', antialias=True, autoLog=True, bold=False, color=array([-1, -1, -1]), colorSpace='rgb', contrast=1.0, depth=0.0, flipHoriz=False, flipVert=False, font='Open Sans', fontFiles=[], height=0.05, italic=False, languageStyle='LTR', name='text', opacity=1, ori=0.0, pos=array([0., 0.]), rgb=UNKNOWN, text=str(...), units='height', win=Window(...), wrapWidth=1)
15.2593 	EXP 	Instruction: autoDraw = True
39.4635 	EXP 	Imported SimonTask.xlsx as conditions, 6 conditions, 6 params
39.4639 	EXP 	Created sequence: fullRandom, trialTypes=6, nReps=4, seed=None
39.4642 	EXP 	New trial (rep=0, index=0): {'images': 'red_incongruent', 'congruentcy': 0, 'corrAns': 'k', 'box_pos': 'left', 'box_color': 'red', 'box_x': -0.6}
39.4668 	DATA 	Keypress: space
39.4721 	EXP 	Instruction: autoDraw = False
39.4721 	EXP 	FixCross: autoDraw = True
40.6317 	EXP 	FixCross: autoDraw = False
40.6317 	EXP 	FixCross: autoDraw = False
40.6317 	EXP 	Box_p: pos = array([-0.6,  0. ])
40.6317 	EXP 	Box_p: autoDraw = True
41.3890 	DATA 	Keypress: k
41.3948 	EXP 	Box_p: autoDraw = False
41.3948 	EXP 	FB_msg: text = 'Doğru cevap'
41.3948 	EXP 	FB_msg: autoDraw = True
42.3837 	EXP 	New trial (rep=0, index=1): {'images': 'blue_incongruent', 'congruentcy': 0, 'corrAns': 'a', 'box_pos': 'right', 'box_color': 'blue', 'box_x': 0.6}
42.3919 	EXP 	FB_msg: autoDraw = False
42.3919 	EXP 	FixCross: autoDraw = True
43.5012 	EXP 	FixCross: autoDraw = False
43.5012 	EXP 	FixCross: autoDraw = False
43.5012 	EXP 	Box_p: pos = array([0.6, 0. ])
43.5012 	EXP 	Box_p: autoDraw = True
44.1093 	DATA 	Keypress: a
44.1144 	EXP 	Box_p: autoDraw = False
44.1144 	EXP 	FB_msg: text = 'Doğru cevap'
44.1144 	EXP 	FB_msg: autoDraw = True
45.1077 	EXP 	New trial (rep=0, index=2): {'images': 'blue_incongruent', 'congruentcy': 0, 'corrAns': 'a', 'box_pos': 'right', 'box_color': 'blue', 'box_x': 0.6}
45.1157 	EXP 	FB_msg: autoDraw = False
45.1157 	EXP 	FixCross: autoDraw = True
46.1915 	EXP 	FixCross: autoDraw = False
46.1915 	EXP 	FixCross: autoDraw = False
46.1915 	EXP 	Box_p: pos = array([0.6, 0. ])
46.1915 	EXP 	Box_p: autoDraw = True
46.8798 	DATA 	Keypress: a
46.8967 	EXP 	Box_p: autoDraw = False
46.8967 	EXP 	FB_msg: text = 'Doğru cevap'
46.8967 	EXP 	FB_msg: autoDraw = True
47.8938 	EXP 	New trial (rep=0, index=3): {'images': 'red_neutral', 'congruentcy': 0, 'corrAns': 'k', 'box_pos': 'middle', 'box_color': 'red', 'box_x': 0}
47.9017 	EXP 	FB_msg: autoDraw = False
47.9017 	EXP 	FixCross: autoDraw = True
49.0404 	EXP 	FixCross: autoDraw = False
49.0404 	EXP 	FixCross: autoDraw = False
49.0404 	EXP 	Box_p: pos = array([0., 0.])
49.0404 	EXP 	Box_p: autoDraw = True
49.5205 	DATA 	Keypress: k
49.5370 	EXP 	Box_p: autoDraw = False
49.5370 	EXP 	FB_msg: text = 'Doğru cevap'
49.5370 	EXP 	FB_msg: autoDraw = True
50.5339 	EXP 	New trial (rep=0, index=4): {'images': 'blue_congruent', 'congruentcy': 1, 'corrAns': 'a', 'box_pos': 'left', 'box_color': 'blue', 'box_x': -0.6}
50.5420 	EXP 	FB_msg: autoDraw = False
50.5420 	EXP 	FixCross: autoDraw = True
51.6181 	EXP 	FixCross: autoDraw = False
51.6181 	EXP 	FixCross: autoDraw = False
51.6181 	EXP 	Box_p: pos = array([-0.6,  0. ])
51.6181 	EXP 	Box_p: autoDraw = True
51.9751 	DATA 	Keypress: a
51.9815 	EXP 	Box_p: autoDraw = False
51.9815 	EXP 	FB_msg: text = 'Doğru cevap'
51.9815 	EXP 	FB_msg: autoDraw = True
52.9785 	EXP 	New trial (rep=0, index=5): {'images': 'red_neutral', 'congruentcy': 0, 'corrAns': 'k', 'box_pos': 'middle', 'box_color': 'red', 'box_x': 0}
52.9865 	EXP 	FB_msg: autoDraw = False
52.9865 	EXP 	FixCross: autoDraw = True
54.0625 	EXP 	FixCross: autoDraw = False
54.0625 	EXP 	FixCross: autoDraw = False
54.0625 	EXP 	Box_p: pos = array([0., 0.])
54.0625 	EXP 	Box_p: autoDraw = True
54.7858 	DATA 	Keypress: k
54.7926 	EXP 	Box_p: autoDraw = False
54.7926 	EXP 	FB_msg: text = 'Doğru cevap'
54.7926 	EXP 	FB_msg: autoDraw = True
55.7898 	EXP 	New trial (rep=1, index=0): {'images': 'blue_congruent', 'congruentcy': 1, 'corrAns': 'a', 'box_pos': 'left', 'box_color': 'blue', 'box_x': -0.6}
55.7978 	EXP 	FB_msg: autoDraw = False
55.7978 	EXP 	FixCross: autoDraw = True
56.8821 	EXP 	FixCross: autoDraw = False
56.8821 	EXP 	FixCross: autoDraw = False
56.8821 	EXP 	Box_p: pos = array([-0.6,  0. ])
56.8821 	EXP 	Box_p: autoDraw = True
57.3313 	DATA 	Keypress: a
57.3367 	EXP 	Box_p: autoDraw = False
57.3367 	EXP 	FB_msg: text = 'Doğru cevap'
57.3367 	EXP 	FB_msg: autoDraw = True
58.3299 	EXP 	New trial (rep=1, index=1): {'images': 'blue_neutral', 'congruentcy': 0, 'corrAns': 'a', 'box_pos': 'middle', 'box_color': 'blue', 'box_x': 0}
58.3378 	EXP 	FB_msg: autoDraw = False
58.3378 	EXP 	FixCross: autoDraw = True
59.5684 	EXP 	FixCross: autoDraw = False
59.5684 	EXP 	FixCross: autoDraw = False
59.5684 	EXP 	Box_p: pos = array([0., 0.])
59.5684 	EXP 	Box_p: autoDraw = True
60.2299 	DATA 	Keypress: a
60.2357 	EXP 	Box_p: autoDraw = False
60.2357 	EXP 	FB_msg: text = 'Doğru cevap'
60.2357 	EXP 	FB_msg: autoDraw = True
61.2285 	EXP 	New trial (rep=1, index=2): {'images': 'blue_neutral', 'congruentcy': 0, 'corrAns': 'a', 'box_pos': 'middle', 'box_color': 'blue', 'box_x': 0}
61.2368 	EXP 	FB_msg: autoDraw = False
61.2368 	EXP 	FixCross: autoDraw = True
62.4548 	EXP 	FixCross: autoDraw = False
62.4548 	EXP 	FixCross: autoDraw = False
62.4548 	EXP 	Box_p: pos = array([0., 0.])
62.4548 	EXP 	Box_p: autoDraw = True
62.8735 	DATA 	Keypress: a
62.8802 	EXP 	Box_p: autoDraw = False
62.8802 	EXP 	FB_msg: text = 'Doğru cevap'
62.8802 	EXP 	FB_msg: autoDraw = True
63.8774 	EXP 	New trial (rep=1, index=3): {'images': 'blue_congruent', 'congruentcy': 1, 'corrAns': 'a', 'box_pos': 'left', 'box_color': 'blue', 'box_x': -0.6}
63.8855 	EXP 	FB_msg: autoDraw = False
63.8855 	EXP 	FixCross: autoDraw = True
65.0825 	EXP 	FixCross: autoDraw = False
65.0825 	EXP 	FixCross: autoDraw = False
65.0825 	EXP 	Box_p: pos = array([-0.6,  0. ])
65.0825 	EXP 	Box_p: autoDraw = True
65.7000 	DATA 	Keypress: a
65.7166 	EXP 	Box_p: autoDraw = False
65.7166 	EXP 	FB_msg: text = 'Doğru cevap'
65.7166 	EXP 	FB_msg: autoDraw = True
66.7136 	EXP 	New trial (rep=1, index=4): {'images': 'red_congruent', 'congruentcy': 1, 'corrAns': 'k', 'box_pos': 'right', 'box_color': 'red', 'box_x': 0.6}
66.7218 	EXP 	FB_msg: autoDraw = False
66.7218 	EXP 	FixCross: autoDraw = True
67.7853 	EXP 	FixCross: autoDraw = False
67.7853 	EXP 	FixCross: autoDraw = False
67.7853 	EXP 	Box_p: pos = array([0.6, 0. ])
67.7853 	EXP 	Box_p: autoDraw = True
68.6553 	DATA 	Keypress: k
68.6613 	EXP 	Box_p: autoDraw = False
68.6613 	EXP 	FB_msg: text = 'Doğru cevap'
68.6613 	EXP 	FB_msg: autoDraw = True
69.6544 	EXP 	New trial (rep=1, index=5): {'images': 'red_congruent', 'congruentcy': 1, 'corrAns': 'k', 'box_pos': 'right', 'box_color': 'red', 'box_x': 0.6}
69.6623 	EXP 	FB_msg: autoDraw = False
69.6623 	EXP 	FixCross: autoDraw = True
70.8094 	EXP 	FixCross: autoDraw = False
70.8094 	EXP 	FixCross: autoDraw = False
70.8094 	EXP 	Box_p: pos = array([0.6, 0. ])
70.8094 	EXP 	Box_p: autoDraw = True
71.5539 	DATA 	Keypress: k
71.5602 	EXP 	Box_p: autoDraw = False
71.5602 	EXP 	FB_msg: text = 'Doğru cevap'
71.5602 	EXP 	FB_msg: autoDraw = True
72.5574 	EXP 	New trial (rep=2, index=0): {'images': 'red_incongruent', 'congruentcy': 0, 'corrAns': 'k', 'box_pos': 'left', 'box_color': 'red', 'box_x': -0.6}
72.5653 	EXP 	FB_msg: autoDraw = False
72.5653 	EXP 	FixCross: autoDraw = True
73.6709 	EXP 	FixCross: autoDraw = False
73.6709 	EXP 	FixCross: autoDraw = False
73.6709 	EXP 	Box_p: pos = array([-0.6,  0. ])
73.6709 	EXP 	Box_p: autoDraw = True
74.1030 	DATA 	Keypress: a
74.1086 	EXP 	Box_p: autoDraw = False
74.1086 	EXP 	FB_msg: text = 'Yalnış cevap'
74.1086 	EXP 	FB_msg: autoDraw = True
75.0977 	EXP 	New trial (rep=2, index=1): {'images': 'blue_neutral', 'congruentcy': 0, 'corrAns': 'a', 'box_pos': 'middle', 'box_color': 'blue', 'box_x': 0}
75.1058 	EXP 	FB_msg: autoDraw = False
75.1058 	EXP 	FixCross: autoDraw = True
76.1900 	EXP 	FixCross: autoDraw = False
76.1900 	EXP 	FixCross: autoDraw = False
76.1900 	EXP 	Box_p: pos = array([0., 0.])
76.1900 	EXP 	Box_p: autoDraw = True
76.8996 	DATA 	Keypress: a
76.9159 	EXP 	Box_p: autoDraw = False
76.9159 	EXP 	FB_msg: text = 'Doğru cevap'
76.9159 	EXP 	FB_msg: autoDraw = True
77.9090 	EXP 	New trial (rep=2, index=2): {'images': 'red_neutral', 'congruentcy': 0, 'corrAns': 'k', 'box_pos': 'middle', 'box_color': 'red', 'box_x': 0}
77.9169 	EXP 	FB_msg: autoDraw = False
77.9169 	EXP 	FixCross: autoDraw = True
79.0055 	EXP 	FixCross: autoDraw = False
79.0055 	EXP 	FixCross: autoDraw = False
79.0055 	EXP 	Box_p: pos = array([0., 0.])
79.0055 	EXP 	Box_p: autoDraw = True
80.0423 	DATA 	Keypress: k
80.0485 	EXP 	Box_p: autoDraw = False
80.0485 	EXP 	FB_msg: text = 'Doğru cevap'
80.0485 	EXP 	FB_msg: autoDraw = True
81.0413 	EXP 	New trial (rep=2, index=3): {'images': 'red_incongruent', 'congruentcy': 0, 'corrAns': 'k', 'box_pos': 'left', 'box_color': 'red', 'box_x': -0.6}
81.0496 	EXP 	FB_msg: autoDraw = False
81.0496 	EXP 	FixCross: autoDraw = True
82.1380 	EXP 	FixCross: autoDraw = False
82.1380 	EXP 	FixCross: autoDraw = False
82.1380 	EXP 	Box_p: pos = array([-0.6,  0. ])
82.1380 	EXP 	Box_p: autoDraw = True
83.3728 	DATA 	Keypress: k
83.3852 	EXP 	Box_p: autoDraw = False
83.3852 	EXP 	FB_msg: text = 'Doğru cevap'
83.3852 	EXP 	FB_msg: autoDraw = True
84.3826 	EXP 	New trial (rep=2, index=4): {'images': 'red_neutral', 'congruentcy': 0, 'corrAns': 'k', 'box_pos': 'middle', 'box_color': 'red', 'box_x': 0}
84.3906 	EXP 	FB_msg: autoDraw = False
84.3906 	EXP 	FixCross: autoDraw = True
85.4749 	EXP 	FixCross: autoDraw = False
85.4749 	EXP 	FixCross: autoDraw = False
85.4749 	EXP 	Box_p: pos = array([0., 0.])
85.4749 	EXP 	Box_p: autoDraw = True
86.1866 	DATA 	Keypress: k
86.1923 	EXP 	Box_p: autoDraw = False
86.1923 	EXP 	FB_msg: text = 'Doğru cevap'
86.1923 	EXP 	FB_msg: autoDraw = True
87.1853 	EXP 	New trial (rep=2, index=5): {'images': 'red_congruent', 'congruentcy': 1, 'corrAns': 'k', 'box_pos': 'right', 'box_color': 'red', 'box_x': 0.6}
87.1934 	EXP 	FB_msg: autoDraw = False
87.1934 	EXP 	FixCross: autoDraw = True
88.3030 	EXP 	FixCross: autoDraw = False
88.3030 	EXP 	FixCross: autoDraw = False
88.3030 	EXP 	Box_p: pos = array([0.6, 0. ])
88.3030 	EXP 	Box_p: autoDraw = True
89.4694 	DATA 	Keypress: k
89.4753 	EXP 	Box_p: autoDraw = False
89.4753 	EXP 	FB_msg: text = 'Doğru cevap'
89.4753 	EXP 	FB_msg: autoDraw = True
90.4682 	EXP 	New trial (rep=3, index=0): {'images': 'red_incongruent', 'congruentcy': 0, 'corrAns': 'k', 'box_pos': 'left', 'box_color': 'red', 'box_x': -0.6}
90.4760 	EXP 	FB_msg: autoDraw = False
90.4760 	EXP 	FixCross: autoDraw = True
91.5649 	EXP 	FixCross: autoDraw = False
91.5649 	EXP 	FixCross: autoDraw = False
91.5649 	EXP 	Box_p: pos = array([-0.6,  0. ])
91.5649 	EXP 	Box_p: autoDraw = True
92.7101 	DATA 	Keypress: k
92.7163 	EXP 	Box_p: autoDraw = False
92.7163 	EXP 	FB_msg: text = 'Doğru cevap'
92.7163 	EXP 	FB_msg: autoDraw = True
93.7089 	EXP 	New trial (rep=3, index=1): {'images': 'blue_incongruent', 'congruentcy': 0, 'corrAns': 'a', 'box_pos': 'right', 'box_color': 'blue', 'box_x': 0.6}
93.7172 	EXP 	FB_msg: autoDraw = False
93.7172 	EXP 	FixCross: autoDraw = True
94.7931 	EXP 	FixCross: autoDraw = False
94.7931 	EXP 	FixCross: autoDraw = False
94.7931 	EXP 	Box_p: pos = array([0.6, 0. ])
94.7931 	EXP 	Box_p: autoDraw = True
95.7548 	DATA 	Keypress: a
95.7611 	EXP 	Box_p: autoDraw = False
95.7611 	EXP 	FB_msg: text = 'Doğru cevap'
95.7611 	EXP 	FB_msg: autoDraw = True
96.7538 	EXP 	New trial (rep=3, index=2): {'images': 'blue_congruent', 'congruentcy': 1, 'corrAns': 'a', 'box_pos': 'left', 'box_color': 'blue', 'box_x': -0.6}
96.7619 	EXP 	FB_msg: autoDraw = False
96.7619 	EXP 	FixCross: autoDraw = True
97.8172 	EXP 	FixCross: autoDraw = False
97.8172 	EXP 	FixCross: autoDraw = False
97.8172 	EXP 	Box_p: pos = array([-0.6,  0. ])
97.8172 	EXP 	Box_p: autoDraw = True
98.2864 	DATA 	Keypress: a
98.2928 	EXP 	Box_p: autoDraw = False
98.2928 	EXP 	FB_msg: text = 'Doğru cevap'
98.2928 	EXP 	FB_msg: autoDraw = True
99.2900 	EXP 	New trial (rep=3, index=3): {'images': 'blue_incongruent', 'congruentcy': 0, 'corrAns': 'a', 'box_pos': 'right', 'box_color': 'blue', 'box_x': 0.6}
99.2981 	EXP 	FB_msg: autoDraw = False
99.2981 	EXP 	FixCross: autoDraw = True
100.4449 	EXP 	FixCross: autoDraw = False
100.4449 	EXP 	FixCross: autoDraw = False
100.4449 	EXP 	Box_p: pos = array([0.6, 0. ])
100.4449 	EXP 	Box_p: autoDraw = True
100.9919 	DATA 	Keypress: a
101.0081 	EXP 	Box_p: autoDraw = False
101.0081 	EXP 	FB_msg: text = 'Doğru cevap'
101.0081 	EXP 	FB_msg: autoDraw = True
102.0013 	EXP 	New trial (rep=3, index=4): {'images': 'blue_neutral', 'congruentcy': 0, 'corrAns': 'a', 'box_pos': 'middle', 'box_color': 'blue', 'box_x': 0}
102.0091 	EXP 	FB_msg: autoDraw = False
102.0091 	EXP 	FixCross: autoDraw = True
103.0646 	EXP 	FixCross: autoDraw = False
103.0646 	EXP 	FixCross: autoDraw = False
103.0646 	EXP 	Box_p: pos = array([0., 0.])
103.0646 	EXP 	Box_p: autoDraw = True
103.6238 	DATA 	Keypress: a
103.6358 	EXP 	Box_p: autoDraw = False
103.6358 	EXP 	FB_msg: text = 'Doğru cevap'
103.6358 	EXP 	FB_msg: autoDraw = True
104.6332 	EXP 	New trial (rep=3, index=5): {'images': 'red_congruent', 'congruentcy': 1, 'corrAns': 'k', 'box_pos': 'right', 'box_color': 'red', 'box_x': 0.6}
104.6413 	EXP 	FB_msg: autoDraw = False
104.6413 	EXP 	FixCross: autoDraw = True
105.7881 	EXP 	FixCross: autoDraw = False
105.7881 	EXP 	FixCross: autoDraw = False
105.7881 	EXP 	Box_p: pos = array([0.6, 0. ])
105.7881 	EXP 	Box_p: autoDraw = True
106.3162 	DATA 	Keypress: k
106.3223 	EXP 	Box_p: autoDraw = False
106.3223 	EXP 	FB_msg: text = 'Doğru cevap'
106.3223 	EXP 	FB_msg: autoDraw = True
107.3357 	EXP 	FB_msg: autoDraw = False
107.3357 	EXP 	text_3: text = '\n\n 23 adet doğru cevap verdiniz. \n Ortalama cevap süreniz 5.23e+02ms.'
107.3357 	EXP 	text_3: autoDraw = True
109.3297 	EXP 	text_3: autoDraw = False
109.3297 	EXP 	instr_text_2: autoDraw = True
115.9454 	DATA 	Keypress: space
115.9586 	EXP 	Imported SimonTask.xlsx as conditions, 6 conditions, 6 params
115.9590 	EXP 	Created sequence: fullRandom, trialTypes=6, nReps=8, seed=None
115.9593 	EXP 	New trial (rep=0, index=0): {'images': 'blue_congruent', 'congruentcy': 1, 'corrAns': 'a', 'box_pos': 'left', 'box_color': 'blue', 'box_x': -0.6}
115.9657 	EXP 	instr_text_2: autoDraw = False
115.9657 	EXP 	FixCross: autoDraw = True
117.0668 	EXP 	FixCross: autoDraw = False
117.0668 	EXP 	FixCross: autoDraw = False
117.0668 	EXP 	Box: pos = array([-0.6,  0. ])
117.0668 	EXP 	Box: autoDraw = True
117.8850 	EXP 	New trial (rep=0, index=1): {'images': 'red_neutral', 'congruentcy': 0, 'corrAns': 'k', 'box_pos': 'middle', 'box_color': 'red', 'box_x': 0}
117.8878 	DATA 	Keypress: a
117.8929 	EXP 	Box: autoDraw = False
117.8929 	EXP 	FixCross: autoDraw = True
118.9896 	EXP 	FixCross: autoDraw = False
118.9896 	EXP 	FixCross: autoDraw = False
118.9896 	EXP 	Box: pos = array([0., 0.])
118.9896 	EXP 	Box: autoDraw = True
119.5651 	EXP 	New trial (rep=0, index=2): {'images': 'blue_congruent', 'congruentcy': 1, 'corrAns': 'a', 'box_pos': 'left', 'box_color': 'blue', 'box_x': -0.6}
119.5672 	DATA 	Keypress: k
119.5738 	EXP 	Box: autoDraw = False
119.5738 	EXP 	FixCross: autoDraw = True
120.5997 	EXP 	FixCross: autoDraw = False
120.5997 	EXP 	FixCross: autoDraw = False
120.5997 	EXP 	Box: pos = array([-0.6,  0. ])
120.5997 	EXP 	Box: autoDraw = True
121.5505 	EXP 	New trial (rep=0, index=3): {'images': 'blue_incongruent', 'congruentcy': 0, 'corrAns': 'a', 'box_pos': 'right', 'box_color': 'blue', 'box_x': 0.6}
121.5526 	DATA 	Keypress: a
121.5592 	EXP 	Box: autoDraw = False
121.5592 	EXP 	FixCross: autoDraw = True
122.8062 	EXP 	FixCross: autoDraw = False
122.8062 	EXP 	FixCross: autoDraw = False
122.8062 	EXP 	Box: pos = array([0.6, 0. ])
122.8062 	EXP 	Box: autoDraw = True
123.4323 	EXP 	New trial (rep=0, index=4): {'images': 'red_congruent', 'congruentcy': 1, 'corrAns': 'k', 'box_pos': 'right', 'box_color': 'red', 'box_x': 0.6}
123.4350 	DATA 	Keypress: a
123.4402 	EXP 	Box: autoDraw = False
123.4402 	EXP 	FixCross: autoDraw = True
124.5205 	EXP 	FixCross: autoDraw = False
124.5205 	EXP 	FixCross: autoDraw = False
124.5205 	EXP 	Box: pos = array([0.6, 0. ])
124.5205 	EXP 	Box: autoDraw = True
125.1304 	DATA 	Keypress: k
125.1383 	EXP 	New trial (rep=0, index=5): {'images': 'blue_neutral', 'congruentcy': 0, 'corrAns': 'a', 'box_pos': 'middle', 'box_color': 'blue', 'box_x': 0}
125.1464 	EXP 	Box: autoDraw = False
125.1464 	EXP 	FixCross: autoDraw = True
126.2099 	EXP 	FixCross: autoDraw = False
126.2099 	EXP 	FixCross: autoDraw = False
126.2099 	EXP 	Box: pos = array([0., 0.])
126.2099 	EXP 	Box: autoDraw = True
127.7074 	DATA 	Keypress: a
127.7153 	EXP 	New trial (rep=1, index=0): {'images': 'red_neutral', 'congruentcy': 0, 'corrAns': 'k', 'box_pos': 'middle', 'box_color': 'red', 'box_x': 0}
127.7193 	EXP 	Box: autoDraw = False
127.7193 	EXP 	FixCross: autoDraw = True
128.7460 	EXP 	FixCross: autoDraw = False
128.7460 	EXP 	FixCross: autoDraw = False
128.7460 	EXP 	Box: pos = array([0., 0.])
128.7460 	EXP 	Box: autoDraw = True
129.5387 	EXP 	New trial (rep=1, index=1): {'images': 'red_neutral', 'congruentcy': 0, 'corrAns': 'k', 'box_pos': 'middle', 'box_color': 'red', 'box_x': 0}
129.5409 	DATA 	Keypress: k
129.5468 	EXP 	Box: autoDraw = False
129.5468 	EXP 	FixCross: autoDraw = True
130.6856 	EXP 	FixCross: autoDraw = False
130.6856 	EXP 	FixCross: autoDraw = False
130.6856 	EXP 	Box: pos = array([0., 0.])
130.6856 	EXP 	Box: autoDraw = True
131.2362 	DATA 	Keypress: k
131.2441 	EXP 	New trial (rep=1, index=2): {'images': 'blue_neutral', 'congruentcy': 0, 'corrAns': 'a', 'box_pos': 'middle', 'box_color': 'blue', 'box_x': 0}
131.2480 	EXP 	Box: autoDraw = False
131.2480 	EXP 	FixCross: autoDraw = True
132.3998 	EXP 	FixCross: autoDraw = False
132.3998 	EXP 	FixCross: autoDraw = False
132.3998 	EXP 	Box: pos = array([0., 0.])
132.3998 	EXP 	Box: autoDraw = True
133.0255 	EXP 	New trial (rep=1, index=3): {'images': 'red_congruent', 'congruentcy': 1, 'corrAns': 'k', 'box_pos': 'right', 'box_color': 'red', 'box_x': 0.6}
133.0276 	DATA 	Keypress: a
133.0337 	EXP 	Box: autoDraw = False
133.0337 	EXP 	FixCross: autoDraw = True
134.1643 	EXP 	FixCross: autoDraw = False
134.1643 	EXP 	FixCross: autoDraw = False
134.1643 	EXP 	Box: pos = array([0.6, 0. ])
134.1643 	EXP 	Box: autoDraw = True
134.9150 	EXP 	New trial (rep=1, index=4): {'images': 'red_incongruent', 'congruentcy': 0, 'corrAns': 'k', 'box_pos': 'left', 'box_color': 'red', 'box_x': -0.6}
134.9171 	DATA 	Keypress: k
134.9233 	EXP 	Box: autoDraw = False
134.9233 	EXP 	FixCross: autoDraw = True
136.0079 	EXP 	FixCross: autoDraw = False
136.0079 	EXP 	FixCross: autoDraw = False
136.0079 	EXP 	Box: pos = array([-0.6,  0. ])
136.0079 	EXP 	Box: autoDraw = True
136.9095 	DATA 	Keypress: k
136.9174 	EXP 	New trial (rep=1, index=5): {'images': 'blue_congruent', 'congruentcy': 1, 'corrAns': 'a', 'box_pos': 'left', 'box_color': 'blue', 'box_x': -0.6}
136.9255 	EXP 	Box: autoDraw = False
136.9255 	EXP 	FixCross: autoDraw = True
138.0601 	EXP 	FixCross: autoDraw = False
138.0601 	EXP 	FixCross: autoDraw = False
138.0601 	EXP 	Box: pos = array([-0.6,  0. ])
138.0601 	EXP 	Box: autoDraw = True
138.8448 	EXP 	New trial (rep=2, index=0): {'images': 'red_neutral', 'congruentcy': 0, 'corrAns': 'k', 'box_pos': 'middle', 'box_color': 'red', 'box_x': 0}
138.8469 	DATA 	Keypress: a
138.8526 	EXP 	Box: autoDraw = False
138.8526 	EXP 	FixCross: autoDraw = True
140.0536 	EXP 	FixCross: autoDraw = False
140.0536 	EXP 	FixCross: autoDraw = False
140.0536 	EXP 	Box: pos = array([0., 0.])
140.0536 	EXP 	Box: autoDraw = True
141.5886 	DATA 	Keypress: k
141.5976 	EXP 	New trial (rep=2, index=1): {'images': 'red_incongruent', 'congruentcy': 0, 'corrAns': 'k', 'box_pos': 'left', 'box_color': 'red', 'box_x': -0.6}
141.6054 	EXP 	Box: autoDraw = False
141.6054 	EXP 	FixCross: autoDraw = True
142.7068 	EXP 	FixCross: autoDraw = False
142.7068 	EXP 	FixCross: autoDraw = False
142.7068 	EXP 	Box: pos = array([-0.6,  0. ])
142.7068 	EXP 	Box: autoDraw = True
143.2571 	EXP 	New trial (rep=2, index=2): {'images': 'blue_congruent', 'congruentcy': 1, 'corrAns': 'a', 'box_pos': 'left', 'box_color': 'blue', 'box_x': -0.6}
143.2601 	DATA 	Keypress: k
143.2655 	EXP 	Box: autoDraw = False
143.2655 	EXP 	FixCross: autoDraw = True
144.3501 	EXP 	FixCross: autoDraw = False
144.3501 	EXP 	FixCross: autoDraw = False
144.3501 	EXP 	Box: pos = array([-0.6,  0. ])
144.3501 	EXP 	Box: autoDraw = True
144.9014 	EXP 	New trial (rep=2, index=3): {'images': 'blue_incongruent', 'congruentcy': 0, 'corrAns': 'a', 'box_pos': 'right', 'box_color': 'blue', 'box_x': 0.6}
144.9035 	DATA 	Keypress: a
144.9089 	EXP 	Box: autoDraw = False
144.9089 	EXP 	FixCross: autoDraw = True
146.1561 	EXP 	FixCross: autoDraw = False
146.1561 	EXP 	FixCross: autoDraw = False
146.1561 	EXP 	Box: pos = array([0.6, 0. ])
146.1561 	EXP 	Box: autoDraw = True
147.1740 	DATA 	Keypress: a
147.1819 	EXP 	New trial (rep=2, index=4): {'images': 'blue_neutral', 'congruentcy': 0, 'corrAns': 'a', 'box_pos': 'middle', 'box_color': 'blue', 'box_x': 0}
147.1863 	EXP 	Box: autoDraw = False
147.1863 	EXP 	FixCross: autoDraw = True
148.3460 	EXP 	FixCross: autoDraw = False
148.3460 	EXP 	FixCross: autoDraw = False
148.3460 	EXP 	Box: pos = array([0., 0.])
148.3460 	EXP 	Box: autoDraw = True
149.5304 	EXP 	New trial (rep=2, index=5): {'images': 'red_congruent', 'congruentcy': 1, 'corrAns': 'k', 'box_pos': 'right', 'box_color': 'red', 'box_x': 0.6}
149.5325 	DATA 	Keypress: a
149.5389 	EXP 	Box: autoDraw = False
149.5389 	EXP 	FixCross: autoDraw = True
150.5942 	EXP 	FixCross: autoDraw = False
150.5942 	EXP 	FixCross: autoDraw = False
150.5942 	EXP 	Box: pos = array([0.6, 0. ])
150.5942 	EXP 	Box: autoDraw = True
152.6131 	EXP 	New trial (rep=3, index=0): {'images': 'blue_neutral', 'congruentcy': 0, 'corrAns': 'a', 'box_pos': 'middle', 'box_color': 'blue', 'box_x': 0}
152.6152 	DATA 	Keypress: k
152.6213 	EXP 	Box: autoDraw = False
152.6213 	EXP 	FixCross: autoDraw = True
153.7058 	EXP 	FixCross: autoDraw = False
153.7058 	EXP 	FixCross: autoDraw = False
153.7058 	EXP 	Box: pos = array([0., 0.])
153.7058 	EXP 	Box: autoDraw = True
154.2646 	EXP 	New trial (rep=3, index=1): {'images': 'red_congruent', 'congruentcy': 1, 'corrAns': 'k', 'box_pos': 'right', 'box_color': 'red', 'box_x': 0.6}
154.2667 	DATA 	Keypress: a
154.2731 	EXP 	Box: autoDraw = False
154.2731 	EXP 	FixCross: autoDraw = True
155.3951 	EXP 	FixCross: autoDraw = False
155.3951 	EXP 	FixCross: autoDraw = False
155.3951 	EXP 	Box: pos = array([0.6, 0. ])
155.3951 	EXP 	Box: autoDraw = True
156.1462 	EXP 	New trial (rep=3, index=2): {'images': 'red_neutral', 'congruentcy': 0, 'corrAns': 'k', 'box_pos': 'middle', 'box_color': 'red', 'box_x': 0}
156.1483 	DATA 	Keypress: k
156.1542 	EXP 	Box: autoDraw = False
156.1542 	EXP 	FixCross: autoDraw = True
157.1846 	EXP 	FixCross: autoDraw = False
157.1846 	EXP 	FixCross: autoDraw = False
157.1846 	EXP 	Box: pos = array([0., 0.])
157.1846 	EXP 	Box: autoDraw = True
157.8816 	EXP 	New trial (rep=3, index=3): {'images': 'red_neutral', 'congruentcy': 0, 'corrAns': 'k', 'box_pos': 'middle', 'box_color': 'red', 'box_x': 0}
157.8837 	DATA 	Keypress: k
157.8893 	EXP 	Box: autoDraw = False
157.8893 	EXP 	FixCross: autoDraw = True
159.0614 	EXP 	FixCross: autoDraw = False
159.0614 	EXP 	FixCross: autoDraw = False
159.0614 	EXP 	Box: pos = array([0., 0.])
159.0614 	EXP 	Box: autoDraw = True
159.5622 	EXP 	New trial (rep=3, index=4): {'images': 'blue_incongruent', 'congruentcy': 0, 'corrAns': 'a', 'box_pos': 'right', 'box_color': 'blue', 'box_x': 0.6}
159.5643 	DATA 	Keypress: k
159.5703 	EXP 	Box: autoDraw = False
159.5703 	EXP 	FixCross: autoDraw = True
160.6423 	EXP 	FixCross: autoDraw = False
160.6423 	EXP 	FixCross: autoDraw = False
160.6423 	EXP 	Box: pos = array([0.6, 0. ])
160.6423 	EXP 	Box: autoDraw = True
161.2598 	EXP 	New trial (rep=3, index=5): {'images': 'blue_incongruent', 'congruentcy': 0, 'corrAns': 'a', 'box_pos': 'right', 'box_color': 'blue', 'box_x': 0.6}
161.2618 	DATA 	Keypress: a
161.2679 	EXP 	Box: autoDraw = False
161.2679 	EXP 	FixCross: autoDraw = True
162.3359 	EXP 	FixCross: autoDraw = False
162.3359 	EXP 	FixCross: autoDraw = False
162.3359 	EXP 	Box: pos = array([0.6, 0. ])
162.3359 	EXP 	Box: autoDraw = True
163.1782 	EXP 	New trial (rep=4, index=0): {'images': 'blue_incongruent', 'congruentcy': 0, 'corrAns': 'a', 'box_pos': 'right', 'box_color': 'blue', 'box_x': 0.6}
163.1804 	DATA 	Keypress: a
163.1867 	EXP 	Box: autoDraw = False
163.1867 	EXP 	FixCross: autoDraw = True
164.3462 	EXP 	FixCross: autoDraw = False
164.3462 	EXP 	FixCross: autoDraw = False
164.3462 	EXP 	Box: pos = array([0.6, 0. ])
164.3462 	EXP 	Box: autoDraw = True
165.8819 	DATA 	Keypress: a
165.8898 	EXP 	New trial (rep=4, index=1): {'images': 'red_incongruent', 'congruentcy': 0, 'corrAns': 'k', 'box_pos': 'left', 'box_color': 'red', 'box_x': -0.6}
165.8979 	EXP 	Box: autoDraw = False
165.8979 	EXP 	FixCross: autoDraw = True
166.9950 	EXP 	FixCross: autoDraw = False
166.9950 	EXP 	FixCross: autoDraw = False
166.9950 	EXP 	Box: pos = array([-0.6,  0. ])
166.9950 	EXP 	Box: autoDraw = True
167.5042 	EXP 	New trial (rep=4, index=2): {'images': 'blue_incongruent', 'congruentcy': 0, 'corrAns': 'a', 'box_pos': 'right', 'box_color': 'blue', 'box_x': 0.6}
167.5062 	DATA 	Keypress: k
167.5122 	EXP 	Box: autoDraw = False
167.5122 	EXP 	FixCross: autoDraw = True
168.6258 	EXP 	FixCross: autoDraw = False
168.6258 	EXP 	FixCross: autoDraw = False
168.6258 	EXP 	Box: pos = array([0.6, 0. ])
168.6258 	EXP 	Box: autoDraw = True
169.5607 	EXP 	New trial (rep=4, index=3): {'images': 'blue_neutral', 'congruentcy': 0, 'corrAns': 'a', 'box_pos': 'middle', 'box_color': 'blue', 'box_x': 0}
169.5628 	DATA 	Keypress: a
169.5685 	EXP 	Box: autoDraw = False
169.5685 	EXP 	FixCross: autoDraw = True
170.7280 	EXP 	FixCross: autoDraw = False
170.7280 	EXP 	FixCross: autoDraw = False
170.7280 	EXP 	Box: pos = array([0., 0.])
170.7280 	EXP 	Box: autoDraw = True
171.4871 	EXP 	New trial (rep=4, index=4): {'images': 'red_congruent', 'congruentcy': 1, 'corrAns': 'k', 'box_pos': 'right', 'box_color': 'red', 'box_x': 0.6}
171.4892 	DATA 	Keypress: a
171.4954 	EXP 	Box: autoDraw = False
171.4954 	EXP 	FixCross: autoDraw = True
172.5967 	EXP 	FixCross: autoDraw = False
172.5967 	EXP 	FixCross: autoDraw = False
172.5967 	EXP 	Box: pos = array([0.6, 0. ])
172.5967 	EXP 	Box: autoDraw = True
173.1555 	EXP 	New trial (rep=4, index=5): {'images': 'blue_congruent', 'congruentcy': 1, 'corrAns': 'a', 'box_pos': 'left', 'box_color': 'blue', 'box_x': -0.6}
173.1577 	DATA 	Keypress: k
173.1641 	EXP 	Box: autoDraw = False
173.1641 	EXP 	FixCross: autoDraw = True
174.2693 	EXP 	FixCross: autoDraw = False
174.2693 	EXP 	FixCross: autoDraw = False
174.2693 	EXP 	Box: pos = array([-0.6,  0. ])
174.2693 	EXP 	Box: autoDraw = True
175.5463 	DATA 	Keypress: a
175.5542 	EXP 	New trial (rep=5, index=0): {'images': 'red_congruent', 'congruentcy': 1, 'corrAns': 'k', 'box_pos': 'right', 'box_color': 'red', 'box_x': 0.6}
175.5624 	EXP 	Box: autoDraw = False
175.5624 	EXP 	FixCross: autoDraw = True
176.5926 	EXP 	FixCross: autoDraw = False
176.5926 	EXP 	FixCross: autoDraw = False
176.5926 	EXP 	Box: pos = array([0.6, 0. ])
176.5926 	EXP 	Box: autoDraw = True
177.0885 	EXP 	New trial (rep=5, index=1): {'images': 'blue_congruent', 'congruentcy': 1, 'corrAns': 'a', 'box_pos': 'left', 'box_color': 'blue', 'box_x': -0.6}
177.0907 	DATA 	Keypress: k
177.0974 	EXP 	Box: autoDraw = False
177.0974 	EXP 	FixCross: autoDraw = True
178.1818 	EXP 	FixCross: autoDraw = False
178.1818 	EXP 	FixCross: autoDraw = False
178.1818 	EXP 	Box: pos = array([-0.6,  0. ])
178.1818 	EXP 	Box: autoDraw = True
178.9200 	EXP 	New trial (rep=5, index=2): {'images': 'blue_congruent', 'congruentcy': 1, 'corrAns': 'a', 'box_pos': 'left', 'box_color': 'blue', 'box_x': -0.6}
178.9221 	DATA 	Keypress: a
178.9282 	EXP 	Box: autoDraw = False
178.9282 	EXP 	FixCross: autoDraw = True
180.0295 	EXP 	FixCross: autoDraw = False
180.0295 	EXP 	FixCross: autoDraw = False
180.0295 	EXP 	Box: pos = array([-0.6,  0. ])
180.0295 	EXP 	Box: autoDraw = True
180.9145 	DATA 	Keypress: a
180.9224 	EXP 	New trial (rep=5, index=3): {'images': 'blue_neutral', 'congruentcy': 0, 'corrAns': 'a', 'box_pos': 'middle', 'box_color': 'blue', 'box_x': 0}
180.9304 	EXP 	Box: autoDraw = False
180.9304 	EXP 	FixCross: autoDraw = True
181.9734 	EXP 	FixCross: autoDraw = False
181.9734 	EXP 	FixCross: autoDraw = False
181.9734 	EXP 	Box: pos = array([0., 0.])
181.9734 	EXP 	Box: autoDraw = True
182.7499 	EXP 	New trial (rep=5, index=4): {'images': 'blue_neutral', 'congruentcy': 0, 'corrAns': 'a', 'box_pos': 'middle', 'box_color': 'blue', 'box_x': 0}
182.7519 	DATA 	Keypress: a
182.7573 	EXP 	Box: autoDraw = False
182.7573 	EXP 	FixCross: autoDraw = True
183.8294 	EXP 	FixCross: autoDraw = False
183.8294 	EXP 	FixCross: autoDraw = False
183.8294 	EXP 	Box: pos = array([0., 0.])
183.8294 	EXP 	Box: autoDraw = True
184.2801 	EXP 	New trial (rep=5, index=5): {'images': 'blue_congruent', 'congruentcy': 1, 'corrAns': 'a', 'box_pos': 'left', 'box_color': 'blue', 'box_x': -0.6}
184.2823 	DATA 	Keypress: a
184.2882 	EXP 	Box: autoDraw = False
184.2882 	EXP 	FixCross: autoDraw = True
185.4354 	EXP 	FixCross: autoDraw = False
185.4354 	EXP 	FixCross: autoDraw = False
185.4354 	EXP 	Box: pos = array([-0.6,  0. ])
185.4354 	EXP 	Box: autoDraw = True
186.0356 	DATA 	Keypress: a
186.0446 	EXP 	New trial (rep=6, index=0): {'images': 'red_neutral', 'congruentcy': 0, 'corrAns': 'k', 'box_pos': 'middle', 'box_color': 'red', 'box_x': 0}
186.0526 	EXP 	Box: autoDraw = False
186.0526 	EXP 	FixCross: autoDraw = True
187.1915 	EXP 	FixCross: autoDraw = False
187.1915 	EXP 	FixCross: autoDraw = False
187.1915 	EXP 	Box: pos = array([0., 0.])
187.1915 	EXP 	Box: autoDraw = True
187.9091 	DATA 	Keypress: k
187.9170 	EXP 	New trial (rep=6, index=1): {'images': 'blue_incongruent', 'congruentcy': 0, 'corrAns': 'a', 'box_pos': 'right', 'box_color': 'blue', 'box_x': 0.6}
187.9255 	EXP 	Box: autoDraw = False
187.9255 	EXP 	FixCross: autoDraw = True
188.9473 	EXP 	FixCross: autoDraw = False
188.9473 	EXP 	FixCross: autoDraw = False
188.9473 	EXP 	Box: pos = array([0.6, 0. ])
188.9473 	EXP 	Box: autoDraw = True
191.2538 	EXP 	New trial (rep=6, index=2): {'images': 'red_incongruent', 'congruentcy': 0, 'corrAns': 'k', 'box_pos': 'left', 'box_color': 'red', 'box_x': -0.6}
191.2559 	DATA 	Keypress: a
191.2623 	EXP 	Box: autoDraw = False
191.2623 	EXP 	FixCross: autoDraw = True
192.3968 	EXP 	FixCross: autoDraw = False
192.3968 	EXP 	FixCross: autoDraw = False
192.3968 	EXP 	Box: pos = array([-0.6,  0. ])
192.3968 	EXP 	Box: autoDraw = True
193.1062 	EXP 	New trial (rep=6, index=3): {'images': 'red_congruent', 'congruentcy': 1, 'corrAns': 'k', 'box_pos': 'right', 'box_color': 'red', 'box_x': 0.6}
193.1083 	DATA 	Keypress: k
193.1143 	EXP 	Box: autoDraw = False
193.1143 	EXP 	FixCross: autoDraw = True
194.2071 	EXP 	FixCross: autoDraw = False
194.2071 	EXP 	FixCross: autoDraw = False
194.2071 	EXP 	Box: pos = array([0.6, 0. ])
194.2071 	EXP 	Box: autoDraw = True
195.0916 	EXP 	New trial (rep=6, index=4): {'images': 'red_neutral', 'congruentcy': 0, 'corrAns': 'k', 'box_pos': 'middle', 'box_color': 'red', 'box_x': 0}
195.0938 	DATA 	Keypress: k
195.0997 	EXP 	Box: autoDraw = False
195.0997 	EXP 	FixCross: autoDraw = True
196.1925 	EXP 	FixCross: autoDraw = False
196.1925 	EXP 	FixCross: autoDraw = False
196.1925 	EXP 	Box: pos = array([0., 0.])
196.1925 	EXP 	Box: autoDraw = True
196.6013 	EXP 	New trial (rep=6, index=5): {'images': 'red_incongruent', 'congruentcy': 0, 'corrAns': 'k', 'box_pos': 'left', 'box_color': 'red', 'box_x': -0.6}
196.6034 	DATA 	Keypress: k
196.6097 	EXP 	Box: autoDraw = False
196.6097 	EXP 	FixCross: autoDraw = True
197.7650 	EXP 	FixCross: autoDraw = False
197.7650 	EXP 	FixCross: autoDraw = False
197.7650 	EXP 	Box: pos = array([-0.6,  0. ])
197.7650 	EXP 	Box: autoDraw = True
198.3738 	DATA 	Keypress: k
198.3827 	EXP 	New trial (rep=7, index=0): {'images': 'blue_neutral', 'congruentcy': 0, 'corrAns': 'a', 'box_pos': 'middle', 'box_color': 'blue', 'box_x': 0}
198.3907 	EXP 	Box: autoDraw = False
198.3907 	EXP 	FixCross: autoDraw = True
199.6421 	EXP 	FixCross: autoDraw = False
199.6421 	EXP 	FixCross: autoDraw = False
199.6421 	EXP 	Box: pos = array([0., 0.])
199.6421 	EXP 	Box: autoDraw = True
200.3642 	EXP 	New trial (rep=7, index=1): {'images': 'red_incongruent', 'congruentcy': 0, 'corrAns': 'k', 'box_pos': 'left', 'box_color': 'red', 'box_x': -0.6}
200.3663 	DATA 	Keypress: a
200.3721 	EXP 	Box: autoDraw = False
200.3721 	EXP 	FixCross: autoDraw = True
201.4815 	EXP 	FixCross: autoDraw = False
201.4815 	EXP 	FixCross: autoDraw = False
201.4815 	EXP 	Box: pos = array([-0.6,  0. ])
201.4815 	EXP 	Box: autoDraw = True
202.3286 	EXP 	New trial (rep=7, index=2): {'images': 'red_congruent', 'congruentcy': 1, 'corrAns': 'k', 'box_pos': 'right', 'box_color': 'red', 'box_x': 0.6}
202.3307 	DATA 	Keypress: k
202.3366 	EXP 	Box: autoDraw = False
202.3366 	EXP 	FixCross: autoDraw = True
203.5086 	EXP 	FixCross: autoDraw = False
203.5086 	EXP 	FixCross: autoDraw = False
203.5086 	EXP 	Box: pos = array([0.6, 0. ])
203.5086 	EXP 	Box: autoDraw = True
204.1091 	DATA 	Keypress: k
204.1181 	EXP 	New trial (rep=7, index=3): {'images': 'blue_incongruent', 'congruentcy': 0, 'corrAns': 'a', 'box_pos': 'right', 'box_color': 'blue', 'box_x': 0.6}
204.1260 	EXP 	Box: autoDraw = False
204.1260 	EXP 	FixCross: autoDraw = True
205.1814 	EXP 	FixCross: autoDraw = False
205.1814 	EXP 	FixCross: autoDraw = False
205.1814 	EXP 	Box: pos = array([0.6, 0. ])
205.1814 	EXP 	Box: autoDraw = True
205.8534 	EXP 	New trial (rep=7, index=4): {'images': 'red_incongruent', 'congruentcy': 0, 'corrAns': 'k', 'box_pos': 'left', 'box_color': 'red', 'box_x': -0.6}
205.8555 	DATA 	Keypress: a
205.8611 	EXP 	Box: autoDraw = False
205.8611 	EXP 	FixCross: autoDraw = True
206.9081 	EXP 	FixCross: autoDraw = False
206.9081 	EXP 	FixCross: autoDraw = False
206.9081 	EXP 	Box: pos = array([-0.6,  0. ])
206.9081 	EXP 	Box: autoDraw = True
208.2850 	EXP 	New trial (rep=7, index=5): {'images': 'red_incongruent', 'congruentcy': 0, 'corrAns': 'k', 'box_pos': 'left', 'box_color': 'red', 'box_x': -0.6}
208.2871 	DATA 	Keypress: k
208.2929 	EXP 	Box: autoDraw = False
208.2929 	EXP 	FixCross: autoDraw = True
209.3606 	EXP 	FixCross: autoDraw = False
209.3606 	EXP 	FixCross: autoDraw = False
209.3606 	EXP 	Box: pos = array([-0.6,  0. ])
209.3606 	EXP 	Box: autoDraw = True
210.0195 	DATA 	Keypress: k
210.0238 	EXP 	Box: autoDraw = False
210.0238 	EXP 	text_2: text = 'Biraz mola verebilirsiniz. \n\n 48 adet doğru cevap verdiniz. \n Ortalama cevap süreniz 6.37e+02ms.\n\n Devam etmek için BOŞLUK tuşuna basınız.'
210.0238 	EXP 	text_2: autoDraw = True
213.5109 	DATA 	Keypress: space
213.5270 	EXP 	Imported SimonTask.xlsx as conditions, 6 conditions, 6 params
213.5274 	EXP 	Created sequence: fullRandom, trialTypes=6, nReps=8, seed=None
213.5277 	EXP 	New trial (rep=0, index=0): {'images': 'blue_congruent', 'congruentcy': 1, 'corrAns': 'a', 'box_pos': 'left', 'box_color': 'blue', 'box_x': -0.6}
213.5365 	EXP 	text_2: autoDraw = False
213.5365 	EXP 	FixCross: autoDraw = True
214.6579 	EXP 	FixCross: autoDraw = False
214.6579 	EXP 	FixCross: autoDraw = False
214.6579 	EXP 	Box: pos = array([-0.6,  0. ])
214.6579 	EXP 	Box: autoDraw = True
215.3135 	EXP 	New trial (rep=0, index=1): {'images': 'blue_incongruent', 'congruentcy': 0, 'corrAns': 'a', 'box_pos': 'right', 'box_color': 'blue', 'box_x': 0.6}
215.3162 	DATA 	Keypress: a
215.3211 	EXP 	Box: autoDraw = False
215.3211 	EXP 	FixCross: autoDraw = True
216.5391 	EXP 	FixCross: autoDraw = False
216.5391 	EXP 	FixCross: autoDraw = False
216.5391 	EXP 	Box: pos = array([0.6, 0. ])
216.5391 	EXP 	Box: autoDraw = True
217.1896 	EXP 	New trial (rep=0, index=2): {'images': 'red_congruent', 'congruentcy': 1, 'corrAns': 'k', 'box_pos': 'right', 'box_color': 'red', 'box_x': 0.6}
217.1916 	DATA 	Keypress: a
217.1982 	EXP 	Box: autoDraw = False
217.1982 	EXP 	FixCross: autoDraw = True
218.4619 	EXP 	FixCross: autoDraw = False
218.4619 	EXP 	FixCross: autoDraw = False
218.4619 	EXP 	Box: pos = array([0.6, 0. ])
218.4619 	EXP 	Box: autoDraw = True
219.5171 	EXP 	New trial (rep=0, index=3): {'images': 'blue_congruent', 'congruentcy': 1, 'corrAns': 'a', 'box_pos': 'left', 'box_color': 'blue', 'box_x': -0.6}
219.5192 	DATA 	Keypress: k
219.5256 	EXP 	Box: autoDraw = False
219.5256 	EXP 	FixCross: autoDraw = True
220.5937 	EXP 	FixCross: autoDraw = False
220.5937 	EXP 	FixCross: autoDraw = False
220.5937 	EXP 	Box: pos = array([-0.6,  0. ])
220.5937 	EXP 	Box: autoDraw = True
221.3357 	DATA 	Keypress: a
221.3445 	EXP 	New trial (rep=0, index=4): {'images': 'red_neutral', 'congruentcy': 0, 'corrAns': 'k', 'box_pos': 'middle', 'box_color': 'red', 'box_x': 0}
221.3527 	EXP 	Box: autoDraw = False
221.3527 	EXP 	FixCross: autoDraw = True
222.4870 	EXP 	FixCross: autoDraw = False
222.4870 	EXP 	FixCross: autoDraw = False
222.4870 	EXP 	Box: pos = array([0., 0.])
222.4870 	EXP 	Box: autoDraw = True
223.8841 	EXP 	New trial (rep=0, index=5): {'images': 'red_congruent', 'congruentcy': 1, 'corrAns': 'k', 'box_pos': 'right', 'box_color': 'red', 'box_x': 0.6}
223.8862 	DATA 	Keypress: k
223.8933 	EXP 	Box: autoDraw = False
223.8933 	EXP 	FixCross: autoDraw = True
225.0940 	EXP 	FixCross: autoDraw = False
225.0940 	EXP 	FixCross: autoDraw = False
225.0940 	EXP 	Box: pos = array([0.6, 0. ])
225.0940 	EXP 	Box: autoDraw = True
225.6195 	EXP 	New trial (rep=1, index=0): {'images': 'red_incongruent', 'congruentcy': 0, 'corrAns': 'k', 'box_pos': 'left', 'box_color': 'red', 'box_x': -0.6}
225.6215 	DATA 	Keypress: k
225.6280 	EXP 	Box: autoDraw = False
225.6280 	EXP 	FixCross: autoDraw = True
226.7793 	EXP 	FixCross: autoDraw = False
226.7793 	EXP 	FixCross: autoDraw = False
226.7793 	EXP 	Box: pos = array([-0.6,  0. ])
226.7793 	EXP 	Box: autoDraw = True
227.4552 	EXP 	New trial (rep=1, index=1): {'images': 'red_neutral', 'congruentcy': 0, 'corrAns': 'k', 'box_pos': 'middle', 'box_color': 'red', 'box_x': 0}
227.4580 	DATA 	Keypress: k
227.4631 	EXP 	Box: autoDraw = False
227.4631 	EXP 	FixCross: autoDraw = True
228.5267 	EXP 	FixCross: autoDraw = False
228.5267 	EXP 	FixCross: autoDraw = False
228.5267 	EXP 	Box: pos = array([0., 0.])
228.5267 	EXP 	Box: autoDraw = True
228.9103 	EXP 	New trial (rep=1, index=2): {'images': 'red_incongruent', 'congruentcy': 0, 'corrAns': 'k', 'box_pos': 'left', 'box_color': 'red', 'box_x': -0.6}
228.9123 	DATA 	Keypress: k
228.9147 	EXP 	Box: autoDraw = False
228.9147 	EXP 	FixCross: autoDraw = True
230.1246 	EXP 	FixCross: autoDraw = False
230.1246 	EXP 	FixCross: autoDraw = False
230.1246 	EXP 	Box: pos = array([-0.6,  0. ])
230.1246 	EXP 	Box: autoDraw = True
231.2008 	EXP 	New trial (rep=1, index=3): {'images': 'red_incongruent', 'congruentcy': 0, 'corrAns': 'k', 'box_pos': 'left', 'box_color': 'red', 'box_x': -0.6}
231.2028 	DATA 	Keypress: k
231.2089 	EXP 	Box: autoDraw = False
231.2089 	EXP 	FixCross: autoDraw = True
232.4017 	EXP 	FixCross: autoDraw = False
232.4017 	EXP 	FixCross: autoDraw = False
232.4017 	EXP 	Box: pos = array([-0.6,  0. ])
232.4017 	EXP 	Box: autoDraw = True
233.1022 	EXP 	New trial (rep=1, index=4): {'images': 'blue_congruent', 'congruentcy': 1, 'corrAns': 'a', 'box_pos': 'left', 'box_color': 'blue', 'box_x': -0.6}
233.1044 	DATA 	Keypress: k
233.1110 	EXP 	Box: autoDraw = False
233.1110 	EXP 	FixCross: autoDraw = True
234.1744 	EXP 	FixCross: autoDraw = False
234.1744 	EXP 	FixCross: autoDraw = False
234.1744 	EXP 	Box: pos = array([-0.6,  0. ])
234.1744 	EXP 	Box: autoDraw = True
234.8876 	EXP 	New trial (rep=1, index=5): {'images': 'blue_neutral', 'congruentcy': 0, 'corrAns': 'a', 'box_pos': 'middle', 'box_color': 'blue', 'box_x': 0}
234.8896 	DATA 	Keypress: a
234.8960 	EXP 	Box: autoDraw = False
234.8960 	EXP 	FixCross: autoDraw = True
235.9471 	EXP 	FixCross: autoDraw = False
235.9471 	EXP 	FixCross: autoDraw = False
235.9471 	EXP 	Box: pos = array([0., 0.])
235.9471 	EXP 	Box: autoDraw = True
236.7071 	DATA 	Keypress: a
236.7150 	EXP 	New trial (rep=2, index=0): {'images': 'blue_congruent', 'congruentcy': 1, 'corrAns': 'a', 'box_pos': 'left', 'box_color': 'blue', 'box_x': -0.6}
236.7230 	EXP 	Box: autoDraw = False
236.7230 	EXP 	FixCross: autoDraw = True
237.7740 	EXP 	FixCross: autoDraw = False
237.7740 	EXP 	FixCross: autoDraw = False
237.7740 	EXP 	Box: pos = array([-0.6,  0. ])
237.7740 	EXP 	Box: autoDraw = True
238.2584 	EXP 	New trial (rep=2, index=1): {'images': 'red_congruent', 'congruentcy': 1, 'corrAns': 'k', 'box_pos': 'right', 'box_color': 'red', 'box_x': 0.6}
238.2605 	DATA 	Keypress: a
238.2662 	EXP 	Box: autoDraw = False
238.2662 	EXP 	FixCross: autoDraw = True
239.3966 	EXP 	FixCross: autoDraw = False
239.3966 	EXP 	FixCross: autoDraw = False
239.3966 	EXP 	Box: pos = array([0.6, 0. ])
239.3966 	EXP 	Box: autoDraw = True
240.4599 	DATA 	Keypress: k
240.4689 	EXP 	New trial (rep=2, index=2): {'images': 'blue_neutral', 'congruentcy': 0, 'corrAns': 'a', 'box_pos': 'middle', 'box_color': 'blue', 'box_x': 0}
240.4771 	EXP 	Box: autoDraw = False
240.4771 	EXP 	FixCross: autoDraw = True
241.5072 	EXP 	FixCross: autoDraw = False
241.5072 	EXP 	FixCross: autoDraw = False
241.5072 	EXP 	Box: pos = array([0., 0.])
241.5072 	EXP 	Box: autoDraw = True
242.2703 	EXP 	New trial (rep=2, index=3): {'images': 'red_neutral', 'congruentcy': 0, 'corrAns': 'k', 'box_pos': 'middle', 'box_color': 'red', 'box_x': 0}
242.2724 	DATA 	Keypress: a
242.2790 	EXP 	Box: autoDraw = False
242.2790 	EXP 	FixCross: autoDraw = True
243.4009 	EXP 	FixCross: autoDraw = False
243.4009 	EXP 	FixCross: autoDraw = False
243.4009 	EXP 	Box: pos = array([0., 0.])
243.4009 	EXP 	Box: autoDraw = True
244.5108 	EXP 	New trial (rep=2, index=4): {'images': 'red_neutral', 'congruentcy': 0, 'corrAns': 'k', 'box_pos': 'middle', 'box_color': 'red', 'box_x': 0}
244.5128 	DATA 	Keypress: k
244.5189 	EXP 	Box: autoDraw = False
244.5189 	EXP 	FixCross: autoDraw = True
245.6950 	EXP 	FixCross: autoDraw = False
245.6950 	EXP 	FixCross: autoDraw = False
245.6950 	EXP 	Box: pos = array([0., 0.])
245.6950 	EXP 	Box: autoDraw = True
246.5003 	DATA 	Keypress: k
246.5082 	EXP 	New trial (rep=2, index=5): {'images': 'blue_congruent', 'congruentcy': 1, 'corrAns': 'a', 'box_pos': 'left', 'box_color': 'blue', 'box_x': -0.6}
246.5126 	EXP 	Box: autoDraw = False
246.5126 	EXP 	FixCross: autoDraw = True
247.5428 	EXP 	FixCross: autoDraw = False
247.5428 	EXP 	FixCross: autoDraw = False
247.5428 	EXP 	Box: pos = array([-0.6,  0. ])
247.5428 	EXP 	Box: autoDraw = True
248.4437 	DATA 	Keypress: a
248.4527 	EXP 	New trial (rep=3, index=0): {'images': 'blue_neutral', 'congruentcy': 0, 'corrAns': 'a', 'box_pos': 'middle', 'box_color': 'blue', 'box_x': 0}
248.4605 	EXP 	Box: autoDraw = False
248.4605 	EXP 	FixCross: autoDraw = True
249.5282 	EXP 	FixCross: autoDraw = False
249.5282 	EXP 	FixCross: autoDraw = False
249.5282 	EXP 	Box: pos = array([0., 0.])
249.5282 	EXP 	Box: autoDraw = True
249.9871 	DATA 	Keypress: a
249.9950 	EXP 	New trial (rep=3, index=1): {'images': 'blue_incongruent', 'congruentcy': 0, 'corrAns': 'a', 'box_pos': 'right', 'box_color': 'blue', 'box_x': 0.6}
249.9996 	EXP 	Box: autoDraw = False
249.9996 	EXP 	FixCross: autoDraw = True
251.2426 	EXP 	FixCross: autoDraw = False
251.2426 	EXP 	FixCross: autoDraw = False
251.2426 	EXP 	Box: pos = array([0.6, 0. ])
251.2426 	EXP 	Box: autoDraw = True
251.9855 	EXP 	New trial (rep=3, index=2): {'images': 'red_incongruent', 'congruentcy': 0, 'corrAns': 'k', 'box_pos': 'left', 'box_color': 'red', 'box_x': -0.6}
251.9876 	DATA 	Keypress: a
251.9934 	EXP 	Box: autoDraw = False
251.9934 	EXP 	FixCross: autoDraw = True
253.2238 	EXP 	FixCross: autoDraw = False
253.2238 	EXP 	FixCross: autoDraw = False
253.2238 	EXP 	Box: pos = array([-0.6,  0. ])
253.2238 	EXP 	Box: autoDraw = True
253.9542 	EXP 	New trial (rep=3, index=3): {'images': 'red_incongruent', 'congruentcy': 0, 'corrAns': 'k', 'box_pos': 'left', 'box_color': 'red', 'box_x': -0.6}
253.9570 	DATA 	Keypress: k
253.9621 	EXP 	Box: autoDraw = False
253.9621 	EXP 	FixCross: autoDraw = True
255.0883 	EXP 	FixCross: autoDraw = False
255.0883 	EXP 	FixCross: autoDraw = False
255.0883 	EXP 	Box: pos = array([-0.6,  0. ])
255.0883 	EXP 	Box: autoDraw = True
256.7106 	EXP 	New trial (rep=3, index=4): {'images': 'blue_incongruent', 'congruentcy': 0, 'corrAns': 'a', 'box_pos': 'right', 'box_color': 'blue', 'box_x': 0.6}
256.7128 	DATA 	Keypress: k
256.7193 	EXP 	Box: autoDraw = False
256.7193 	EXP 	FixCross: autoDraw = True
257.7453 	EXP 	FixCross: autoDraw = False
257.7453 	EXP 	FixCross: autoDraw = False
257.7453 	EXP 	Box: pos = array([0.6, 0. ])
257.7453 	EXP 	Box: autoDraw = True
258.2790 	EXP 	New trial (rep=3, index=5): {'images': 'red_incongruent', 'congruentcy': 0, 'corrAns': 'k', 'box_pos': 'left', 'box_color': 'red', 'box_x': -0.6}
258.2811 	DATA 	Keypress: a
258.2876 	EXP 	Box: autoDraw = False
258.2876 	EXP 	FixCross: autoDraw = True
259.4262 	EXP 	FixCross: autoDraw = False
259.4262 	EXP 	FixCross: autoDraw = False
259.4262 	EXP 	Box: pos = array([-0.6,  0. ])
259.4262 	EXP 	Box: autoDraw = True
262.0334 	EXP 	New trial (rep=4, index=0): {'images': 'red_neutral', 'congruentcy': 0, 'corrAns': 'k', 'box_pos': 'middle', 'box_color': 'red', 'box_x': 0}
262.0356 	DATA 	Keypress: k
262.0419 	EXP 	Box: autoDraw = False
262.0419 	EXP 	FixCross: autoDraw = True
263.1679 	EXP 	FixCross: autoDraw = False
263.1679 	EXP 	FixCross: autoDraw = False
263.1679 	EXP 	Box: pos = array([0., 0.])
263.1679 	EXP 	Box: autoDraw = True
263.6390 	DATA 	Keypress: k
263.6478 	EXP 	New trial (rep=4, index=1): {'images': 'blue_congruent', 'congruentcy': 1, 'corrAns': 'a', 'box_pos': 'left', 'box_color': 'blue', 'box_x': -0.6}
263.6558 	EXP 	Box: autoDraw = False
263.6558 	EXP 	FixCross: autoDraw = True
264.9489 	EXP 	FixCross: autoDraw = False
264.9489 	EXP 	FixCross: autoDraw = False
264.9489 	EXP 	Box: pos = array([-0.6,  0. ])
264.9489 	EXP 	Box: autoDraw = True
265.4082 	EXP 	New trial (rep=4, index=2): {'images': 'blue_congruent', 'congruentcy': 1, 'corrAns': 'a', 'box_pos': 'left', 'box_color': 'blue', 'box_x': -0.6}
265.4103 	DATA 	Keypress: a
265.4161 	EXP 	Box: autoDraw = False
265.4161 	EXP 	FixCross: autoDraw = True
266.5884 	EXP 	FixCross: autoDraw = False
266.5884 	EXP 	FixCross: autoDraw = False
266.5884 	EXP 	Box: pos = array([-0.6,  0. ])
266.5884 	EXP 	Box: autoDraw = True
267.2306 	DATA 	Keypress: a
267.2386 	EXP 	New trial (rep=4, index=3): {'images': 'red_incongruent', 'congruentcy': 0, 'corrAns': 'k', 'box_pos': 'left', 'box_color': 'red', 'box_x': -0.6}
267.2430 	EXP 	Box: autoDraw = False
267.2430 	EXP 	FixCross: autoDraw = True
268.3440 	EXP 	FixCross: autoDraw = False
268.3440 	EXP 	FixCross: autoDraw = False
268.3440 	EXP 	Box: pos = array([-0.6,  0. ])
268.3440 	EXP 	Box: autoDraw = True
270.4004 	DATA 	Keypress: k
270.4094 	EXP 	New trial (rep=4, index=4): {'images': 'blue_neutral', 'congruentcy': 0, 'corrAns': 'a', 'box_pos': 'middle', 'box_color': 'blue', 'box_x': 0}
270.4172 	EXP 	Box: autoDraw = False
270.4172 	EXP 	FixCross: autoDraw = True
271.4807 	EXP 	FixCross: autoDraw = False
271.4807 	EXP 	FixCross: autoDraw = False
271.4807 	EXP 	Box: pos = array([0., 0.])
271.4807 	EXP 	Box: autoDraw = True
272.1027 	EXP 	New trial (rep=4, index=5): {'images': 'red_congruent', 'congruentcy': 1, 'corrAns': 'k', 'box_pos': 'right', 'box_color': 'red', 'box_x': 0.6}
272.1048 	DATA 	Keypress: a
272.1107 	EXP 	Box: autoDraw = False
272.1107 	EXP 	FixCross: autoDraw = True
273.2994 	EXP 	FixCross: autoDraw = False
273.2994 	EXP 	FixCross: autoDraw = False
273.2994 	EXP 	Box: pos = array([0.6, 0. ])
273.2994 	EXP 	Box: autoDraw = True
273.9676 	DATA 	Keypress: k
273.9752 	EXP 	New trial (rep=5, index=0): {'images': 'red_congruent', 'congruentcy': 1, 'corrAns': 'k', 'box_pos': 'right', 'box_color': 'red', 'box_x': 0.6}
273.9835 	EXP 	Box: autoDraw = False
273.9835 	EXP 	FixCross: autoDraw = True
275.0888 	EXP 	FixCross: autoDraw = False
275.0888 	EXP 	FixCross: autoDraw = False
275.0888 	EXP 	Box: pos = array([0.6, 0. ])
275.0888 	EXP 	Box: autoDraw = True
275.7816 	EXP 	New trial (rep=5, index=1): {'images': 'red_neutral', 'congruentcy': 0, 'corrAns': 'k', 'box_pos': 'middle', 'box_color': 'red', 'box_x': 0}
275.7848 	DATA 	Keypress: k
275.7896 	EXP 	Box: autoDraw = False
275.7896 	EXP 	FixCross: autoDraw = True
276.8700 	EXP 	FixCross: autoDraw = False
276.8700 	EXP 	FixCross: autoDraw = False
276.8700 	EXP 	Box: pos = array([0., 0.])
276.8700 	EXP 	Box: autoDraw = True
277.5830 	DATA 	Keypress: k
277.5910 	EXP 	New trial (rep=5, index=2): {'images': 'blue_incongruent', 'congruentcy': 0, 'corrAns': 'a', 'box_pos': 'right', 'box_color': 'blue', 'box_x': 0.6}
277.5952 	EXP 	Box: autoDraw = False
277.5952 	EXP 	FixCross: autoDraw = True
278.7634 	EXP 	FixCross: autoDraw = False
278.7634 	EXP 	FixCross: autoDraw = False
278.7634 	EXP 	Box: pos = array([0.6, 0. ])
278.7634 	EXP 	Box: autoDraw = True
279.2104 	EXP 	New trial (rep=5, index=3): {'images': 'blue_congruent', 'congruentcy': 1, 'corrAns': 'a', 'box_pos': 'left', 'box_color': 'blue', 'box_x': -0.6}
279.2125 	DATA 	Keypress: a
279.2182 	EXP 	Box: autoDraw = False
279.2182 	EXP 	FixCross: autoDraw = True
280.2693 	EXP 	FixCross: autoDraw = False
280.2693 	EXP 	FixCross: autoDraw = False
280.2693 	EXP 	Box: pos = array([-0.6,  0. ])
280.2693 	EXP 	Box: autoDraw = True
280.7368 	DATA 	Keypress: a
280.7447 	EXP 	New trial (rep=5, index=4): {'images': 'red_incongruent', 'congruentcy': 0, 'corrAns': 'k', 'box_pos': 'left', 'box_color': 'red', 'box_x': -0.6}
280.7532 	EXP 	Box: autoDraw = False
280.7532 	EXP 	FixCross: autoDraw = True
281.8460 	EXP 	FixCross: autoDraw = False
281.8460 	EXP 	FixCross: autoDraw = False
281.8460 	EXP 	Box: pos = array([-0.6,  0. ])
281.8460 	EXP 	Box: autoDraw = True
282.3010 	EXP 	New trial (rep=5, index=5): {'images': 'blue_incongruent', 'congruentcy': 0, 'corrAns': 'a', 'box_pos': 'right', 'box_color': 'blue', 'box_x': 0.6}
282.3031 	DATA 	Keypress: k
282.3090 	EXP 	Box: autoDraw = False
282.3090 	EXP 	FixCross: autoDraw = True
283.4812 	EXP 	FixCross: autoDraw = False
283.4812 	EXP 	FixCross: autoDraw = False
283.4812 	EXP 	Box: pos = array([0.6, 0. ])
283.4812 	EXP 	Box: autoDraw = True
284.0655 	DATA 	Keypress: a
284.0735 	EXP 	New trial (rep=6, index=0): {'images': 'red_congruent', 'congruentcy': 1, 'corrAns': 'k', 'box_pos': 'right', 'box_color': 'red', 'box_x': 0.6}
284.0817 	EXP 	Box: autoDraw = False
284.0817 	EXP 	FixCross: autoDraw = True
285.2079 	EXP 	FixCross: autoDraw = False
285.2079 	EXP 	FixCross: autoDraw = False
285.2079 	EXP 	Box: pos = array([0.6, 0. ])
285.2079 	EXP 	Box: autoDraw = True
285.8459 	EXP 	New trial (rep=6, index=1): {'images': 'blue_neutral', 'congruentcy': 0, 'corrAns': 'a', 'box_pos': 'middle', 'box_color': 'blue', 'box_x': 0}
285.8479 	DATA 	Keypress: k
285.8544 	EXP 	Box: autoDraw = False
285.8544 	EXP 	FixCross: autoDraw = True
286.9555 	EXP 	FixCross: autoDraw = False
286.9555 	EXP 	FixCross: autoDraw = False
286.9555 	EXP 	Box: pos = array([0., 0.])
286.9555 	EXP 	Box: autoDraw = True
288.0574 	EXP 	New trial (rep=6, index=2): {'images': 'red_congruent', 'congruentcy': 1, 'corrAns': 'k', 'box_pos': 'right', 'box_color': 'red', 'box_x': 0.6}
288.0594 	DATA 	Keypress: a
288.0652 	EXP 	Box: autoDraw = False
288.0652 	EXP 	FixCross: autoDraw = True
289.0953 	EXP 	FixCross: autoDraw = False
289.0953 	EXP 	FixCross: autoDraw = False
289.0953 	EXP 	Box: pos = array([0.6, 0. ])
289.0953 	EXP 	Box: autoDraw = True
289.8128 	EXP 	New trial (rep=6, index=3): {'images': 'blue_incongruent', 'congruentcy': 0, 'corrAns': 'a', 'box_pos': 'right', 'box_color': 'blue', 'box_x': 0.6}
289.8148 	DATA 	Keypress: k
289.8211 	EXP 	Box: autoDraw = False
289.8211 	EXP 	FixCross: autoDraw = True
290.9181 	EXP 	FixCross: autoDraw = False
290.9181 	EXP 	FixCross: autoDraw = False
290.9181 	EXP 	Box: pos = array([0.6, 0. ])
290.9181 	EXP 	Box: autoDraw = True
291.7402 	EXP 	New trial (rep=6, index=4): {'images': 'red_congruent', 'congruentcy': 1, 'corrAns': 'k', 'box_pos': 'right', 'box_color': 'red', 'box_x': 0.6}
291.7424 	DATA 	Keypress: a
291.7481 	EXP 	Box: autoDraw = False
291.7481 	EXP 	FixCross: autoDraw = True
292.8952 	EXP 	FixCross: autoDraw = False
292.8952 	EXP 	FixCross: autoDraw = False
292.8952 	EXP 	Box: pos = array([0.6, 0. ])
292.8952 	EXP 	Box: autoDraw = True
293.3296 	EXP 	New trial (rep=6, index=5): {'images': 'blue_incongruent', 'congruentcy': 0, 'corrAns': 'a', 'box_pos': 'right', 'box_color': 'blue', 'box_x': 0.6}
293.3316 	DATA 	Keypress: k
293.3373 	EXP 	Box: autoDraw = False
293.3373 	EXP 	FixCross: autoDraw = True
294.4719 	EXP 	FixCross: autoDraw = False
294.4719 	EXP 	FixCross: autoDraw = False
294.4719 	EXP 	Box: pos = array([0.6, 0. ])
294.4719 	EXP 	Box: autoDraw = True
295.1690 	EXP 	New trial (rep=7, index=0): {'images': 'blue_neutral', 'congruentcy': 0, 'corrAns': 'a', 'box_pos': 'middle', 'box_color': 'blue', 'box_x': 0}
295.1710 	DATA 	Keypress: a
295.1769 	EXP 	Box: autoDraw = False
295.1769 	EXP 	FixCross: autoDraw = True
296.4323 	EXP 	FixCross: autoDraw = False
296.4323 	EXP 	FixCross: autoDraw = False
296.4323 	EXP 	Box: pos = array([0., 0.])
296.4323 	EXP 	Box: autoDraw = True
296.7875 	DATA 	Keypress: a
296.7955 	EXP 	New trial (rep=7, index=1): {'images': 'red_neutral', 'congruentcy': 0, 'corrAns': 'k', 'box_pos': 'middle', 'box_color': 'red', 'box_x': 0}
296.8035 	EXP 	Box: autoDraw = False
296.8035 	EXP 	FixCross: autoDraw = True
297.8295 	EXP 	FixCross: autoDraw = False
297.8295 	EXP 	FixCross: autoDraw = False
297.8295 	EXP 	Box: pos = array([0., 0.])
297.8295 	EXP 	Box: autoDraw = True
298.2467 	EXP 	New trial (rep=7, index=2): {'images': 'blue_neutral', 'congruentcy': 0, 'corrAns': 'a', 'box_pos': 'middle', 'box_color': 'blue', 'box_x': 0}
298.2488 	DATA 	Keypress: k
298.2551 	EXP 	Box: autoDraw = False
298.2551 	EXP 	FixCross: autoDraw = True
299.3187 	EXP 	FixCross: autoDraw = False
299.3187 	EXP 	FixCross: autoDraw = False
299.3187 	EXP 	Box: pos = array([0., 0.])
299.3187 	EXP 	Box: autoDraw = True
299.7862 	DATA 	Keypress: a
299.7940 	EXP 	New trial (rep=7, index=3): {'images': 'red_neutral', 'congruentcy': 0, 'corrAns': 'k', 'box_pos': 'middle', 'box_color': 'red', 'box_x': 0}
299.8025 	EXP 	Box: autoDraw = False
299.8025 	EXP 	FixCross: autoDraw = True
300.8620 	EXP 	FixCross: autoDraw = False
300.8620 	EXP 	FixCross: autoDraw = False
300.8620 	EXP 	Box: pos = array([0., 0.])
300.8620 	EXP 	Box: autoDraw = True
301.2293 	EXP 	New trial (rep=7, index=4): {'images': 'blue_incongruent', 'congruentcy': 0, 'corrAns': 'a', 'box_pos': 'right', 'box_color': 'blue', 'box_x': 0.6}
301.2314 	DATA 	Keypress: k
301.2375 	EXP 	Box: autoDraw = False
301.2375 	EXP 	FixCross: autoDraw = True
302.3970 	EXP 	FixCross: autoDraw = False
302.3970 	EXP 	FixCross: autoDraw = False
302.3970 	EXP 	Box: pos = array([0.6, 0. ])
302.3970 	EXP 	Box: autoDraw = True
303.1309 	DATA 	Keypress: a
303.1398 	EXP 	New trial (rep=7, index=5): {'images': 'blue_neutral', 'congruentcy': 0, 'corrAns': 'a', 'box_pos': 'middle', 'box_color': 'blue', 'box_x': 0}
303.1478 	EXP 	Box: autoDraw = False
303.1478 	EXP 	FixCross: autoDraw = True
304.2155 	EXP 	FixCross: autoDraw = False
304.2155 	EXP 	FixCross: autoDraw = False
304.2155 	EXP 	Box: pos = array([0., 0.])
304.2155 	EXP 	Box: autoDraw = True
304.6911 	DATA 	Keypress: a
304.7163 	EXP 	Box: autoDraw = False
304.7163 	EXP 	text_2: text = 'Biraz mola verebilirsiniz. \n\n 48 adet doğru cevap verdiniz. \n Ortalama cevap süreniz 4.75e+02ms.\n\n Devam etmek için BOŞLUK tuşuna basınız.'
304.7163 	EXP 	text_2: autoDraw = True
310.9652 	DATA 	Keypress: space
310.9800 	EXP 	Imported SimonTask.xlsx as conditions, 6 conditions, 6 params
310.9804 	EXP 	Created sequence: fullRandom, trialTypes=6, nReps=8, seed=None
310.9807 	EXP 	New trial (rep=0, index=0): {'images': 'red_congruent', 'congruentcy': 1, 'corrAns': 'k', 'box_pos': 'right', 'box_color': 'red', 'box_x': 0.6}
310.9894 	EXP 	text_2: autoDraw = False
310.9894 	EXP 	FixCross: autoDraw = True
312.0655 	EXP 	FixCross: autoDraw = False
312.0655 	EXP 	FixCross: autoDraw = False
312.0655 	EXP 	Box: pos = array([0.6, 0. ])
312.0655 	EXP 	Box: autoDraw = True
313.1007 	EXP 	New trial (rep=0, index=1): {'images': 'red_incongruent', 'congruentcy': 0, 'corrAns': 'k', 'box_pos': 'left', 'box_color': 'red', 'box_x': -0.6}
313.1034 	DATA 	Keypress: k
313.1083 	EXP 	Box: autoDraw = False
313.1083 	EXP 	FixCross: autoDraw = True
314.3305 	EXP 	FixCross: autoDraw = False
314.3305 	EXP 	FixCross: autoDraw = False
314.3305 	EXP 	Box: pos = array([-0.6,  0. ])
314.3305 	EXP 	Box: autoDraw = True
315.0900 	EXP 	New trial (rep=0, index=2): {'images': 'red_incongruent', 'congruentcy': 0, 'corrAns': 'k', 'box_pos': 'left', 'box_color': 'red', 'box_x': -0.6}
315.0920 	DATA 	Keypress: k
315.0986 	EXP 	Box: autoDraw = False
315.0986 	EXP 	FixCross: autoDraw = True
316.1990 	EXP 	FixCross: autoDraw = False
316.1990 	EXP 	FixCross: autoDraw = False
316.1990 	EXP 	Box: pos = array([-0.6,  0. ])
316.1990 	EXP 	Box: autoDraw = True
316.7244 	DATA 	Keypress: k
316.7334 	EXP 	New trial (rep=0, index=3): {'images': 'blue_incongruent', 'congruentcy': 0, 'corrAns': 'a', 'box_pos': 'right', 'box_color': 'blue', 'box_x': 0.6}
316.7419 	EXP 	Box: autoDraw = False
316.7419 	EXP 	FixCross: autoDraw = True
317.9508 	EXP 	FixCross: autoDraw = False
317.9508 	EXP 	FixCross: autoDraw = False
317.9508 	EXP 	Box: pos = array([0.6, 0. ])
317.9508 	EXP 	Box: autoDraw = True
318.3307 	EXP 	New trial (rep=0, index=4): {'images': 'red_neutral', 'congruentcy': 0, 'corrAns': 'k', 'box_pos': 'middle', 'box_color': 'red', 'box_x': 0}
318.3328 	DATA 	Keypress: a
318.3391 	EXP 	Box: autoDraw = False
318.3391 	EXP 	FixCross: autoDraw = True
319.4653 	EXP 	FixCross: autoDraw = False
319.4653 	EXP 	FixCross: autoDraw = False
319.4653 	EXP 	Box: pos = array([0., 0.])
319.4653 	EXP 	Box: autoDraw = True
319.9496 	EXP 	New trial (rep=0, index=5): {'images': 'blue_incongruent', 'congruentcy': 0, 'corrAns': 'a', 'box_pos': 'right', 'box_color': 'blue', 'box_x': 0.6}
319.9523 	DATA 	Keypress: k
319.9571 	EXP 	Box: autoDraw = False
319.9571 	EXP 	FixCross: autoDraw = True
321.0624 	EXP 	FixCross: autoDraw = False
321.0624 	EXP 	FixCross: autoDraw = False
321.0624 	EXP 	Box: pos = array([0.6, 0. ])
321.0624 	EXP 	Box: autoDraw = True
321.5174 	EXP 	New trial (rep=1, index=0): {'images': 'blue_congruent', 'congruentcy': 1, 'corrAns': 'a', 'box_pos': 'left', 'box_color': 'blue', 'box_x': -0.6}
321.5195 	DATA 	Keypress: a
321.5257 	EXP 	Box: autoDraw = False
321.5257 	EXP 	FixCross: autoDraw = True
322.6016 	EXP 	FixCross: autoDraw = False
322.6016 	EXP 	FixCross: autoDraw = False
322.6016 	EXP 	Box: pos = array([-0.6,  0. ])
322.6016 	EXP 	Box: autoDraw = True
323.3359 	EXP 	New trial (rep=1, index=1): {'images': 'red_congruent', 'congruentcy': 1, 'corrAns': 'k', 'box_pos': 'right', 'box_color': 'red', 'box_x': 0.6}
323.3380 	DATA 	Keypress: a
323.3441 	EXP 	Box: autoDraw = False
323.3441 	EXP 	FixCross: autoDraw = True
324.5872 	EXP 	FixCross: autoDraw = False
324.5872 	EXP 	FixCross: autoDraw = False
324.5872 	EXP 	Box: pos = array([0.6, 0. ])
324.5872 	EXP 	Box: autoDraw = True
325.0877 	DATA 	Keypress: k
325.0966 	EXP 	New trial (rep=1, index=2): {'images': 'red_neutral', 'congruentcy': 0, 'corrAns': 'k', 'box_pos': 'middle', 'box_color': 'red', 'box_x': 0}
325.1044 	EXP 	Box: autoDraw = False
325.1044 	EXP 	FixCross: autoDraw = True
326.1722 	EXP 	FixCross: autoDraw = False
326.1722 	EXP 	FixCross: autoDraw = False
326.1722 	EXP 	Box: pos = array([0., 0.])
326.1722 	EXP 	Box: autoDraw = True
326.6390 	DATA 	Keypress: k
326.6479 	EXP 	New trial (rep=1, index=3): {'images': 'red_neutral', 'congruentcy': 0, 'corrAns': 'k', 'box_pos': 'middle', 'box_color': 'red', 'box_x': 0}
326.6560 	EXP 	Box: autoDraw = False
326.6560 	EXP 	FixCross: autoDraw = True
327.7906 	EXP 	FixCross: autoDraw = False
327.7906 	EXP 	FixCross: autoDraw = False
327.7906 	EXP 	Box: pos = array([0., 0.])
327.7906 	EXP 	Box: autoDraw = True
328.2244 	EXP 	New trial (rep=1, index=4): {'images': 'blue_neutral', 'congruentcy': 0, 'corrAns': 'a', 'box_pos': 'middle', 'box_color': 'blue', 'box_x': 0}
328.2265 	DATA 	Keypress: k
328.2327 	EXP 	Box: autoDraw = False
328.2327 	EXP 	FixCross: autoDraw = True
329.3423 	EXP 	FixCross: autoDraw = False
329.3423 	EXP 	FixCross: autoDraw = False
329.3423 	EXP 	Box: pos = array([0., 0.])
329.3423 	EXP 	Box: autoDraw = True
329.6596 	EXP 	New trial (rep=1, index=5): {'images': 'red_congruent', 'congruentcy': 1, 'corrAns': 'k', 'box_pos': 'right', 'box_color': 'red', 'box_x': 0.6}
329.6617 	DATA 	Keypress: a
329.6676 	EXP 	Box: autoDraw = False
329.6676 	EXP 	FixCross: autoDraw = True
330.7729 	EXP 	FixCross: autoDraw = False
330.7729 	EXP 	FixCross: autoDraw = False
330.7729 	EXP 	Box: pos = array([0.6, 0. ])
330.7729 	EXP 	Box: autoDraw = True
331.1860 	EXP 	New trial (rep=2, index=0): {'images': 'blue_congruent', 'congruentcy': 1, 'corrAns': 'a', 'box_pos': 'left', 'box_color': 'blue', 'box_x': -0.6}
331.1881 	DATA 	Keypress: k
331.1942 	EXP 	Box: autoDraw = False
331.1942 	EXP 	FixCross: autoDraw = True
332.3496 	EXP 	FixCross: autoDraw = False
332.3496 	EXP 	FixCross: autoDraw = False
332.3496 	EXP 	Box: pos = array([-0.6,  0. ])
332.3496 	EXP 	Box: autoDraw = True
332.9084 	EXP 	New trial (rep=2, index=1): {'images': 'blue_incongruent', 'congruentcy': 0, 'corrAns': 'a', 'box_pos': 'right', 'box_color': 'blue', 'box_x': 0.6}
332.9105 	DATA 	Keypress: a
332.9167 	EXP 	Box: autoDraw = False
332.9167 	EXP 	FixCross: autoDraw = True
334.0682 	EXP 	FixCross: autoDraw = False
334.0682 	EXP 	FixCross: autoDraw = False
334.0682 	EXP 	Box: pos = array([0.6, 0. ])
334.0682 	EXP 	Box: autoDraw = True
334.5609 	DATA 	Keypress: a
334.5688 	EXP 	New trial (rep=2, index=2): {'images': 'red_congruent', 'congruentcy': 1, 'corrAns': 'k', 'box_pos': 'right', 'box_color': 'red', 'box_x': 0.6}
334.5769 	EXP 	Box: autoDraw = False
334.5769 	EXP 	FixCross: autoDraw = True
335.7281 	EXP 	FixCross: autoDraw = False
335.7281 	EXP 	FixCross: autoDraw = False
335.7281 	EXP 	Box: pos = array([0.6, 0. ])
335.7281 	EXP 	Box: autoDraw = True
336.1241 	EXP 	New trial (rep=2, index=3): {'images': 'red_congruent', 'congruentcy': 1, 'corrAns': 'k', 'box_pos': 'right', 'box_color': 'red', 'box_x': 0.6}
336.1262 	DATA 	Keypress: k
336.1328 	EXP 	Box: autoDraw = False
336.1328 	EXP 	FixCross: autoDraw = True
337.2548 	EXP 	FixCross: autoDraw = False
337.2548 	EXP 	FixCross: autoDraw = False
337.2548 	EXP 	Box: pos = array([0.6, 0. ])
337.2548 	EXP 	Box: autoDraw = True
337.6385 	EXP 	New trial (rep=2, index=4): {'images': 'blue_incongruent', 'congruentcy': 0, 'corrAns': 'a', 'box_pos': 'right', 'box_color': 'blue', 'box_x': 0.6}
337.6405 	DATA 	Keypress: k
337.6469 	EXP 	Box: autoDraw = False
337.6469 	EXP 	FixCross: autoDraw = True
338.8317 	EXP 	FixCross: autoDraw = False
338.8317 	EXP 	FixCross: autoDraw = False
338.8317 	EXP 	Box: pos = array([0.6, 0. ])
338.8317 	EXP 	Box: autoDraw = True
339.4239 	DATA 	Keypress: a
339.4319 	EXP 	New trial (rep=2, index=5): {'images': 'red_incongruent', 'congruentcy': 0, 'corrAns': 'k', 'box_pos': 'left', 'box_color': 'red', 'box_x': -0.6}
339.4363 	EXP 	Box: autoDraw = False
339.4363 	EXP 	FixCross: autoDraw = True
340.5584 	EXP 	FixCross: autoDraw = False
340.5584 	EXP 	FixCross: autoDraw = False
340.5584 	EXP 	Box: pos = array([-0.6,  0. ])
340.5584 	EXP 	Box: autoDraw = True
341.6724 	EXP 	New trial (rep=3, index=0): {'images': 'blue_congruent', 'congruentcy': 1, 'corrAns': 'a', 'box_pos': 'left', 'box_color': 'blue', 'box_x': -0.6}
341.6744 	DATA 	Keypress: k
341.6803 	EXP 	Box: autoDraw = False
341.6803 	EXP 	FixCross: autoDraw = True
342.7565 	EXP 	FixCross: autoDraw = False
342.7565 	EXP 	FixCross: autoDraw = False
342.7565 	EXP 	Box: pos = array([-0.6,  0. ])
342.7565 	EXP 	Box: autoDraw = True
343.2988 	EXP 	New trial (rep=3, index=1): {'images': 'red_neutral', 'congruentcy': 0, 'corrAns': 'k', 'box_pos': 'middle', 'box_color': 'red', 'box_x': 0}
343.3008 	DATA 	Keypress: a
343.3070 	EXP 	Box: autoDraw = False
343.3070 	EXP 	FixCross: autoDraw = True
344.3999 	EXP 	FixCross: autoDraw = False
344.3999 	EXP 	FixCross: autoDraw = False
344.3999 	EXP 	Box: pos = array([0., 0.])
344.3999 	EXP 	Box: autoDraw = True
344.9751 	EXP 	New trial (rep=3, index=2): {'images': 'blue_congruent', 'congruentcy': 1, 'corrAns': 'a', 'box_pos': 'left', 'box_color': 'blue', 'box_x': -0.6}
344.9772 	DATA 	Keypress: k
344.9839 	EXP 	Box: autoDraw = False
344.9839 	EXP 	FixCross: autoDraw = True
346.1434 	EXP 	FixCross: autoDraw = False
346.1434 	EXP 	FixCross: autoDraw = False
346.1434 	EXP 	Box: pos = array([-0.6,  0. ])
346.1434 	EXP 	Box: autoDraw = True
346.6685 	EXP 	New trial (rep=3, index=3): {'images': 'red_neutral', 'congruentcy': 0, 'corrAns': 'k', 'box_pos': 'middle', 'box_color': 'red', 'box_x': 0}
346.6706 	DATA 	Keypress: a
346.6731 	EXP 	Box: autoDraw = False
346.6731 	EXP 	FixCross: autoDraw = True
347.7744 	EXP 	FixCross: autoDraw = False
347.7744 	EXP 	FixCross: autoDraw = False
347.7744 	EXP 	Box: pos = array([0., 0.])
347.7744 	EXP 	Box: autoDraw = True
348.1999 	EXP 	New trial (rep=3, index=4): {'images': 'blue_congruent', 'congruentcy': 1, 'corrAns': 'a', 'box_pos': 'left', 'box_color': 'blue', 'box_x': -0.6}
348.2020 	DATA 	Keypress: k
348.2082 	EXP 	Box: autoDraw = False
348.2082 	EXP 	FixCross: autoDraw = True
349.3259 	EXP 	FixCross: autoDraw = False
349.3259 	EXP 	FixCross: autoDraw = False
349.3259 	EXP 	Box: pos = array([-0.6,  0. ])
349.3259 	EXP 	Box: autoDraw = True
349.8434 	EXP 	New trial (rep=3, index=5): {'images': 'blue_neutral', 'congruentcy': 0, 'corrAns': 'a', 'box_pos': 'middle', 'box_color': 'blue', 'box_x': 0}
349.8456 	DATA 	Keypress: a
349.8516 	EXP 	Box: autoDraw = False
349.8516 	EXP 	FixCross: autoDraw = True
351.0277 	EXP 	FixCross: autoDraw = False
351.0277 	EXP 	FixCross: autoDraw = False
351.0277 	EXP 	Box: pos = array([0., 0.])
351.0277 	EXP 	Box: autoDraw = True
352.3830 	EXP 	New trial (rep=4, index=0): {'images': 'blue_neutral', 'congruentcy': 0, 'corrAns': 'a', 'box_pos': 'middle', 'box_color': 'blue', 'box_x': 0}
352.3852 	DATA 	Keypress: a
352.3917 	EXP 	Box: autoDraw = False
352.3917 	EXP 	FixCross: autoDraw = True
353.4554 	EXP 	FixCross: autoDraw = False
353.4554 	EXP 	FixCross: autoDraw = False
353.4554 	EXP 	Box: pos = array([0., 0.])
353.4554 	EXP 	Box: autoDraw = True
354.0604 	EXP 	New trial (rep=4, index=1): {'images': 'red_neutral', 'congruentcy': 0, 'corrAns': 'k', 'box_pos': 'middle', 'box_color': 'red', 'box_x': 0}
354.0624 	DATA 	Keypress: a
354.0685 	EXP 	Box: autoDraw = False
354.0685 	EXP 	FixCross: autoDraw = True
355.2697 	EXP 	FixCross: autoDraw = False
355.2697 	EXP 	FixCross: autoDraw = False
355.2697 	EXP 	Box: pos = array([0., 0.])
355.2697 	EXP 	Box: autoDraw = True
355.7327 	EXP 	New trial (rep=4, index=2): {'images': 'blue_neutral', 'congruentcy': 0, 'corrAns': 'a', 'box_pos': 'middle', 'box_color': 'blue', 'box_x': 0}
355.7348 	DATA 	Keypress: k
355.7411 	EXP 	Box: autoDraw = False
355.7411 	EXP 	FixCross: autoDraw = True
356.8381 	EXP 	FixCross: autoDraw = False
356.8381 	EXP 	FixCross: autoDraw = False
356.8381 	EXP 	Box: pos = array([0., 0.])
356.8381 	EXP 	Box: autoDraw = True
357.3761 	EXP 	New trial (rep=4, index=3): {'images': 'blue_neutral', 'congruentcy': 0, 'corrAns': 'a', 'box_pos': 'middle', 'box_color': 'blue', 'box_x': 0}
357.3782 	DATA 	Keypress: a
357.3843 	EXP 	Box: autoDraw = False
357.3843 	EXP 	FixCross: autoDraw = True
358.5608 	EXP 	FixCross: autoDraw = False
358.5608 	EXP 	FixCross: autoDraw = False
358.5608 	EXP 	Box: pos = array([0., 0.])
358.5608 	EXP 	Box: autoDraw = True
359.0366 	DATA 	Keypress: a
360.5379 	EXP 	New trial (rep=4, index=4): {'images': 'red_congruent', 'congruentcy': 1, 'corrAns': 'k', 'box_pos': 'right', 'box_color': 'red', 'box_x': 0.6}
360.5399 	DATA 	Keypress: a
360.5460 	EXP 	Box: autoDraw = False
360.5460 	EXP 	FixCross: autoDraw = True
361.7141 	EXP 	FixCross: autoDraw = False
361.7141 	EXP 	FixCross: autoDraw = False
361.7141 	EXP 	Box: pos = array([0.6, 0. ])
361.7141 	EXP 	Box: autoDraw = True
362.1813 	EXP 	New trial (rep=4, index=5): {'images': 'blue_incongruent', 'congruentcy': 0, 'corrAns': 'a', 'box_pos': 'right', 'box_color': 'blue', 'box_x': 0.6}
362.1833 	DATA 	Keypress: k
362.1897 	EXP 	Box: autoDraw = False
362.1897 	EXP 	FixCross: autoDraw = True
363.2949 	EXP 	FixCross: autoDraw = False
363.2949 	EXP 	FixCross: autoDraw = False
363.2949 	EXP 	Box: pos = array([0.6, 0. ])
363.2949 	EXP 	Box: autoDraw = True
363.9286 	EXP 	New trial (rep=5, index=0): {'images': 'red_incongruent', 'congruentcy': 0, 'corrAns': 'k', 'box_pos': 'left', 'box_color': 'red', 'box_x': -0.6}
363.9307 	DATA 	Keypress: a
363.9372 	EXP 	Box: autoDraw = False
363.9372 	EXP 	FixCross: autoDraw = True
365.0426 	EXP 	FixCross: autoDraw = False
365.0426 	EXP 	FixCross: autoDraw = False
365.0426 	EXP 	Box: pos = array([-0.6,  0. ])
365.0426 	EXP 	Box: autoDraw = True
365.7770 	EXP 	New trial (rep=5, index=1): {'images': 'red_incongruent', 'congruentcy': 0, 'corrAns': 'k', 'box_pos': 'left', 'box_color': 'red', 'box_x': -0.6}
365.7791 	DATA 	Keypress: k
365.7850 	EXP 	Box: autoDraw = False
365.7850 	EXP 	FixCross: autoDraw = True
366.9071 	EXP 	FixCross: autoDraw = False
366.9071 	EXP 	FixCross: autoDraw = False
366.9071 	EXP 	Box: pos = array([-0.6,  0. ])
366.9071 	EXP 	Box: autoDraw = True
367.4244 	EXP 	New trial (rep=5, index=2): {'images': 'blue_neutral', 'congruentcy': 0, 'corrAns': 'a', 'box_pos': 'middle', 'box_color': 'blue', 'box_x': 0}
367.4265 	DATA 	Keypress: k
367.4327 	EXP 	Box: autoDraw = False
367.4327 	EXP 	FixCross: autoDraw = True
368.5296 	EXP 	FixCross: autoDraw = False
368.5296 	EXP 	FixCross: autoDraw = False
368.5296 	EXP 	Box: pos = array([0., 0.])
368.5296 	EXP 	Box: autoDraw = True
369.0769 	DATA 	Keypress: a
369.0848 	EXP 	New trial (rep=5, index=3): {'images': 'red_neutral', 'congruentcy': 0, 'corrAns': 'k', 'box_pos': 'middle', 'box_color': 'red', 'box_x': 0}
369.0928 	EXP 	Box: autoDraw = False
369.0928 	EXP 	FixCross: autoDraw = True
370.2816 	EXP 	FixCross: autoDraw = False
370.2816 	EXP 	FixCross: autoDraw = False
370.2816 	EXP 	Box: pos = array([0., 0.])
370.2816 	EXP 	Box: autoDraw = True
370.9823 	EXP 	New trial (rep=5, index=4): {'images': 'red_incongruent', 'congruentcy': 0, 'corrAns': 'k', 'box_pos': 'left', 'box_color': 'red', 'box_x': -0.6}
370.9843 	DATA 	Keypress: k
370.9906 	EXP 	Box: autoDraw = False
370.9906 	EXP 	FixCross: autoDraw = True
372.1166 	EXP 	FixCross: autoDraw = False
372.1166 	EXP 	FixCross: autoDraw = False
372.1166 	EXP 	Box: pos = array([-0.6,  0. ])
372.1166 	EXP 	Box: autoDraw = True
372.7807 	EXP 	New trial (rep=5, index=5): {'images': 'blue_incongruent', 'congruentcy': 0, 'corrAns': 'a', 'box_pos': 'right', 'box_color': 'blue', 'box_x': 0.6}
372.7839 	DATA 	Keypress: a
372.7883 	EXP 	Box: autoDraw = False
372.7883 	EXP 	FixCross: autoDraw = True
373.9063 	EXP 	FixCross: autoDraw = False
373.9063 	EXP 	FixCross: autoDraw = False
373.9063 	EXP 	Box: pos = array([0.6, 0. ])
373.9063 	EXP 	Box: autoDraw = True
376.9676 	EXP 	New trial (rep=6, index=0): {'images': 'red_incongruent', 'congruentcy': 0, 'corrAns': 'k', 'box_pos': 'left', 'box_color': 'red', 'box_x': -0.6}
376.9697 	DATA 	Keypress: a
376.9761 	EXP 	Box: autoDraw = False
376.9761 	EXP 	FixCross: autoDraw = True
378.1273 	EXP 	FixCross: autoDraw = False
378.1273 	EXP 	FixCross: autoDraw = False
378.1273 	EXP 	Box: pos = array([-0.6,  0. ])
378.1273 	EXP 	Box: autoDraw = True
379.2121 	EXP 	New trial (rep=6, index=1): {'images': 'red_congruent', 'congruentcy': 1, 'corrAns': 'k', 'box_pos': 'right', 'box_color': 'red', 'box_x': 0.6}
379.2141 	DATA 	Keypress: k
379.2202 	EXP 	Box: autoDraw = False
379.2202 	EXP 	FixCross: autoDraw = True
380.4131 	EXP 	FixCross: autoDraw = False
380.4131 	EXP 	FixCross: autoDraw = False
380.4131 	EXP 	Box: pos = array([0.6, 0. ])
380.4131 	EXP 	Box: autoDraw = True
381.0476 	DATA 	Keypress: k
381.0555 	EXP 	New trial (rep=6, index=2): {'images': 'red_incongruent', 'congruentcy': 0, 'corrAns': 'k', 'box_pos': 'left', 'box_color': 'red', 'box_x': -0.6}
381.0638 	EXP 	Box: autoDraw = False
381.0638 	EXP 	FixCross: autoDraw = True
382.2193 	EXP 	FixCross: autoDraw = False
382.2193 	EXP 	FixCross: autoDraw = False
382.2193 	EXP 	Box: pos = array([-0.6,  0. ])
382.2193 	EXP 	Box: autoDraw = True
382.6869 	DATA 	Keypress: k
382.6949 	EXP 	New trial (rep=6, index=3): {'images': 'red_congruent', 'congruentcy': 1, 'corrAns': 'k', 'box_pos': 'right', 'box_color': 'red', 'box_x': 0.6}
382.7030 	EXP 	Box: autoDraw = False
382.7030 	EXP 	FixCross: autoDraw = True
383.7957 	EXP 	FixCross: autoDraw = False
383.7957 	EXP 	FixCross: autoDraw = False
383.7957 	EXP 	Box: pos = array([0.6, 0. ])
383.7957 	EXP 	Box: autoDraw = True
384.3713 	EXP 	New trial (rep=6, index=4): {'images': 'blue_incongruent', 'congruentcy': 0, 'corrAns': 'a', 'box_pos': 'right', 'box_color': 'blue', 'box_x': 0.6}
384.3734 	DATA 	Keypress: k
384.3798 	EXP 	Box: autoDraw = False
384.3798 	EXP 	FixCross: autoDraw = True
385.4893 	EXP 	FixCross: autoDraw = False
385.4893 	EXP 	FixCross: autoDraw = False
385.4893 	EXP 	Box: pos = array([0.6, 0. ])
385.4893 	EXP 	Box: autoDraw = True
386.5408 	EXP 	New trial (rep=6, index=5): {'images': 'blue_congruent', 'congruentcy': 1, 'corrAns': 'a', 'box_pos': 'left', 'box_color': 'blue', 'box_x': -0.6}
386.5429 	DATA 	Keypress: a
386.5488 	EXP 	Box: autoDraw = False
386.5488 	EXP 	FixCross: autoDraw = True
387.5875 	EXP 	FixCross: autoDraw = False
387.5875 	EXP 	FixCross: autoDraw = False
387.5875 	EXP 	Box: pos = array([-0.6,  0. ])
387.5875 	EXP 	Box: autoDraw = True
388.2295 	EXP 	New trial (rep=7, index=0): {'images': 'blue_congruent', 'congruentcy': 1, 'corrAns': 'a', 'box_pos': 'left', 'box_color': 'blue', 'box_x': -0.6}
388.2316 	DATA 	Keypress: a
388.2381 	EXP 	Box: autoDraw = False
388.2381 	EXP 	FixCross: autoDraw = True
389.3017 	EXP 	FixCross: autoDraw = False
389.3017 	EXP 	FixCross: autoDraw = False
389.3017 	EXP 	Box: pos = array([-0.6,  0. ])
389.3017 	EXP 	Box: autoDraw = True
389.7609 	EXP 	New trial (rep=7, index=1): {'images': 'red_neutral', 'congruentcy': 0, 'corrAns': 'k', 'box_pos': 'middle', 'box_color': 'red', 'box_x': 0}
389.7629 	DATA 	Keypress: a
389.7689 	EXP 	Box: autoDraw = False
389.7689 	EXP 	FixCross: autoDraw = True
390.8241 	EXP 	FixCross: autoDraw = False
390.8241 	EXP 	FixCross: autoDraw = False
390.8241 	EXP 	Box: pos = array([0., 0.])
390.8241 	EXP 	Box: autoDraw = True
391.3372 	EXP 	New trial (rep=7, index=2): {'images': 'blue_neutral', 'congruentcy': 0, 'corrAns': 'a', 'box_pos': 'middle', 'box_color': 'blue', 'box_x': 0}
391.3393 	DATA 	Keypress: k
391.3455 	EXP 	Box: autoDraw = False
391.3455 	EXP 	FixCross: autoDraw = True
392.4176 	EXP 	FixCross: autoDraw = False
392.4176 	EXP 	FixCross: autoDraw = False
392.4176 	EXP 	Box: pos = array([0., 0.])
392.4176 	EXP 	Box: autoDraw = True
393.0557 	DATA 	Keypress: a
393.0636 	EXP 	New trial (rep=7, index=3): {'images': 'blue_incongruent', 'congruentcy': 0, 'corrAns': 'a', 'box_pos': 'right', 'box_color': 'blue', 'box_x': 0.6}
393.0681 	EXP 	Box: autoDraw = False
393.0681 	EXP 	FixCross: autoDraw = True
394.1735 	EXP 	FixCross: autoDraw = False
394.1735 	EXP 	FixCross: autoDraw = False
394.1735 	EXP 	Box: pos = array([0.6, 0. ])
394.1735 	EXP 	Box: autoDraw = True
394.8161 	DATA 	Keypress: a
394.8241 	EXP 	New trial (rep=7, index=4): {'images': 'blue_congruent', 'congruentcy': 1, 'corrAns': 'a', 'box_pos': 'left', 'box_color': 'blue', 'box_x': -0.6}
394.8284 	EXP 	Box: autoDraw = False
394.8284 	EXP 	FixCross: autoDraw = True
396.0632 	EXP 	FixCross: autoDraw = False
396.0632 	EXP 	FixCross: autoDraw = False
396.0632 	EXP 	Box: pos = array([-0.6,  0. ])
396.0632 	EXP 	Box: autoDraw = True
396.4885 	DATA 	Keypress: a
396.4974 	EXP 	New trial (rep=7, index=5): {'images': 'blue_neutral', 'congruentcy': 0, 'corrAns': 'a', 'box_pos': 'middle', 'box_color': 'blue', 'box_x': 0}
396.5054 	EXP 	Box: autoDraw = False
396.5054 	EXP 	FixCross: autoDraw = True
397.6314 	EXP 	FixCross: autoDraw = False
397.6314 	EXP 	FixCross: autoDraw = False
397.6314 	EXP 	Box: pos = array([0., 0.])
397.6314 	EXP 	Box: autoDraw = True
397.9782 	DATA 	Keypress: a
397.9820 	EXP 	Box: autoDraw = False
397.9820 	EXP 	text_2: text = 'Biraz mola verebilirsiniz. \n\n 47 adet doğru cevap verdiniz. \n Ortalama cevap süreniz 3.28e+02ms.\n\n Devam etmek için BOŞLUK tuşuna basınız.'
397.9820 	EXP 	text_2: autoDraw = True
412.0654 	DATA 	Keypress: space
412.0715 	EXP 	text_2: autoDraw = False
412.0715 	EXP 	text: autoDraw = True
412.8308 	DATA 	Keypress: space
412.8354 	EXP 	text: autoDraw = False
412.8841 	EXP 	window1: mouseVisible = True
