1.8421 	WARNING 	We strongly recommend you activate the PTB sound engine in PsychoPy prefs as the preferred audio engine. Its timing is vastly superior. Your prefs are currently set to use ['sounddevice', 'PTB', 'pyo', 'pygame'] (in that order).
9.3272 	WARNING 	User requested fullscreen with size [1440  900], but screen is actually [1920, 1080]. Using actual size
9.9682 	EXP 	Created window1 = Window(allowGUI=False, allowStencil=False, autoLog=True, backendConf=UNKNOWN, bitsMode=UNKNOWN, blendMode='avg', bpc=(8, 8, 8), color=array([1, 1, 1]), colorSpace='rgb', depthBits=8, fullscr=<method-wrapper '__getattribute__' of attributeSetter object at 0x00000135F09509B0>, gamma=None, gammaErrorPolicy='raise', lms=UNKNOWN, monitor=<psychopy.monitors.calibTools.Monitor object at 0x00000135EFD8D080>, multiSample=False, name='window1', numSamples=2, pos=[0.0, 0.0], screen=0, size=array([1920, 1080]), stencilBits=0, stereo=False, units='height', useFBO=True, useRetina=False, viewOri=0.0, viewPos=None, viewScale=None, waitBlanking=True, winType='pyglet')
9.9686 	EXP 	window1: mouseVisible = True
9.9686 	EXP 	window1: recordFrameIntervals = False
10.0090 	EXP 	window1: recordFrameIntervals = True
10.0553 	EXP 	window1: recordFrameIntervals = False
10.3581 	EXP 	window1: mouseVisible = False
10.4532 	EXP 	Created Instruction = TextStim(__class__=<class 'psychopy.visual.text.TextStim'>, alignHoriz=method-wrapper(...), alignText='center', alignVert=method-wrapper(...), anchorHoriz='center', anchorVert='center', antialias=True, autoLog=True, bold=False, color=array([-1, -1, -1]), colorSpace='rgb', contrast=1.0, depth=0.0, flipHoriz=False, flipVert=False, font='Open Sans', fontFiles=[], height=0.04, italic=False, languageStyle='LTR', name='Instruction', opacity=1, ori=0.0, pos=array([0., 0.]), rgb=UNKNOWN, text=str(...), units='height', win=Window(...), wrapWidth=1)
10.4567 	EXP 	Created FixCross = ShapeStim(__class__=<class 'psychopy.visual.shape.ShapeStim'>, autoDraw=False, autoLog=True, closeShape=True, color=method-wrapper(...), colorSpace='rgb', contrast=None, depth=0.0, fillColor=array([-1, -1, -1]), fillColorSpace='rgb', fillRGB=UNKNOWN, interpolate=True, lineColor=array([-1, -1, -1]), lineColorSpace='rgb', lineRGB=UNKNOWN, lineWidth=1.0, name='FixCross', opacity=1, ori=0.0, pos=array([0., 0.]), size=array([20., 20.]), units='pix', vertices=ndarray(...), win=Window(...), windingRule=None)
10.4577 	EXP 	Created Box_p = Rect(__class__=<class 'psychopy.visual.rect.Rect'>, autoDraw=False, autoLog=True, closeShape=True, color=method-wrapper(...), colorSpace='rgb', contrast=None, depth=0.0, fillColor=array([1, 1, 1]), fillColorSpace='rgb', fillRGB=UNKNOWN, interpolate=True, lineColor=array([1, 1, 1]), lineColorSpace='rgb', lineRGB=UNKNOWN, lineWidth=1.0, name='Box_p', opacity=1, ori=0.0, pos=array([0., 0.]), size=array([0.05, 0.05]), units='height', vertices=ndarray(...), win=Window(...))
10.4588 	EXP 	Created FB_msg = TextStim(__class__=<class 'psychopy.visual.text.TextStim'>, alignHoriz=method-wrapper(...), alignText='center', alignVert=method-wrapper(...), anchorHoriz='center', anchorVert='center', antialias=True, autoLog=True, bold=False, color=array([1, 1, 1]), colorSpace='rgb', contrast=1.0, depth=-1.0, flipHoriz=False, flipVert=False, font='Open Sans', fontFiles=[], height=0.06, italic=False, languageStyle='LTR', name='FB_msg', opacity=1, ori=0.0, pos=array([0., 0.]), rgb=UNKNOWN, text='', units='height', win=Window(...), wrapWidth=1)
10.4600 	EXP 	Created text_3 = TextStim(__class__=<class 'psychopy.visual.text.TextStim'>, alignHoriz=method-wrapper(...), alignText='center', alignVert=method-wrapper(...), anchorHoriz='center', anchorVert='center', antialias=True, autoLog=True, bold=False, color=array([-1, -1, -1]), colorSpace='rgb', contrast=1.0, depth=-1.0, flipHoriz=False, flipVert=False, font='Open Sans', fontFiles=[], height=0.05, italic=False, languageStyle='LTR', name='text_3', opacity=1, ori=0.0, pos=array([0., 0.]), rgb=UNKNOWN, text='', units='height', win=Window(...), wrapWidth=1)
10.4763 	EXP 	Created instr_text_2 = TextStim(__class__=<class 'psychopy.visual.text.TextStim'>, alignHoriz=method-wrapper(...), alignText='center', alignVert=method-wrapper(...), anchorHoriz='center', anchorVert='center', antialias=True, autoLog=True, bold=False, color=array([-1, -1, -1]), colorSpace='rgb', contrast=1.0, depth=0.0, flipHoriz=False, flipVert=False, font='Open Sans', fontFiles=[], height=0.05, italic=False, languageStyle='LTR', name='instr_text_2', opacity=1, ori=0.0, pos=array([0., 0.]), rgb=UNKNOWN, text=str(...), units='height', win=Window(...), wrapWidth=1)
10.4779 	EXP 	Created FixCross = ShapeStim(__class__=<class 'psychopy.visual.shape.ShapeStim'>, autoDraw=False, autoLog=True, closeShape=True, color=method-wrapper(...), colorSpace='rgb', contrast=None, depth=0.0, fillColor=array([-1, -1, -1]), fillColorSpace='rgb', fillRGB=UNKNOWN, interpolate=True, lineColor=array([-1, -1, -1]), lineColorSpace='rgb', lineRGB=UNKNOWN, lineWidth=1.0, name='FixCross', opacity=1, ori=0.0, pos=array([0., 0.]), size=array([20., 20.]), units='pix', vertices=ndarray(...), win=Window(...), windingRule=None)
10.4789 	EXP 	Created Box = Rect(__class__=<class 'psychopy.visual.rect.Rect'>, autoDraw=False, autoLog=True, closeShape=True, color=method-wrapper(...), colorSpace='rgb', contrast=None, depth=0.0, fillColor=array([1, 1, 1]), fillColorSpace='rgb', fillRGB=UNKNOWN, interpolate=True, lineColor=array([1, 1, 1]), lineColorSpace='rgb', lineRGB=UNKNOWN, lineWidth=1.0, name='Box', opacity=1, ori=0.0, pos=array([0., 0.]), size=array([0.05, 0.05]), units='height', vertices=ndarray(...), win=Window(...))
10.4794 	EXP 	Created text_2 = TextStim(__class__=<class 'psychopy.visual.text.TextStim'>, alignHoriz=method-wrapper(...), alignText='center', alignVert=method-wrapper(...), anchorHoriz='center', anchorVert='center', antialias=True, autoLog=True, bold=False, color=array([-1, -1, -1]), colorSpace='rgb', contrast=1.0, depth=-1.0, flipHoriz=False, flipVert=False, font='Open Sans', fontFiles=[], height=0.05, italic=False, languageStyle='LTR', name='text_2', opacity=1, ori=0.0, pos=array([0., 0.]), rgb=UNKNOWN, text='', units='height', win=Window(...), wrapWidth=1)
10.4809 	EXP 	Created FixCross = ShapeStim(__class__=<class 'psychopy.visual.shape.ShapeStim'>, autoDraw=False, autoLog=True, closeShape=True, color=method-wrapper(...), colorSpace='rgb', contrast=None, depth=0.0, fillColor=array([-1, -1, -1]), fillColorSpace='rgb', fillRGB=UNKNOWN, interpolate=True, lineColor=array([-1, -1, -1]), lineColorSpace='rgb', lineRGB=UNKNOWN, lineWidth=1.0, name='FixCross', opacity=1, ori=0.0, pos=array([0., 0.]), size=array([20., 20.]), units='pix', vertices=ndarray(...), win=Window(...), windingRule=None)
10.4819 	EXP 	Created Box = Rect(__class__=<class 'psychopy.visual.rect.Rect'>, autoDraw=False, autoLog=True, closeShape=True, color=method-wrapper(...), colorSpace='rgb', contrast=None, depth=0.0, fillColor=array([1, 1, 1]), fillColorSpace='rgb', fillRGB=UNKNOWN, interpolate=True, lineColor=array([1, 1, 1]), lineColorSpace='rgb', lineRGB=UNKNOWN, lineWidth=1.0, name='Box', opacity=1, ori=0.0, pos=array([0., 0.]), size=array([0.05, 0.05]), units='height', vertices=ndarray(...), win=Window(...))
10.4824 	EXP 	Created text_2 = TextStim(__class__=<class 'psychopy.visual.text.TextStim'>, alignHoriz=method-wrapper(...), alignText='center', alignVert=method-wrapper(...), anchorHoriz='center', anchorVert='center', antialias=True, autoLog=True, bold=False, color=array([-1, -1, -1]), colorSpace='rgb', contrast=1.0, depth=-1.0, flipHoriz=False, flipVert=False, font='Open Sans', fontFiles=[], height=0.05, italic=False, languageStyle='LTR', name='text_2', opacity=1, ori=0.0, pos=array([0., 0.]), rgb=UNKNOWN, text='', units='height', win=Window(...), wrapWidth=1)
10.4838 	EXP 	Created FixCross = ShapeStim(__class__=<class 'psychopy.visual.shape.ShapeStim'>, autoDraw=False, autoLog=True, closeShape=True, color=method-wrapper(...), colorSpace='rgb', contrast=None, depth=0.0, fillColor=array([-1, -1, -1]), fillColorSpace='rgb', fillRGB=UNKNOWN, interpolate=True, lineColor=array([-1, -1, -1]), lineColorSpace='rgb', lineRGB=UNKNOWN, lineWidth=1.0, name='FixCross', opacity=1, ori=0.0, pos=array([0., 0.]), size=array([20., 20.]), units='pix', vertices=ndarray(...), win=Window(...), windingRule=None)
10.4848 	EXP 	Created Box = Rect(__class__=<class 'psychopy.visual.rect.Rect'>, autoDraw=False, autoLog=True, closeShape=True, color=method-wrapper(...), colorSpace='rgb', contrast=None, depth=0.0, fillColor=array([1, 1, 1]), fillColorSpace='rgb', fillRGB=UNKNOWN, interpolate=True, lineColor=array([1, 1, 1]), lineColorSpace='rgb', lineRGB=UNKNOWN, lineWidth=1.0, name='Box', opacity=1, ori=0.0, pos=array([0., 0.]), size=array([0.05, 0.05]), units='height', vertices=ndarray(...), win=Window(...))
10.4853 	EXP 	Created text_2 = TextStim(__class__=<class 'psychopy.visual.text.TextStim'>, alignHoriz=method-wrapper(...), alignText='center', alignVert=method-wrapper(...), anchorHoriz='center', anchorVert='center', antialias=True, autoLog=True, bold=False, color=array([-1, -1, -1]), colorSpace='rgb', contrast=1.0, depth=-1.0, flipHoriz=False, flipVert=False, font='Open Sans', fontFiles=[], height=0.05, italic=False, languageStyle='LTR', name='text_2', opacity=1, ori=0.0, pos=array([0., 0.]), rgb=UNKNOWN, text='', units='height', win=Window(...), wrapWidth=1)
10.5034 	EXP 	Created text = TextStim(__class__=<class 'psychopy.visual.text.TextStim'>, alignHoriz=method-wrapper(...), alignText='center', alignVert=method-wrapper(...), anchorHoriz='center', anchorVert='center', antialias=True, autoLog=True, bold=False, color=array([-1, -1, -1]), colorSpace='rgb', contrast=1.0, depth=0.0, flipHoriz=False, flipVert=False, font='Open Sans', fontFiles=[], height=0.05, italic=False, languageStyle='LTR', name='text', opacity=1, ori=0.0, pos=array([0., 0.]), rgb=UNKNOWN, text=str(...), units='height', win=Window(...), wrapWidth=1)
10.5644 	EXP 	Instruction: autoDraw = True
27.3150 	DATA 	Keypress: space
27.3361 	EXP 	Imported SimonTask.xlsx as conditions, 6 conditions, 6 params
27.3366 	EXP 	Created sequence: fullRandom, trialTypes=6, nReps=4, seed=None
27.3369 	EXP 	New trial (rep=0, index=0): {'images': 'blue_congruent', 'congruentcy': 1, 'corrAns': 'a', 'box_pos': 'left', 'box_color': 'blue', 'box_x': -0.6}
27.3444 	EXP 	Instruction: autoDraw = False
27.3444 	EXP 	FixCross: autoDraw = True
28.3917 	EXP 	FixCross: autoDraw = False
28.3917 	EXP 	FixCross: autoDraw = False
28.3917 	EXP 	Box_p: pos = array([-0.6,  0. ])
28.3917 	EXP 	Box_p: autoDraw = True
28.8502 	DATA 	Keypress: a
28.8709 	EXP 	Box_p: autoDraw = False
28.8709 	EXP 	FB_msg: text = 'Doğru cevap'
28.8709 	EXP 	FB_msg: autoDraw = True
29.8598 	EXP 	New trial (rep=0, index=1): {'images': 'blue_incongruent', 'congruentcy': 0, 'corrAns': 'a', 'box_pos': 'right', 'box_color': 'blue', 'box_x': 0.6}
29.8680 	EXP 	FB_msg: autoDraw = False
29.8680 	EXP 	FixCross: autoDraw = True
30.9606 	EXP 	FixCross: autoDraw = False
30.9606 	EXP 	FixCross: autoDraw = False
30.9606 	EXP 	Box_p: pos = array([0.6, 0. ])
30.9606 	EXP 	Box_p: autoDraw = True
32.2396 	DATA 	Keypress: a
32.2453 	EXP 	Box_p: autoDraw = False
32.2453 	EXP 	FB_msg: text = 'Doğru cevap'
32.2453 	EXP 	FB_msg: autoDraw = True
33.2383 	EXP 	New trial (rep=0, index=2): {'images': 'blue_congruent', 'congruentcy': 1, 'corrAns': 'a', 'box_pos': 'left', 'box_color': 'blue', 'box_x': -0.6}
33.2468 	EXP 	FB_msg: autoDraw = False
33.2468 	EXP 	FixCross: autoDraw = True
34.3142 	EXP 	FixCross: autoDraw = False
34.3142 	EXP 	FixCross: autoDraw = False
34.3142 	EXP 	Box_p: pos = array([-0.6,  0. ])
34.3142 	EXP 	Box_p: autoDraw = True
34.7502 	DATA 	Keypress: a
34.7566 	EXP 	Box_p: autoDraw = False
34.7566 	EXP 	FB_msg: text = 'Doğru cevap'
34.7566 	EXP 	FB_msg: autoDraw = True
35.7493 	EXP 	New trial (rep=0, index=3): {'images': 'red_incongruent', 'congruentcy': 0, 'corrAns': 'k', 'box_pos': 'left', 'box_color': 'red', 'box_x': -0.6}
35.7576 	EXP 	FB_msg: autoDraw = False
35.7576 	EXP 	FixCross: autoDraw = True
36.8377 	EXP 	FixCross: autoDraw = False
36.8377 	EXP 	FixCross: autoDraw = False
36.8377 	EXP 	Box_p: pos = array([-0.6,  0. ])
36.8377 	EXP 	Box_p: autoDraw = True
37.7198 	DATA 	Keypress: k
37.7263 	EXP 	Box_p: autoDraw = False
37.7263 	EXP 	FB_msg: text = 'Doğru cevap'
37.7263 	EXP 	FB_msg: autoDraw = True
38.7235 	EXP 	New trial (rep=0, index=4): {'images': 'blue_incongruent', 'congruentcy': 0, 'corrAns': 'a', 'box_pos': 'right', 'box_color': 'blue', 'box_x': 0.6}
38.7313 	EXP 	FB_msg: autoDraw = False
38.7313 	EXP 	FixCross: autoDraw = True
39.8158 	EXP 	FixCross: autoDraw = False
39.8158 	EXP 	FixCross: autoDraw = False
39.8158 	EXP 	Box_p: pos = array([0.6, 0. ])
39.8158 	EXP 	Box_p: autoDraw = True
40.2914 	DATA 	Keypress: a
40.3083 	EXP 	Box_p: autoDraw = False
40.3083 	EXP 	FB_msg: text = 'Doğru cevap'
40.3083 	EXP 	FB_msg: autoDraw = True
41.3051 	EXP 	New trial (rep=0, index=5): {'images': 'blue_neutral', 'congruentcy': 0, 'corrAns': 'a', 'box_pos': 'middle', 'box_color': 'blue', 'box_x': 0}
41.3135 	EXP 	FB_msg: autoDraw = False
41.3135 	EXP 	FixCross: autoDraw = True
42.4020 	EXP 	FixCross: autoDraw = False
42.4020 	EXP 	FixCross: autoDraw = False
42.4020 	EXP 	Box_p: pos = array([0., 0.])
42.4020 	EXP 	Box_p: autoDraw = True
42.9239 	DATA 	Keypress: a
42.9402 	EXP 	Box_p: autoDraw = False
42.9402 	EXP 	FB_msg: text = 'Doğru cevap'
42.9402 	EXP 	FB_msg: autoDraw = True
43.9374 	EXP 	New trial (rep=1, index=0): {'images': 'blue_incongruent', 'congruentcy': 0, 'corrAns': 'a', 'box_pos': 'right', 'box_color': 'blue', 'box_x': 0.6}
43.9453 	EXP 	FB_msg: autoDraw = False
43.9453 	EXP 	FixCross: autoDraw = True
45.1089 	EXP 	FixCross: autoDraw = False
45.1089 	EXP 	FixCross: autoDraw = False
45.1089 	EXP 	Box_p: pos = array([0.6, 0. ])
45.1089 	EXP 	Box_p: autoDraw = True
45.5786 	DATA 	Keypress: a
45.5845 	EXP 	Box_p: autoDraw = False
45.5845 	EXP 	FB_msg: text = 'Doğru cevap'
45.5845 	EXP 	FB_msg: autoDraw = True
46.5816 	EXP 	New trial (rep=1, index=1): {'images': 'blue_incongruent', 'congruentcy': 0, 'corrAns': 'a', 'box_pos': 'right', 'box_color': 'blue', 'box_x': 0.6}
46.5899 	EXP 	FB_msg: autoDraw = False
46.5899 	EXP 	FixCross: autoDraw = True
47.6994 	EXP 	FixCross: autoDraw = False
47.6994 	EXP 	FixCross: autoDraw = False
47.6994 	EXP 	Box_p: pos = array([0.6, 0. ])
47.6994 	EXP 	Box_p: autoDraw = True
48.1774 	DATA 	Keypress: a
48.1833 	EXP 	Box_p: autoDraw = False
48.1833 	EXP 	FB_msg: text = 'Doğru cevap'
48.1833 	EXP 	FB_msg: autoDraw = True
49.1762 	EXP 	New trial (rep=1, index=2): {'images': 'red_congruent', 'congruentcy': 1, 'corrAns': 'k', 'box_pos': 'right', 'box_color': 'red', 'box_x': 0.6}
49.1844 	EXP 	FB_msg: autoDraw = False
49.1844 	EXP 	FixCross: autoDraw = True
50.3478 	EXP 	FixCross: autoDraw = False
50.3478 	EXP 	FixCross: autoDraw = False
50.3478 	EXP 	Box_p: pos = array([0.6, 0. ])
50.3478 	EXP 	Box_p: autoDraw = True
50.8279 	DATA 	Keypress: k
50.8444 	EXP 	Box_p: autoDraw = False
50.8444 	EXP 	FB_msg: text = 'Doğru cevap'
50.8444 	EXP 	FB_msg: autoDraw = True
51.8413 	EXP 	New trial (rep=1, index=3): {'images': 'red_neutral', 'congruentcy': 0, 'corrAns': 'k', 'box_pos': 'middle', 'box_color': 'red', 'box_x': 0}
51.8497 	EXP 	FB_msg: autoDraw = False
51.8497 	EXP 	FixCross: autoDraw = True
52.9383 	EXP 	FixCross: autoDraw = False
52.9383 	EXP 	FixCross: autoDraw = False
52.9383 	EXP 	Box_p: pos = array([0., 0.])
52.9383 	EXP 	Box_p: autoDraw = True
53.4746 	DATA 	Keypress: k
53.4805 	EXP 	Box_p: autoDraw = False
53.4805 	EXP 	FB_msg: text = 'Doğru cevap'
53.4805 	EXP 	FB_msg: autoDraw = True
54.4735 	EXP 	New trial (rep=1, index=4): {'images': 'red_congruent', 'congruentcy': 1, 'corrAns': 'k', 'box_pos': 'right', 'box_color': 'red', 'box_x': 0.6}
54.4816 	EXP 	FB_msg: autoDraw = False
54.4816 	EXP 	FixCross: autoDraw = True
55.6242 	EXP 	FixCross: autoDraw = False
55.6242 	EXP 	FixCross: autoDraw = False
55.6242 	EXP 	Box_p: pos = array([0.6, 0. ])
55.6242 	EXP 	Box_p: autoDraw = True
56.1501 	DATA 	Keypress: k
56.1665 	EXP 	Box_p: autoDraw = False
56.1665 	EXP 	FB_msg: text = 'Doğru cevap'
56.1665 	EXP 	FB_msg: autoDraw = True
57.1638 	EXP 	New trial (rep=1, index=5): {'images': 'blue_neutral', 'congruentcy': 0, 'corrAns': 'a', 'box_pos': 'middle', 'box_color': 'blue', 'box_x': 0}
57.1719 	EXP 	FB_msg: autoDraw = False
57.1719 	EXP 	FixCross: autoDraw = True
58.3190 	EXP 	FixCross: autoDraw = False
58.3190 	EXP 	FixCross: autoDraw = False
58.3190 	EXP 	Box_p: pos = array([0., 0.])
58.3190 	EXP 	Box_p: autoDraw = True
58.7378 	DATA 	Keypress: a
58.7444 	EXP 	Box_p: autoDraw = False
58.7444 	EXP 	FB_msg: text = 'Doğru cevap'
58.7444 	EXP 	FB_msg: autoDraw = True
59.7372 	EXP 	New trial (rep=2, index=0): {'images': 'blue_neutral', 'congruentcy': 0, 'corrAns': 'a', 'box_pos': 'middle', 'box_color': 'blue', 'box_x': 0}
59.7455 	EXP 	FB_msg: autoDraw = False
59.7455 	EXP 	FixCross: autoDraw = True
60.8800 	EXP 	FixCross: autoDraw = False
60.8800 	EXP 	FixCross: autoDraw = False
60.8800 	EXP 	Box_p: pos = array([0., 0.])
60.8800 	EXP 	Box_p: autoDraw = True
61.3074 	DATA 	Keypress: a
61.3138 	EXP 	Box_p: autoDraw = False
61.3138 	EXP 	FB_msg: text = 'Doğru cevap'
61.3138 	EXP 	FB_msg: autoDraw = True
62.3109 	EXP 	New trial (rep=2, index=1): {'images': 'blue_neutral', 'congruentcy': 0, 'corrAns': 'a', 'box_pos': 'middle', 'box_color': 'blue', 'box_x': 0}
62.3190 	EXP 	FB_msg: autoDraw = False
62.3190 	EXP 	FixCross: autoDraw = True
63.3868 	EXP 	FixCross: autoDraw = False
63.3868 	EXP 	FixCross: autoDraw = False
63.3868 	EXP 	Box_p: pos = array([0., 0.])
63.3868 	EXP 	Box_p: autoDraw = True
63.8231 	DATA 	Keypress: a
63.8290 	EXP 	Box_p: autoDraw = False
63.8290 	EXP 	FB_msg: text = 'Doğru cevap'
63.8290 	EXP 	FB_msg: autoDraw = True
64.8259 	EXP 	New trial (rep=2, index=2): {'images': 'red_congruent', 'congruentcy': 1, 'corrAns': 'k', 'box_pos': 'right', 'box_color': 'red', 'box_x': 0.6}
64.8342 	EXP 	FB_msg: autoDraw = False
64.8342 	EXP 	FixCross: autoDraw = True
65.9437 	EXP 	FixCross: autoDraw = False
65.9437 	EXP 	FixCross: autoDraw = False
65.9437 	EXP 	Box_p: pos = array([0.6, 0. ])
65.9437 	EXP 	Box_p: autoDraw = True
66.4459 	DATA 	Keypress: k
66.4525 	EXP 	Box_p: autoDraw = False
66.4525 	EXP 	FB_msg: text = 'Doğru cevap'
66.4525 	EXP 	FB_msg: autoDraw = True
67.4456 	EXP 	New trial (rep=2, index=3): {'images': 'blue_congruent', 'congruentcy': 1, 'corrAns': 'a', 'box_pos': 'left', 'box_color': 'blue', 'box_x': -0.6}
67.4534 	EXP 	FB_msg: autoDraw = False
67.4534 	EXP 	FixCross: autoDraw = True
68.5966 	EXP 	FixCross: autoDraw = False
68.5966 	EXP 	FixCross: autoDraw = False
68.5966 	EXP 	Box_p: pos = array([-0.6,  0. ])
68.5966 	EXP 	Box_p: autoDraw = True
69.0634 	DATA 	Keypress: a
69.0805 	EXP 	Box_p: autoDraw = False
69.0805 	EXP 	FB_msg: text = 'Doğru cevap'
69.0805 	EXP 	FB_msg: autoDraw = True
70.0774 	EXP 	New trial (rep=2, index=4): {'images': 'red_neutral', 'congruentcy': 0, 'corrAns': 'k', 'box_pos': 'middle', 'box_color': 'red', 'box_x': 0}
70.0856 	EXP 	FB_msg: autoDraw = False
70.0856 	EXP 	FixCross: autoDraw = True
71.1615 	EXP 	FixCross: autoDraw = False
71.1615 	EXP 	FixCross: autoDraw = False
71.1615 	EXP 	Box_p: pos = array([0., 0.])
71.1615 	EXP 	Box_p: autoDraw = True
71.7232 	DATA 	Keypress: k
71.7288 	EXP 	Box_p: autoDraw = False
71.7288 	EXP 	FB_msg: text = 'Doğru cevap'
71.7288 	EXP 	FB_msg: autoDraw = True
72.7220 	EXP 	New trial (rep=2, index=5): {'images': 'red_neutral', 'congruentcy': 0, 'corrAns': 'k', 'box_pos': 'middle', 'box_color': 'red', 'box_x': 0}
72.7301 	EXP 	FB_msg: autoDraw = False
72.7301 	EXP 	FixCross: autoDraw = True
73.8352 	EXP 	FixCross: autoDraw = False
73.8352 	EXP 	FixCross: autoDraw = False
73.8352 	EXP 	Box_p: pos = array([0., 0.])
73.8352 	EXP 	Box_p: autoDraw = True
74.4218 	DATA 	Keypress: k
74.4274 	EXP 	Box_p: autoDraw = False
74.4274 	EXP 	FB_msg: text = 'Doğru cevap'
74.4274 	EXP 	FB_msg: autoDraw = True
75.4248 	EXP 	New trial (rep=3, index=0): {'images': 'blue_congruent', 'congruentcy': 1, 'corrAns': 'a', 'box_pos': 'left', 'box_color': 'blue', 'box_x': -0.6}
75.4330 	EXP 	FB_msg: autoDraw = False
75.4330 	EXP 	FixCross: autoDraw = True
76.5089 	EXP 	FixCross: autoDraw = False
76.5089 	EXP 	FixCross: autoDraw = False
76.5089 	EXP 	Box_p: pos = array([-0.6,  0. ])
76.5089 	EXP 	Box_p: autoDraw = True
77.0293 	DATA 	Keypress: a
77.0346 	EXP 	Box_p: autoDraw = False
77.0346 	EXP 	FB_msg: text = 'Doğru cevap'
77.0346 	EXP 	FB_msg: autoDraw = True
78.0277 	EXP 	New trial (rep=3, index=1): {'images': 'red_incongruent', 'congruentcy': 0, 'corrAns': 'k', 'box_pos': 'left', 'box_color': 'red', 'box_x': -0.6}
78.0354 	EXP 	FB_msg: autoDraw = False
78.0354 	EXP 	FixCross: autoDraw = True
79.0865 	EXP 	FixCross: autoDraw = False
79.0865 	EXP 	FixCross: autoDraw = False
79.0865 	EXP 	Box_p: pos = array([-0.6,  0. ])
79.0865 	EXP 	Box_p: autoDraw = True
79.6559 	DATA 	Keypress: k
79.6623 	EXP 	Box_p: autoDraw = False
79.6623 	EXP 	FB_msg: text = 'Doğru cevap'
79.6623 	EXP 	FB_msg: autoDraw = True
80.6595 	EXP 	New trial (rep=3, index=2): {'images': 'red_congruent', 'congruentcy': 1, 'corrAns': 'k', 'box_pos': 'right', 'box_color': 'red', 'box_x': 0.6}
80.6674 	EXP 	FB_msg: autoDraw = False
80.6674 	EXP 	FixCross: autoDraw = True
81.7603 	EXP 	FixCross: autoDraw = False
81.7603 	EXP 	FixCross: autoDraw = False
81.7603 	EXP 	Box_p: pos = array([0.6, 0. ])
81.7603 	EXP 	Box_p: autoDraw = True
82.2645 	DATA 	Keypress: k
82.2816 	EXP 	Box_p: autoDraw = False
82.2816 	EXP 	FB_msg: text = 'Doğru cevap'
82.2816 	EXP 	FB_msg: autoDraw = True
83.2746 	EXP 	New trial (rep=3, index=3): {'images': 'red_neutral', 'congruentcy': 0, 'corrAns': 'k', 'box_pos': 'middle', 'box_color': 'red', 'box_x': 0}
83.2829 	EXP 	FB_msg: autoDraw = False
83.2829 	EXP 	FixCross: autoDraw = True
84.4172 	EXP 	FixCross: autoDraw = False
84.4172 	EXP 	FixCross: autoDraw = False
84.4172 	EXP 	Box_p: pos = array([0., 0.])
84.4172 	EXP 	Box_p: autoDraw = True
84.8621 	DATA 	Keypress: k
84.8680 	EXP 	Box_p: autoDraw = False
84.8680 	EXP 	FB_msg: text = 'Doğru cevap'
84.8680 	EXP 	FB_msg: autoDraw = True
85.8610 	EXP 	New trial (rep=3, index=4): {'images': 'red_incongruent', 'congruentcy': 0, 'corrAns': 'k', 'box_pos': 'left', 'box_color': 'red', 'box_x': -0.6}
85.8689 	EXP 	FB_msg: autoDraw = False
85.8689 	EXP 	FixCross: autoDraw = True
86.9574 	EXP 	FixCross: autoDraw = False
86.9574 	EXP 	FixCross: autoDraw = False
86.9574 	EXP 	Box_p: pos = array([-0.6,  0. ])
86.9574 	EXP 	Box_p: autoDraw = True
87.5067 	DATA 	Keypress: k
87.5121 	EXP 	Box_p: autoDraw = False
87.5121 	EXP 	FB_msg: text = 'Doğru cevap'
87.5121 	EXP 	FB_msg: autoDraw = True
88.5053 	EXP 	New trial (rep=3, index=5): {'images': 'red_incongruent', 'congruentcy': 0, 'corrAns': 'k', 'box_pos': 'left', 'box_color': 'red', 'box_x': -0.6}
88.5132 	EXP 	FB_msg: autoDraw = False
88.5132 	EXP 	FixCross: autoDraw = True
89.6519 	EXP 	FixCross: autoDraw = False
89.6519 	EXP 	FixCross: autoDraw = False
89.6519 	EXP 	Box_p: pos = array([-0.6,  0. ])
89.6519 	EXP 	Box_p: autoDraw = True
90.0502 	DATA 	Keypress: k
90.0567 	EXP 	Box_p: autoDraw = False
90.0567 	EXP 	FB_msg: text = 'Doğru cevap'
90.0567 	EXP 	FB_msg: autoDraw = True
91.0742 	EXP 	FB_msg: autoDraw = False
91.0742 	EXP 	text_3: text = '\n\n 24 adet doğru cevap verdiniz. \n Ortalama cevap süreniz 3.89e+02ms.'
91.0742 	EXP 	text_3: autoDraw = True
93.0597 	EXP 	text_3: autoDraw = False
93.0597 	EXP 	instr_text_2: autoDraw = True
95.7716 	DATA 	Keypress: space
95.7849 	EXP 	Imported SimonTask.xlsx as conditions, 6 conditions, 6 params
95.7852 	EXP 	Created sequence: fullRandom, trialTypes=6, nReps=8, seed=None
95.7855 	EXP 	New trial (rep=0, index=0): {'images': 'blue_congruent', 'congruentcy': 1, 'corrAns': 'a', 'box_pos': 'left', 'box_color': 'blue', 'box_x': -0.6}
95.7918 	EXP 	instr_text_2: autoDraw = False
95.7918 	EXP 	FixCross: autoDraw = True
96.9263 	EXP 	FixCross: autoDraw = False
96.9263 	EXP 	FixCross: autoDraw = False
96.9263 	EXP 	Box: pos = array([-0.6,  0. ])
96.9263 	EXP 	Box: autoDraw = True
97.4861 	EXP 	New trial (rep=0, index=1): {'images': 'blue_congruent', 'congruentcy': 1, 'corrAns': 'a', 'box_pos': 'left', 'box_color': 'blue', 'box_x': -0.6}
97.4889 	DATA 	Keypress: a
97.4939 	EXP 	Box: autoDraw = False
97.4939 	EXP 	FixCross: autoDraw = True
98.6072 	EXP 	FixCross: autoDraw = False
98.6072 	EXP 	FixCross: autoDraw = False
98.6072 	EXP 	Box: pos = array([-0.6,  0. ])
98.6072 	EXP 	Box: autoDraw = True
99.0702 	EXP 	New trial (rep=0, index=2): {'images': 'red_incongruent', 'congruentcy': 0, 'corrAns': 'k', 'box_pos': 'left', 'box_color': 'red', 'box_x': -0.6}
99.0722 	DATA 	Keypress: a
99.0785 	EXP 	Box: autoDraw = False
99.0785 	EXP 	FixCross: autoDraw = True
100.1964 	EXP 	FixCross: autoDraw = False
100.1964 	EXP 	FixCross: autoDraw = False
100.1964 	EXP 	Box: pos = array([-0.6,  0. ])
100.1964 	EXP 	Box: autoDraw = True
100.7095 	EXP 	New trial (rep=0, index=3): {'images': 'blue_incongruent', 'congruentcy': 0, 'corrAns': 'a', 'box_pos': 'right', 'box_color': 'blue', 'box_x': 0.6}
100.7116 	DATA 	Keypress: k
100.7178 	EXP 	Box: autoDraw = False
100.7178 	EXP 	FixCross: autoDraw = True
101.8731 	EXP 	FixCross: autoDraw = False
101.8731 	EXP 	FixCross: autoDraw = False
101.8731 	EXP 	Box: pos = array([0.6, 0. ])
101.8731 	EXP 	Box: autoDraw = True
102.6993 	DATA 	Keypress: a
102.7080 	EXP 	New trial (rep=0, index=4): {'images': 'blue_neutral', 'congruentcy': 0, 'corrAns': 'a', 'box_pos': 'middle', 'box_color': 'blue', 'box_x': 0}
102.7161 	EXP 	Box: autoDraw = False
102.7161 	EXP 	FixCross: autoDraw = True
103.9545 	EXP 	FixCross: autoDraw = False
103.9545 	EXP 	FixCross: autoDraw = False
103.9545 	EXP 	Box: pos = array([0., 0.])
103.9545 	EXP 	Box: autoDraw = True
104.4975 	EXP 	New trial (rep=0, index=5): {'images': 'red_congruent', 'congruentcy': 1, 'corrAns': 'k', 'box_pos': 'right', 'box_color': 'red', 'box_x': 0.6}
104.5007 	DATA 	Keypress: a
104.5052 	EXP 	Box: autoDraw = False
104.5052 	EXP 	FixCross: autoDraw = True
105.6396 	EXP 	FixCross: autoDraw = False
105.6396 	EXP 	FixCross: autoDraw = False
105.6396 	EXP 	Box: pos = array([0.6, 0. ])
105.6396 	EXP 	Box: autoDraw = True
106.2278 	DATA 	Keypress: k
106.2368 	EXP 	New trial (rep=1, index=0): {'images': 'red_incongruent', 'congruentcy': 0, 'corrAns': 'k', 'box_pos': 'left', 'box_color': 'red', 'box_x': -0.6}
106.2445 	EXP 	Box: autoDraw = False
106.2445 	EXP 	FixCross: autoDraw = True
107.3289 	EXP 	FixCross: autoDraw = False
107.3289 	EXP 	FixCross: autoDraw = False
107.3289 	EXP 	Box: pos = array([-0.6,  0. ])
107.3289 	EXP 	Box: autoDraw = True
107.8675 	DATA 	Keypress: k
107.8751 	EXP 	New trial (rep=1, index=1): {'images': 'blue_neutral', 'congruentcy': 0, 'corrAns': 'a', 'box_pos': 'middle', 'box_color': 'blue', 'box_x': 0}
107.8797 	EXP 	Box: autoDraw = False
107.8797 	EXP 	FixCross: autoDraw = True
109.1351 	EXP 	FixCross: autoDraw = False
109.1351 	EXP 	FixCross: autoDraw = False
109.1351 	EXP 	Box: pos = array([0., 0.])
109.1351 	EXP 	Box: autoDraw = True
109.5856 	EXP 	New trial (rep=1, index=2): {'images': 'red_neutral', 'congruentcy': 0, 'corrAns': 'k', 'box_pos': 'middle', 'box_color': 'red', 'box_x': 0}
109.5886 	DATA 	Keypress: a
109.5938 	EXP 	Box: autoDraw = False
109.5938 	EXP 	FixCross: autoDraw = True
110.6784 	EXP 	FixCross: autoDraw = False
110.6784 	EXP 	FixCross: autoDraw = False
110.6784 	EXP 	Box: pos = array([0., 0.])
110.6784 	EXP 	Box: autoDraw = True
111.1879 	EXP 	New trial (rep=1, index=3): {'images': 'red_congruent', 'congruentcy': 1, 'corrAns': 'k', 'box_pos': 'right', 'box_color': 'red', 'box_x': 0.6}
111.1899 	DATA 	Keypress: k
111.1958 	EXP 	Box: autoDraw = False
111.1958 	EXP 	FixCross: autoDraw = True
112.3551 	EXP 	FixCross: autoDraw = False
112.3551 	EXP 	FixCross: autoDraw = False
112.3551 	EXP 	Box: pos = array([0.6, 0. ])
112.3551 	EXP 	Box: autoDraw = True
113.0353 	EXP 	New trial (rep=1, index=4): {'images': 'red_neutral', 'congruentcy': 0, 'corrAns': 'k', 'box_pos': 'middle', 'box_color': 'red', 'box_x': 0}
113.0373 	DATA 	Keypress: k
113.0433 	EXP 	Box: autoDraw = False
113.0433 	EXP 	FixCross: autoDraw = True
114.0944 	EXP 	FixCross: autoDraw = False
114.0944 	EXP 	FixCross: autoDraw = False
114.0944 	EXP 	Box: pos = array([0., 0.])
114.0944 	EXP 	Box: autoDraw = True
114.5246 	DATA 	Keypress: k
114.5329 	EXP 	New trial (rep=1, index=5): {'images': 'blue_congruent', 'congruentcy': 1, 'corrAns': 'a', 'box_pos': 'left', 'box_color': 'blue', 'box_x': -0.6}
114.5407 	EXP 	Box: autoDraw = False
114.5407 	EXP 	FixCross: autoDraw = True
115.6335 	EXP 	FixCross: autoDraw = False
115.6335 	EXP 	FixCross: autoDraw = False
115.6335 	EXP 	Box: pos = array([-0.6,  0. ])
115.6335 	EXP 	Box: autoDraw = True
116.0670 	EXP 	New trial (rep=2, index=0): {'images': 'red_incongruent', 'congruentcy': 0, 'corrAns': 'k', 'box_pos': 'left', 'box_color': 'red', 'box_x': -0.6}
116.0690 	DATA 	Keypress: a
116.0711 	EXP 	Box: autoDraw = False
116.0711 	EXP 	FixCross: autoDraw = True
117.2352 	EXP 	FixCross: autoDraw = False
117.2352 	EXP 	FixCross: autoDraw = False
117.2352 	EXP 	Box: pos = array([-0.6,  0. ])
117.2352 	EXP 	Box: autoDraw = True
117.7578 	DATA 	Keypress: k
117.7655 	EXP 	New trial (rep=2, index=1): {'images': 'blue_congruent', 'congruentcy': 1, 'corrAns': 'a', 'box_pos': 'left', 'box_color': 'blue', 'box_x': -0.6}
117.7734 	EXP 	Box: autoDraw = False
117.7734 	EXP 	FixCross: autoDraw = True
118.8995 	EXP 	FixCross: autoDraw = False
118.8995 	EXP 	FixCross: autoDraw = False
118.8995 	EXP 	Box: pos = array([-0.6,  0. ])
118.8995 	EXP 	Box: autoDraw = True
119.3380 	EXP 	New trial (rep=2, index=2): {'images': 'red_congruent', 'congruentcy': 1, 'corrAns': 'k', 'box_pos': 'right', 'box_color': 'red', 'box_x': 0.6}
119.3408 	DATA 	Keypress: a
119.3461 	EXP 	Box: autoDraw = False
119.3461 	EXP 	FixCross: autoDraw = True
120.4511 	EXP 	FixCross: autoDraw = False
120.4511 	EXP 	FixCross: autoDraw = False
120.4511 	EXP 	Box: pos = array([0.6, 0. ])
120.4511 	EXP 	Box: autoDraw = True
121.3235 	EXP 	New trial (rep=2, index=3): {'images': 'blue_neutral', 'congruentcy': 0, 'corrAns': 'a', 'box_pos': 'middle', 'box_color': 'blue', 'box_x': 0}
121.3256 	DATA 	Keypress: k
121.3312 	EXP 	Box: autoDraw = False
121.3312 	EXP 	FixCross: autoDraw = True
122.5284 	EXP 	FixCross: autoDraw = False
122.5284 	EXP 	FixCross: autoDraw = False
122.5284 	EXP 	Box: pos = array([0., 0.])
122.5284 	EXP 	Box: autoDraw = True
122.9460 	EXP 	New trial (rep=2, index=4): {'images': 'blue_neutral', 'congruentcy': 0, 'corrAns': 'a', 'box_pos': 'middle', 'box_color': 'blue', 'box_x': 0}
122.9489 	DATA 	Keypress: a
122.9538 	EXP 	Box: autoDraw = False
122.9538 	EXP 	FixCross: autoDraw = True
124.0091 	EXP 	FixCross: autoDraw = False
124.0091 	EXP 	FixCross: autoDraw = False
124.0091 	EXP 	Box: pos = array([0., 0.])
124.0091 	EXP 	Box: autoDraw = True
124.4975 	EXP 	New trial (rep=2, index=5): {'images': 'red_incongruent', 'congruentcy': 0, 'corrAns': 'k', 'box_pos': 'left', 'box_color': 'red', 'box_x': -0.6}
124.5003 	DATA 	Keypress: a
124.5054 	EXP 	Box: autoDraw = False
124.5054 	EXP 	FixCross: autoDraw = True
125.6191 	EXP 	FixCross: autoDraw = False
125.6191 	EXP 	FixCross: autoDraw = False
125.6191 	EXP 	Box: pos = array([-0.6,  0. ])
125.6191 	EXP 	Box: autoDraw = True
126.1206 	EXP 	New trial (rep=3, index=0): {'images': 'blue_incongruent', 'congruentcy': 0, 'corrAns': 'a', 'box_pos': 'right', 'box_color': 'blue', 'box_x': 0.6}
126.1227 	DATA 	Keypress: k
126.1280 	EXP 	Box: autoDraw = False
126.1280 	EXP 	FixCross: autoDraw = True
127.3168 	EXP 	FixCross: autoDraw = False
127.3168 	EXP 	FixCross: autoDraw = False
127.3168 	EXP 	Box: pos = array([0.6, 0. ])
127.3168 	EXP 	Box: autoDraw = True
127.7924 	DATA 	Keypress: a
127.8014 	EXP 	New trial (rep=3, index=1): {'images': 'blue_incongruent', 'congruentcy': 0, 'corrAns': 'a', 'box_pos': 'right', 'box_color': 'blue', 'box_x': 0.6}
127.8092 	EXP 	Box: autoDraw = False
127.8092 	EXP 	FixCross: autoDraw = True
128.8561 	EXP 	FixCross: autoDraw = False
128.8561 	EXP 	FixCross: autoDraw = False
128.8561 	EXP 	Box: pos = array([0.6, 0. ])
128.8561 	EXP 	Box: autoDraw = True
129.3487 	EXP 	New trial (rep=3, index=2): {'images': 'blue_neutral', 'congruentcy': 0, 'corrAns': 'a', 'box_pos': 'middle', 'box_color': 'blue', 'box_x': 0}
129.3508 	DATA 	Keypress: a
129.3566 	EXP 	Box: autoDraw = False
129.3566 	EXP 	FixCross: autoDraw = True
130.3995 	EXP 	FixCross: autoDraw = False
130.3995 	EXP 	FixCross: autoDraw = False
130.3995 	EXP 	Box: pos = array([0., 0.])
130.3995 	EXP 	Box: autoDraw = True
130.8501 	EXP 	New trial (rep=3, index=3): {'images': 'blue_neutral', 'congruentcy': 0, 'corrAns': 'a', 'box_pos': 'middle', 'box_color': 'blue', 'box_x': 0}
130.8521 	DATA 	Keypress: a
130.8580 	EXP 	Box: autoDraw = False
130.8580 	EXP 	FixCross: autoDraw = True
131.8968 	EXP 	FixCross: autoDraw = False
131.8968 	EXP 	FixCross: autoDraw = False
131.8968 	EXP 	Box: pos = array([0., 0.])
131.8968 	EXP 	Box: autoDraw = True
132.3724 	EXP 	New trial (rep=3, index=4): {'images': 'blue_congruent', 'congruentcy': 1, 'corrAns': 'a', 'box_pos': 'left', 'box_color': 'blue', 'box_x': -0.6}
132.3745 	DATA 	Keypress: a
132.3807 	EXP 	Box: autoDraw = False
132.3807 	EXP 	FixCross: autoDraw = True
133.5402 	EXP 	FixCross: autoDraw = False
133.5402 	EXP 	FixCross: autoDraw = False
133.5402 	EXP 	Box: pos = array([-0.6,  0. ])
133.5402 	EXP 	Box: autoDraw = True
134.0321 	DATA 	Keypress: a
134.0411 	EXP 	New trial (rep=3, index=5): {'images': 'red_incongruent', 'congruentcy': 0, 'corrAns': 'k', 'box_pos': 'left', 'box_color': 'red', 'box_x': -0.6}
134.0491 	EXP 	Box: autoDraw = False
134.0491 	EXP 	FixCross: autoDraw = True
135.1671 	EXP 	FixCross: autoDraw = False
135.1671 	EXP 	FixCross: autoDraw = False
135.1671 	EXP 	Box: pos = array([-0.6,  0. ])
135.1671 	EXP 	Box: autoDraw = True
135.6175 	DATA 	Keypress: k
135.6254 	EXP 	New trial (rep=4, index=0): {'images': 'red_congruent', 'congruentcy': 1, 'corrAns': 'k', 'box_pos': 'right', 'box_color': 'red', 'box_x': 0.6}
135.6341 	EXP 	Box: autoDraw = False
135.6341 	EXP 	FixCross: autoDraw = True
136.8020 	EXP 	FixCross: autoDraw = False
136.8020 	EXP 	FixCross: autoDraw = False
136.8020 	EXP 	Box: pos = array([0.6, 0. ])
136.8020 	EXP 	Box: autoDraw = True
137.2358 	EXP 	New trial (rep=4, index=1): {'images': 'blue_congruent', 'congruentcy': 1, 'corrAns': 'a', 'box_pos': 'left', 'box_color': 'blue', 'box_x': -0.6}
137.2378 	DATA 	Keypress: k
137.2441 	EXP 	Box: autoDraw = False
137.2441 	EXP 	FixCross: autoDraw = True
138.4412 	EXP 	FixCross: autoDraw = False
138.4412 	EXP 	FixCross: autoDraw = False
138.4412 	EXP 	Box: pos = array([-0.6,  0. ])
138.4412 	EXP 	Box: autoDraw = True
139.0542 	EXP 	New trial (rep=4, index=2): {'images': 'blue_incongruent', 'congruentcy': 0, 'corrAns': 'a', 'box_pos': 'right', 'box_color': 'blue', 'box_x': 0.6}
139.0563 	DATA 	Keypress: a
139.0628 	EXP 	Box: autoDraw = False
139.0628 	EXP 	FixCross: autoDraw = True
140.1640 	EXP 	FixCross: autoDraw = False
140.1640 	EXP 	FixCross: autoDraw = False
140.1640 	EXP 	Box: pos = array([0.6, 0. ])
140.1640 	EXP 	Box: autoDraw = True
140.6566 	DATA 	Keypress: a
140.6645 	EXP 	New trial (rep=4, index=3): {'images': 'blue_neutral', 'congruentcy': 0, 'corrAns': 'a', 'box_pos': 'middle', 'box_color': 'blue', 'box_x': 0}
140.6728 	EXP 	Box: autoDraw = False
140.6728 	EXP 	FixCross: autoDraw = True
141.7113 	EXP 	FixCross: autoDraw = False
141.7113 	EXP 	FixCross: autoDraw = False
141.7113 	EXP 	Box: pos = array([0., 0.])
141.7113 	EXP 	Box: autoDraw = True
142.1949 	EXP 	New trial (rep=4, index=4): {'images': 'blue_incongruent', 'congruentcy': 0, 'corrAns': 'a', 'box_pos': 'right', 'box_color': 'blue', 'box_x': 0.6}
142.1971 	DATA 	Keypress: a
142.2033 	EXP 	Box: autoDraw = False
142.2033 	EXP 	FixCross: autoDraw = True
143.3633 	EXP 	FixCross: autoDraw = False
143.3633 	EXP 	FixCross: autoDraw = False
143.3633 	EXP 	Box: pos = array([0.6, 0. ])
143.3633 	EXP 	Box: autoDraw = True
143.8133 	EXP 	New trial (rep=4, index=5): {'images': 'blue_congruent', 'congruentcy': 1, 'corrAns': 'a', 'box_pos': 'left', 'box_color': 'blue', 'box_x': -0.6}
143.8153 	DATA 	Keypress: a
143.8221 	EXP 	Box: autoDraw = False
143.8221 	EXP 	FixCross: autoDraw = True
144.9523 	EXP 	FixCross: autoDraw = False
144.9523 	EXP 	FixCross: autoDraw = False
144.9523 	EXP 	Box: pos = array([-0.6,  0. ])
144.9523 	EXP 	Box: autoDraw = True
145.3698 	DATA 	Keypress: a
145.3776 	EXP 	New trial (rep=5, index=0): {'images': 'red_congruent', 'congruentcy': 1, 'corrAns': 'k', 'box_pos': 'right', 'box_color': 'red', 'box_x': 0.6}
145.3861 	EXP 	Box: autoDraw = False
145.3861 	EXP 	FixCross: autoDraw = True
146.5457 	EXP 	FixCross: autoDraw = False
146.5457 	EXP 	FixCross: autoDraw = False
146.5457 	EXP 	Box: pos = array([0.6, 0. ])
146.5457 	EXP 	Box: autoDraw = True
147.0291 	EXP 	New trial (rep=5, index=1): {'images': 'red_neutral', 'congruentcy': 0, 'corrAns': 'k', 'box_pos': 'middle', 'box_color': 'red', 'box_x': 0}
147.0320 	DATA 	Keypress: k
147.0379 	EXP 	Box: autoDraw = False
147.0379 	EXP 	FixCross: autoDraw = True
148.2266 	EXP 	FixCross: autoDraw = False
148.2266 	EXP 	FixCross: autoDraw = False
148.2266 	EXP 	Box: pos = array([0., 0.])
148.2266 	EXP 	Box: autoDraw = True
148.8274 	EXP 	New trial (rep=5, index=2): {'images': 'red_congruent', 'congruentcy': 1, 'corrAns': 'k', 'box_pos': 'right', 'box_color': 'red', 'box_x': 0.6}
148.8294 	DATA 	Keypress: k
148.8356 	EXP 	Box: autoDraw = False
148.8356 	EXP 	FixCross: autoDraw = True
150.0288 	EXP 	FixCross: autoDraw = False
150.0288 	EXP 	FixCross: autoDraw = False
150.0288 	EXP 	Box: pos = array([0.6, 0. ])
150.0288 	EXP 	Box: autoDraw = True
150.7299 	DATA 	Keypress: k
150.7378 	EXP 	New trial (rep=5, index=3): {'images': 'red_incongruent', 'congruentcy': 0, 'corrAns': 'k', 'box_pos': 'left', 'box_color': 'red', 'box_x': -0.6}
150.7457 	EXP 	Box: autoDraw = False
150.7457 	EXP 	FixCross: autoDraw = True
151.9011 	EXP 	FixCross: autoDraw = False
151.9011 	EXP 	FixCross: autoDraw = False
151.9011 	EXP 	Box: pos = array([-0.6,  0. ])
151.9011 	EXP 	Box: autoDraw = True
152.3682 	EXP 	New trial (rep=5, index=4): {'images': 'blue_congruent', 'congruentcy': 1, 'corrAns': 'a', 'box_pos': 'left', 'box_color': 'blue', 'box_x': -0.6}
152.3713 	DATA 	Keypress: k
152.3766 	EXP 	Box: autoDraw = False
152.3766 	EXP 	FixCross: autoDraw = True
153.4361 	EXP 	FixCross: autoDraw = False
153.4361 	EXP 	FixCross: autoDraw = False
153.4361 	EXP 	Box: pos = array([-0.6,  0. ])
153.4361 	EXP 	Box: autoDraw = True
153.9455 	EXP 	New trial (rep=5, index=5): {'images': 'blue_incongruent', 'congruentcy': 0, 'corrAns': 'a', 'box_pos': 'right', 'box_color': 'blue', 'box_x': 0.6}
153.9476 	DATA 	Keypress: a
153.9535 	EXP 	Box: autoDraw = False
153.9535 	EXP 	FixCross: autoDraw = True
155.0839 	EXP 	FixCross: autoDraw = False
155.0839 	EXP 	FixCross: autoDraw = False
155.0839 	EXP 	Box: pos = array([0.6, 0. ])
155.0839 	EXP 	Box: autoDraw = True
155.5390 	DATA 	Keypress: a
155.5469 	EXP 	New trial (rep=6, index=0): {'images': 'blue_incongruent', 'congruentcy': 0, 'corrAns': 'a', 'box_pos': 'right', 'box_color': 'blue', 'box_x': 0.6}
155.5552 	EXP 	Box: autoDraw = False
155.5552 	EXP 	FixCross: autoDraw = True
156.8065 	EXP 	FixCross: autoDraw = False
156.8065 	EXP 	FixCross: autoDraw = False
156.8065 	EXP 	Box: pos = array([0.6, 0. ])
156.8065 	EXP 	Box: autoDraw = True
157.2827 	DATA 	Keypress: a
157.2903 	EXP 	New trial (rep=6, index=1): {'images': 'red_congruent', 'congruentcy': 1, 'corrAns': 'k', 'box_pos': 'right', 'box_color': 'red', 'box_x': 0.6}
157.2987 	EXP 	Box: autoDraw = False
157.2987 	EXP 	FixCross: autoDraw = True
158.4288 	EXP 	FixCross: autoDraw = False
158.4288 	EXP 	FixCross: autoDraw = False
158.4288 	EXP 	Box: pos = array([0.6, 0. ])
158.4288 	EXP 	Box: autoDraw = True
158.9207 	EXP 	New trial (rep=6, index=2): {'images': 'red_congruent', 'congruentcy': 1, 'corrAns': 'k', 'box_pos': 'right', 'box_color': 'red', 'box_x': 0.6}
158.9227 	DATA 	Keypress: k
158.9296 	EXP 	Box: autoDraw = False
158.9296 	EXP 	FixCross: autoDraw = True
160.0850 	EXP 	FixCross: autoDraw = False
160.0850 	EXP 	FixCross: autoDraw = False
160.0850 	EXP 	Box: pos = array([0.6, 0. ])
160.0850 	EXP 	Box: autoDraw = True
160.5401 	DATA 	Keypress: k
160.5480 	EXP 	New trial (rep=6, index=3): {'images': 'red_incongruent', 'congruentcy': 0, 'corrAns': 'k', 'box_pos': 'left', 'box_color': 'red', 'box_x': -0.6}
160.5563 	EXP 	Box: autoDraw = False
160.5563 	EXP 	FixCross: autoDraw = True
161.6950 	EXP 	FixCross: autoDraw = False
161.6950 	EXP 	FixCross: autoDraw = False
161.6950 	EXP 	Box: pos = array([-0.6,  0. ])
161.6950 	EXP 	Box: autoDraw = True
162.2125 	DATA 	Keypress: k
162.2204 	EXP 	New trial (rep=6, index=4): {'images': 'blue_incongruent', 'congruentcy': 0, 'corrAns': 'a', 'box_pos': 'right', 'box_color': 'blue', 'box_x': 0.6}
162.2289 	EXP 	Box: autoDraw = False
162.2289 	EXP 	FixCross: autoDraw = True
163.3385 	EXP 	FixCross: autoDraw = False
163.3385 	EXP 	FixCross: autoDraw = False
163.3385 	EXP 	Box: pos = array([0.6, 0. ])
163.3385 	EXP 	Box: autoDraw = True
163.8978 	EXP 	New trial (rep=6, index=5): {'images': 'red_incongruent', 'congruentcy': 0, 'corrAns': 'k', 'box_pos': 'left', 'box_color': 'red', 'box_x': -0.6}
163.8998 	DATA 	Keypress: a
163.9057 	EXP 	Box: autoDraw = False
163.9057 	EXP 	FixCross: autoDraw = True
165.0320 	EXP 	FixCross: autoDraw = False
165.0320 	EXP 	FixCross: autoDraw = False
165.0320 	EXP 	Box: pos = array([-0.6,  0. ])
165.0320 	EXP 	Box: autoDraw = True
165.5242 	DATA 	Keypress: k
165.5321 	EXP 	New trial (rep=7, index=0): {'images': 'red_neutral', 'congruentcy': 0, 'corrAns': 'k', 'box_pos': 'middle', 'box_color': 'red', 'box_x': 0}
165.5406 	EXP 	Box: autoDraw = False
165.5406 	EXP 	FixCross: autoDraw = True
166.6044 	EXP 	FixCross: autoDraw = False
166.6044 	EXP 	FixCross: autoDraw = False
166.6044 	EXP 	Box: pos = array([0., 0.])
166.6044 	EXP 	Box: autoDraw = True
167.3046 	EXP 	New trial (rep=7, index=1): {'images': 'red_neutral', 'congruentcy': 0, 'corrAns': 'k', 'box_pos': 'middle', 'box_color': 'red', 'box_x': 0}
167.3066 	DATA 	Keypress: k
167.3094 	EXP 	Box: autoDraw = False
167.3094 	EXP 	FixCross: autoDraw = True
168.3396 	EXP 	FixCross: autoDraw = False
168.3396 	EXP 	FixCross: autoDraw = False
168.3396 	EXP 	Box: pos = array([0., 0.])
168.3396 	EXP 	Box: autoDraw = True
168.7739 	DATA 	Keypress: k
170.5923 	EXP 	New trial (rep=7, index=2): {'images': 'red_neutral', 'congruentcy': 0, 'corrAns': 'k', 'box_pos': 'middle', 'box_color': 'red', 'box_x': 0}
170.5943 	DATA 	Keypress: k
170.6001 	EXP 	Box: autoDraw = False
170.6001 	EXP 	FixCross: autoDraw = True
171.6681 	EXP 	FixCross: autoDraw = False
171.6681 	EXP 	FixCross: autoDraw = False
171.6681 	EXP 	Box: pos = array([0., 0.])
171.6681 	EXP 	Box: autoDraw = True
172.1356 	EXP 	New trial (rep=7, index=3): {'images': 'blue_neutral', 'congruentcy': 0, 'corrAns': 'a', 'box_pos': 'middle', 'box_color': 'blue', 'box_x': 0}
172.1377 	DATA 	Keypress: k
172.1434 	EXP 	Box: autoDraw = False
172.1434 	EXP 	FixCross: autoDraw = True
173.2448 	EXP 	FixCross: autoDraw = False
173.2448 	EXP 	FixCross: autoDraw = False
173.2448 	EXP 	Box: pos = array([0., 0.])
173.2448 	EXP 	Box: autoDraw = True
173.8120 	EXP 	New trial (rep=7, index=4): {'images': 'red_neutral', 'congruentcy': 0, 'corrAns': 'k', 'box_pos': 'middle', 'box_color': 'red', 'box_x': 0}
173.8141 	DATA 	Keypress: a
173.8204 	EXP 	Box: autoDraw = False
173.8204 	EXP 	FixCross: autoDraw = True
174.9841 	EXP 	FixCross: autoDraw = False
174.9841 	EXP 	FixCross: autoDraw = False
174.9841 	EXP 	Box: pos = array([0., 0.])
174.9841 	EXP 	Box: autoDraw = True
175.4594 	EXP 	New trial (rep=7, index=5): {'images': 'red_neutral', 'congruentcy': 0, 'corrAns': 'k', 'box_pos': 'middle', 'box_color': 'red', 'box_x': 0}
175.4614 	DATA 	Keypress: k
175.4679 	EXP 	Box: autoDraw = False
175.4679 	EXP 	FixCross: autoDraw = True
176.6360 	EXP 	FixCross: autoDraw = False
176.6360 	EXP 	FixCross: autoDraw = False
176.6360 	EXP 	Box: pos = array([0., 0.])
176.6360 	EXP 	Box: autoDraw = True
177.1269 	DATA 	Keypress: k
177.1320 	EXP 	Box: autoDraw = False
177.1320 	EXP 	text_2: text = 'Biraz mola verebilirsiniz. \n\n 48 adet doğru cevap verdiniz. \n Ortalama cevap süreniz 4.72e+02ms.\n\n Devam etmek için BOŞLUK tuşuna basınız.'
177.1320 	EXP 	text_2: autoDraw = True
179.7182 	DATA 	Keypress: space
179.7342 	EXP 	Imported SimonTask.xlsx as conditions, 6 conditions, 6 params
179.7346 	EXP 	Created sequence: fullRandom, trialTypes=6, nReps=8, seed=None
179.7349 	EXP 	New trial (rep=0, index=0): {'images': 'red_congruent', 'congruentcy': 1, 'corrAns': 'k', 'box_pos': 'right', 'box_color': 'red', 'box_x': 0.6}
179.7431 	EXP 	text_2: autoDraw = False
179.7431 	EXP 	FixCross: autoDraw = True
180.9860 	EXP 	FixCross: autoDraw = False
180.9860 	EXP 	FixCross: autoDraw = False
180.9860 	EXP 	Box: pos = array([0.6, 0. ])
180.9860 	EXP 	Box: autoDraw = True
181.5416 	EXP 	New trial (rep=0, index=1): {'images': 'red_congruent', 'congruentcy': 1, 'corrAns': 'k', 'box_pos': 'right', 'box_color': 'red', 'box_x': 0.6}
181.5444 	DATA 	Keypress: k
181.5491 	EXP 	Box: autoDraw = False
181.5491 	EXP 	FixCross: autoDraw = True
182.7504 	EXP 	FixCross: autoDraw = False
182.7504 	EXP 	FixCross: autoDraw = False
182.7504 	EXP 	Box: pos = array([0.6, 0. ])
182.7504 	EXP 	Box: autoDraw = True
183.2180 	EXP 	New trial (rep=0, index=2): {'images': 'red_neutral', 'congruentcy': 0, 'corrAns': 'k', 'box_pos': 'middle', 'box_color': 'red', 'box_x': 0}
183.2208 	DATA 	Keypress: k
183.2259 	EXP 	Box: autoDraw = False
183.2259 	EXP 	FixCross: autoDraw = True
184.4689 	EXP 	FixCross: autoDraw = False
184.4689 	EXP 	FixCross: autoDraw = False
184.4689 	EXP 	Box: pos = array([0., 0.])
184.4689 	EXP 	Box: autoDraw = True
184.8991 	EXP 	New trial (rep=0, index=3): {'images': 'blue_neutral', 'congruentcy': 0, 'corrAns': 'a', 'box_pos': 'middle', 'box_color': 'blue', 'box_x': 0}
184.9011 	DATA 	Keypress: k
184.9068 	EXP 	Box: autoDraw = False
184.9068 	EXP 	FixCross: autoDraw = True
186.0038 	EXP 	FixCross: autoDraw = False
186.0038 	EXP 	FixCross: autoDraw = False
186.0038 	EXP 	Box: pos = array([0., 0.])
186.0038 	EXP 	Box: autoDraw = True
186.3964 	EXP 	New trial (rep=0, index=4): {'images': 'blue_incongruent', 'congruentcy': 0, 'corrAns': 'a', 'box_pos': 'right', 'box_color': 'blue', 'box_x': 0.6}
186.3985 	DATA 	Keypress: a
186.4046 	EXP 	Box: autoDraw = False
186.4046 	EXP 	FixCross: autoDraw = True
187.4470 	EXP 	FixCross: autoDraw = False
187.4470 	EXP 	FixCross: autoDraw = False
187.4470 	EXP 	Box: pos = array([0.6, 0. ])
187.4470 	EXP 	Box: autoDraw = True
187.9058 	EXP 	New trial (rep=0, index=5): {'images': 'red_congruent', 'congruentcy': 1, 'corrAns': 'k', 'box_pos': 'right', 'box_color': 'red', 'box_x': 0.6}
187.9078 	DATA 	Keypress: a
187.9142 	EXP 	Box: autoDraw = False
187.9142 	EXP 	FixCross: autoDraw = True
189.0363 	EXP 	FixCross: autoDraw = False
189.0363 	EXP 	FixCross: autoDraw = False
189.0363 	EXP 	Box: pos = array([0.6, 0. ])
189.0363 	EXP 	Box: autoDraw = True
189.4951 	DATA 	Keypress: k
189.5031 	EXP 	New trial (rep=1, index=0): {'images': 'red_congruent', 'congruentcy': 1, 'corrAns': 'k', 'box_pos': 'right', 'box_color': 'red', 'box_x': 0.6}
189.5077 	EXP 	Box: autoDraw = False
189.5077 	EXP 	FixCross: autoDraw = True
190.5253 	EXP 	FixCross: autoDraw = False
190.5253 	EXP 	FixCross: autoDraw = False
190.5253 	EXP 	Box: pos = array([0.6, 0. ])
190.5253 	EXP 	Box: autoDraw = True
190.9634 	EXP 	New trial (rep=1, index=1): {'images': 'red_incongruent', 'congruentcy': 0, 'corrAns': 'k', 'box_pos': 'left', 'box_color': 'red', 'box_x': -0.6}
190.9655 	DATA 	Keypress: k
190.9716 	EXP 	Box: autoDraw = False
190.9716 	EXP 	FixCross: autoDraw = True
192.1273 	EXP 	FixCross: autoDraw = False
192.1273 	EXP 	FixCross: autoDraw = False
192.1273 	EXP 	Box: pos = array([-0.6,  0. ])
192.1273 	EXP 	Box: autoDraw = True
192.8445 	EXP 	New trial (rep=1, index=2): {'images': 'blue_incongruent', 'congruentcy': 0, 'corrAns': 'a', 'box_pos': 'right', 'box_color': 'blue', 'box_x': 0.6}
192.8466 	DATA 	Keypress: k
192.8530 	EXP 	Box: autoDraw = False
192.8530 	EXP 	FixCross: autoDraw = True
194.0085 	EXP 	FixCross: autoDraw = False
194.0085 	EXP 	FixCross: autoDraw = False
194.0085 	EXP 	Box: pos = array([0.6, 0. ])
194.0085 	EXP 	Box: autoDraw = True
194.5259 	EXP 	New trial (rep=1, index=3): {'images': 'red_incongruent', 'congruentcy': 0, 'corrAns': 'k', 'box_pos': 'left', 'box_color': 'red', 'box_x': -0.6}
194.5279 	DATA 	Keypress: a
194.5340 	EXP 	Box: autoDraw = False
194.5340 	EXP 	FixCross: autoDraw = True
195.7684 	EXP 	FixCross: autoDraw = False
195.7684 	EXP 	FixCross: autoDraw = False
195.7684 	EXP 	Box: pos = array([-0.6,  0. ])
195.7684 	EXP 	Box: autoDraw = True
196.2353 	EXP 	New trial (rep=1, index=4): {'images': 'red_congruent', 'congruentcy': 1, 'corrAns': 'k', 'box_pos': 'right', 'box_color': 'red', 'box_x': 0.6}
196.2373 	DATA 	Keypress: k
196.2392 	EXP 	Box: autoDraw = False
196.2392 	EXP 	FixCross: autoDraw = True
197.3244 	EXP 	FixCross: autoDraw = False
197.3244 	EXP 	FixCross: autoDraw = False
197.3244 	EXP 	Box: pos = array([0.6, 0. ])
197.3244 	EXP 	Box: autoDraw = True
198.0587 	EXP 	New trial (rep=1, index=5): {'images': 'blue_neutral', 'congruentcy': 0, 'corrAns': 'a', 'box_pos': 'middle', 'box_color': 'blue', 'box_x': 0}
198.0608 	DATA 	Keypress: k
198.0666 	EXP 	Box: autoDraw = False
198.0666 	EXP 	FixCross: autoDraw = True
199.2140 	EXP 	FixCross: autoDraw = False
199.2140 	EXP 	FixCross: autoDraw = False
199.2140 	EXP 	Box: pos = array([0., 0.])
199.2140 	EXP 	Box: autoDraw = True
199.6981 	DATA 	Keypress: a
199.7060 	EXP 	New trial (rep=2, index=0): {'images': 'blue_congruent', 'congruentcy': 1, 'corrAns': 'a', 'box_pos': 'left', 'box_color': 'blue', 'box_x': -0.6}
199.7144 	EXP 	Box: autoDraw = False
199.7144 	EXP 	FixCross: autoDraw = True
200.9324 	EXP 	FixCross: autoDraw = False
200.9324 	EXP 	FixCross: autoDraw = False
200.9324 	EXP 	Box: pos = array([-0.6,  0. ])
200.9324 	EXP 	Box: autoDraw = True
201.7335 	EXP 	New trial (rep=2, index=1): {'images': 'blue_congruent', 'congruentcy': 1, 'corrAns': 'a', 'box_pos': 'left', 'box_color': 'blue', 'box_x': -0.6}
201.7356 	DATA 	Keypress: a
201.7416 	EXP 	Box: autoDraw = False
201.7416 	EXP 	FixCross: autoDraw = True
202.8093 	EXP 	FixCross: autoDraw = False
202.8093 	EXP 	FixCross: autoDraw = False
202.8093 	EXP 	Box: pos = array([-0.6,  0. ])
202.8093 	EXP 	Box: autoDraw = True
203.2428 	EXP 	New trial (rep=2, index=2): {'images': 'red_incongruent', 'congruentcy': 0, 'corrAns': 'k', 'box_pos': 'left', 'box_color': 'red', 'box_x': -0.6}
203.2449 	DATA 	Keypress: a
203.2515 	EXP 	Box: autoDraw = False
203.2515 	EXP 	FixCross: autoDraw = True
204.4319 	EXP 	FixCross: autoDraw = False
204.4319 	EXP 	FixCross: autoDraw = False
204.4319 	EXP 	Box: pos = array([-0.6,  0. ])
204.4319 	EXP 	Box: autoDraw = True
204.9486 	EXP 	New trial (rep=2, index=3): {'images': 'red_neutral', 'congruentcy': 0, 'corrAns': 'k', 'box_pos': 'middle', 'box_color': 'red', 'box_x': 0}
204.9507 	DATA 	Keypress: k
204.9532 	EXP 	Box: autoDraw = False
204.9532 	EXP 	FixCross: autoDraw = True
206.0459 	EXP 	FixCross: autoDraw = False
206.0459 	EXP 	FixCross: autoDraw = False
206.0459 	EXP 	Box: pos = array([0., 0.])
206.0459 	EXP 	Box: autoDraw = True
206.5930 	EXP 	New trial (rep=2, index=4): {'images': 'red_neutral', 'congruentcy': 0, 'corrAns': 'k', 'box_pos': 'middle', 'box_color': 'red', 'box_x': 0}
206.5951 	DATA 	Keypress: k
206.6007 	EXP 	Box: autoDraw = False
206.6007 	EXP 	FixCross: autoDraw = True
207.7519 	EXP 	FixCross: autoDraw = False
207.7519 	EXP 	FixCross: autoDraw = False
207.7519 	EXP 	Box: pos = array([0., 0.])
207.7519 	EXP 	Box: autoDraw = True
208.1523 	EXP 	New trial (rep=2, index=5): {'images': 'blue_incongruent', 'congruentcy': 0, 'corrAns': 'a', 'box_pos': 'right', 'box_color': 'blue', 'box_x': 0.6}
208.1544 	DATA 	Keypress: k
208.1609 	EXP 	Box: autoDraw = False
208.1609 	EXP 	FixCross: autoDraw = True
209.2785 	EXP 	FixCross: autoDraw = False
209.2785 	EXP 	FixCross: autoDraw = False
209.2785 	EXP 	Box: pos = array([0.6, 0. ])
209.2785 	EXP 	Box: autoDraw = True
209.7497 	EXP 	New trial (rep=3, index=0): {'images': 'red_incongruent', 'congruentcy': 0, 'corrAns': 'k', 'box_pos': 'left', 'box_color': 'red', 'box_x': -0.6}
209.7518 	DATA 	Keypress: a
209.7584 	EXP 	Box: autoDraw = False
209.7584 	EXP 	FixCross: autoDraw = True
210.9469 	EXP 	FixCross: autoDraw = False
210.9469 	EXP 	FixCross: autoDraw = False
210.9469 	EXP 	Box: pos = array([-0.6,  0. ])
210.9469 	EXP 	Box: autoDraw = True
211.4271 	DATA 	Keypress: k
211.4353 	EXP 	New trial (rep=3, index=1): {'images': 'blue_incongruent', 'congruentcy': 0, 'corrAns': 'a', 'box_pos': 'right', 'box_color': 'blue', 'box_x': 0.6}
211.4436 	EXP 	Box: autoDraw = False
211.4436 	EXP 	FixCross: autoDraw = True
212.4902 	EXP 	FixCross: autoDraw = False
212.4902 	EXP 	FixCross: autoDraw = False
212.4902 	EXP 	Box: pos = array([0.6, 0. ])
212.4902 	EXP 	Box: autoDraw = True
213.0364 	EXP 	New trial (rep=3, index=2): {'images': 'blue_neutral', 'congruentcy': 0, 'corrAns': 'a', 'box_pos': 'middle', 'box_color': 'blue', 'box_x': 0}
213.0385 	DATA 	Keypress: a
213.0454 	EXP 	Box: autoDraw = False
213.0454 	EXP 	FixCross: autoDraw = True
214.1670 	EXP 	FixCross: autoDraw = False
214.1670 	EXP 	FixCross: autoDraw = False
214.1670 	EXP 	Box: pos = array([0., 0.])
214.1670 	EXP 	Box: autoDraw = True
214.6180 	DATA 	Keypress: a
214.6258 	EXP 	New trial (rep=3, index=3): {'images': 'blue_congruent', 'congruentcy': 1, 'corrAns': 'a', 'box_pos': 'left', 'box_color': 'blue', 'box_x': -0.6}
214.6344 	EXP 	Box: autoDraw = False
214.6344 	EXP 	FixCross: autoDraw = True
215.7937 	EXP 	FixCross: autoDraw = False
215.7937 	EXP 	FixCross: autoDraw = False
215.7937 	EXP 	Box: pos = array([-0.6,  0. ])
215.7937 	EXP 	Box: autoDraw = True
216.2614 	EXP 	New trial (rep=3, index=4): {'images': 'red_neutral', 'congruentcy': 0, 'corrAns': 'k', 'box_pos': 'middle', 'box_color': 'red', 'box_x': 0}
216.2642 	DATA 	Keypress: a
216.2693 	EXP 	Box: autoDraw = False
216.2693 	EXP 	FixCross: autoDraw = True
217.2829 	EXP 	FixCross: autoDraw = False
217.2829 	EXP 	FixCross: autoDraw = False
217.2829 	EXP 	Box: pos = array([0., 0.])
217.2829 	EXP 	Box: autoDraw = True
217.7165 	EXP 	New trial (rep=3, index=5): {'images': 'red_incongruent', 'congruentcy': 0, 'corrAns': 'k', 'box_pos': 'left', 'box_color': 'red', 'box_x': -0.6}
217.7195 	DATA 	Keypress: k
217.7249 	EXP 	Box: autoDraw = False
217.7249 	EXP 	FixCross: autoDraw = True
218.9304 	EXP 	FixCross: autoDraw = False
218.9304 	EXP 	FixCross: autoDraw = False
218.9304 	EXP 	Box: pos = array([-0.6,  0. ])
218.9304 	EXP 	Box: autoDraw = True
219.4559 	EXP 	New trial (rep=4, index=0): {'images': 'blue_neutral', 'congruentcy': 0, 'corrAns': 'a', 'box_pos': 'middle', 'box_color': 'blue', 'box_x': 0}
219.4579 	DATA 	Keypress: k
219.4645 	EXP 	Box: autoDraw = False
219.4645 	EXP 	FixCross: autoDraw = True
220.6196 	EXP 	FixCross: autoDraw = False
220.6196 	EXP 	FixCross: autoDraw = False
220.6196 	EXP 	Box: pos = array([0., 0.])
220.6196 	EXP 	Box: autoDraw = True
221.1282 	EXP 	New trial (rep=4, index=1): {'images': 'red_neutral', 'congruentcy': 0, 'corrAns': 'k', 'box_pos': 'middle', 'box_color': 'red', 'box_x': 0}
221.1303 	DATA 	Keypress: a
221.1328 	EXP 	Box: autoDraw = False
221.1328 	EXP 	FixCross: autoDraw = True
222.1880 	EXP 	FixCross: autoDraw = False
222.1880 	EXP 	FixCross: autoDraw = False
222.1880 	EXP 	Box: pos = array([0., 0.])
222.1880 	EXP 	Box: autoDraw = True
222.8726 	EXP 	New trial (rep=4, index=2): {'images': 'blue_congruent', 'congruentcy': 1, 'corrAns': 'a', 'box_pos': 'left', 'box_color': 'blue', 'box_x': -0.6}
222.8747 	DATA 	Keypress: k
222.8808 	EXP 	Box: autoDraw = False
222.8808 	EXP 	FixCross: autoDraw = True
223.9774 	EXP 	FixCross: autoDraw = False
223.9774 	EXP 	FixCross: autoDraw = False
223.9774 	EXP 	Box: pos = array([-0.6,  0. ])
223.9774 	EXP 	Box: autoDraw = True
224.4282 	DATA 	Keypress: a
224.4360 	EXP 	New trial (rep=4, index=3): {'images': 'blue_congruent', 'congruentcy': 1, 'corrAns': 'a', 'box_pos': 'left', 'box_color': 'blue', 'box_x': -0.6}
224.4405 	EXP 	Box: autoDraw = False
224.4405 	EXP 	FixCross: autoDraw = True
225.5373 	EXP 	FixCross: autoDraw = False
225.5373 	EXP 	FixCross: autoDraw = False
225.5373 	EXP 	Box: pos = array([-0.6,  0. ])
225.5373 	EXP 	Box: autoDraw = True
225.9793 	DATA 	Keypress: a
225.9883 	EXP 	New trial (rep=4, index=4): {'images': 'blue_congruent', 'congruentcy': 1, 'corrAns': 'a', 'box_pos': 'left', 'box_color': 'blue', 'box_x': -0.6}
225.9964 	EXP 	Box: autoDraw = False
225.9964 	EXP 	FixCross: autoDraw = True
227.0766 	EXP 	FixCross: autoDraw = False
227.0766 	EXP 	FixCross: autoDraw = False
227.0766 	EXP 	Box: pos = array([-0.6,  0. ])
227.0766 	EXP 	Box: autoDraw = True
227.4817 	EXP 	New trial (rep=4, index=5): {'images': 'blue_neutral', 'congruentcy': 0, 'corrAns': 'a', 'box_pos': 'middle', 'box_color': 'blue', 'box_x': 0}
227.4837 	DATA 	Keypress: a
227.4898 	EXP 	Box: autoDraw = False
227.4898 	EXP 	FixCross: autoDraw = True
228.6532 	EXP 	FixCross: autoDraw = False
228.6532 	EXP 	FixCross: autoDraw = False
228.6532 	EXP 	Box: pos = array([0., 0.])
228.6532 	EXP 	Box: autoDraw = True
229.0871 	EXP 	New trial (rep=5, index=0): {'images': 'red_neutral', 'congruentcy': 0, 'corrAns': 'k', 'box_pos': 'middle', 'box_color': 'red', 'box_x': 0}
229.0891 	DATA 	Keypress: a
229.0956 	EXP 	Box: autoDraw = False
229.0956 	EXP 	FixCross: autoDraw = True
230.1714 	EXP 	FixCross: autoDraw = False
230.1714 	EXP 	FixCross: autoDraw = False
230.1714 	EXP 	Box: pos = array([0., 0.])
230.1714 	EXP 	Box: autoDraw = True
230.6684 	DATA 	Keypress: k
230.6767 	EXP 	New trial (rep=5, index=1): {'images': 'red_congruent', 'congruentcy': 1, 'corrAns': 'k', 'box_pos': 'right', 'box_color': 'red', 'box_x': 0.6}
230.6845 	EXP 	Box: autoDraw = False
230.6845 	EXP 	FixCross: autoDraw = True
231.7819 	EXP 	FixCross: autoDraw = False
231.7819 	EXP 	FixCross: autoDraw = False
231.7819 	EXP 	Box: pos = array([0.6, 0. ])
231.7819 	EXP 	Box: autoDraw = True
232.3908 	EXP 	New trial (rep=5, index=2): {'images': 'red_neutral', 'congruentcy': 0, 'corrAns': 'k', 'box_pos': 'middle', 'box_color': 'red', 'box_x': 0}
232.3928 	DATA 	Keypress: k
232.3990 	EXP 	Box: autoDraw = False
232.3990 	EXP 	FixCross: autoDraw = True
233.5166 	EXP 	FixCross: autoDraw = False
233.5166 	EXP 	FixCross: autoDraw = False
233.5166 	EXP 	Box: pos = array([0., 0.])
233.5166 	EXP 	Box: autoDraw = True
233.9421 	DATA 	Keypress: k
233.9501 	EXP 	New trial (rep=5, index=3): {'images': 'red_incongruent', 'congruentcy': 0, 'corrAns': 'k', 'box_pos': 'left', 'box_color': 'red', 'box_x': -0.6}
233.9547 	EXP 	Box: autoDraw = False
233.9547 	EXP 	FixCross: autoDraw = True
235.0933 	EXP 	FixCross: autoDraw = False
235.0933 	EXP 	FixCross: autoDraw = False
235.0933 	EXP 	Box: pos = array([-0.6,  0. ])
235.0933 	EXP 	Box: autoDraw = True
235.6815 	EXP 	New trial (rep=5, index=4): {'images': 'blue_neutral', 'congruentcy': 0, 'corrAns': 'a', 'box_pos': 'middle', 'box_color': 'blue', 'box_x': 0}
235.6836 	DATA 	Keypress: k
235.6901 	EXP 	Box: autoDraw = False
235.6901 	EXP 	FixCross: autoDraw = True
236.9411 	EXP 	FixCross: autoDraw = False
236.9411 	EXP 	FixCross: autoDraw = False
236.9411 	EXP 	Box: pos = array([0., 0.])
236.9411 	EXP 	Box: autoDraw = True
237.3750 	DATA 	Keypress: a
237.3839 	EXP 	New trial (rep=5, index=5): {'images': 'blue_incongruent', 'congruentcy': 0, 'corrAns': 'a', 'box_pos': 'right', 'box_color': 'blue', 'box_x': 0.6}
237.3919 	EXP 	Box: autoDraw = False
237.3919 	EXP 	FixCross: autoDraw = True
238.4469 	EXP 	FixCross: autoDraw = False
238.4469 	EXP 	FixCross: autoDraw = False
238.4469 	EXP 	Box: pos = array([0.6, 0. ])
238.4469 	EXP 	Box: autoDraw = True
238.9062 	EXP 	New trial (rep=6, index=0): {'images': 'red_congruent', 'congruentcy': 1, 'corrAns': 'k', 'box_pos': 'right', 'box_color': 'red', 'box_x': 0.6}
238.9083 	DATA 	Keypress: a
238.9144 	EXP 	Box: autoDraw = False
238.9144 	EXP 	FixCross: autoDraw = True
239.9652 	EXP 	FixCross: autoDraw = False
239.9652 	EXP 	FixCross: autoDraw = False
239.9652 	EXP 	Box: pos = array([0.6, 0. ])
239.9652 	EXP 	Box: autoDraw = True
240.4076 	EXP 	New trial (rep=6, index=1): {'images': 'blue_congruent', 'congruentcy': 1, 'corrAns': 'a', 'box_pos': 'left', 'box_color': 'blue', 'box_x': -0.6}
240.4106 	DATA 	Keypress: k
240.4156 	EXP 	Box: autoDraw = False
240.4156 	EXP 	FixCross: autoDraw = True
241.5001 	EXP 	FixCross: autoDraw = False
241.5001 	EXP 	FixCross: autoDraw = False
241.5001 	EXP 	Box: pos = array([-0.6,  0. ])
241.5001 	EXP 	Box: autoDraw = True
241.9260 	DATA 	Keypress: a
241.9349 	EXP 	New trial (rep=6, index=2): {'images': 'blue_neutral', 'congruentcy': 0, 'corrAns': 'a', 'box_pos': 'middle', 'box_color': 'blue', 'box_x': 0}
241.9422 	EXP 	Box: autoDraw = False
241.9422 	EXP 	FixCross: autoDraw = True
243.0226 	EXP 	FixCross: autoDraw = False
243.0226 	EXP 	FixCross: autoDraw = False
243.0226 	EXP 	Box: pos = array([0., 0.])
243.0226 	EXP 	Box: autoDraw = True
243.5153 	EXP 	New trial (rep=6, index=3): {'images': 'blue_congruent', 'congruentcy': 1, 'corrAns': 'a', 'box_pos': 'left', 'box_color': 'blue', 'box_x': -0.6}
243.5173 	DATA 	Keypress: a
243.5232 	EXP 	Box: autoDraw = False
243.5232 	EXP 	FixCross: autoDraw = True
244.6203 	EXP 	FixCross: autoDraw = False
244.6203 	EXP 	FixCross: autoDraw = False
244.6203 	EXP 	Box: pos = array([-0.6,  0. ])
244.6203 	EXP 	Box: autoDraw = True
245.1706 	EXP 	New trial (rep=6, index=4): {'images': 'blue_incongruent', 'congruentcy': 0, 'corrAns': 'a', 'box_pos': 'right', 'box_color': 'blue', 'box_x': 0.6}
245.1727 	DATA 	Keypress: a
245.1791 	EXP 	Box: autoDraw = False
245.1791 	EXP 	FixCross: autoDraw = True
246.3305 	EXP 	FixCross: autoDraw = False
246.3305 	EXP 	FixCross: autoDraw = False
246.3305 	EXP 	Box: pos = array([0.6, 0. ])
246.3305 	EXP 	Box: autoDraw = True
246.8562 	DATA 	Keypress: a
246.8650 	EXP 	New trial (rep=6, index=5): {'images': 'red_incongruent', 'congruentcy': 0, 'corrAns': 'k', 'box_pos': 'left', 'box_color': 'red', 'box_x': -0.6}
246.8728 	EXP 	Box: autoDraw = False
246.8728 	EXP 	FixCross: autoDraw = True
247.9778 	EXP 	FixCross: autoDraw = False
247.9778 	EXP 	FixCross: autoDraw = False
247.9778 	EXP 	Box: pos = array([-0.6,  0. ])
247.9778 	EXP 	Box: autoDraw = True
248.4828 	EXP 	New trial (rep=7, index=0): {'images': 'blue_neutral', 'congruentcy': 0, 'corrAns': 'a', 'box_pos': 'middle', 'box_color': 'blue', 'box_x': 0}
248.4849 	DATA 	Keypress: k
248.4910 	EXP 	Box: autoDraw = False
248.4910 	EXP 	FixCross: autoDraw = True
249.5839 	EXP 	FixCross: autoDraw = False
249.5839 	EXP 	FixCross: autoDraw = False
249.5839 	EXP 	Box: pos = array([0., 0.])
249.5839 	EXP 	Box: autoDraw = True
250.0432 	EXP 	New trial (rep=7, index=1): {'images': 'red_neutral', 'congruentcy': 0, 'corrAns': 'k', 'box_pos': 'middle', 'box_color': 'red', 'box_x': 0}
250.0452 	DATA 	Keypress: a
250.0511 	EXP 	Box: autoDraw = False
250.0511 	EXP 	FixCross: autoDraw = True
251.1274 	EXP 	FixCross: autoDraw = False
251.1274 	EXP 	FixCross: autoDraw = False
251.1274 	EXP 	Box: pos = array([0., 0.])
251.1274 	EXP 	Box: autoDraw = True
251.5865 	EXP 	New trial (rep=7, index=2): {'images': 'blue_incongruent', 'congruentcy': 0, 'corrAns': 'a', 'box_pos': 'right', 'box_color': 'blue', 'box_x': 0.6}
251.5886 	DATA 	Keypress: k
251.5943 	EXP 	Box: autoDraw = False
251.5943 	EXP 	FixCross: autoDraw = True
252.7164 	EXP 	FixCross: autoDraw = False
252.7164 	EXP 	FixCross: autoDraw = False
252.7164 	EXP 	Box: pos = array([0.6, 0. ])
252.7164 	EXP 	Box: autoDraw = True
253.1921 	DATA 	Keypress: a
253.2009 	EXP 	New trial (rep=7, index=3): {'images': 'red_congruent', 'congruentcy': 1, 'corrAns': 'k', 'box_pos': 'right', 'box_color': 'red', 'box_x': 0.6}
253.2086 	EXP 	Box: autoDraw = False
253.2086 	EXP 	FixCross: autoDraw = True
254.2847 	EXP 	FixCross: autoDraw = False
254.2847 	EXP 	FixCross: autoDraw = False
254.2847 	EXP 	Box: pos = array([0.6, 0. ])
254.2847 	EXP 	Box: autoDraw = True
254.8443 	EXP 	New trial (rep=7, index=4): {'images': 'red_incongruent', 'congruentcy': 0, 'corrAns': 'k', 'box_pos': 'left', 'box_color': 'red', 'box_x': -0.6}
254.8463 	DATA 	Keypress: k
254.8520 	EXP 	Box: autoDraw = False
254.8520 	EXP 	FixCross: autoDraw = True
255.9324 	EXP 	FixCross: autoDraw = False
255.9324 	EXP 	FixCross: autoDraw = False
255.9324 	EXP 	Box: pos = array([-0.6,  0. ])
255.9324 	EXP 	Box: autoDraw = True
256.4249 	DATA 	Keypress: k
256.4328 	EXP 	New trial (rep=7, index=5): {'images': 'blue_incongruent', 'congruentcy': 0, 'corrAns': 'a', 'box_pos': 'right', 'box_color': 'blue', 'box_x': 0.6}
256.4412 	EXP 	Box: autoDraw = False
256.4412 	EXP 	FixCross: autoDraw = True
257.4964 	EXP 	FixCross: autoDraw = False
257.4964 	EXP 	FixCross: autoDraw = False
257.4964 	EXP 	Box: pos = array([0.6, 0. ])
257.4964 	EXP 	Box: autoDraw = True
257.9620 	DATA 	Keypress: a
257.9676 	EXP 	Box: autoDraw = False
257.9676 	EXP 	text_2: text = 'Biraz mola verebilirsiniz. \n\n 48 adet doğru cevap verdiniz. \n Ortalama cevap süreniz 4.47e+02ms.\n\n Devam etmek için BOŞLUK tuşuna basınız.'
257.9676 	EXP 	text_2: autoDraw = True
260.4854 	EXP 	Imported SimonTask.xlsx as conditions, 6 conditions, 6 params
260.4858 	EXP 	Created sequence: fullRandom, trialTypes=6, nReps=8, seed=None
260.4861 	EXP 	New trial (rep=0, index=0): {'images': 'blue_incongruent', 'congruentcy': 0, 'corrAns': 'a', 'box_pos': 'right', 'box_color': 'blue', 'box_x': 0.6}
260.4886 	DATA 	Keypress: space
260.4955 	EXP 	text_2: autoDraw = False
260.4955 	EXP 	FixCross: autoDraw = True
261.5674 	EXP 	FixCross: autoDraw = False
261.5674 	EXP 	FixCross: autoDraw = False
261.5674 	EXP 	Box: pos = array([0.6, 0. ])
261.5674 	EXP 	Box: autoDraw = True
262.1769 	DATA 	Keypress: a
262.1850 	EXP 	New trial (rep=0, index=1): {'images': 'red_neutral', 'congruentcy': 0, 'corrAns': 'k', 'box_pos': 'middle', 'box_color': 'red', 'box_x': 0}
262.1931 	EXP 	Box: autoDraw = False
262.1931 	EXP 	FixCross: autoDraw = True
263.3277 	EXP 	FixCross: autoDraw = False
263.3277 	EXP 	FixCross: autoDraw = False
263.3277 	EXP 	Box: pos = array([0., 0.])
263.3277 	EXP 	Box: autoDraw = True
263.7950 	EXP 	New trial (rep=0, index=2): {'images': 'blue_congruent', 'congruentcy': 1, 'corrAns': 'a', 'box_pos': 'left', 'box_color': 'blue', 'box_x': -0.6}
263.7971 	DATA 	Keypress: k
263.8031 	EXP 	Box: autoDraw = False
263.8031 	EXP 	FixCross: autoDraw = True
264.8834 	EXP 	FixCross: autoDraw = False
264.8834 	EXP 	FixCross: autoDraw = False
264.8834 	EXP 	Box: pos = array([-0.6,  0. ])
264.8834 	EXP 	Box: autoDraw = True
265.4214 	EXP 	New trial (rep=0, index=3): {'images': 'red_congruent', 'congruentcy': 1, 'corrAns': 'k', 'box_pos': 'right', 'box_color': 'red', 'box_x': 0.6}
265.4235 	DATA 	Keypress: a
265.4298 	EXP 	Box: autoDraw = False
265.4298 	EXP 	FixCross: autoDraw = True
266.6266 	EXP 	FixCross: autoDraw = False
266.6266 	EXP 	FixCross: autoDraw = False
266.6266 	EXP 	Box: pos = array([0.6, 0. ])
266.6266 	EXP 	Box: autoDraw = True
267.1195 	EXP 	New trial (rep=0, index=4): {'images': 'red_incongruent', 'congruentcy': 0, 'corrAns': 'k', 'box_pos': 'left', 'box_color': 'red', 'box_x': -0.6}
267.1222 	DATA 	Keypress: k
267.1275 	EXP 	Box: autoDraw = False
267.1275 	EXP 	FixCross: autoDraw = True
268.2117 	EXP 	FixCross: autoDraw = False
268.2117 	EXP 	FixCross: autoDraw = False
268.2117 	EXP 	Box: pos = array([-0.6,  0. ])
268.2117 	EXP 	Box: autoDraw = True
268.8378 	EXP 	New trial (rep=0, index=5): {'images': 'red_neutral', 'congruentcy': 0, 'corrAns': 'k', 'box_pos': 'middle', 'box_color': 'red', 'box_x': 0}
268.8406 	DATA 	Keypress: k
268.8460 	EXP 	Box: autoDraw = False
268.8460 	EXP 	FixCross: autoDraw = True
270.0140 	EXP 	FixCross: autoDraw = False
270.0140 	EXP 	FixCross: autoDraw = False
270.0140 	EXP 	Box: pos = array([0., 0.])
270.0140 	EXP 	Box: autoDraw = True
270.4812 	DATA 	Keypress: k
270.4899 	EXP 	New trial (rep=1, index=0): {'images': 'red_neutral', 'congruentcy': 0, 'corrAns': 'k', 'box_pos': 'middle', 'box_color': 'red', 'box_x': 0}
270.4974 	EXP 	Box: autoDraw = False
270.4974 	EXP 	FixCross: autoDraw = True
271.6528 	EXP 	FixCross: autoDraw = False
271.6528 	EXP 	FixCross: autoDraw = False
271.6528 	EXP 	Box: pos = array([0., 0.])
271.6528 	EXP 	Box: autoDraw = True
272.0783 	EXP 	New trial (rep=1, index=1): {'images': 'blue_congruent', 'congruentcy': 1, 'corrAns': 'a', 'box_pos': 'left', 'box_color': 'blue', 'box_x': -0.6}
272.0803 	DATA 	Keypress: k
272.0868 	EXP 	Box: autoDraw = False
272.0868 	EXP 	FixCross: autoDraw = True
273.3337 	EXP 	FixCross: autoDraw = False
273.3337 	EXP 	FixCross: autoDraw = False
273.3337 	EXP 	Box: pos = array([-0.6,  0. ])
273.3337 	EXP 	Box: autoDraw = True
273.9057 	DATA 	Keypress: a
273.9140 	EXP 	New trial (rep=1, index=2): {'images': 'red_neutral', 'congruentcy': 0, 'corrAns': 'k', 'box_pos': 'middle', 'box_color': 'red', 'box_x': 0}
273.9219 	EXP 	Box: autoDraw = False
273.9219 	EXP 	FixCross: autoDraw = True
274.9355 	EXP 	FixCross: autoDraw = False
274.9355 	EXP 	FixCross: autoDraw = False
274.9355 	EXP 	Box: pos = array([0., 0.])
274.9355 	EXP 	Box: autoDraw = True
275.4023 	DATA 	Keypress: k
275.4110 	EXP 	New trial (rep=1, index=3): {'images': 'blue_neutral', 'congruentcy': 0, 'corrAns': 'a', 'box_pos': 'middle', 'box_color': 'blue', 'box_x': 0}
275.4196 	EXP 	Box: autoDraw = False
275.4196 	EXP 	FixCross: autoDraw = True
276.5289 	EXP 	FixCross: autoDraw = False
276.5289 	EXP 	FixCross: autoDraw = False
276.5289 	EXP 	Box: pos = array([0., 0.])
276.5289 	EXP 	Box: autoDraw = True
277.0216 	EXP 	New trial (rep=1, index=4): {'images': 'red_neutral', 'congruentcy': 0, 'corrAns': 'k', 'box_pos': 'middle', 'box_color': 'red', 'box_x': 0}
277.0244 	DATA 	Keypress: a
277.0293 	EXP 	Box: autoDraw = False
277.0293 	EXP 	FixCross: autoDraw = True
278.1306 	EXP 	FixCross: autoDraw = False
278.1306 	EXP 	FixCross: autoDraw = False
278.1306 	EXP 	Box: pos = array([0., 0.])
278.1306 	EXP 	Box: autoDraw = True
278.6439 	DATA 	Keypress: k
278.6527 	EXP 	New trial (rep=1, index=5): {'images': 'red_incongruent', 'congruentcy': 0, 'corrAns': 'k', 'box_pos': 'left', 'box_color': 'red', 'box_x': -0.6}
278.6602 	EXP 	Box: autoDraw = False
278.6602 	EXP 	FixCross: autoDraw = True
279.8240 	EXP 	FixCross: autoDraw = False
279.8240 	EXP 	FixCross: autoDraw = False
279.8240 	EXP 	Box: pos = array([-0.6,  0. ])
279.8240 	EXP 	Box: autoDraw = True
280.2745 	DATA 	Keypress: k
280.2834 	EXP 	New trial (rep=2, index=0): {'images': 'red_congruent', 'congruentcy': 1, 'corrAns': 'k', 'box_pos': 'right', 'box_color': 'red', 'box_x': 0.6}
280.2913 	EXP 	Box: autoDraw = False
280.2913 	EXP 	FixCross: autoDraw = True
281.4385 	EXP 	FixCross: autoDraw = False
281.4385 	EXP 	FixCross: autoDraw = False
281.4385 	EXP 	Box: pos = array([0.6, 0. ])
281.4385 	EXP 	Box: autoDraw = True
281.8888 	EXP 	New trial (rep=2, index=1): {'images': 'blue_incongruent', 'congruentcy': 0, 'corrAns': 'a', 'box_pos': 'right', 'box_color': 'blue', 'box_x': 0.6}
281.8908 	DATA 	Keypress: k
281.8973 	EXP 	Box: autoDraw = False
281.8973 	EXP 	FixCross: autoDraw = True
282.9568 	EXP 	FixCross: autoDraw = False
282.9568 	EXP 	FixCross: autoDraw = False
282.9568 	EXP 	Box: pos = array([0.6, 0. ])
282.9568 	EXP 	Box: autoDraw = True
283.3742 	EXP 	New trial (rep=2, index=2): {'images': 'red_neutral', 'congruentcy': 0, 'corrAns': 'k', 'box_pos': 'middle', 'box_color': 'red', 'box_x': 0}
283.3771 	DATA 	Keypress: a
283.3821 	EXP 	Box: autoDraw = False
283.3821 	EXP 	FixCross: autoDraw = True
284.4875 	EXP 	FixCross: autoDraw = False
284.4875 	EXP 	FixCross: autoDraw = False
284.4875 	EXP 	Box: pos = array([0., 0.])
284.4875 	EXP 	Box: autoDraw = True
284.9924 	EXP 	New trial (rep=2, index=3): {'images': 'blue_neutral', 'congruentcy': 0, 'corrAns': 'a', 'box_pos': 'middle', 'box_color': 'blue', 'box_x': 0}
284.9945 	DATA 	Keypress: k
285.0003 	EXP 	Box: autoDraw = False
285.0003 	EXP 	FixCross: autoDraw = True
286.1139 	EXP 	FixCross: autoDraw = False
286.1139 	EXP 	FixCross: autoDraw = False
286.1139 	EXP 	Box: pos = array([0., 0.])
286.1139 	EXP 	Box: autoDraw = True
286.5568 	DATA 	Keypress: a
286.5648 	EXP 	New trial (rep=2, index=4): {'images': 'blue_neutral', 'congruentcy': 0, 'corrAns': 'a', 'box_pos': 'middle', 'box_color': 'blue', 'box_x': 0}
286.5730 	EXP 	Box: autoDraw = False
286.5730 	EXP 	FixCross: autoDraw = True
287.6659 	EXP 	FixCross: autoDraw = False
287.6659 	EXP 	FixCross: autoDraw = False
287.6659 	EXP 	Box: pos = array([0., 0.])
287.6659 	EXP 	Box: autoDraw = True
288.0825 	EXP 	New trial (rep=2, index=5): {'images': 'blue_congruent', 'congruentcy': 1, 'corrAns': 'a', 'box_pos': 'left', 'box_color': 'blue', 'box_x': -0.6}
288.0855 	DATA 	Keypress: a
288.0911 	EXP 	Box: autoDraw = False
288.0911 	EXP 	FixCross: autoDraw = True
289.1922 	EXP 	FixCross: autoDraw = False
289.1922 	EXP 	FixCross: autoDraw = False
289.1922 	EXP 	Box: pos = array([-0.6,  0. ])
289.1922 	EXP 	Box: autoDraw = True
289.6439 	DATA 	Keypress: a
289.6518 	EXP 	New trial (rep=3, index=0): {'images': 'red_incongruent', 'congruentcy': 0, 'corrAns': 'k', 'box_pos': 'left', 'box_color': 'red', 'box_x': -0.6}
289.6597 	EXP 	Box: autoDraw = False
289.6597 	EXP 	FixCross: autoDraw = True
290.8273 	EXP 	FixCross: autoDraw = False
290.8273 	EXP 	FixCross: autoDraw = False
290.8273 	EXP 	Box: pos = array([-0.6,  0. ])
290.8273 	EXP 	Box: autoDraw = True
291.3361 	EXP 	New trial (rep=3, index=1): {'images': 'red_incongruent', 'congruentcy': 0, 'corrAns': 'k', 'box_pos': 'left', 'box_color': 'red', 'box_x': -0.6}
291.3382 	DATA 	Keypress: k
291.3445 	EXP 	Box: autoDraw = False
291.3445 	EXP 	FixCross: autoDraw = True
292.5207 	EXP 	FixCross: autoDraw = False
292.5207 	EXP 	FixCross: autoDraw = False
292.5207 	EXP 	Box: pos = array([-0.6,  0. ])
292.5207 	EXP 	Box: autoDraw = True
293.0136 	DATA 	Keypress: k
293.0217 	EXP 	New trial (rep=3, index=2): {'images': 'blue_incongruent', 'congruentcy': 0, 'corrAns': 'a', 'box_pos': 'right', 'box_color': 'blue', 'box_x': 0.6}
293.0297 	EXP 	Box: autoDraw = False
293.0297 	EXP 	FixCross: autoDraw = True
294.1516 	EXP 	FixCross: autoDraw = False
294.1516 	EXP 	FixCross: autoDraw = False
294.1516 	EXP 	Box: pos = array([0.6, 0. ])
294.1516 	EXP 	Box: autoDraw = True
294.6069 	EXP 	New trial (rep=3, index=3): {'images': 'red_neutral', 'congruentcy': 0, 'corrAns': 'k', 'box_pos': 'middle', 'box_color': 'red', 'box_x': 0}
294.6090 	DATA 	Keypress: a
294.6146 	EXP 	Box: autoDraw = False
294.6146 	EXP 	FixCross: autoDraw = True
295.6574 	EXP 	FixCross: autoDraw = False
295.6574 	EXP 	FixCross: autoDraw = False
295.6574 	EXP 	Box: pos = array([0., 0.])
295.6574 	EXP 	Box: autoDraw = True
296.1412 	DATA 	Keypress: k
296.1503 	EXP 	New trial (rep=3, index=4): {'images': 'blue_congruent', 'congruentcy': 1, 'corrAns': 'a', 'box_pos': 'left', 'box_color': 'blue', 'box_x': -0.6}
296.1583 	EXP 	Box: autoDraw = False
296.1583 	EXP 	FixCross: autoDraw = True
297.2508 	EXP 	FixCross: autoDraw = False
297.2508 	EXP 	FixCross: autoDraw = False
297.2508 	EXP 	Box: pos = array([-0.6,  0. ])
297.2508 	EXP 	Box: autoDraw = True
297.6846 	DATA 	Keypress: a
297.6937 	EXP 	New trial (rep=3, index=5): {'images': 'red_incongruent', 'congruentcy': 0, 'corrAns': 'k', 'box_pos': 'left', 'box_color': 'red', 'box_x': -0.6}
297.7012 	EXP 	Box: autoDraw = False
297.7012 	EXP 	FixCross: autoDraw = True
298.7523 	EXP 	FixCross: autoDraw = False
298.7523 	EXP 	FixCross: autoDraw = False
298.7523 	EXP 	Box: pos = array([-0.6,  0. ])
298.7523 	EXP 	Box: autoDraw = True
299.2451 	DATA 	Keypress: k
299.2529 	EXP 	New trial (rep=4, index=0): {'images': 'blue_incongruent', 'congruentcy': 0, 'corrAns': 'a', 'box_pos': 'right', 'box_color': 'blue', 'box_x': 0.6}
299.2614 	EXP 	Box: autoDraw = False
299.2614 	EXP 	FixCross: autoDraw = True
300.3963 	EXP 	FixCross: autoDraw = False
300.3963 	EXP 	FixCross: autoDraw = False
300.3963 	EXP 	Box: pos = array([0.6, 0. ])
300.3963 	EXP 	Box: autoDraw = True
300.9713 	EXP 	New trial (rep=4, index=1): {'images': 'blue_incongruent', 'congruentcy': 0, 'corrAns': 'a', 'box_pos': 'right', 'box_color': 'blue', 'box_x': 0.6}
300.9734 	DATA 	Keypress: a
300.9799 	EXP 	Box: autoDraw = False
300.9799 	EXP 	FixCross: autoDraw = True
302.1768 	EXP 	FixCross: autoDraw = False
302.1768 	EXP 	FixCross: autoDraw = False
302.1768 	EXP 	Box: pos = array([0.6, 0. ])
302.1768 	EXP 	Box: autoDraw = True
302.6357 	EXP 	New trial (rep=4, index=2): {'images': 'blue_congruent', 'congruentcy': 1, 'corrAns': 'a', 'box_pos': 'left', 'box_color': 'blue', 'box_x': -0.6}
302.6378 	DATA 	Keypress: a
302.6441 	EXP 	Box: autoDraw = False
302.6441 	EXP 	FixCross: autoDraw = True
303.7994 	EXP 	FixCross: autoDraw = False
303.7994 	EXP 	FixCross: autoDraw = False
303.7994 	EXP 	Box: pos = array([-0.6,  0. ])
303.7994 	EXP 	Box: autoDraw = True
304.2080 	EXP 	New trial (rep=4, index=3): {'images': 'blue_congruent', 'congruentcy': 1, 'corrAns': 'a', 'box_pos': 'left', 'box_color': 'blue', 'box_x': -0.6}
304.2101 	DATA 	Keypress: a
304.2165 	EXP 	Box: autoDraw = False
304.2165 	EXP 	FixCross: autoDraw = True
305.2264 	EXP 	FixCross: autoDraw = False
305.2264 	EXP 	FixCross: autoDraw = False
305.2264 	EXP 	Box: pos = array([-0.6,  0. ])
305.2264 	EXP 	Box: autoDraw = True
305.6013 	EXP 	New trial (rep=4, index=4): {'images': 'red_neutral', 'congruentcy': 0, 'corrAns': 'k', 'box_pos': 'middle', 'box_color': 'red', 'box_x': 0}
305.6035 	DATA 	Keypress: a
305.6098 	EXP 	Box: autoDraw = False
305.6098 	EXP 	FixCross: autoDraw = True
306.7317 	EXP 	FixCross: autoDraw = False
306.7317 	EXP 	FixCross: autoDraw = False
306.7317 	EXP 	Box: pos = array([0., 0.])
306.7317 	EXP 	Box: autoDraw = True
307.2117 	EXP 	New trial (rep=4, index=5): {'images': 'blue_neutral', 'congruentcy': 0, 'corrAns': 'a', 'box_pos': 'middle', 'box_color': 'blue', 'box_x': 0}
307.2137 	DATA 	Keypress: k
307.2200 	EXP 	Box: autoDraw = False
307.2200 	EXP 	FixCross: autoDraw = True
308.3250 	EXP 	FixCross: autoDraw = False
308.3250 	EXP 	FixCross: autoDraw = False
308.3250 	EXP 	Box: pos = array([0., 0.])
308.3250 	EXP 	Box: autoDraw = True
308.8131 	EXP 	New trial (rep=5, index=0): {'images': 'blue_neutral', 'congruentcy': 0, 'corrAns': 'a', 'box_pos': 'middle', 'box_color': 'blue', 'box_x': 0}
308.8151 	DATA 	Keypress: a
308.8216 	EXP 	Box: autoDraw = False
308.8216 	EXP 	FixCross: autoDraw = True
309.8808 	EXP 	FixCross: autoDraw = False
309.8808 	EXP 	FixCross: autoDraw = False
309.8808 	EXP 	Box: pos = array([0., 0.])
309.8808 	EXP 	Box: autoDraw = True
310.3144 	EXP 	New trial (rep=5, index=1): {'images': 'blue_neutral', 'congruentcy': 0, 'corrAns': 'a', 'box_pos': 'middle', 'box_color': 'blue', 'box_x': 0}
310.3165 	DATA 	Keypress: a
310.3230 	EXP 	Box: autoDraw = False
310.3230 	EXP 	FixCross: autoDraw = True
311.4449 	EXP 	FixCross: autoDraw = False
311.4449 	EXP 	FixCross: autoDraw = False
311.4449 	EXP 	Box: pos = array([0., 0.])
311.4449 	EXP 	Box: autoDraw = True
311.8618 	EXP 	New trial (rep=5, index=2): {'images': 'red_congruent', 'congruentcy': 1, 'corrAns': 'k', 'box_pos': 'right', 'box_color': 'red', 'box_x': 0.6}
311.8639 	DATA 	Keypress: a
311.8706 	EXP 	Box: autoDraw = False
311.8706 	EXP 	FixCross: autoDraw = True
312.9382 	EXP 	FixCross: autoDraw = False
312.9382 	EXP 	FixCross: autoDraw = False
312.9382 	EXP 	Box: pos = array([0.6, 0. ])
312.9382 	EXP 	Box: autoDraw = True
313.3853 	DATA 	Keypress: k
313.3933 	EXP 	New trial (rep=5, index=3): {'images': 'red_incongruent', 'congruentcy': 0, 'corrAns': 'k', 'box_pos': 'left', 'box_color': 'red', 'box_x': -0.6}
313.4012 	EXP 	Box: autoDraw = False
313.4012 	EXP 	FixCross: autoDraw = True
314.4565 	EXP 	FixCross: autoDraw = False
314.4565 	EXP 	FixCross: autoDraw = False
314.4565 	EXP 	Box: pos = array([-0.6,  0. ])
314.4565 	EXP 	Box: autoDraw = True
314.7695 	DATA 	Keypress: a
314.7774 	EXP 	New trial (rep=5, index=4): {'images': 'red_congruent', 'congruentcy': 1, 'corrAns': 'k', 'box_pos': 'right', 'box_color': 'red', 'box_x': 0.6}
314.7818 	EXP 	Box: autoDraw = False
314.7818 	EXP 	FixCross: autoDraw = True
315.8579 	EXP 	FixCross: autoDraw = False
315.8579 	EXP 	FixCross: autoDraw = False
315.8579 	EXP 	Box: pos = array([0.6, 0. ])
315.8579 	EXP 	Box: autoDraw = True
316.5341 	EXP 	New trial (rep=5, index=5): {'images': 'blue_neutral', 'congruentcy': 0, 'corrAns': 'a', 'box_pos': 'middle', 'box_color': 'blue', 'box_x': 0}
316.5370 	DATA 	Keypress: k
316.5421 	EXP 	Box: autoDraw = False
316.5421 	EXP 	FixCross: autoDraw = True
317.7599 	EXP 	FixCross: autoDraw = False
317.7599 	EXP 	FixCross: autoDraw = False
317.7599 	EXP 	Box: pos = array([0., 0.])
317.7599 	EXP 	Box: autoDraw = True
318.2442 	EXP 	New trial (rep=6, index=0): {'images': 'red_congruent', 'congruentcy': 1, 'corrAns': 'k', 'box_pos': 'right', 'box_color': 'red', 'box_x': 0.6}
318.2464 	DATA 	Keypress: a
318.2522 	EXP 	Box: autoDraw = False
318.2522 	EXP 	FixCross: autoDraw = True
319.3951 	EXP 	FixCross: autoDraw = False
319.3951 	EXP 	FixCross: autoDraw = False
319.3951 	EXP 	Box: pos = array([0.6, 0. ])
319.3951 	EXP 	Box: autoDraw = True
319.8706 	EXP 	New trial (rep=6, index=1): {'images': 'red_congruent', 'congruentcy': 1, 'corrAns': 'k', 'box_pos': 'right', 'box_color': 'red', 'box_x': 0.6}
319.8726 	DATA 	Keypress: k
319.8790 	EXP 	Box: autoDraw = False
319.8790 	EXP 	FixCross: autoDraw = True
321.0012 	EXP 	FixCross: autoDraw = False
321.0012 	EXP 	FixCross: autoDraw = False
321.0012 	EXP 	Box: pos = array([0.6, 0. ])
321.0012 	EXP 	Box: autoDraw = True
321.5019 	EXP 	New trial (rep=6, index=2): {'images': 'blue_incongruent', 'congruentcy': 0, 'corrAns': 'a', 'box_pos': 'right', 'box_color': 'blue', 'box_x': 0.6}
321.5039 	DATA 	Keypress: k
321.5097 	EXP 	Box: autoDraw = False
321.5097 	EXP 	FixCross: autoDraw = True
322.6067 	EXP 	FixCross: autoDraw = False
322.6067 	EXP 	FixCross: autoDraw = False
322.6067 	EXP 	Box: pos = array([0.6, 0. ])
322.6067 	EXP 	Box: autoDraw = True
323.1746 	EXP 	New trial (rep=6, index=3): {'images': 'red_incongruent', 'congruentcy': 0, 'corrAns': 'k', 'box_pos': 'left', 'box_color': 'red', 'box_x': -0.6}
323.1774 	DATA 	Keypress: a
323.1824 	EXP 	Box: autoDraw = False
323.1824 	EXP 	FixCross: autoDraw = True
324.3461 	EXP 	FixCross: autoDraw = False
324.3461 	EXP 	FixCross: autoDraw = False
324.3461 	EXP 	Box: pos = array([-0.6,  0. ])
324.3461 	EXP 	Box: autoDraw = True
324.9557 	EXP 	New trial (rep=6, index=4): {'images': 'red_incongruent', 'congruentcy': 0, 'corrAns': 'k', 'box_pos': 'left', 'box_color': 'red', 'box_x': -0.6}
324.9577 	DATA 	Keypress: k
324.9637 	EXP 	Box: autoDraw = False
324.9637 	EXP 	FixCross: autoDraw = True
326.0480 	EXP 	FixCross: autoDraw = False
326.0480 	EXP 	FixCross: autoDraw = False
326.0480 	EXP 	Box: pos = array([-0.6,  0. ])
326.0480 	EXP 	Box: autoDraw = True
326.7452 	EXP 	New trial (rep=6, index=5): {'images': 'blue_incongruent', 'congruentcy': 0, 'corrAns': 'a', 'box_pos': 'right', 'box_color': 'blue', 'box_x': 0.6}
326.7481 	DATA 	Keypress: k
326.7529 	EXP 	Box: autoDraw = False
326.7529 	EXP 	FixCross: autoDraw = True
327.8081 	EXP 	FixCross: autoDraw = False
327.8081 	EXP 	FixCross: autoDraw = False
327.8081 	EXP 	Box: pos = array([0.6, 0. ])
327.8081 	EXP 	Box: autoDraw = True
328.2334 	DATA 	Keypress: a
328.2425 	EXP 	New trial (rep=7, index=0): {'images': 'red_congruent', 'congruentcy': 1, 'corrAns': 'k', 'box_pos': 'right', 'box_color': 'red', 'box_x': 0.6}
328.2504 	EXP 	Box: autoDraw = False
328.2504 	EXP 	FixCross: autoDraw = True
329.3180 	EXP 	FixCross: autoDraw = False
329.3180 	EXP 	FixCross: autoDraw = False
329.3180 	EXP 	Box: pos = array([0.6, 0. ])
329.3180 	EXP 	Box: autoDraw = True
329.8440 	EXP 	New trial (rep=7, index=1): {'images': 'red_congruent', 'congruentcy': 1, 'corrAns': 'k', 'box_pos': 'right', 'box_color': 'red', 'box_x': 0.6}
329.8468 	DATA 	Keypress: k
329.8520 	EXP 	Box: autoDraw = False
329.8520 	EXP 	FixCross: autoDraw = True
330.9656 	EXP 	FixCross: autoDraw = False
330.9656 	EXP 	FixCross: autoDraw = False
330.9656 	EXP 	Box: pos = array([0.6, 0. ])
330.9656 	EXP 	Box: autoDraw = True
331.4084 	EXP 	New trial (rep=7, index=2): {'images': 'blue_congruent', 'congruentcy': 1, 'corrAns': 'a', 'box_pos': 'left', 'box_color': 'blue', 'box_x': -0.6}
331.4112 	DATA 	Keypress: k
331.4161 	EXP 	Box: autoDraw = False
331.4161 	EXP 	FixCross: autoDraw = True
332.5298 	EXP 	FixCross: autoDraw = False
332.5298 	EXP 	FixCross: autoDraw = False
332.5298 	EXP 	Box: pos = array([-0.6,  0. ])
332.5298 	EXP 	Box: autoDraw = True
332.9225 	DATA 	Keypress: a
332.9308 	EXP 	New trial (rep=7, index=3): {'images': 'blue_neutral', 'congruentcy': 0, 'corrAns': 'a', 'box_pos': 'middle', 'box_color': 'blue', 'box_x': 0}
332.9389 	EXP 	Box: autoDraw = False
332.9389 	EXP 	FixCross: autoDraw = True
334.1067 	EXP 	FixCross: autoDraw = False
334.1067 	EXP 	FixCross: autoDraw = False
334.1067 	EXP 	Box: pos = array([0., 0.])
334.1067 	EXP 	Box: autoDraw = True
334.5991 	EXP 	New trial (rep=7, index=4): {'images': 'blue_incongruent', 'congruentcy': 0, 'corrAns': 'a', 'box_pos': 'right', 'box_color': 'blue', 'box_x': 0.6}
334.6020 	DATA 	Keypress: a
334.6070 	EXP 	Box: autoDraw = False
334.6070 	EXP 	FixCross: autoDraw = True
335.6998 	EXP 	FixCross: autoDraw = False
335.6998 	EXP 	FixCross: autoDraw = False
335.6998 	EXP 	Box: pos = array([0.6, 0. ])
335.6998 	EXP 	Box: autoDraw = True
336.2253 	EXP 	New trial (rep=7, index=5): {'images': 'blue_congruent', 'congruentcy': 1, 'corrAns': 'a', 'box_pos': 'left', 'box_color': 'blue', 'box_x': -0.6}
336.2283 	DATA 	Keypress: a
336.2336 	EXP 	Box: autoDraw = False
336.2336 	EXP 	FixCross: autoDraw = True
337.4141 	EXP 	FixCross: autoDraw = False
337.4141 	EXP 	FixCross: autoDraw = False
337.4141 	EXP 	Box: pos = array([-0.6,  0. ])
337.4141 	EXP 	Box: autoDraw = True
337.7971 	DATA 	Keypress: a
337.8020 	EXP 	Box: autoDraw = False
337.8020 	EXP 	text_2: text = 'Biraz mola verebilirsiniz. \n\n 47 adet doğru cevap verdiniz. \n Ortalama cevap süreniz 3.64e+02ms.\n\n Devam etmek için BOŞLUK tuşuna basınız.'
337.8020 	EXP 	text_2: autoDraw = True
339.5482 	DATA 	Keypress: space
339.5539 	EXP 	text_2: autoDraw = False
339.5539 	EXP 	text: autoDraw = True
341.9810 	DATA 	Keypress: space
341.9859 	EXP 	text: autoDraw = False
342.0431 	EXP 	window1: mouseVisible = True
