1.8563 	WARNING 	We strongly recommend you activate the PTB sound engine in PsychoPy prefs as the preferred audio engine. Its timing is vastly superior. Your prefs are currently set to use ['sounddevice', 'PTB', 'pyo', 'pygame'] (in that order).
9.4277 	WARNING 	User requested fullscreen with size [1440  900], but screen is actually [1920, 1080]. Using actual size
11.9039 	EXP 	Created window1 = Window(allowGUI=False, allowStencil=False, autoLog=True, backendConf=UNKNOWN, bitsMode=UNKNOWN, blendMode='avg', bpc=(8, 8, 8), color=array([1, 1, 1]), colorSpace='rgb', depthBits=8, fullscr=<method-wrapper '__getattribute__' of attributeSetter object at 0x000001EE1F15F9B0>, gamma=None, gammaErrorPolicy='raise', lms=UNKNOWN, monitor=<psychopy.monitors.calibTools.Monitor object at 0x000001EE1E659080>, multiSample=False, name='window1', numSamples=2, pos=[0.0, 0.0], screen=0, size=array([1920, 1080]), stencilBits=0, stereo=False, units='height', useFBO=True, useRetina=False, viewOri=0.0, viewPos=None, viewScale=None, waitBlanking=True, winType='pyglet')
11.9042 	EXP 	window1: mouseVisible = True
11.9042 	EXP 	window1: recordFrameIntervals = False
11.9452 	EXP 	window1: recordFrameIntervals = True
11.9914 	EXP 	window1: recordFrameIntervals = False
12.4269 	EXP 	window1: mouseVisible = False
13.0484 	EXP 	Created Instruction = TextStim(__class__=<class 'psychopy.visual.text.TextStim'>, alignHoriz=method-wrapper(...), alignText='center', alignVert=method-wrapper(...), anchorHoriz='center', anchorVert='center', antialias=True, autoLog=True, bold=False, color=array([-1, -1, -1]), colorSpace='rgb', contrast=1.0, depth=0.0, flipHoriz=False, flipVert=False, font='Open Sans', fontFiles=[], height=0.04, italic=False, languageStyle='LTR', name='Instruction', opacity=1, ori=0.0, pos=array([0., 0.]), rgb=UNKNOWN, text=str(...), units='height', win=Window(...), wrapWidth=1)
13.0901 	EXP 	Created FixCross = ShapeStim(__class__=<class 'psychopy.visual.shape.ShapeStim'>, autoDraw=False, autoLog=True, closeShape=True, color=method-wrapper(...), colorSpace='rgb', contrast=None, depth=0.0, fillColor=array([-1, -1, -1]), fillColorSpace='rgb', fillRGB=UNKNOWN, interpolate=True, lineColor=array([-1, -1, -1]), lineColorSpace='rgb', lineRGB=UNKNOWN, lineWidth=1.0, name='FixCross', opacity=1, ori=0.0, pos=array([0., 0.]), size=array([20., 20.]), units='pix', vertices=ndarray(...), win=Window(...), windingRule=None)
13.0911 	EXP 	Created Box_p = Rect(__class__=<class 'psychopy.visual.rect.Rect'>, autoDraw=False, autoLog=True, closeShape=True, color=method-wrapper(...), colorSpace='rgb', contrast=None, depth=0.0, fillColor=array([1, 1, 1]), fillColorSpace='rgb', fillRGB=UNKNOWN, interpolate=True, lineColor=array([1, 1, 1]), lineColorSpace='rgb', lineRGB=UNKNOWN, lineWidth=1.0, name='Box_p', opacity=1, ori=0.0, pos=array([0., 0.]), size=array([0.05, 0.05]), units='height', vertices=ndarray(...), win=Window(...))
13.0923 	EXP 	Created FB_msg = TextStim(__class__=<class 'psychopy.visual.text.TextStim'>, alignHoriz=method-wrapper(...), alignText='center', alignVert=method-wrapper(...), anchorHoriz='center', anchorVert='center', antialias=True, autoLog=True, bold=False, color=array([1, 1, 1]), colorSpace='rgb', contrast=1.0, depth=-1.0, flipHoriz=False, flipVert=False, font='Open Sans', fontFiles=[], height=0.06, italic=False, languageStyle='LTR', name='FB_msg', opacity=1, ori=0.0, pos=array([0., 0.]), rgb=UNKNOWN, text='', units='height', win=Window(...), wrapWidth=1)
13.0935 	EXP 	Created text_3 = TextStim(__class__=<class 'psychopy.visual.text.TextStim'>, alignHoriz=method-wrapper(...), alignText='center', alignVert=method-wrapper(...), anchorHoriz='center', anchorVert='center', antialias=True, autoLog=True, bold=False, color=array([-1, -1, -1]), colorSpace='rgb', contrast=1.0, depth=-1.0, flipHoriz=False, flipVert=False, font='Open Sans', fontFiles=[], height=0.05, italic=False, languageStyle='LTR', name='text_3', opacity=1, ori=0.0, pos=array([0., 0.]), rgb=UNKNOWN, text='', units='height', win=Window(...), wrapWidth=1)
13.1182 	EXP 	Created instr_text_2 = TextStim(__class__=<class 'psychopy.visual.text.TextStim'>, alignHoriz=method-wrapper(...), alignText='center', alignVert=method-wrapper(...), anchorHoriz='center', anchorVert='center', antialias=True, autoLog=True, bold=False, color=array([-1, -1, -1]), colorSpace='rgb', contrast=1.0, depth=0.0, flipHoriz=False, flipVert=False, font='Open Sans', fontFiles=[], height=0.05, italic=False, languageStyle='LTR', name='instr_text_2', opacity=1, ori=0.0, pos=array([0., 0.]), rgb=UNKNOWN, text=str(...), units='height', win=Window(...), wrapWidth=1)
13.1199 	EXP 	Created FixCross = ShapeStim(__class__=<class 'psychopy.visual.shape.ShapeStim'>, autoDraw=False, autoLog=True, closeShape=True, color=method-wrapper(...), colorSpace='rgb', contrast=None, depth=0.0, fillColor=array([-1, -1, -1]), fillColorSpace='rgb', fillRGB=UNKNOWN, interpolate=True, lineColor=array([-1, -1, -1]), lineColorSpace='rgb', lineRGB=UNKNOWN, lineWidth=1.0, name='FixCross', opacity=1, ori=0.0, pos=array([0., 0.]), size=array([20., 20.]), units='pix', vertices=ndarray(...), win=Window(...), windingRule=None)
13.1209 	EXP 	Created Box = Rect(__class__=<class 'psychopy.visual.rect.Rect'>, autoDraw=False, autoLog=True, closeShape=True, color=method-wrapper(...), colorSpace='rgb', contrast=None, depth=0.0, fillColor=array([1, 1, 1]), fillColorSpace='rgb', fillRGB=UNKNOWN, interpolate=True, lineColor=array([1, 1, 1]), lineColorSpace='rgb', lineRGB=UNKNOWN, lineWidth=1.0, name='Box', opacity=1, ori=0.0, pos=array([0., 0.]), size=array([0.05, 0.05]), units='height', vertices=ndarray(...), win=Window(...))
13.1214 	EXP 	Created text_2 = TextStim(__class__=<class 'psychopy.visual.text.TextStim'>, alignHoriz=method-wrapper(...), alignText='center', alignVert=method-wrapper(...), anchorHoriz='center', anchorVert='center', antialias=True, autoLog=True, bold=False, color=array([-1, -1, -1]), colorSpace='rgb', contrast=1.0, depth=-1.0, flipHoriz=False, flipVert=False, font='Open Sans', fontFiles=[], height=0.05, italic=False, languageStyle='LTR', name='text_2', opacity=1, ori=0.0, pos=array([0., 0.]), rgb=UNKNOWN, text='', units='height', win=Window(...), wrapWidth=1)
13.1229 	EXP 	Created FixCross = ShapeStim(__class__=<class 'psychopy.visual.shape.ShapeStim'>, autoDraw=False, autoLog=True, closeShape=True, color=method-wrapper(...), colorSpace='rgb', contrast=None, depth=0.0, fillColor=array([-1, -1, -1]), fillColorSpace='rgb', fillRGB=UNKNOWN, interpolate=True, lineColor=array([-1, -1, -1]), lineColorSpace='rgb', lineRGB=UNKNOWN, lineWidth=1.0, name='FixCross', opacity=1, ori=0.0, pos=array([0., 0.]), size=array([20., 20.]), units='pix', vertices=ndarray(...), win=Window(...), windingRule=None)
13.1238 	EXP 	Created Box = Rect(__class__=<class 'psychopy.visual.rect.Rect'>, autoDraw=False, autoLog=True, closeShape=True, color=method-wrapper(...), colorSpace='rgb', contrast=None, depth=0.0, fillColor=array([1, 1, 1]), fillColorSpace='rgb', fillRGB=UNKNOWN, interpolate=True, lineColor=array([1, 1, 1]), lineColorSpace='rgb', lineRGB=UNKNOWN, lineWidth=1.0, name='Box', opacity=1, ori=0.0, pos=array([0., 0.]), size=array([0.05, 0.05]), units='height', vertices=ndarray(...), win=Window(...))
13.1244 	EXP 	Created text_2 = TextStim(__class__=<class 'psychopy.visual.text.TextStim'>, alignHoriz=method-wrapper(...), alignText='center', alignVert=method-wrapper(...), anchorHoriz='center', anchorVert='center', antialias=True, autoLog=True, bold=False, color=array([-1, -1, -1]), colorSpace='rgb', contrast=1.0, depth=-1.0, flipHoriz=False, flipVert=False, font='Open Sans', fontFiles=[], height=0.05, italic=False, languageStyle='LTR', name='text_2', opacity=1, ori=0.0, pos=array([0., 0.]), rgb=UNKNOWN, text='', units='height', win=Window(...), wrapWidth=1)
13.1321 	EXP 	Created FixCross = ShapeStim(__class__=<class 'psychopy.visual.shape.ShapeStim'>, autoDraw=False, autoLog=True, closeShape=True, color=method-wrapper(...), colorSpace='rgb', contrast=None, depth=0.0, fillColor=array([-1, -1, -1]), fillColorSpace='rgb', fillRGB=UNKNOWN, interpolate=True, lineColor=array([-1, -1, -1]), lineColorSpace='rgb', lineRGB=UNKNOWN, lineWidth=1.0, name='FixCross', opacity=1, ori=0.0, pos=array([0., 0.]), size=array([20., 20.]), units='pix', vertices=ndarray(...), win=Window(...), windingRule=None)
13.1331 	EXP 	Created Box = Rect(__class__=<class 'psychopy.visual.rect.Rect'>, autoDraw=False, autoLog=True, closeShape=True, color=method-wrapper(...), colorSpace='rgb', contrast=None, depth=0.0, fillColor=array([1, 1, 1]), fillColorSpace='rgb', fillRGB=UNKNOWN, interpolate=True, lineColor=array([1, 1, 1]), lineColorSpace='rgb', lineRGB=UNKNOWN, lineWidth=1.0, name='Box', opacity=1, ori=0.0, pos=array([0., 0.]), size=array([0.05, 0.05]), units='height', vertices=ndarray(...), win=Window(...))
13.1336 	EXP 	Created text_2 = TextStim(__class__=<class 'psychopy.visual.text.TextStim'>, alignHoriz=method-wrapper(...), alignText='center', alignVert=method-wrapper(...), anchorHoriz='center', anchorVert='center', antialias=True, autoLog=True, bold=False, color=array([-1, -1, -1]), colorSpace='rgb', contrast=1.0, depth=-1.0, flipHoriz=False, flipVert=False, font='Open Sans', fontFiles=[], height=0.05, italic=False, languageStyle='LTR', name='text_2', opacity=1, ori=0.0, pos=array([0., 0.]), rgb=UNKNOWN, text='', units='height', win=Window(...), wrapWidth=1)
13.1541 	EXP 	Created text = TextStim(__class__=<class 'psychopy.visual.text.TextStim'>, alignHoriz=method-wrapper(...), alignText='center', alignVert=method-wrapper(...), anchorHoriz='center', anchorVert='center', antialias=True, autoLog=True, bold=False, color=array([-1, -1, -1]), colorSpace='rgb', contrast=1.0, depth=0.0, flipHoriz=False, flipVert=False, font='Open Sans', fontFiles=[], height=0.05, italic=False, languageStyle='LTR', name='text', opacity=1, ori=0.0, pos=array([0., 0.]), rgb=UNKNOWN, text=str(...), units='height', win=Window(...), wrapWidth=1)
13.2166 	EXP 	Instruction: autoDraw = True
24.2879 	DATA 	Keypress: space
24.3369 	EXP 	Imported SimonTask.xlsx as conditions, 6 conditions, 6 params
24.3374 	EXP 	Created sequence: fullRandom, trialTypes=6, nReps=4, seed=None
24.3377 	EXP 	New trial (rep=0, index=0): {'images': 'blue_incongruent', 'congruentcy': 0, 'corrAns': 'a', 'box_pos': 'right', 'box_color': 'blue', 'box_x': 0.6}
24.5125 	EXP 	Instruction: autoDraw = False
24.5125 	EXP 	FixCross: autoDraw = True
25.5801 	EXP 	FixCross: autoDraw = False
25.5801 	EXP 	FixCross: autoDraw = False
25.5801 	EXP 	Box_p: pos = array([0.6, 0. ])
25.5801 	EXP 	Box_p: autoDraw = True
26.1522 	DATA 	Keypress: a
26.1766 	EXP 	Box_p: autoDraw = False
26.1766 	EXP 	FB_msg: text = 'Doğru cevap'
26.1766 	EXP 	FB_msg: autoDraw = True
27.1607 	EXP 	New trial (rep=0, index=1): {'images': 'red_congruent', 'congruentcy': 1, 'corrAns': 'k', 'box_pos': 'right', 'box_color': 'red', 'box_x': 0.6}
27.1646 	EXP 	FB_msg: autoDraw = False
27.1646 	EXP 	FixCross: autoDraw = True
28.2992 	EXP 	FixCross: autoDraw = False
28.2992 	EXP 	FixCross: autoDraw = False
28.2992 	EXP 	Box_p: pos = array([0.6, 0. ])
28.2992 	EXP 	Box_p: autoDraw = True
28.6939 	DATA 	Keypress: k
28.6954 	EXP 	Box_p: autoDraw = False
28.6954 	EXP 	FB_msg: text = 'Doğru cevap'
28.6954 	EXP 	FB_msg: autoDraw = True
29.6928 	EXP 	New trial (rep=0, index=2): {'images': 'red_neutral', 'congruentcy': 0, 'corrAns': 'k', 'box_pos': 'middle', 'box_color': 'red', 'box_x': 0}
29.6966 	EXP 	FB_msg: autoDraw = False
29.6966 	EXP 	FixCross: autoDraw = True
30.7645 	EXP 	FixCross: autoDraw = False
30.7645 	EXP 	FixCross: autoDraw = False
30.7645 	EXP 	Box_p: pos = array([0., 0.])
30.7645 	EXP 	Box_p: autoDraw = True
31.6654 	DATA 	Keypress: k
31.6778 	EXP 	Box_p: autoDraw = False
31.6778 	EXP 	FB_msg: text = 'Doğru cevap'
31.6778 	EXP 	FB_msg: autoDraw = True
32.6755 	EXP 	New trial (rep=0, index=3): {'images': 'blue_incongruent', 'congruentcy': 0, 'corrAns': 'a', 'box_pos': 'right', 'box_color': 'blue', 'box_x': 0.6}
32.6836 	EXP 	FB_msg: autoDraw = False
32.6836 	EXP 	FixCross: autoDraw = True
33.8681 	EXP 	FixCross: autoDraw = False
33.8681 	EXP 	FixCross: autoDraw = False
33.8681 	EXP 	Box_p: pos = array([0.6, 0. ])
33.8681 	EXP 	Box_p: autoDraw = True
34.3850 	DATA 	Keypress: a
34.4020 	EXP 	Box_p: autoDraw = False
34.4020 	EXP 	FB_msg: text = 'Doğru cevap'
34.4020 	EXP 	FB_msg: autoDraw = True
35.3993 	EXP 	New trial (rep=0, index=4): {'images': 'red_neutral', 'congruentcy': 0, 'corrAns': 'k', 'box_pos': 'middle', 'box_color': 'red', 'box_x': 0}
35.4072 	EXP 	FB_msg: autoDraw = False
35.4072 	EXP 	FixCross: autoDraw = True
36.5001 	EXP 	FixCross: autoDraw = False
36.5001 	EXP 	FixCross: autoDraw = False
36.5001 	EXP 	Box_p: pos = array([0., 0.])
36.5001 	EXP 	Box_p: autoDraw = True
37.2117 	DATA 	Keypress: k
37.2177 	EXP 	Box_p: autoDraw = False
37.2177 	EXP 	FB_msg: text = 'Doğru cevap'
37.2177 	EXP 	FB_msg: autoDraw = True
38.2107 	EXP 	New trial (rep=0, index=5): {'images': 'red_congruent', 'congruentcy': 1, 'corrAns': 'k', 'box_pos': 'right', 'box_color': 'red', 'box_x': 0.6}
38.2188 	EXP 	FB_msg: autoDraw = False
38.2188 	EXP 	FixCross: autoDraw = True
39.3910 	EXP 	FixCross: autoDraw = False
39.3910 	EXP 	FixCross: autoDraw = False
39.3910 	EXP 	Box_p: pos = array([0.6, 0. ])
39.3910 	EXP 	Box_p: autoDraw = True
39.8665 	DATA 	Keypress: k
39.8829 	EXP 	Box_p: autoDraw = False
39.8829 	EXP 	FB_msg: text = 'Doğru cevap'
39.8829 	EXP 	FB_msg: autoDraw = True
40.8803 	EXP 	New trial (rep=1, index=0): {'images': 'red_incongruent', 'congruentcy': 0, 'corrAns': 'k', 'box_pos': 'left', 'box_color': 'red', 'box_x': -0.6}
40.8884 	EXP 	FB_msg: autoDraw = False
40.8884 	EXP 	FixCross: autoDraw = True
41.9480 	EXP 	FixCross: autoDraw = False
41.9480 	EXP 	FixCross: autoDraw = False
41.9480 	EXP 	Box_p: pos = array([-0.6,  0. ])
41.9480 	EXP 	Box_p: autoDraw = True
42.5482 	DATA 	Keypress: k
42.5652 	EXP 	Box_p: autoDraw = False
42.5652 	EXP 	FB_msg: text = 'Doğru cevap'
42.5652 	EXP 	FB_msg: autoDraw = True
43.5620 	EXP 	New trial (rep=1, index=1): {'images': 'blue_congruent', 'congruentcy': 1, 'corrAns': 'a', 'box_pos': 'left', 'box_color': 'blue', 'box_x': -0.6}
43.5704 	EXP 	FB_msg: autoDraw = False
43.5704 	EXP 	FixCross: autoDraw = True
44.7588 	EXP 	FixCross: autoDraw = False
44.7588 	EXP 	FixCross: autoDraw = False
44.7588 	EXP 	Box_p: pos = array([-0.6,  0. ])
44.7588 	EXP 	Box_p: autoDraw = True
45.4199 	DATA 	Keypress: a
45.4263 	EXP 	Box_p: autoDraw = False
45.4263 	EXP 	FB_msg: text = 'Doğru cevap'
45.4263 	EXP 	FB_msg: autoDraw = True
46.4237 	EXP 	New trial (rep=1, index=2): {'images': 'blue_incongruent', 'congruentcy': 0, 'corrAns': 'a', 'box_pos': 'right', 'box_color': 'blue', 'box_x': 0.6}
46.4317 	EXP 	FB_msg: autoDraw = False
46.4317 	EXP 	FixCross: autoDraw = True
47.4829 	EXP 	FixCross: autoDraw = False
47.4829 	EXP 	FixCross: autoDraw = False
47.4829 	EXP 	Box_p: pos = array([0.6, 0. ])
47.4829 	EXP 	Box_p: autoDraw = True
48.1517 	DATA 	Keypress: a
48.1586 	EXP 	Box_p: autoDraw = False
48.1586 	EXP 	FB_msg: text = 'Doğru cevap'
48.1586 	EXP 	FB_msg: autoDraw = True
49.1515 	EXP 	New trial (rep=1, index=3): {'images': 'blue_congruent', 'congruentcy': 1, 'corrAns': 'a', 'box_pos': 'left', 'box_color': 'blue', 'box_x': -0.6}
49.1594 	EXP 	FB_msg: autoDraw = False
49.1594 	EXP 	FixCross: autoDraw = True
50.2439 	EXP 	FixCross: autoDraw = False
50.2439 	EXP 	FixCross: autoDraw = False
50.2439 	EXP 	Box_p: pos = array([-0.6,  0. ])
50.2439 	EXP 	Box_p: autoDraw = True
50.6533 	DATA 	Keypress: a
50.6696 	EXP 	Box_p: autoDraw = False
50.6696 	EXP 	FB_msg: text = 'Doğru cevap'
50.6696 	EXP 	FB_msg: autoDraw = True
51.6626 	EXP 	New trial (rep=1, index=4): {'images': 'red_congruent', 'congruentcy': 1, 'corrAns': 'k', 'box_pos': 'right', 'box_color': 'red', 'box_x': 0.6}
51.6704 	EXP 	FB_msg: autoDraw = False
51.6704 	EXP 	FixCross: autoDraw = True
52.7427 	EXP 	FixCross: autoDraw = False
52.7427 	EXP 	FixCross: autoDraw = False
52.7427 	EXP 	Box_p: pos = array([0.6, 0. ])
52.7427 	EXP 	Box_p: autoDraw = True
53.1178 	DATA 	Keypress: k
53.1303 	EXP 	Box_p: autoDraw = False
53.1303 	EXP 	FB_msg: text = 'Doğru cevap'
53.1303 	EXP 	FB_msg: autoDraw = True
54.1318 	EXP 	New trial (rep=1, index=5): {'images': 'red_incongruent', 'congruentcy': 0, 'corrAns': 'k', 'box_pos': 'left', 'box_color': 'red', 'box_x': -0.6}
54.1400 	EXP 	FB_msg: autoDraw = False
54.1400 	EXP 	FixCross: autoDraw = True
55.3455 	EXP 	FixCross: autoDraw = False
55.3455 	EXP 	FixCross: autoDraw = False
55.3455 	EXP 	Box_p: pos = array([-0.6,  0. ])
55.3455 	EXP 	Box_p: autoDraw = True
55.6975 	DATA 	Keypress: k
55.7040 	EXP 	Box_p: autoDraw = False
55.7040 	EXP 	FB_msg: text = 'Doğru cevap'
55.7040 	EXP 	FB_msg: autoDraw = True
56.6970 	EXP 	New trial (rep=2, index=0): {'images': 'red_neutral', 'congruentcy': 0, 'corrAns': 'k', 'box_pos': 'middle', 'box_color': 'red', 'box_x': 0}
56.7051 	EXP 	FB_msg: autoDraw = False
56.7051 	EXP 	FixCross: autoDraw = True
57.7727 	EXP 	FixCross: autoDraw = False
57.7727 	EXP 	FixCross: autoDraw = False
57.7727 	EXP 	Box_p: pos = array([0., 0.])
57.7727 	EXP 	Box_p: autoDraw = True
58.1980 	DATA 	Keypress: k
58.2151 	EXP 	Box_p: autoDraw = False
58.2151 	EXP 	FB_msg: text = 'Doğru cevap'
58.2151 	EXP 	FB_msg: autoDraw = True
59.2081 	EXP 	New trial (rep=2, index=1): {'images': 'blue_neutral', 'congruentcy': 0, 'corrAns': 'a', 'box_pos': 'middle', 'box_color': 'blue', 'box_x': 0}
59.2162 	EXP 	FB_msg: autoDraw = False
59.2162 	EXP 	FixCross: autoDraw = True
60.2920 	EXP 	FixCross: autoDraw = False
60.2920 	EXP 	FixCross: autoDraw = False
60.2920 	EXP 	Box_p: pos = array([0., 0.])
60.2920 	EXP 	Box_p: autoDraw = True
60.7456 	DATA 	Keypress: a
60.7508 	EXP 	Box_p: autoDraw = False
60.7508 	EXP 	FB_msg: text = 'Doğru cevap'
60.7508 	EXP 	FB_msg: autoDraw = True
61.7480 	EXP 	New trial (rep=2, index=2): {'images': 'red_neutral', 'congruentcy': 0, 'corrAns': 'k', 'box_pos': 'middle', 'box_color': 'red', 'box_x': 0}
61.7564 	EXP 	FB_msg: autoDraw = False
61.7564 	EXP 	FixCross: autoDraw = True
62.7822 	EXP 	FixCross: autoDraw = False
62.7822 	EXP 	FixCross: autoDraw = False
62.7822 	EXP 	Box_p: pos = array([0., 0.])
62.7822 	EXP 	Box_p: autoDraw = True
63.0954 	DATA 	Keypress: k
63.1117 	EXP 	Box_p: autoDraw = False
63.1117 	EXP 	FB_msg: text = 'Doğru cevap'
63.1117 	EXP 	FB_msg: autoDraw = True
64.1088 	EXP 	New trial (rep=2, index=3): {'images': 'blue_congruent', 'congruentcy': 1, 'corrAns': 'a', 'box_pos': 'left', 'box_color': 'blue', 'box_x': -0.6}
64.1171 	EXP 	FB_msg: autoDraw = False
64.1171 	EXP 	FixCross: autoDraw = True
65.2017 	EXP 	FixCross: autoDraw = False
65.2017 	EXP 	FixCross: autoDraw = False
65.2017 	EXP 	Box_p: pos = array([-0.6,  0. ])
65.2017 	EXP 	Box_p: autoDraw = True
65.5540 	DATA 	Keypress: a
65.5601 	EXP 	Box_p: autoDraw = False
65.5601 	EXP 	FB_msg: text = 'Doğru cevap'
65.5601 	EXP 	FB_msg: autoDraw = True
66.5534 	EXP 	New trial (rep=2, index=4): {'images': 'red_congruent', 'congruentcy': 1, 'corrAns': 'k', 'box_pos': 'right', 'box_color': 'red', 'box_x': 0.6}
66.5612 	EXP 	FB_msg: autoDraw = False
66.5612 	EXP 	FixCross: autoDraw = True
67.6710 	EXP 	FixCross: autoDraw = False
67.6710 	EXP 	FixCross: autoDraw = False
67.6710 	EXP 	Box_p: pos = array([0.6, 0. ])
67.6710 	EXP 	Box_p: autoDraw = True
67.9565 	DATA 	Keypress: k
67.9626 	EXP 	Box_p: autoDraw = False
67.9626 	EXP 	FB_msg: text = 'Doğru cevap'
67.9626 	EXP 	FB_msg: autoDraw = True
68.9601 	EXP 	New trial (rep=2, index=5): {'images': 'blue_neutral', 'congruentcy': 0, 'corrAns': 'a', 'box_pos': 'middle', 'box_color': 'blue', 'box_x': 0}
68.9679 	EXP 	FB_msg: autoDraw = False
68.9679 	EXP 	FixCross: autoDraw = True
70.1069 	EXP 	FixCross: autoDraw = False
70.1069 	EXP 	FixCross: autoDraw = False
70.1069 	EXP 	Box_p: pos = array([0., 0.])
70.1069 	EXP 	Box_p: autoDraw = True
70.5471 	DATA 	Keypress: a
70.5532 	EXP 	Box_p: autoDraw = False
70.5532 	EXP 	FB_msg: text = 'Doğru cevap'
70.5532 	EXP 	FB_msg: autoDraw = True
71.5462 	EXP 	New trial (rep=3, index=0): {'images': 'red_incongruent', 'congruentcy': 0, 'corrAns': 'k', 'box_pos': 'left', 'box_color': 'red', 'box_x': -0.6}
71.5542 	EXP 	FB_msg: autoDraw = False
71.5542 	EXP 	FixCross: autoDraw = True
72.6555 	EXP 	FixCross: autoDraw = False
72.6555 	EXP 	FixCross: autoDraw = False
72.6555 	EXP 	Box_p: pos = array([-0.6,  0. ])
72.6555 	EXP 	Box_p: autoDraw = True
72.9489 	DATA 	Keypress: k
72.9557 	EXP 	Box_p: autoDraw = False
72.9557 	EXP 	FB_msg: text = 'Doğru cevap'
72.9557 	EXP 	FB_msg: autoDraw = True
73.9529 	EXP 	New trial (rep=3, index=1): {'images': 'blue_neutral', 'congruentcy': 0, 'corrAns': 'a', 'box_pos': 'middle', 'box_color': 'blue', 'box_x': 0}
73.9610 	EXP 	FB_msg: autoDraw = False
73.9610 	EXP 	FixCross: autoDraw = True
75.0160 	EXP 	FixCross: autoDraw = False
75.0160 	EXP 	FixCross: autoDraw = False
75.0160 	EXP 	Box_p: pos = array([0., 0.])
75.0160 	EXP 	Box_p: autoDraw = True
75.4605 	DATA 	Keypress: a
75.4664 	EXP 	Box_p: autoDraw = False
75.4664 	EXP 	FB_msg: text = 'Doğru cevap'
75.4664 	EXP 	FB_msg: autoDraw = True
76.4597 	EXP 	New trial (rep=3, index=2): {'images': 'blue_incongruent', 'congruentcy': 0, 'corrAns': 'a', 'box_pos': 'right', 'box_color': 'blue', 'box_x': 0.6}
76.4675 	EXP 	FB_msg: autoDraw = False
76.4675 	EXP 	FixCross: autoDraw = True
77.6187 	EXP 	FixCross: autoDraw = False
77.6187 	EXP 	FixCross: autoDraw = False
77.6187 	EXP 	Box_p: pos = array([0.6, 0. ])
77.6187 	EXP 	Box_p: autoDraw = True
78.0001 	DATA 	Keypress: a
78.0026 	EXP 	Box_p: autoDraw = False
78.0026 	EXP 	FB_msg: text = 'Doğru cevap'
78.0026 	EXP 	FB_msg: autoDraw = True
78.9997 	EXP 	New trial (rep=3, index=3): {'images': 'blue_neutral', 'congruentcy': 0, 'corrAns': 'a', 'box_pos': 'middle', 'box_color': 'blue', 'box_x': 0}
79.0077 	EXP 	FB_msg: autoDraw = False
79.0077 	EXP 	FixCross: autoDraw = True
80.0880 	EXP 	FixCross: autoDraw = False
80.0880 	EXP 	FixCross: autoDraw = False
80.0880 	EXP 	Box_p: pos = array([0., 0.])
80.0880 	EXP 	Box_p: autoDraw = True
80.5328 	DATA 	Keypress: a
80.5386 	EXP 	Box_p: autoDraw = False
80.5386 	EXP 	FB_msg: text = 'Doğru cevap'
80.5386 	EXP 	FB_msg: autoDraw = True
80.6076 	DATA 	Keypress: a
81.5357 	EXP 	New trial (rep=3, index=4): {'images': 'blue_congruent', 'congruentcy': 1, 'corrAns': 'a', 'box_pos': 'left', 'box_color': 'blue', 'box_x': -0.6}
81.5437 	EXP 	FB_msg: autoDraw = False
81.5437 	EXP 	FixCross: autoDraw = True
82.6492 	EXP 	FixCross: autoDraw = False
82.6492 	EXP 	FixCross: autoDraw = False
82.6492 	EXP 	Box_p: pos = array([-0.6,  0. ])
82.6492 	EXP 	Box_p: autoDraw = True
83.1064 	DATA 	Keypress: a
83.1121 	EXP 	Box_p: autoDraw = False
83.1121 	EXP 	FB_msg: text = 'Doğru cevap'
83.1121 	EXP 	FB_msg: autoDraw = True
84.1096 	EXP 	New trial (rep=3, index=5): {'images': 'red_incongruent', 'congruentcy': 0, 'corrAns': 'k', 'box_pos': 'left', 'box_color': 'red', 'box_x': -0.6}
84.1173 	EXP 	FB_msg: autoDraw = False
84.1173 	EXP 	FixCross: autoDraw = True
85.2185 	EXP 	FixCross: autoDraw = False
85.2185 	EXP 	FixCross: autoDraw = False
85.2185 	EXP 	Box_p: pos = array([-0.6,  0. ])
85.2185 	EXP 	Box_p: autoDraw = True
85.6258 	DATA 	Keypress: k
85.6319 	EXP 	Box_p: autoDraw = False
85.6319 	EXP 	FB_msg: text = 'Doğru cevap'
85.6319 	EXP 	FB_msg: autoDraw = True
86.6536 	EXP 	FB_msg: autoDraw = False
86.6536 	EXP 	text_3: text = '\n\n 24 adet doğru cevap verdiniz. \n Ortalama cevap süreniz 3.97e+02ms.'
86.6536 	EXP 	text_3: autoDraw = True
88.6387 	EXP 	text_3: autoDraw = False
88.6387 	EXP 	instr_text_2: autoDraw = True
97.4830 	EXP 	Imported SimonTask.xlsx as conditions, 6 conditions, 6 params
97.4834 	EXP 	Created sequence: fullRandom, trialTypes=6, nReps=8, seed=None
97.4837 	EXP 	New trial (rep=0, index=0): {'images': 'red_incongruent', 'congruentcy': 0, 'corrAns': 'k', 'box_pos': 'left', 'box_color': 'red', 'box_x': -0.6}
97.4868 	DATA 	Keypress: space
97.4902 	EXP 	instr_text_2: autoDraw = False
97.4902 	EXP 	FixCross: autoDraw = True
98.5954 	EXP 	FixCross: autoDraw = False
98.5954 	EXP 	FixCross: autoDraw = False
98.5954 	EXP 	Box: pos = array([-0.6,  0. ])
98.5954 	EXP 	Box: autoDraw = True
99.1961 	DATA 	Keypress: k
99.2053 	EXP 	New trial (rep=0, index=1): {'images': 'red_neutral', 'congruentcy': 0, 'corrAns': 'k', 'box_pos': 'middle', 'box_color': 'red', 'box_x': 0}
99.2128 	EXP 	Box: autoDraw = False
99.2128 	EXP 	FixCross: autoDraw = True
100.3807 	EXP 	FixCross: autoDraw = False
100.3807 	EXP 	FixCross: autoDraw = False
100.3807 	EXP 	Box: pos = array([0., 0.])
100.3807 	EXP 	Box: autoDraw = True
100.7976 	EXP 	New trial (rep=0, index=2): {'images': 'red_congruent', 'congruentcy': 1, 'corrAns': 'k', 'box_pos': 'right', 'box_color': 'red', 'box_x': 0.6}
100.7997 	DATA 	Keypress: k
100.8062 	EXP 	Box: autoDraw = False
100.8062 	EXP 	FixCross: autoDraw = True
101.9195 	EXP 	FixCross: autoDraw = False
101.9195 	EXP 	FixCross: autoDraw = False
101.9195 	EXP 	Box: pos = array([0.6, 0. ])
101.9195 	EXP 	Box: autoDraw = True
102.2621 	EXP 	New trial (rep=0, index=3): {'images': 'red_neutral', 'congruentcy': 0, 'corrAns': 'k', 'box_pos': 'middle', 'box_color': 'red', 'box_x': 0}
102.2650 	DATA 	Keypress: k
102.2702 	EXP 	Box: autoDraw = False
102.2702 	EXP 	FixCross: autoDraw = True
103.3001 	EXP 	FixCross: autoDraw = False
103.3001 	EXP 	FixCross: autoDraw = False
103.3001 	EXP 	Box: pos = array([0., 0.])
103.3001 	EXP 	Box: autoDraw = True
103.5964 	DATA 	Keypress: k
103.6052 	EXP 	New trial (rep=0, index=4): {'images': 'blue_incongruent', 'congruentcy': 0, 'corrAns': 'a', 'box_pos': 'right', 'box_color': 'blue', 'box_x': 0.6}
103.6133 	EXP 	Box: autoDraw = False
103.6133 	EXP 	FixCross: autoDraw = True
104.6391 	EXP 	FixCross: autoDraw = False
104.6391 	EXP 	FixCross: autoDraw = False
104.6391 	EXP 	Box: pos = array([0.6, 0. ])
104.6391 	EXP 	Box: autoDraw = True
105.0225 	EXP 	New trial (rep=0, index=5): {'images': 'blue_neutral', 'congruentcy': 0, 'corrAns': 'a', 'box_pos': 'middle', 'box_color': 'blue', 'box_x': 0}
105.0246 	DATA 	Keypress: a
105.0270 	EXP 	Box: autoDraw = False
105.0270 	EXP 	FixCross: autoDraw = True
106.2241 	EXP 	FixCross: autoDraw = False
106.2241 	EXP 	FixCross: autoDraw = False
106.2241 	EXP 	Box: pos = array([0., 0.])
106.2241 	EXP 	Box: autoDraw = True
106.7250 	DATA 	Keypress: a
106.7329 	EXP 	New trial (rep=1, index=0): {'images': 'red_incongruent', 'congruentcy': 0, 'corrAns': 'k', 'box_pos': 'left', 'box_color': 'red', 'box_x': -0.6}
106.7416 	EXP 	Box: autoDraw = False
106.7416 	EXP 	FixCross: autoDraw = True
107.8092 	EXP 	FixCross: autoDraw = False
107.8092 	EXP 	FixCross: autoDraw = False
107.8092 	EXP 	Box: pos = array([-0.6,  0. ])
107.8092 	EXP 	Box: autoDraw = True
108.1973 	DATA 	Keypress: k
108.2053 	EXP 	New trial (rep=1, index=1): {'images': 'red_neutral', 'congruentcy': 0, 'corrAns': 'k', 'box_pos': 'middle', 'box_color': 'red', 'box_x': 0}
108.2096 	EXP 	Box: autoDraw = False
108.2096 	EXP 	FixCross: autoDraw = True
109.2899 	EXP 	FixCross: autoDraw = False
109.2899 	EXP 	FixCross: autoDraw = False
109.2899 	EXP 	Box: pos = array([0., 0.])
109.2899 	EXP 	Box: autoDraw = True
109.6157 	EXP 	New trial (rep=1, index=2): {'images': 'red_congruent', 'congruentcy': 1, 'corrAns': 'k', 'box_pos': 'right', 'box_color': 'red', 'box_x': 0.6}
109.6187 	DATA 	Keypress: k
109.6236 	EXP 	Box: autoDraw = False
109.6236 	EXP 	FixCross: autoDraw = True
110.7248 	EXP 	FixCross: autoDraw = False
110.7248 	EXP 	FixCross: autoDraw = False
110.7248 	EXP 	Box: pos = array([0.6, 0. ])
110.7248 	EXP 	Box: autoDraw = True
111.0631 	EXP 	New trial (rep=1, index=3): {'images': 'blue_congruent', 'congruentcy': 1, 'corrAns': 'a', 'box_pos': 'left', 'box_color': 'blue', 'box_x': -0.6}
111.0660 	DATA 	Keypress: k
111.0710 	EXP 	Box: autoDraw = False
111.0710 	EXP 	FixCross: autoDraw = True
112.2013 	EXP 	FixCross: autoDraw = False
112.2013 	EXP 	FixCross: autoDraw = False
112.2013 	EXP 	Box: pos = array([-0.6,  0. ])
112.2013 	EXP 	Box: autoDraw = True
113.2404 	EXP 	New trial (rep=1, index=4): {'images': 'blue_neutral', 'congruentcy': 0, 'corrAns': 'a', 'box_pos': 'middle', 'box_color': 'blue', 'box_x': 0}
113.2425 	DATA 	Keypress: a
113.2482 	EXP 	Box: autoDraw = False
113.2482 	EXP 	FixCross: autoDraw = True
114.3328 	EXP 	FixCross: autoDraw = False
114.3328 	EXP 	FixCross: autoDraw = False
114.3328 	EXP 	Box: pos = array([0., 0.])
114.3328 	EXP 	Box: autoDraw = True
114.7038 	EXP 	New trial (rep=1, index=5): {'images': 'blue_incongruent', 'congruentcy': 0, 'corrAns': 'a', 'box_pos': 'right', 'box_color': 'blue', 'box_x': 0.6}
114.7058 	DATA 	Keypress: a
114.7125 	EXP 	Box: autoDraw = False
114.7125 	EXP 	FixCross: autoDraw = True
115.8135 	EXP 	FixCross: autoDraw = False
115.8135 	EXP 	FixCross: autoDraw = False
115.8135 	EXP 	Box: pos = array([0.6, 0. ])
115.8135 	EXP 	Box: autoDraw = True
116.2471 	EXP 	New trial (rep=2, index=0): {'images': 'blue_congruent', 'congruentcy': 1, 'corrAns': 'a', 'box_pos': 'left', 'box_color': 'blue', 'box_x': -0.6}
116.2492 	DATA 	Keypress: a
116.2558 	EXP 	Box: autoDraw = False
116.2558 	EXP 	FixCross: autoDraw = True
117.3692 	EXP 	FixCross: autoDraw = False
117.3692 	EXP 	FixCross: autoDraw = False
117.3692 	EXP 	Box: pos = array([-0.6,  0. ])
117.3692 	EXP 	Box: autoDraw = True
117.7154 	EXP 	New trial (rep=2, index=1): {'images': 'red_congruent', 'congruentcy': 1, 'corrAns': 'k', 'box_pos': 'right', 'box_color': 'red', 'box_x': 0.6}
117.7175 	DATA 	Keypress: a
117.7240 	EXP 	Box: autoDraw = False
117.7240 	EXP 	FixCross: autoDraw = True
118.9793 	EXP 	FixCross: autoDraw = False
118.9793 	EXP 	FixCross: autoDraw = False
118.9793 	EXP 	Box: pos = array([0.6, 0. ])
118.9793 	EXP 	Box: autoDraw = True
119.2878 	EXP 	New trial (rep=2, index=2): {'images': 'red_neutral', 'congruentcy': 0, 'corrAns': 'k', 'box_pos': 'middle', 'box_color': 'red', 'box_x': 0}
119.2899 	DATA 	Keypress: k
119.2965 	EXP 	Box: autoDraw = False
119.2965 	EXP 	FixCross: autoDraw = True
120.4183 	EXP 	FixCross: autoDraw = False
120.4183 	EXP 	FixCross: autoDraw = False
120.4183 	EXP 	Box: pos = array([0., 0.])
120.4183 	EXP 	Box: autoDraw = True
120.7272 	DATA 	Keypress: k
120.7351 	EXP 	New trial (rep=2, index=3): {'images': 'red_neutral', 'congruentcy': 0, 'corrAns': 'k', 'box_pos': 'middle', 'box_color': 'red', 'box_x': 0}
120.7397 	EXP 	Box: autoDraw = False
120.7397 	EXP 	FixCross: autoDraw = True
121.8532 	EXP 	FixCross: autoDraw = False
121.8532 	EXP 	FixCross: autoDraw = False
121.8532 	EXP 	Box: pos = array([0., 0.])
121.8532 	EXP 	Box: autoDraw = True
122.1284 	EXP 	New trial (rep=2, index=4): {'images': 'red_congruent', 'congruentcy': 1, 'corrAns': 'k', 'box_pos': 'right', 'box_color': 'red', 'box_x': 0.6}
122.1306 	DATA 	Keypress: k
122.1371 	EXP 	Box: autoDraw = False
122.1371 	EXP 	FixCross: autoDraw = True
123.3131 	EXP 	FixCross: autoDraw = False
123.3131 	EXP 	FixCross: autoDraw = False
123.3131 	EXP 	Box: pos = array([0.6, 0. ])
123.3131 	EXP 	Box: autoDraw = True
123.6048 	EXP 	New trial (rep=2, index=5): {'images': 'blue_neutral', 'congruentcy': 0, 'corrAns': 'a', 'box_pos': 'middle', 'box_color': 'blue', 'box_x': 0}
123.6068 	DATA 	Keypress: a
123.6093 	EXP 	Box: autoDraw = False
123.6093 	EXP 	FixCross: autoDraw = True
124.6688 	EXP 	FixCross: autoDraw = False
124.6688 	EXP 	FixCross: autoDraw = False
124.6688 	EXP 	Box: pos = array([0., 0.])
124.6688 	EXP 	Box: autoDraw = True
125.3692 	EXP 	New trial (rep=3, index=0): {'images': 'blue_congruent', 'congruentcy': 1, 'corrAns': 'a', 'box_pos': 'left', 'box_color': 'blue', 'box_x': -0.6}
125.3712 	DATA 	Keypress: a
125.3778 	EXP 	Box: autoDraw = False
125.3778 	EXP 	FixCross: autoDraw = True
126.5081 	EXP 	FixCross: autoDraw = False
126.5081 	EXP 	FixCross: autoDraw = False
126.5081 	EXP 	Box: pos = array([-0.6,  0. ])
126.5081 	EXP 	Box: autoDraw = True
127.0337 	EXP 	New trial (rep=3, index=1): {'images': 'red_incongruent', 'congruentcy': 0, 'corrAns': 'k', 'box_pos': 'left', 'box_color': 'red', 'box_x': -0.6}
127.0358 	DATA 	Keypress: a
127.0423 	EXP 	Box: autoDraw = False
127.0423 	EXP 	FixCross: autoDraw = True
128.1724 	EXP 	FixCross: autoDraw = False
128.1724 	EXP 	FixCross: autoDraw = False
128.1724 	EXP 	Box: pos = array([-0.6,  0. ])
128.1724 	EXP 	Box: autoDraw = True
128.8071 	DATA 	Keypress: k
128.8151 	EXP 	New trial (rep=3, index=2): {'images': 'blue_neutral', 'congruentcy': 0, 'corrAns': 'a', 'box_pos': 'middle', 'box_color': 'blue', 'box_x': 0}
128.8233 	EXP 	Box: autoDraw = False
128.8233 	EXP 	FixCross: autoDraw = True
129.9576 	EXP 	FixCross: autoDraw = False
129.9576 	EXP 	FixCross: autoDraw = False
129.9576 	EXP 	Box: pos = array([0., 0.])
129.9576 	EXP 	Box: autoDraw = True
130.4005 	DATA 	Keypress: a
130.4084 	EXP 	New trial (rep=3, index=3): {'images': 'blue_neutral', 'congruentcy': 0, 'corrAns': 'a', 'box_pos': 'middle', 'box_color': 'blue', 'box_x': 0}
130.4164 	EXP 	Box: autoDraw = False
130.4164 	EXP 	FixCross: autoDraw = True
131.5221 	EXP 	FixCross: autoDraw = False
131.5221 	EXP 	FixCross: autoDraw = False
131.5221 	EXP 	Box: pos = array([0., 0.])
131.5221 	EXP 	Box: autoDraw = True
132.0056 	EXP 	New trial (rep=3, index=4): {'images': 'blue_congruent', 'congruentcy': 1, 'corrAns': 'a', 'box_pos': 'left', 'box_color': 'blue', 'box_x': -0.6}
132.0076 	DATA 	Keypress: a
132.0142 	EXP 	Box: autoDraw = False
132.0142 	EXP 	FixCross: autoDraw = True
133.1068 	EXP 	FixCross: autoDraw = False
133.1068 	EXP 	FixCross: autoDraw = False
133.1068 	EXP 	Box: pos = array([-0.6,  0. ])
133.1068 	EXP 	Box: autoDraw = True
133.4949 	DATA 	Keypress: a
133.5039 	EXP 	New trial (rep=3, index=5): {'images': 'blue_congruent', 'congruentcy': 1, 'corrAns': 'a', 'box_pos': 'left', 'box_color': 'blue', 'box_x': -0.6}
133.5117 	EXP 	Box: autoDraw = False
133.5117 	EXP 	FixCross: autoDraw = True
134.6337 	EXP 	FixCross: autoDraw = False
134.6337 	EXP 	FixCross: autoDraw = False
134.6337 	EXP 	Box: pos = array([-0.6,  0. ])
134.6337 	EXP 	Box: autoDraw = True
135.0262 	EXP 	New trial (rep=4, index=0): {'images': 'red_congruent', 'congruentcy': 1, 'corrAns': 'k', 'box_pos': 'right', 'box_color': 'red', 'box_x': 0.6}
135.0283 	DATA 	Keypress: a
135.0339 	EXP 	Box: autoDraw = False
135.0339 	EXP 	FixCross: autoDraw = True
136.1895 	EXP 	FixCross: autoDraw = False
136.1895 	EXP 	FixCross: autoDraw = False
136.1895 	EXP 	Box: pos = array([0.6, 0. ])
136.1895 	EXP 	Box: autoDraw = True
136.5476 	EXP 	New trial (rep=4, index=1): {'images': 'red_neutral', 'congruentcy': 0, 'corrAns': 'k', 'box_pos': 'middle', 'box_color': 'red', 'box_x': 0}
136.5496 	DATA 	Keypress: k
136.5517 	EXP 	Box: autoDraw = False
136.5517 	EXP 	FixCross: autoDraw = True
137.5701 	EXP 	FixCross: autoDraw = False
137.5701 	EXP 	FixCross: autoDraw = False
137.5701 	EXP 	Box: pos = array([0., 0.])
137.5701 	EXP 	Box: autoDraw = True
137.8791 	DATA 	Keypress: k
137.8873 	EXP 	New trial (rep=4, index=2): {'images': 'red_neutral', 'congruentcy': 0, 'corrAns': 'k', 'box_pos': 'middle', 'box_color': 'red', 'box_x': 0}
137.8955 	EXP 	Box: autoDraw = False
137.8955 	EXP 	FixCross: autoDraw = True
138.9463 	EXP 	FixCross: autoDraw = False
138.9463 	EXP 	FixCross: autoDraw = False
138.9463 	EXP 	Box: pos = array([0., 0.])
138.9463 	EXP 	Box: autoDraw = True
139.3015 	EXP 	New trial (rep=4, index=3): {'images': 'blue_incongruent', 'congruentcy': 0, 'corrAns': 'a', 'box_pos': 'right', 'box_color': 'blue', 'box_x': 0.6}
139.3035 	DATA 	Keypress: k
139.3095 	EXP 	Box: autoDraw = False
139.3095 	EXP 	FixCross: autoDraw = True
140.4021 	EXP 	FixCross: autoDraw = False
140.4021 	EXP 	FixCross: autoDraw = False
140.4021 	EXP 	Box: pos = array([0.6, 0. ])
140.4021 	EXP 	Box: autoDraw = True
140.9198 	DATA 	Keypress: a
140.9281 	EXP 	New trial (rep=4, index=4): {'images': 'blue_incongruent', 'congruentcy': 0, 'corrAns': 'a', 'box_pos': 'right', 'box_color': 'blue', 'box_x': 0.6}
140.9362 	EXP 	Box: autoDraw = False
140.9362 	EXP 	FixCross: autoDraw = True
142.0830 	EXP 	FixCross: autoDraw = False
142.0830 	EXP 	FixCross: autoDraw = False
142.0830 	EXP 	Box: pos = array([0.6, 0. ])
142.0830 	EXP 	Box: autoDraw = True
142.4713 	EXP 	New trial (rep=4, index=5): {'images': 'blue_incongruent', 'congruentcy': 0, 'corrAns': 'a', 'box_pos': 'right', 'box_color': 'blue', 'box_x': 0.6}
142.4742 	DATA 	Keypress: a
142.4792 	EXP 	Box: autoDraw = False
142.4792 	EXP 	FixCross: autoDraw = True
143.5554 	EXP 	FixCross: autoDraw = False
143.5554 	EXP 	FixCross: autoDraw = False
143.5554 	EXP 	Box: pos = array([0.6, 0. ])
143.5554 	EXP 	Box: autoDraw = True
143.9525 	EXP 	New trial (rep=5, index=0): {'images': 'red_incongruent', 'congruentcy': 0, 'corrAns': 'k', 'box_pos': 'left', 'box_color': 'red', 'box_x': -0.6}
143.9547 	DATA 	Keypress: a
143.9599 	EXP 	Box: autoDraw = False
143.9599 	EXP 	FixCross: autoDraw = True
145.0403 	EXP 	FixCross: autoDraw = False
145.0403 	EXP 	FixCross: autoDraw = False
145.0403 	EXP 	Box: pos = array([-0.6,  0. ])
145.0403 	EXP 	Box: autoDraw = True
145.4579 	DATA 	Keypress: k
145.4661 	EXP 	New trial (rep=5, index=1): {'images': 'red_congruent', 'congruentcy': 1, 'corrAns': 'k', 'box_pos': 'right', 'box_color': 'red', 'box_x': 0.6}
145.4741 	EXP 	Box: autoDraw = False
145.4741 	EXP 	FixCross: autoDraw = True
146.5628 	EXP 	FixCross: autoDraw = False
146.5628 	EXP 	FixCross: autoDraw = False
146.5628 	EXP 	Box: pos = array([0.6, 0. ])
146.5628 	EXP 	Box: autoDraw = True
146.9972 	EXP 	New trial (rep=5, index=2): {'images': 'blue_incongruent', 'congruentcy': 0, 'corrAns': 'a', 'box_pos': 'right', 'box_color': 'blue', 'box_x': 0.6}
146.9993 	DATA 	Keypress: k
147.0049 	EXP 	Box: autoDraw = False
147.0049 	EXP 	FixCross: autoDraw = True
148.0768 	EXP 	FixCross: autoDraw = False
148.0768 	EXP 	FixCross: autoDraw = False
148.0768 	EXP 	Box: pos = array([0.6, 0. ])
148.0768 	EXP 	Box: autoDraw = True
148.5278 	EXP 	New trial (rep=5, index=3): {'images': 'red_neutral', 'congruentcy': 0, 'corrAns': 'k', 'box_pos': 'middle', 'box_color': 'red', 'box_x': 0}
148.5306 	DATA 	Keypress: a
148.5358 	EXP 	Box: autoDraw = False
148.5358 	EXP 	FixCross: autoDraw = True
149.6286 	EXP 	FixCross: autoDraw = False
149.6286 	EXP 	FixCross: autoDraw = False
149.6286 	EXP 	Box: pos = array([0., 0.])
149.6286 	EXP 	Box: autoDraw = True
150.1211 	DATA 	Keypress: k
150.1289 	EXP 	New trial (rep=5, index=4): {'images': 'red_congruent', 'congruentcy': 1, 'corrAns': 'k', 'box_pos': 'right', 'box_color': 'red', 'box_x': 0.6}
150.1333 	EXP 	Box: autoDraw = False
150.1333 	EXP 	FixCross: autoDraw = True
151.2177 	EXP 	FixCross: autoDraw = False
151.2177 	EXP 	FixCross: autoDraw = False
151.2177 	EXP 	Box: pos = array([0.6, 0. ])
151.2177 	EXP 	Box: autoDraw = True
151.7103 	EXP 	New trial (rep=5, index=5): {'images': 'blue_incongruent', 'congruentcy': 0, 'corrAns': 'a', 'box_pos': 'right', 'box_color': 'blue', 'box_x': 0.6}
151.7124 	DATA 	Keypress: k
151.7182 	EXP 	Box: autoDraw = False
151.7182 	EXP 	FixCross: autoDraw = True
152.7735 	EXP 	FixCross: autoDraw = False
152.7735 	EXP 	FixCross: autoDraw = False
152.7735 	EXP 	Box: pos = array([0.6, 0. ])
152.7735 	EXP 	Box: autoDraw = True
153.2869 	EXP 	New trial (rep=6, index=0): {'images': 'blue_neutral', 'congruentcy': 0, 'corrAns': 'a', 'box_pos': 'middle', 'box_color': 'blue', 'box_x': 0}
153.2897 	DATA 	Keypress: a
153.2949 	EXP 	Box: autoDraw = False
153.2949 	EXP 	FixCross: autoDraw = True
154.3419 	EXP 	FixCross: autoDraw = False
154.3419 	EXP 	FixCross: autoDraw = False
154.3419 	EXP 	Box: pos = array([0., 0.])
154.3419 	EXP 	Box: autoDraw = True
154.8262 	DATA 	Keypress: a
154.8340 	EXP 	New trial (rep=6, index=1): {'images': 'red_incongruent', 'congruentcy': 0, 'corrAns': 'k', 'box_pos': 'left', 'box_color': 'red', 'box_x': -0.6}
154.8427 	EXP 	Box: autoDraw = False
154.8427 	EXP 	FixCross: autoDraw = True
155.9852 	EXP 	FixCross: autoDraw = False
155.9852 	EXP 	FixCross: autoDraw = False
155.9852 	EXP 	Box: pos = array([-0.6,  0. ])
155.9852 	EXP 	Box: autoDraw = True
156.5244 	EXP 	New trial (rep=6, index=2): {'images': 'blue_neutral', 'congruentcy': 0, 'corrAns': 'a', 'box_pos': 'middle', 'box_color': 'blue', 'box_x': 0}
156.5264 	DATA 	Keypress: k
156.5316 	EXP 	Box: autoDraw = False
156.5316 	EXP 	FixCross: autoDraw = True
157.6662 	EXP 	FixCross: autoDraw = False
157.6662 	EXP 	FixCross: autoDraw = False
157.6662 	EXP 	Box: pos = array([0., 0.])
157.6662 	EXP 	Box: autoDraw = True
158.1247 	EXP 	New trial (rep=6, index=3): {'images': 'blue_congruent', 'congruentcy': 1, 'corrAns': 'a', 'box_pos': 'left', 'box_color': 'blue', 'box_x': -0.6}
158.1268 	DATA 	Keypress: a
158.1292 	EXP 	Box: autoDraw = False
158.1292 	EXP 	FixCross: autoDraw = True
159.1678 	EXP 	FixCross: autoDraw = False
159.1678 	EXP 	FixCross: autoDraw = False
159.1678 	EXP 	Box: pos = array([-0.6,  0. ])
159.1678 	EXP 	Box: autoDraw = True
159.6351 	DATA 	Keypress: a
159.6431 	EXP 	New trial (rep=6, index=4): {'images': 'red_incongruent', 'congruentcy': 0, 'corrAns': 'k', 'box_pos': 'left', 'box_color': 'red', 'box_x': -0.6}
159.6472 	EXP 	Box: autoDraw = False
159.6472 	EXP 	FixCross: autoDraw = True
160.8571 	EXP 	FixCross: autoDraw = False
160.8571 	EXP 	FixCross: autoDraw = False
160.8571 	EXP 	Box: pos = array([-0.6,  0. ])
160.8571 	EXP 	Box: autoDraw = True
161.4415 	EXP 	New trial (rep=6, index=5): {'images': 'red_congruent', 'congruentcy': 1, 'corrAns': 'k', 'box_pos': 'right', 'box_color': 'red', 'box_x': 0.6}
161.4435 	DATA 	Keypress: k
161.4497 	EXP 	Box: autoDraw = False
161.4497 	EXP 	FixCross: autoDraw = True
162.6009 	EXP 	FixCross: autoDraw = False
162.6009 	EXP 	FixCross: autoDraw = False
162.6009 	EXP 	Box: pos = array([0.6, 0. ])
162.6009 	EXP 	Box: autoDraw = True
163.0640 	EXP 	New trial (rep=7, index=0): {'images': 'blue_neutral', 'congruentcy': 0, 'corrAns': 'a', 'box_pos': 'middle', 'box_color': 'blue', 'box_x': 0}
163.0669 	DATA 	Keypress: k
163.0720 	EXP 	Box: autoDraw = False
163.0720 	EXP 	FixCross: autoDraw = True
164.2106 	EXP 	FixCross: autoDraw = False
164.2106 	EXP 	FixCross: autoDraw = False
164.2106 	EXP 	Box: pos = array([0., 0.])
164.2106 	EXP 	Box: autoDraw = True
164.7612 	EXP 	New trial (rep=7, index=1): {'images': 'red_incongruent', 'congruentcy': 0, 'corrAns': 'k', 'box_pos': 'left', 'box_color': 'red', 'box_x': -0.6}
164.7633 	DATA 	Keypress: a
164.7698 	EXP 	Box: autoDraw = False
164.7698 	EXP 	FixCross: autoDraw = True
165.9041 	EXP 	FixCross: autoDraw = False
165.9041 	EXP 	FixCross: autoDraw = False
165.9041 	EXP 	Box: pos = array([-0.6,  0. ])
165.9041 	EXP 	Box: autoDraw = True
166.4137 	DATA 	Keypress: k
166.4216 	EXP 	New trial (rep=7, index=2): {'images': 'blue_incongruent', 'congruentcy': 0, 'corrAns': 'a', 'box_pos': 'right', 'box_color': 'blue', 'box_x': 0.6}
166.4299 	EXP 	Box: autoDraw = False
166.4299 	EXP 	FixCross: autoDraw = True
167.5475 	EXP 	FixCross: autoDraw = False
167.5475 	EXP 	FixCross: autoDraw = False
167.5475 	EXP 	Box: pos = array([0.6, 0. ])
167.5475 	EXP 	Box: autoDraw = True
168.1402 	DATA 	Keypress: a
168.1480 	EXP 	New trial (rep=7, index=3): {'images': 'red_incongruent', 'congruentcy': 0, 'corrAns': 'k', 'box_pos': 'left', 'box_color': 'red', 'box_x': -0.6}
168.1524 	EXP 	Box: autoDraw = False
168.1524 	EXP 	FixCross: autoDraw = True
169.3202 	EXP 	FixCross: autoDraw = False
169.3202 	EXP 	FixCross: autoDraw = False
169.3202 	EXP 	Box: pos = array([-0.6,  0. ])
169.3202 	EXP 	Box: autoDraw = True
170.3675 	EXP 	New trial (rep=7, index=4): {'images': 'blue_congruent', 'congruentcy': 1, 'corrAns': 'a', 'box_pos': 'left', 'box_color': 'blue', 'box_x': -0.6}
170.3696 	DATA 	Keypress: k
170.3755 	EXP 	Box: autoDraw = False
170.3755 	EXP 	FixCross: autoDraw = True
171.6560 	EXP 	FixCross: autoDraw = False
171.6560 	EXP 	FixCross: autoDraw = False
171.6560 	EXP 	Box: pos = array([-0.6,  0. ])
171.6560 	EXP 	Box: autoDraw = True
172.2279 	DATA 	Keypress: a
172.2362 	EXP 	New trial (rep=7, index=5): {'images': 'blue_congruent', 'congruentcy': 1, 'corrAns': 'a', 'box_pos': 'left', 'box_color': 'blue', 'box_x': -0.6}
172.2445 	EXP 	Box: autoDraw = False
172.2445 	EXP 	FixCross: autoDraw = True
173.3287 	EXP 	FixCross: autoDraw = False
173.3287 	EXP 	FixCross: autoDraw = False
173.3287 	EXP 	Box: pos = array([-0.6,  0. ])
173.3287 	EXP 	Box: autoDraw = True
173.7698 	DATA 	Keypress: a
173.7750 	EXP 	Box: autoDraw = False
173.7750 	EXP 	text_2: text = 'Biraz mola verebilirsiniz. \n\n 47 adet doğru cevap verdiniz. \n Ortalama cevap süreniz 4.19e+02ms.\n\n Devam etmek için BOŞLUK tuşuna basınız.'
173.7750 	EXP 	text_2: autoDraw = True
196.3317 	EXP 	Imported SimonTask.xlsx as conditions, 6 conditions, 6 params
196.3321 	EXP 	Created sequence: fullRandom, trialTypes=6, nReps=8, seed=None
196.3324 	EXP 	New trial (rep=0, index=0): {'images': 'blue_congruent', 'congruentcy': 1, 'corrAns': 'a', 'box_pos': 'left', 'box_color': 'blue', 'box_x': -0.6}
196.3354 	DATA 	Keypress: space
196.3406 	EXP 	text_2: autoDraw = False
196.3406 	EXP 	FixCross: autoDraw = True
197.4834 	EXP 	FixCross: autoDraw = False
197.4834 	EXP 	FixCross: autoDraw = False
197.4834 	EXP 	Box: pos = array([-0.6,  0. ])
197.4834 	EXP 	Box: autoDraw = True
198.1136 	DATA 	Keypress: a
198.1219 	EXP 	New trial (rep=0, index=1): {'images': 'blue_neutral', 'congruentcy': 0, 'corrAns': 'a', 'box_pos': 'middle', 'box_color': 'blue', 'box_x': 0}
198.1299 	EXP 	Box: autoDraw = False
198.1299 	EXP 	FixCross: autoDraw = True
199.2061 	EXP 	FixCross: autoDraw = False
199.2061 	EXP 	FixCross: autoDraw = False
199.2061 	EXP 	Box: pos = array([0., 0.])
199.2061 	EXP 	Box: autoDraw = True
199.6239 	DATA 	Keypress: a
199.6320 	EXP 	New trial (rep=0, index=2): {'images': 'red_congruent', 'congruentcy': 1, 'corrAns': 'k', 'box_pos': 'right', 'box_color': 'red', 'box_x': 0.6}
199.6399 	EXP 	Box: autoDraw = False
199.6399 	EXP 	FixCross: autoDraw = True
200.6827 	EXP 	FixCross: autoDraw = False
200.6827 	EXP 	FixCross: autoDraw = False
200.6827 	EXP 	Box: pos = array([0.6, 0. ])
200.6827 	EXP 	Box: autoDraw = True
201.0002 	DATA 	Keypress: k
201.0082 	EXP 	New trial (rep=0, index=3): {'images': 'blue_incongruent', 'congruentcy': 0, 'corrAns': 'a', 'box_pos': 'right', 'box_color': 'blue', 'box_x': 0.6}
201.0163 	EXP 	Box: autoDraw = False
201.0163 	EXP 	FixCross: autoDraw = True
202.0633 	EXP 	FixCross: autoDraw = False
202.0633 	EXP 	FixCross: autoDraw = False
202.0633 	EXP 	Box: pos = array([0.6, 0. ])
202.0633 	EXP 	Box: autoDraw = True
202.4846 	EXP 	New trial (rep=0, index=4): {'images': 'red_neutral', 'congruentcy': 0, 'corrAns': 'k', 'box_pos': 'middle', 'box_color': 'red', 'box_x': 0}
202.4868 	DATA 	Keypress: a
202.4931 	EXP 	Box: autoDraw = False
202.4931 	EXP 	FixCross: autoDraw = True
203.6108 	EXP 	FixCross: autoDraw = False
203.6108 	EXP 	FixCross: autoDraw = False
203.6108 	EXP 	Box: pos = array([0., 0.])
203.6108 	EXP 	Box: autoDraw = True
203.9569 	EXP 	New trial (rep=0, index=5): {'images': 'blue_neutral', 'congruentcy': 0, 'corrAns': 'a', 'box_pos': 'middle', 'box_color': 'blue', 'box_x': 0}
203.9591 	DATA 	Keypress: k
203.9655 	EXP 	Box: autoDraw = False
203.9655 	EXP 	FixCross: autoDraw = True
204.9830 	EXP 	FixCross: autoDraw = False
204.9830 	EXP 	FixCross: autoDraw = False
204.9830 	EXP 	Box: pos = array([0., 0.])
204.9830 	EXP 	Box: autoDraw = True
205.4042 	EXP 	New trial (rep=1, index=0): {'images': 'blue_neutral', 'congruentcy': 0, 'corrAns': 'a', 'box_pos': 'middle', 'box_color': 'blue', 'box_x': 0}
205.4063 	DATA 	Keypress: a
205.4129 	EXP 	Box: autoDraw = False
205.4129 	EXP 	FixCross: autoDraw = True
206.4805 	EXP 	FixCross: autoDraw = False
206.4805 	EXP 	FixCross: autoDraw = False
206.4805 	EXP 	Box: pos = array([0., 0.])
206.4805 	EXP 	Box: autoDraw = True
206.8516 	EXP 	New trial (rep=1, index=1): {'images': 'red_neutral', 'congruentcy': 0, 'corrAns': 'k', 'box_pos': 'middle', 'box_color': 'red', 'box_x': 0}
206.8536 	DATA 	Keypress: a
206.8601 	EXP 	Box: autoDraw = False
206.8601 	EXP 	FixCross: autoDraw = True
208.0988 	EXP 	FixCross: autoDraw = False
208.0988 	EXP 	FixCross: autoDraw = False
208.0988 	EXP 	Box: pos = array([0., 0.])
208.0988 	EXP 	Box: autoDraw = True
208.4239 	EXP 	New trial (rep=1, index=2): {'images': 'red_incongruent', 'congruentcy': 0, 'corrAns': 'k', 'box_pos': 'left', 'box_color': 'red', 'box_x': -0.6}
208.4260 	DATA 	Keypress: k
208.4284 	EXP 	Box: autoDraw = False
208.4284 	EXP 	FixCross: autoDraw = True
209.6296 	EXP 	FixCross: autoDraw = False
209.6296 	EXP 	FixCross: autoDraw = False
209.6296 	EXP 	Box: pos = array([-0.6,  0. ])
209.6296 	EXP 	Box: autoDraw = True
210.1474 	DATA 	Keypress: k
210.1553 	EXP 	New trial (rep=1, index=3): {'images': 'red_incongruent', 'congruentcy': 0, 'corrAns': 'k', 'box_pos': 'left', 'box_color': 'red', 'box_x': -0.6}
210.1636 	EXP 	Box: autoDraw = False
210.1636 	EXP 	FixCross: autoDraw = True
211.2814 	EXP 	FixCross: autoDraw = False
211.2814 	EXP 	FixCross: autoDraw = False
211.2814 	EXP 	Box: pos = array([-0.6,  0. ])
211.2814 	EXP 	Box: autoDraw = True
211.6027 	DATA 	Keypress: k
211.6106 	EXP 	New trial (rep=1, index=4): {'images': 'blue_incongruent', 'congruentcy': 0, 'corrAns': 'a', 'box_pos': 'right', 'box_color': 'blue', 'box_x': 0.6}
211.6153 	EXP 	Box: autoDraw = False
211.6153 	EXP 	FixCross: autoDraw = True
212.6954 	EXP 	FixCross: autoDraw = False
212.6954 	EXP 	FixCross: autoDraw = False
212.6954 	EXP 	Box: pos = array([0.6, 0. ])
212.6954 	EXP 	Box: autoDraw = True
213.1460 	DATA 	Keypress: a
213.1539 	EXP 	New trial (rep=1, index=5): {'images': 'red_congruent', 'congruentcy': 1, 'corrAns': 'k', 'box_pos': 'right', 'box_color': 'red', 'box_x': 0.6}
213.1579 	EXP 	Box: autoDraw = False
213.1579 	EXP 	FixCross: autoDraw = True
214.2804 	EXP 	FixCross: autoDraw = False
214.2804 	EXP 	FixCross: autoDraw = False
214.2804 	EXP 	Box: pos = array([0.6, 0. ])
214.2804 	EXP 	Box: autoDraw = True
214.7103 	EXP 	New trial (rep=2, index=0): {'images': 'red_congruent', 'congruentcy': 1, 'corrAns': 'k', 'box_pos': 'right', 'box_color': 'red', 'box_x': 0.6}
214.7124 	DATA 	Keypress: k
214.7184 	EXP 	Box: autoDraw = False
214.7184 	EXP 	FixCross: autoDraw = True
215.9155 	EXP 	FixCross: autoDraw = False
215.9155 	EXP 	FixCross: autoDraw = False
215.9155 	EXP 	Box: pos = array([0.6, 0. ])
215.9155 	EXP 	Box: autoDraw = True
216.2787 	EXP 	New trial (rep=2, index=1): {'images': 'blue_neutral', 'congruentcy': 0, 'corrAns': 'a', 'box_pos': 'middle', 'box_color': 'blue', 'box_x': 0}
216.2808 	DATA 	Keypress: k
216.2867 	EXP 	Box: autoDraw = False
216.2867 	EXP 	FixCross: autoDraw = True
217.4004 	EXP 	FixCross: autoDraw = False
217.4004 	EXP 	FixCross: autoDraw = False
217.4004 	EXP 	Box: pos = array([0., 0.])
217.4004 	EXP 	Box: autoDraw = True
217.9761 	EXP 	New trial (rep=2, index=2): {'images': 'blue_congruent', 'congruentcy': 1, 'corrAns': 'a', 'box_pos': 'left', 'box_color': 'blue', 'box_x': -0.6}
217.9782 	DATA 	Keypress: a
217.9843 	EXP 	Box: autoDraw = False
217.9843 	EXP 	FixCross: autoDraw = True
219.1022 	EXP 	FixCross: autoDraw = False
219.1022 	EXP 	FixCross: autoDraw = False
219.1022 	EXP 	Box: pos = array([-0.6,  0. ])
219.1022 	EXP 	Box: autoDraw = True
219.5485 	DATA 	Keypress: a
219.5575 	EXP 	New trial (rep=2, index=3): {'images': 'red_incongruent', 'congruentcy': 0, 'corrAns': 'k', 'box_pos': 'left', 'box_color': 'red', 'box_x': -0.6}
219.5652 	EXP 	Box: autoDraw = False
219.5652 	EXP 	FixCross: autoDraw = True
220.6455 	EXP 	FixCross: autoDraw = False
220.6455 	EXP 	FixCross: autoDraw = False
220.6455 	EXP 	Box: pos = array([-0.6,  0. ])
220.6455 	EXP 	Box: autoDraw = True
221.1130 	EXP 	New trial (rep=2, index=4): {'images': 'blue_congruent', 'congruentcy': 1, 'corrAns': 'a', 'box_pos': 'left', 'box_color': 'blue', 'box_x': -0.6}
221.1159 	DATA 	Keypress: k
221.1210 	EXP 	Box: autoDraw = False
221.1210 	EXP 	FixCross: autoDraw = True
222.2597 	EXP 	FixCross: autoDraw = False
222.2597 	EXP 	FixCross: autoDraw = False
222.2597 	EXP 	Box: pos = array([-0.6,  0. ])
222.2597 	EXP 	Box: autoDraw = True
222.7022 	EXP 	New trial (rep=2, index=5): {'images': 'blue_congruent', 'congruentcy': 1, 'corrAns': 'a', 'box_pos': 'left', 'box_color': 'blue', 'box_x': -0.6}
222.7042 	DATA 	Keypress: k
222.7103 	EXP 	Box: autoDraw = False
222.7103 	EXP 	FixCross: autoDraw = True
223.9076 	EXP 	FixCross: autoDraw = False
223.9076 	EXP 	FixCross: autoDraw = False
223.9076 	EXP 	Box: pos = array([-0.6,  0. ])
223.9076 	EXP 	Box: autoDraw = True
224.5786 	EXP 	New trial (rep=3, index=0): {'images': 'blue_neutral', 'congruentcy': 0, 'corrAns': 'a', 'box_pos': 'middle', 'box_color': 'blue', 'box_x': 0}
224.5806 	DATA 	Keypress: a
224.5833 	EXP 	Box: autoDraw = False
224.5833 	EXP 	FixCross: autoDraw = True
225.6675 	EXP 	FixCross: autoDraw = False
225.6675 	EXP 	FixCross: autoDraw = False
225.6675 	EXP 	Box: pos = array([0., 0.])
225.6675 	EXP 	Box: autoDraw = True
226.0930 	DATA 	Keypress: a
226.1019 	EXP 	New trial (rep=3, index=1): {'images': 'red_congruent', 'congruentcy': 1, 'corrAns': 'k', 'box_pos': 'right', 'box_color': 'red', 'box_x': 0.6}
226.1096 	EXP 	Box: autoDraw = False
226.1096 	EXP 	FixCross: autoDraw = True
227.2984 	EXP 	FixCross: autoDraw = False
227.2984 	EXP 	FixCross: autoDraw = False
227.2984 	EXP 	Box: pos = array([0.6, 0. ])
227.2984 	EXP 	Box: autoDraw = True
227.7164 	DATA 	Keypress: k
227.7243 	EXP 	New trial (rep=3, index=2): {'images': 'blue_neutral', 'congruentcy': 0, 'corrAns': 'a', 'box_pos': 'middle', 'box_color': 'blue', 'box_x': 0}
227.7322 	EXP 	Box: autoDraw = False
227.7322 	EXP 	FixCross: autoDraw = True
228.7708 	EXP 	FixCross: autoDraw = False
228.7708 	EXP 	FixCross: autoDraw = False
228.7708 	EXP 	Box: pos = array([0., 0.])
228.7708 	EXP 	Box: autoDraw = True
229.2626 	EXP 	New trial (rep=3, index=3): {'images': 'red_congruent', 'congruentcy': 1, 'corrAns': 'k', 'box_pos': 'right', 'box_color': 'red', 'box_x': 0.6}
229.2647 	DATA 	Keypress: a
229.2672 	EXP 	Box: autoDraw = False
229.2672 	EXP 	FixCross: autoDraw = True
230.3308 	EXP 	FixCross: autoDraw = False
230.3308 	EXP 	FixCross: autoDraw = False
230.3308 	EXP 	Box: pos = array([0.6, 0. ])
230.3308 	EXP 	Box: autoDraw = True
230.7520 	EXP 	New trial (rep=3, index=4): {'images': 'red_congruent', 'congruentcy': 1, 'corrAns': 'k', 'box_pos': 'right', 'box_color': 'red', 'box_x': 0.6}
230.7542 	DATA 	Keypress: k
230.7607 	EXP 	Box: autoDraw = False
230.7607 	EXP 	FixCross: autoDraw = True
231.8365 	EXP 	FixCross: autoDraw = False
231.8365 	EXP 	FixCross: autoDraw = False
231.8365 	EXP 	Box: pos = array([0.6, 0. ])
231.8365 	EXP 	Box: autoDraw = True
232.2544 	DATA 	Keypress: k
232.2623 	EXP 	New trial (rep=3, index=5): {'images': 'blue_incongruent', 'congruentcy': 0, 'corrAns': 'a', 'box_pos': 'right', 'box_color': 'blue', 'box_x': 0.6}
232.2703 	EXP 	Box: autoDraw = False
232.2703 	EXP 	FixCross: autoDraw = True
233.5091 	EXP 	FixCross: autoDraw = False
233.5091 	EXP 	FixCross: autoDraw = False
233.5091 	EXP 	Box: pos = array([0.6, 0. ])
233.5091 	EXP 	Box: autoDraw = True
233.9597 	EXP 	New trial (rep=4, index=0): {'images': 'blue_congruent', 'congruentcy': 1, 'corrAns': 'a', 'box_pos': 'left', 'box_color': 'blue', 'box_x': -0.6}
233.9618 	DATA 	Keypress: a
233.9683 	EXP 	Box: autoDraw = False
233.9683 	EXP 	FixCross: autoDraw = True
235.0650 	EXP 	FixCross: autoDraw = False
235.0650 	EXP 	FixCross: autoDraw = False
235.0650 	EXP 	Box: pos = array([-0.6,  0. ])
235.0650 	EXP 	Box: autoDraw = True
235.4375 	DATA 	Keypress: a
235.4451 	EXP 	New trial (rep=4, index=1): {'images': 'red_neutral', 'congruentcy': 0, 'corrAns': 'k', 'box_pos': 'middle', 'box_color': 'red', 'box_x': 0}
235.4529 	EXP 	Box: autoDraw = False
235.4529 	EXP 	FixCross: autoDraw = True
236.5960 	EXP 	FixCross: autoDraw = False
236.5960 	EXP 	FixCross: autoDraw = False
236.5960 	EXP 	Box: pos = array([0., 0.])
236.5960 	EXP 	Box: autoDraw = True
236.9294 	EXP 	New trial (rep=4, index=2): {'images': 'blue_incongruent', 'congruentcy': 0, 'corrAns': 'a', 'box_pos': 'right', 'box_color': 'blue', 'box_x': 0.6}
236.9314 	DATA 	Keypress: k
236.9378 	EXP 	Box: autoDraw = False
236.9378 	EXP 	FixCross: autoDraw = True
238.1683 	EXP 	FixCross: autoDraw = False
238.1683 	EXP 	FixCross: autoDraw = False
238.1683 	EXP 	Box: pos = array([0.6, 0. ])
238.1683 	EXP 	Box: autoDraw = True
238.6268 	EXP 	New trial (rep=4, index=3): {'images': 'red_congruent', 'congruentcy': 1, 'corrAns': 'k', 'box_pos': 'right', 'box_color': 'red', 'box_x': 0.6}
238.6288 	DATA 	Keypress: a
238.6313 	EXP 	Box: autoDraw = False
238.6313 	EXP 	FixCross: autoDraw = True
239.7866 	EXP 	FixCross: autoDraw = False
239.7866 	EXP 	FixCross: autoDraw = False
239.7866 	EXP 	Box: pos = array([0.6, 0. ])
239.7866 	EXP 	Box: autoDraw = True
240.2291 	EXP 	New trial (rep=4, index=4): {'images': 'red_neutral', 'congruentcy': 0, 'corrAns': 'k', 'box_pos': 'middle', 'box_color': 'red', 'box_x': 0}
240.2312 	DATA 	Keypress: k
240.2371 	EXP 	Box: autoDraw = False
240.2371 	EXP 	FixCross: autoDraw = True
241.4301 	EXP 	FixCross: autoDraw = False
241.4301 	EXP 	FixCross: autoDraw = False
241.4301 	EXP 	Box: pos = array([0., 0.])
241.4301 	EXP 	Box: autoDraw = True
241.8475 	DATA 	Keypress: k
241.8555 	EXP 	New trial (rep=4, index=5): {'images': 'blue_neutral', 'congruentcy': 0, 'corrAns': 'a', 'box_pos': 'middle', 'box_color': 'blue', 'box_x': 0}
241.8642 	EXP 	Box: autoDraw = False
241.8642 	EXP 	FixCross: autoDraw = True
242.9904 	EXP 	FixCross: autoDraw = False
242.9904 	EXP 	FixCross: autoDraw = False
242.9904 	EXP 	Box: pos = array([0., 0.])
242.9904 	EXP 	Box: autoDraw = True
243.4658 	EXP 	New trial (rep=5, index=0): {'images': 'blue_incongruent', 'congruentcy': 0, 'corrAns': 'a', 'box_pos': 'right', 'box_color': 'blue', 'box_x': 0.6}
243.4679 	DATA 	Keypress: a
243.4742 	EXP 	Box: autoDraw = False
243.4742 	EXP 	FixCross: autoDraw = True
244.6379 	EXP 	FixCross: autoDraw = False
244.6379 	EXP 	FixCross: autoDraw = False
244.6379 	EXP 	Box: pos = array([0.6, 0. ])
244.6379 	EXP 	Box: autoDraw = True
245.0803 	DATA 	Keypress: a
245.0882 	EXP 	New trial (rep=5, index=1): {'images': 'blue_congruent', 'congruentcy': 1, 'corrAns': 'a', 'box_pos': 'left', 'box_color': 'blue', 'box_x': -0.6}
245.0967 	EXP 	Box: autoDraw = False
245.0967 	EXP 	FixCross: autoDraw = True
246.2896 	EXP 	FixCross: autoDraw = False
246.2896 	EXP 	FixCross: autoDraw = False
246.2896 	EXP 	Box: pos = array([-0.6,  0. ])
246.2896 	EXP 	Box: autoDraw = True
246.7446 	DATA 	Keypress: a
247.4538 	EXP 	New trial (rep=5, index=2): {'images': 'red_neutral', 'congruentcy': 0, 'corrAns': 'k', 'box_pos': 'middle', 'box_color': 'red', 'box_x': 0}
247.4558 	DATA 	Keypress: a
247.4615 	EXP 	Box: autoDraw = False
247.4615 	EXP 	FixCross: autoDraw = True
248.4959 	EXP 	FixCross: autoDraw = False
248.4959 	EXP 	FixCross: autoDraw = False
248.4959 	EXP 	Box: pos = array([0., 0.])
248.4959 	EXP 	Box: autoDraw = True
249.0051 	EXP 	New trial (rep=5, index=3): {'images': 'blue_incongruent', 'congruentcy': 0, 'corrAns': 'a', 'box_pos': 'right', 'box_color': 'blue', 'box_x': 0.6}
249.0071 	DATA 	Keypress: k
249.0133 	EXP 	Box: autoDraw = False
249.0133 	EXP 	FixCross: autoDraw = True
250.1146 	EXP 	FixCross: autoDraw = False
250.1146 	EXP 	FixCross: autoDraw = False
250.1146 	EXP 	Box: pos = array([0.6, 0. ])
250.1146 	EXP 	Box: autoDraw = True
250.6605 	EXP 	New trial (rep=5, index=4): {'images': 'red_congruent', 'congruentcy': 1, 'corrAns': 'k', 'box_pos': 'right', 'box_color': 'red', 'box_x': 0.6}
250.6625 	DATA 	Keypress: a
250.6650 	EXP 	Box: autoDraw = False
250.6650 	EXP 	FixCross: autoDraw = True
251.7831 	EXP 	FixCross: autoDraw = False
251.7831 	EXP 	FixCross: autoDraw = False
251.7831 	EXP 	Box: pos = array([0.6, 0. ])
251.7831 	EXP 	Box: autoDraw = True
252.2169 	DATA 	Keypress: k
252.2258 	EXP 	New trial (rep=5, index=5): {'images': 'blue_incongruent', 'congruentcy': 0, 'corrAns': 'a', 'box_pos': 'right', 'box_color': 'blue', 'box_x': 0.6}
252.2335 	EXP 	Box: autoDraw = False
252.2335 	EXP 	FixCross: autoDraw = True
253.3597 	EXP 	FixCross: autoDraw = False
253.3597 	EXP 	FixCross: autoDraw = False
253.3597 	EXP 	Box: pos = array([0.6, 0. ])
253.3597 	EXP 	Box: autoDraw = True
253.7937 	EXP 	New trial (rep=6, index=0): {'images': 'blue_congruent', 'congruentcy': 1, 'corrAns': 'a', 'box_pos': 'left', 'box_color': 'blue', 'box_x': -0.6}
253.7958 	DATA 	Keypress: a
253.8015 	EXP 	Box: autoDraw = False
253.8015 	EXP 	FixCross: autoDraw = True
254.8235 	EXP 	FixCross: autoDraw = False
254.8235 	EXP 	FixCross: autoDraw = False
254.8235 	EXP 	Box: pos = array([-0.6,  0. ])
254.8235 	EXP 	Box: autoDraw = True
255.2911 	EXP 	New trial (rep=6, index=1): {'images': 'blue_congruent', 'congruentcy': 1, 'corrAns': 'a', 'box_pos': 'left', 'box_color': 'blue', 'box_x': -0.6}
255.2933 	DATA 	Keypress: a
255.2989 	EXP 	Box: autoDraw = False
255.2989 	EXP 	FixCross: autoDraw = True
256.4085 	EXP 	FixCross: autoDraw = False
256.4085 	EXP 	FixCross: autoDraw = False
256.4085 	EXP 	Box: pos = array([-0.6,  0. ])
256.4085 	EXP 	Box: autoDraw = True
256.7964 	EXP 	New trial (rep=6, index=2): {'images': 'red_incongruent', 'congruentcy': 0, 'corrAns': 'k', 'box_pos': 'left', 'box_color': 'red', 'box_x': -0.6}
256.7985 	DATA 	Keypress: a
256.8050 	EXP 	Box: autoDraw = False
256.8050 	EXP 	FixCross: autoDraw = True
257.9689 	EXP 	FixCross: autoDraw = False
257.9689 	EXP 	FixCross: autoDraw = False
257.9689 	EXP 	Box: pos = array([-0.6,  0. ])
257.9689 	EXP 	Box: autoDraw = True
258.4110 	EXP 	New trial (rep=6, index=3): {'images': 'red_neutral', 'congruentcy': 0, 'corrAns': 'k', 'box_pos': 'middle', 'box_color': 'red', 'box_x': 0}
258.4138 	DATA 	Keypress: k
258.4190 	EXP 	Box: autoDraw = False
258.4190 	EXP 	FixCross: autoDraw = True
259.5286 	EXP 	FixCross: autoDraw = False
259.5286 	EXP 	FixCross: autoDraw = False
259.5286 	EXP 	Box: pos = array([0., 0.])
259.5286 	EXP 	Box: autoDraw = True
260.0372 	EXP 	New trial (rep=6, index=4): {'images': 'red_incongruent', 'congruentcy': 0, 'corrAns': 'k', 'box_pos': 'left', 'box_color': 'red', 'box_x': -0.6}
260.0392 	DATA 	Keypress: k
260.0457 	EXP 	Box: autoDraw = False
260.0457 	EXP 	FixCross: autoDraw = True
261.1719 	EXP 	FixCross: autoDraw = False
261.1719 	EXP 	FixCross: autoDraw = False
261.1719 	EXP 	Box: pos = array([-0.6,  0. ])
261.1719 	EXP 	Box: autoDraw = True
261.7475 	EXP 	New trial (rep=6, index=5): {'images': 'red_incongruent', 'congruentcy': 0, 'corrAns': 'k', 'box_pos': 'left', 'box_color': 'red', 'box_x': -0.6}
261.7496 	DATA 	Keypress: k
261.7558 	EXP 	Box: autoDraw = False
261.7558 	EXP 	FixCross: autoDraw = True
262.8987 	EXP 	FixCross: autoDraw = False
262.8987 	EXP 	FixCross: autoDraw = False
262.8987 	EXP 	Box: pos = array([-0.6,  0. ])
262.8987 	EXP 	Box: autoDraw = True
263.2491 	DATA 	Keypress: k
263.2579 	EXP 	New trial (rep=7, index=0): {'images': 'blue_neutral', 'congruentcy': 0, 'corrAns': 'a', 'box_pos': 'middle', 'box_color': 'blue', 'box_x': 0}
263.2660 	EXP 	Box: autoDraw = False
263.2660 	EXP 	FixCross: autoDraw = True
264.4170 	EXP 	FixCross: autoDraw = False
264.4170 	EXP 	FixCross: autoDraw = False
264.4170 	EXP 	Box: pos = array([0., 0.])
264.4170 	EXP 	Box: autoDraw = True
264.8054 	EXP 	New trial (rep=7, index=1): {'images': 'red_neutral', 'congruentcy': 0, 'corrAns': 'k', 'box_pos': 'middle', 'box_color': 'red', 'box_x': 0}
264.8084 	DATA 	Keypress: a
264.8132 	EXP 	Box: autoDraw = False
264.8132 	EXP 	FixCross: autoDraw = True
265.9102 	EXP 	FixCross: autoDraw = False
265.9102 	EXP 	FixCross: autoDraw = False
265.9102 	EXP 	Box: pos = array([0., 0.])
265.9102 	EXP 	Box: autoDraw = True
266.2686 	EXP 	New trial (rep=7, index=2): {'images': 'blue_incongruent', 'congruentcy': 0, 'corrAns': 'a', 'box_pos': 'right', 'box_color': 'blue', 'box_x': 0.6}
266.2706 	DATA 	Keypress: k
266.2732 	EXP 	Box: autoDraw = False
266.2732 	EXP 	FixCross: autoDraw = True
267.3617 	EXP 	FixCross: autoDraw = False
267.3617 	EXP 	FixCross: autoDraw = False
267.3617 	EXP 	Box: pos = array([0.6, 0. ])
267.3617 	EXP 	Box: autoDraw = True
267.8501 	DATA 	Keypress: a
267.8579 	EXP 	New trial (rep=7, index=3): {'images': 'red_incongruent', 'congruentcy': 0, 'corrAns': 'k', 'box_pos': 'left', 'box_color': 'red', 'box_x': -0.6}
267.8625 	EXP 	Box: autoDraw = False
267.8625 	EXP 	FixCross: autoDraw = True
269.0635 	EXP 	FixCross: autoDraw = False
269.0635 	EXP 	FixCross: autoDraw = False
269.0635 	EXP 	Box: pos = array([-0.6,  0. ])
269.0635 	EXP 	Box: autoDraw = True
269.4553 	EXP 	New trial (rep=7, index=4): {'images': 'red_neutral', 'congruentcy': 0, 'corrAns': 'k', 'box_pos': 'middle', 'box_color': 'red', 'box_x': 0}
269.4574 	DATA 	Keypress: k
269.4599 	EXP 	Box: autoDraw = False
269.4599 	EXP 	FixCross: autoDraw = True
270.5236 	EXP 	FixCross: autoDraw = False
270.5236 	EXP 	FixCross: autoDraw = False
270.5236 	EXP 	Box: pos = array([0., 0.])
270.5236 	EXP 	Box: autoDraw = True
270.8949 	EXP 	New trial (rep=7, index=5): {'images': 'red_incongruent', 'congruentcy': 0, 'corrAns': 'k', 'box_pos': 'left', 'box_color': 'red', 'box_x': -0.6}
270.8977 	DATA 	Keypress: k
270.9030 	EXP 	Box: autoDraw = False
270.9030 	EXP 	FixCross: autoDraw = True
271.9541 	EXP 	FixCross: autoDraw = False
271.9541 	EXP 	FixCross: autoDraw = False
271.9541 	EXP 	Box: pos = array([-0.6,  0. ])
271.9541 	EXP 	Box: autoDraw = True
272.4382 	DATA 	Keypress: k
272.4424 	EXP 	Box: autoDraw = False
272.4424 	EXP 	text_2: text = 'Biraz mola verebilirsiniz. \n\n 47 adet doğru cevap verdiniz. \n Ortalama cevap süreniz 4.63e+02ms.\n\n Devam etmek için BOŞLUK tuşuna basınız.'
272.4424 	EXP 	text_2: autoDraw = True
281.4602 	DATA 	Keypress: space
281.4765 	EXP 	Imported SimonTask.xlsx as conditions, 6 conditions, 6 params
281.4769 	EXP 	Created sequence: fullRandom, trialTypes=6, nReps=8, seed=None
281.4772 	EXP 	New trial (rep=0, index=0): {'images': 'blue_neutral', 'congruentcy': 0, 'corrAns': 'a', 'box_pos': 'middle', 'box_color': 'blue', 'box_x': 0}
281.4853 	EXP 	text_2: autoDraw = False
281.4853 	EXP 	FixCross: autoDraw = True
282.5946 	EXP 	FixCross: autoDraw = False
282.5946 	EXP 	FixCross: autoDraw = False
282.5946 	EXP 	Box: pos = array([0., 0.])
282.5946 	EXP 	Box: autoDraw = True
283.0959 	EXP 	New trial (rep=0, index=1): {'images': 'red_neutral', 'congruentcy': 0, 'corrAns': 'k', 'box_pos': 'middle', 'box_color': 'red', 'box_x': 0}
283.0984 	DATA 	Keypress: a
283.1034 	EXP 	Box: autoDraw = False
283.1034 	EXP 	FixCross: autoDraw = True
284.2714 	EXP 	FixCross: autoDraw = False
284.2714 	EXP 	FixCross: autoDraw = False
284.2714 	EXP 	Box: pos = array([0., 0.])
284.2714 	EXP 	Box: autoDraw = True
284.7467 	EXP 	New trial (rep=0, index=2): {'images': 'red_congruent', 'congruentcy': 1, 'corrAns': 'k', 'box_pos': 'right', 'box_color': 'red', 'box_x': 0.6}
284.7489 	DATA 	Keypress: k
284.7552 	EXP 	Box: autoDraw = False
284.7552 	EXP 	FixCross: autoDraw = True
285.7813 	EXP 	FixCross: autoDraw = False
285.7813 	EXP 	FixCross: autoDraw = False
285.7813 	EXP 	Box: pos = array([0.6, 0. ])
285.7813 	EXP 	Box: autoDraw = True
286.1981 	EXP 	New trial (rep=0, index=3): {'images': 'red_congruent', 'congruentcy': 1, 'corrAns': 'k', 'box_pos': 'right', 'box_color': 'red', 'box_x': 0.6}
286.2001 	DATA 	Keypress: k
286.2027 	EXP 	Box: autoDraw = False
286.2027 	EXP 	FixCross: autoDraw = True
287.3037 	EXP 	FixCross: autoDraw = False
287.3037 	EXP 	FixCross: autoDraw = False
287.3037 	EXP 	Box: pos = array([0.6, 0. ])
287.3037 	EXP 	Box: autoDraw = True
287.6544 	EXP 	New trial (rep=0, index=4): {'images': 'red_congruent', 'congruentcy': 1, 'corrAns': 'k', 'box_pos': 'right', 'box_color': 'red', 'box_x': 0.6}
287.6564 	DATA 	Keypress: k
287.6627 	EXP 	Box: autoDraw = False
287.6627 	EXP 	FixCross: autoDraw = True
288.8053 	EXP 	FixCross: autoDraw = False
288.8053 	EXP 	FixCross: autoDraw = False
288.8053 	EXP 	Box: pos = array([0.6, 0. ])
288.8053 	EXP 	Box: autoDraw = True
289.2307 	EXP 	New trial (rep=0, index=5): {'images': 'blue_congruent', 'congruentcy': 1, 'corrAns': 'a', 'box_pos': 'left', 'box_color': 'blue', 'box_x': -0.6}
289.2328 	DATA 	Keypress: k
289.2393 	EXP 	Box: autoDraw = False
289.2393 	EXP 	FixCross: autoDraw = True
290.3611 	EXP 	FixCross: autoDraw = False
290.3611 	EXP 	FixCross: autoDraw = False
290.3611 	EXP 	Box: pos = array([-0.6,  0. ])
290.3611 	EXP 	Box: autoDraw = True
290.6912 	EXP 	New trial (rep=1, index=0): {'images': 'red_neutral', 'congruentcy': 0, 'corrAns': 'k', 'box_pos': 'middle', 'box_color': 'red', 'box_x': 0}
290.6942 	DATA 	Keypress: a
290.6991 	EXP 	Box: autoDraw = False
290.6991 	EXP 	FixCross: autoDraw = True
291.7546 	EXP 	FixCross: autoDraw = False
291.7546 	EXP 	FixCross: autoDraw = False
291.7546 	EXP 	Box: pos = array([0., 0.])
291.7546 	EXP 	Box: autoDraw = True
292.1635 	EXP 	New trial (rep=1, index=1): {'images': 'blue_congruent', 'congruentcy': 1, 'corrAns': 'a', 'box_pos': 'left', 'box_color': 'blue', 'box_x': -0.6}
292.1665 	DATA 	Keypress: k
292.1714 	EXP 	Box: autoDraw = False
292.1714 	EXP 	FixCross: autoDraw = True
293.3310 	EXP 	FixCross: autoDraw = False
293.3310 	EXP 	FixCross: autoDraw = False
293.3310 	EXP 	Box: pos = array([-0.6,  0. ])
293.3310 	EXP 	Box: autoDraw = True
293.6978 	EXP 	New trial (rep=1, index=2): {'images': 'blue_neutral', 'congruentcy': 0, 'corrAns': 'a', 'box_pos': 'middle', 'box_color': 'blue', 'box_x': 0}
293.6998 	DATA 	Keypress: a
293.7023 	EXP 	Box: autoDraw = False
293.7023 	EXP 	FixCross: autoDraw = True
294.8242 	EXP 	FixCross: autoDraw = False
294.8242 	EXP 	FixCross: autoDraw = False
294.8242 	EXP 	Box: pos = array([0., 0.])
294.8242 	EXP 	Box: autoDraw = True
295.2455 	DATA 	Keypress: a
295.2541 	EXP 	New trial (rep=1, index=3): {'images': 'blue_neutral', 'congruentcy': 0, 'corrAns': 'a', 'box_pos': 'middle', 'box_color': 'blue', 'box_x': 0}
295.2624 	EXP 	Box: autoDraw = False
295.2624 	EXP 	FixCross: autoDraw = True
296.3050 	EXP 	FixCross: autoDraw = False
296.3050 	EXP 	FixCross: autoDraw = False
296.3050 	EXP 	Box: pos = array([0., 0.])
296.3050 	EXP 	Box: autoDraw = True
296.6475 	DATA 	Keypress: a
296.6554 	EXP 	New trial (rep=1, index=4): {'images': 'blue_congruent', 'congruentcy': 1, 'corrAns': 'a', 'box_pos': 'left', 'box_color': 'blue', 'box_x': -0.6}
296.6639 	EXP 	Box: autoDraw = False
296.6639 	EXP 	FixCross: autoDraw = True
297.7690 	EXP 	FixCross: autoDraw = False
297.7690 	EXP 	FixCross: autoDraw = False
297.7690 	EXP 	Box: pos = array([-0.6,  0. ])
297.7690 	EXP 	Box: autoDraw = True
298.2028 	EXP 	New trial (rep=1, index=5): {'images': 'blue_neutral', 'congruentcy': 0, 'corrAns': 'a', 'box_pos': 'middle', 'box_color': 'blue', 'box_x': 0}
298.2049 	DATA 	Keypress: a
298.2111 	EXP 	Box: autoDraw = False
298.2111 	EXP 	FixCross: autoDraw = True
299.3874 	EXP 	FixCross: autoDraw = False
299.3874 	EXP 	FixCross: autoDraw = False
299.3874 	EXP 	Box: pos = array([0., 0.])
299.3874 	EXP 	Box: autoDraw = True
299.7461 	EXP 	New trial (rep=2, index=0): {'images': 'blue_incongruent', 'congruentcy': 0, 'corrAns': 'a', 'box_pos': 'right', 'box_color': 'blue', 'box_x': 0.6}
299.7482 	DATA 	Keypress: a
299.7547 	EXP 	Box: autoDraw = False
299.7547 	EXP 	FixCross: autoDraw = True
300.8223 	EXP 	FixCross: autoDraw = False
300.8223 	EXP 	FixCross: autoDraw = False
300.8223 	EXP 	Box: pos = array([0.6, 0. ])
300.8223 	EXP 	Box: autoDraw = True
301.2226 	DATA 	Keypress: a
301.2315 	EXP 	New trial (rep=2, index=1): {'images': 'blue_congruent', 'congruentcy': 1, 'corrAns': 'a', 'box_pos': 'left', 'box_color': 'blue', 'box_x': -0.6}
301.2393 	EXP 	Box: autoDraw = False
301.2393 	EXP 	FixCross: autoDraw = True
302.3864 	EXP 	FixCross: autoDraw = False
302.3864 	EXP 	FixCross: autoDraw = False
302.3864 	EXP 	Box: pos = array([-0.6,  0. ])
302.3864 	EXP 	Box: autoDraw = True
302.7538 	EXP 	New trial (rep=2, index=2): {'images': 'red_neutral', 'congruentcy': 0, 'corrAns': 'k', 'box_pos': 'middle', 'box_color': 'red', 'box_x': 0}
302.7559 	DATA 	Keypress: k
302.7618 	EXP 	Box: autoDraw = False
302.7618 	EXP 	FixCross: autoDraw = True
303.8963 	EXP 	FixCross: autoDraw = False
303.8963 	EXP 	FixCross: autoDraw = False
303.8963 	EXP 	Box: pos = array([0., 0.])
303.8963 	EXP 	Box: autoDraw = True
304.2722 	DATA 	Keypress: k
304.2802 	EXP 	New trial (rep=2, index=3): {'images': 'red_neutral', 'congruentcy': 0, 'corrAns': 'k', 'box_pos': 'middle', 'box_color': 'red', 'box_x': 0}
304.2887 	EXP 	Box: autoDraw = False
304.2887 	EXP 	FixCross: autoDraw = True
305.4525 	EXP 	FixCross: autoDraw = False
305.4525 	EXP 	FixCross: autoDraw = False
305.4525 	EXP 	Box: pos = array([0., 0.])
305.4525 	EXP 	Box: autoDraw = True
305.8695 	EXP 	New trial (rep=2, index=4): {'images': 'blue_incongruent', 'congruentcy': 0, 'corrAns': 'a', 'box_pos': 'right', 'box_color': 'blue', 'box_x': 0.6}
305.8716 	DATA 	Keypress: k
305.8776 	EXP 	Box: autoDraw = False
305.8776 	EXP 	FixCross: autoDraw = True
307.1040 	EXP 	FixCross: autoDraw = False
307.1040 	EXP 	FixCross: autoDraw = False
307.1040 	EXP 	Box: pos = array([0.6, 0. ])
307.1040 	EXP 	Box: autoDraw = True
307.4919 	EXP 	New trial (rep=2, index=5): {'images': 'red_neutral', 'congruentcy': 0, 'corrAns': 'k', 'box_pos': 'middle', 'box_color': 'red', 'box_x': 0}
307.4940 	DATA 	Keypress: a
307.5004 	EXP 	Box: autoDraw = False
307.5004 	EXP 	FixCross: autoDraw = True
308.5221 	EXP 	FixCross: autoDraw = False
308.5221 	EXP 	FixCross: autoDraw = False
308.5221 	EXP 	Box: pos = array([0., 0.])
308.5221 	EXP 	Box: autoDraw = True
308.9524 	DATA 	Keypress: k
308.9605 	EXP 	New trial (rep=3, index=0): {'images': 'red_congruent', 'congruentcy': 1, 'corrAns': 'k', 'box_pos': 'right', 'box_color': 'red', 'box_x': 0.6}
308.9684 	EXP 	Box: autoDraw = False
308.9684 	EXP 	FixCross: autoDraw = True
310.0613 	EXP 	FixCross: autoDraw = False
310.0613 	EXP 	FixCross: autoDraw = False
310.0613 	EXP 	Box: pos = array([0.6, 0. ])
310.0613 	EXP 	Box: autoDraw = True
310.4706 	EXP 	New trial (rep=3, index=1): {'images': 'red_congruent', 'congruentcy': 1, 'corrAns': 'k', 'box_pos': 'right', 'box_color': 'red', 'box_x': 0.6}
310.4726 	DATA 	Keypress: k
310.4783 	EXP 	Box: autoDraw = False
310.4783 	EXP 	FixCross: autoDraw = True
311.6462 	EXP 	FixCross: autoDraw = False
311.6462 	EXP 	FixCross: autoDraw = False
311.6462 	EXP 	Box: pos = array([0.6, 0. ])
311.6462 	EXP 	Box: autoDraw = True
312.0049 	EXP 	New trial (rep=3, index=2): {'images': 'blue_neutral', 'congruentcy': 0, 'corrAns': 'a', 'box_pos': 'middle', 'box_color': 'blue', 'box_x': 0}
312.0070 	DATA 	Keypress: k
312.0136 	EXP 	Box: autoDraw = False
312.0136 	EXP 	FixCross: autoDraw = True
313.0894 	EXP 	FixCross: autoDraw = False
313.0894 	EXP 	FixCross: autoDraw = False
313.0894 	EXP 	Box: pos = array([0., 0.])
313.0894 	EXP 	Box: autoDraw = True
313.4983 	EXP 	New trial (rep=3, index=3): {'images': 'red_incongruent', 'congruentcy': 0, 'corrAns': 'k', 'box_pos': 'left', 'box_color': 'red', 'box_x': -0.6}
313.5003 	DATA 	Keypress: a
313.5065 	EXP 	Box: autoDraw = False
313.5065 	EXP 	FixCross: autoDraw = True
314.5660 	EXP 	FixCross: autoDraw = False
314.5660 	EXP 	FixCross: autoDraw = False
314.5660 	EXP 	Box: pos = array([-0.6,  0. ])
314.5660 	EXP 	Box: autoDraw = True
314.9837 	DATA 	Keypress: k
314.9919 	EXP 	New trial (rep=3, index=4): {'images': 'blue_congruent', 'congruentcy': 1, 'corrAns': 'a', 'box_pos': 'left', 'box_color': 'blue', 'box_x': -0.6}
314.9998 	EXP 	Box: autoDraw = False
314.9998 	EXP 	FixCross: autoDraw = True
316.0426 	EXP 	FixCross: autoDraw = False
316.0426 	EXP 	FixCross: autoDraw = False
316.0426 	EXP 	Box: pos = array([-0.6,  0. ])
316.0426 	EXP 	Box: autoDraw = True
316.6100 	DATA 	Keypress: a
316.6180 	EXP 	New trial (rep=3, index=5): {'images': 'blue_incongruent', 'congruentcy': 0, 'corrAns': 'a', 'box_pos': 'right', 'box_color': 'blue', 'box_x': 0.6}
316.6219 	EXP 	Box: autoDraw = False
316.6219 	EXP 	FixCross: autoDraw = True
317.7152 	EXP 	FixCross: autoDraw = False
317.7152 	EXP 	FixCross: autoDraw = False
317.7152 	EXP 	Box: pos = array([0.6, 0. ])
317.7152 	EXP 	Box: autoDraw = True
318.1452 	DATA 	Keypress: a
318.1541 	EXP 	New trial (rep=4, index=0): {'images': 'blue_incongruent', 'congruentcy': 0, 'corrAns': 'a', 'box_pos': 'right', 'box_color': 'blue', 'box_x': 0.6}
318.1617 	EXP 	Box: autoDraw = False
318.1617 	EXP 	FixCross: autoDraw = True
319.2338 	EXP 	FixCross: autoDraw = False
319.2338 	EXP 	FixCross: autoDraw = False
319.2338 	EXP 	Box: pos = array([0.6, 0. ])
319.2338 	EXP 	Box: autoDraw = True
319.5845 	EXP 	New trial (rep=4, index=1): {'images': 'red_congruent', 'congruentcy': 1, 'corrAns': 'k', 'box_pos': 'right', 'box_color': 'red', 'box_x': 0.6}
319.5865 	DATA 	Keypress: a
319.5924 	EXP 	Box: autoDraw = False
319.5924 	EXP 	FixCross: autoDraw = True
320.6225 	EXP 	FixCross: autoDraw = False
320.6225 	EXP 	FixCross: autoDraw = False
320.6225 	EXP 	Box: pos = array([0.6, 0. ])
320.6225 	EXP 	Box: autoDraw = True
321.0731 	DATA 	Keypress: k
321.0821 	EXP 	New trial (rep=4, index=2): {'images': 'blue_incongruent', 'congruentcy': 0, 'corrAns': 'a', 'box_pos': 'right', 'box_color': 'blue', 'box_x': 0.6}
321.0897 	EXP 	Box: autoDraw = False
321.0897 	EXP 	FixCross: autoDraw = True
322.1410 	EXP 	FixCross: autoDraw = False
322.1410 	EXP 	FixCross: autoDraw = False
322.1410 	EXP 	Box: pos = array([0.6, 0. ])
322.1410 	EXP 	Box: autoDraw = True
322.6256 	DATA 	Keypress: a
322.6334 	EXP 	New trial (rep=4, index=3): {'images': 'red_neutral', 'congruentcy': 0, 'corrAns': 'k', 'box_pos': 'middle', 'box_color': 'red', 'box_x': 0}
322.6414 	EXP 	Box: autoDraw = False
322.6414 	EXP 	FixCross: autoDraw = True
323.6885 	EXP 	FixCross: autoDraw = False
323.6885 	EXP 	FixCross: autoDraw = False
323.6885 	EXP 	Box: pos = array([0., 0.])
323.6885 	EXP 	Box: autoDraw = True
324.1888 	EXP 	New trial (rep=4, index=4): {'images': 'red_congruent', 'congruentcy': 1, 'corrAns': 'k', 'box_pos': 'right', 'box_color': 'red', 'box_x': 0.6}
324.1909 	DATA 	Keypress: k
324.1972 	EXP 	Box: autoDraw = False
324.1972 	EXP 	FixCross: autoDraw = True
325.4321 	EXP 	FixCross: autoDraw = False
325.4321 	EXP 	FixCross: autoDraw = False
325.4321 	EXP 	Box: pos = array([0.6, 0. ])
325.4321 	EXP 	Box: autoDraw = True
325.9073 	DATA 	Keypress: k
325.9162 	EXP 	New trial (rep=4, index=5): {'images': 'red_incongruent', 'congruentcy': 0, 'corrAns': 'k', 'box_pos': 'left', 'box_color': 'red', 'box_x': -0.6}
325.9241 	EXP 	Box: autoDraw = False
325.9241 	EXP 	FixCross: autoDraw = True
326.9833 	EXP 	FixCross: autoDraw = False
326.9833 	EXP 	FixCross: autoDraw = False
326.9833 	EXP 	Box: pos = array([-0.6,  0. ])
326.9833 	EXP 	Box: autoDraw = True
327.5056 	EXP 	New trial (rep=5, index=0): {'images': 'blue_neutral', 'congruentcy': 0, 'corrAns': 'a', 'box_pos': 'middle', 'box_color': 'blue', 'box_x': 0}
327.5076 	DATA 	Keypress: k
327.5133 	EXP 	Box: autoDraw = False
327.5133 	EXP 	FixCross: autoDraw = True
328.7815 	EXP 	FixCross: autoDraw = False
328.7815 	EXP 	FixCross: autoDraw = False
328.7815 	EXP 	Box: pos = array([0., 0.])
328.7815 	EXP 	Box: autoDraw = True
329.1899 	EXP 	New trial (rep=5, index=1): {'images': 'red_neutral', 'congruentcy': 0, 'corrAns': 'k', 'box_pos': 'middle', 'box_color': 'red', 'box_x': 0}
329.1930 	DATA 	Keypress: a
329.1984 	EXP 	Box: autoDraw = False
329.1984 	EXP 	FixCross: autoDraw = True
330.2330 	EXP 	FixCross: autoDraw = False
330.2330 	EXP 	FixCross: autoDraw = False
330.2330 	EXP 	Box: pos = array([0., 0.])
330.2330 	EXP 	Box: autoDraw = True
330.8666 	DATA 	Keypress: k
330.8755 	EXP 	New trial (rep=5, index=2): {'images': 'blue_congruent', 'congruentcy': 1, 'corrAns': 'a', 'box_pos': 'left', 'box_color': 'blue', 'box_x': -0.6}
330.8834 	EXP 	Box: autoDraw = False
330.8834 	EXP 	FixCross: autoDraw = True
332.0178 	EXP 	FixCross: autoDraw = False
332.0178 	EXP 	FixCross: autoDraw = False
332.0178 	EXP 	Box: pos = array([-0.6,  0. ])
332.0178 	EXP 	Box: autoDraw = True
332.6981 	DATA 	Keypress: a
332.7059 	EXP 	New trial (rep=5, index=3): {'images': 'red_incongruent', 'congruentcy': 0, 'corrAns': 'k', 'box_pos': 'left', 'box_color': 'red', 'box_x': -0.6}
332.7104 	EXP 	Box: autoDraw = False
332.7104 	EXP 	FixCross: autoDraw = True
333.8865 	EXP 	FixCross: autoDraw = False
333.8865 	EXP 	FixCross: autoDraw = False
333.8865 	EXP 	Box: pos = array([-0.6,  0. ])
333.8865 	EXP 	Box: autoDraw = True
334.4461 	EXP 	New trial (rep=5, index=4): {'images': 'red_congruent', 'congruentcy': 1, 'corrAns': 'k', 'box_pos': 'right', 'box_color': 'red', 'box_x': 0.6}
334.4481 	DATA 	Keypress: k
334.4538 	EXP 	Box: autoDraw = False
334.4538 	EXP 	FixCross: autoDraw = True
335.5385 	EXP 	FixCross: autoDraw = False
335.5385 	EXP 	FixCross: autoDraw = False
335.5385 	EXP 	Box: pos = array([0.6, 0. ])
335.5385 	EXP 	Box: autoDraw = True
336.0014 	EXP 	New trial (rep=5, index=5): {'images': 'red_incongruent', 'congruentcy': 0, 'corrAns': 'k', 'box_pos': 'left', 'box_color': 'red', 'box_x': -0.6}
336.0037 	DATA 	Keypress: k
336.0099 	EXP 	Box: autoDraw = False
336.0099 	EXP 	FixCross: autoDraw = True
337.0735 	EXP 	FixCross: autoDraw = False
337.0735 	EXP 	FixCross: autoDraw = False
337.0735 	EXP 	Box: pos = array([-0.6,  0. ])
337.0735 	EXP 	Box: autoDraw = True
337.4821 	EXP 	New trial (rep=6, index=0): {'images': 'blue_incongruent', 'congruentcy': 0, 'corrAns': 'a', 'box_pos': 'right', 'box_color': 'blue', 'box_x': 0.6}
337.4842 	DATA 	Keypress: k
337.4903 	EXP 	Box: autoDraw = False
337.4903 	EXP 	FixCross: autoDraw = True
338.5039 	EXP 	FixCross: autoDraw = False
338.5039 	EXP 	FixCross: autoDraw = False
338.5039 	EXP 	Box: pos = array([0.6, 0. ])
338.5039 	EXP 	Box: autoDraw = True
338.9044 	EXP 	New trial (rep=6, index=1): {'images': 'red_incongruent', 'congruentcy': 0, 'corrAns': 'k', 'box_pos': 'left', 'box_color': 'red', 'box_x': -0.6}
338.9064 	DATA 	Keypress: a
338.9129 	EXP 	Box: autoDraw = False
338.9129 	EXP 	FixCross: autoDraw = True
339.9680 	EXP 	FixCross: autoDraw = False
339.9680 	EXP 	FixCross: autoDraw = False
339.9680 	EXP 	Box: pos = array([-0.6,  0. ])
339.9680 	EXP 	Box: autoDraw = True
340.4017 	EXP 	New trial (rep=6, index=2): {'images': 'red_incongruent', 'congruentcy': 0, 'corrAns': 'k', 'box_pos': 'left', 'box_color': 'red', 'box_x': -0.6}
340.4038 	DATA 	Keypress: a
340.4103 	EXP 	Box: autoDraw = False
340.4103 	EXP 	FixCross: autoDraw = True
341.4570 	EXP 	FixCross: autoDraw = False
341.4570 	EXP 	FixCross: autoDraw = False
341.4570 	EXP 	Box: pos = array([-0.6,  0. ])
341.4570 	EXP 	Box: autoDraw = True
342.0124 	EXP 	New trial (rep=6, index=3): {'images': 'blue_neutral', 'congruentcy': 0, 'corrAns': 'a', 'box_pos': 'middle', 'box_color': 'blue', 'box_x': 0}
342.0152 	DATA 	Keypress: k
342.0201 	EXP 	Box: autoDraw = False
342.0201 	EXP 	FixCross: autoDraw = True
343.2422 	EXP 	FixCross: autoDraw = False
343.2422 	EXP 	FixCross: autoDraw = False
343.2422 	EXP 	Box: pos = array([0., 0.])
343.2422 	EXP 	Box: autoDraw = True
343.8095 	EXP 	New trial (rep=6, index=4): {'images': 'red_incongruent', 'congruentcy': 0, 'corrAns': 'k', 'box_pos': 'left', 'box_color': 'red', 'box_x': -0.6}
343.8116 	DATA 	Keypress: a
343.8117 	DATA 	Keypress: q
343.8181 	EXP 	Box: autoDraw = False
343.8181 	EXP 	FixCross: autoDraw = True
344.9320 	EXP 	FixCross: autoDraw = False
344.9320 	EXP 	FixCross: autoDraw = False
344.9320 	EXP 	Box: pos = array([-0.6,  0. ])
344.9320 	EXP 	Box: autoDraw = True
345.4819 	EXP 	New trial (rep=6, index=5): {'images': 'red_neutral', 'congruentcy': 0, 'corrAns': 'k', 'box_pos': 'middle', 'box_color': 'red', 'box_x': 0}
345.4841 	DATA 	Keypress: k
345.4907 	EXP 	Box: autoDraw = False
345.4907 	EXP 	FixCross: autoDraw = True
346.5917 	EXP 	FixCross: autoDraw = False
346.5917 	EXP 	FixCross: autoDraw = False
346.5917 	EXP 	Box: pos = array([0., 0.])
346.5917 	EXP 	Box: autoDraw = True
347.0503 	EXP 	New trial (rep=7, index=0): {'images': 'blue_neutral', 'congruentcy': 0, 'corrAns': 'a', 'box_pos': 'middle', 'box_color': 'blue', 'box_x': 0}
347.0523 	DATA 	Keypress: k
347.0588 	EXP 	Box: autoDraw = False
347.0588 	EXP 	FixCross: autoDraw = True
348.1641 	EXP 	FixCross: autoDraw = False
348.1641 	EXP 	FixCross: autoDraw = False
348.1641 	EXP 	Box: pos = array([0., 0.])
348.1641 	EXP 	Box: autoDraw = True
348.6066 	EXP 	New trial (rep=7, index=1): {'images': 'blue_incongruent', 'congruentcy': 0, 'corrAns': 'a', 'box_pos': 'right', 'box_color': 'blue', 'box_x': 0.6}
348.6088 	DATA 	Keypress: a
348.6150 	EXP 	Box: autoDraw = False
348.6150 	EXP 	FixCross: autoDraw = True
349.7871 	EXP 	FixCross: autoDraw = False
349.7871 	EXP 	FixCross: autoDraw = False
349.7871 	EXP 	Box: pos = array([0.6, 0. ])
349.7871 	EXP 	Box: autoDraw = True
350.4790 	EXP 	New trial (rep=7, index=2): {'images': 'blue_incongruent', 'congruentcy': 0, 'corrAns': 'a', 'box_pos': 'right', 'box_color': 'blue', 'box_x': 0.6}
350.4811 	DATA 	Keypress: a
350.4876 	EXP 	Box: autoDraw = False
350.4876 	EXP 	FixCross: autoDraw = True
351.5594 	EXP 	FixCross: autoDraw = False
351.5594 	EXP 	FixCross: autoDraw = False
351.5594 	EXP 	Box: pos = array([0.6, 0. ])
351.5594 	EXP 	Box: autoDraw = True
351.9554 	EXP 	New trial (rep=7, index=3): {'images': 'red_incongruent', 'congruentcy': 0, 'corrAns': 'k', 'box_pos': 'left', 'box_color': 'red', 'box_x': -0.6}
351.9575 	DATA 	Keypress: a
351.9599 	EXP 	Box: autoDraw = False
351.9599 	EXP 	FixCross: autoDraw = True
353.0401 	EXP 	FixCross: autoDraw = False
353.0401 	EXP 	FixCross: autoDraw = False
353.0401 	EXP 	Box: pos = array([-0.6,  0. ])
353.0401 	EXP 	Box: autoDraw = True
353.4828 	EXP 	New trial (rep=7, index=4): {'images': 'blue_congruent', 'congruentcy': 1, 'corrAns': 'a', 'box_pos': 'left', 'box_color': 'blue', 'box_x': -0.6}
353.4858 	DATA 	Keypress: k
353.4906 	EXP 	Box: autoDraw = False
353.4906 	EXP 	FixCross: autoDraw = True
354.6001 	EXP 	FixCross: autoDraw = False
354.6001 	EXP 	FixCross: autoDraw = False
354.6001 	EXP 	Box: pos = array([-0.6,  0. ])
354.6001 	EXP 	Box: autoDraw = True
355.2633 	DATA 	Keypress: a
355.2721 	EXP 	New trial (rep=7, index=5): {'images': 'blue_congruent', 'congruentcy': 1, 'corrAns': 'a', 'box_pos': 'left', 'box_color': 'blue', 'box_x': -0.6}
355.2801 	EXP 	Box: autoDraw = False
355.2801 	EXP 	FixCross: autoDraw = True
356.3687 	EXP 	FixCross: autoDraw = False
356.3687 	EXP 	FixCross: autoDraw = False
356.3687 	EXP 	Box: pos = array([-0.6,  0. ])
356.3687 	EXP 	Box: autoDraw = True
356.7849 	DATA 	Keypress: a
356.7900 	EXP 	Box: autoDraw = False
356.7900 	EXP 	text_2: text = 'Biraz mola verebilirsiniz. \n\n 46 adet doğru cevap verdiniz. \n Ortalama cevap süreniz 3.96e+02ms.\n\n Devam etmek için BOŞLUK tuşuna basınız.'
356.7900 	EXP 	text_2: autoDraw = True
358.2691 	DATA 	Keypress: space
358.2753 	EXP 	text_2: autoDraw = False
358.2753 	EXP 	text: autoDraw = True
378.7634 	DATA 	Keypress: space
378.7678 	EXP 	text: autoDraw = False
378.8247 	EXP 	window1: mouseVisible = True
