1.8412 	WARNING 	We strongly recommend you activate the PTB sound engine in PsychoPy prefs as the preferred audio engine. Its timing is vastly superior. Your prefs are currently set to use ['sounddevice', 'PTB', 'pyo', 'pygame'] (in that order).
8.4567 	WARNING 	User requested fullscreen with size [1440  900], but screen is actually [1920, 1080]. Using actual size
9.1030 	EXP 	Created window1 = Window(allowGUI=False, allowStencil=False, autoLog=True, backendConf=UNKNOWN, bitsMode=UNKNOWN, blendMode='avg', bpc=(8, 8, 8), color=array([1, 1, 1]), colorSpace='rgb', depthBits=8, fullscr=<method-wrapper '__getattribute__' of attributeSetter object at 0x000001B883B18518>, gamma=None, gammaErrorPolicy='raise', lms=UNKNOWN, monitor=<psychopy.monitors.calibTools.Monitor object at 0x000001B883769EB8>, multiSample=False, name='window1', numSamples=2, pos=[0.0, 0.0], screen=0, size=array([1920, 1080]), stencilBits=0, stereo=False, units='height', useFBO=True, useRetina=False, viewOri=0.0, viewPos=None, viewScale=None, waitBlanking=True, winType='pyglet')
9.1033 	EXP 	window1: mouseVisible = True
9.1034 	EXP 	window1: recordFrameIntervals = False
9.1444 	EXP 	window1: recordFrameIntervals = True
9.1904 	EXP 	window1: recordFrameIntervals = False
9.4895 	EXP 	window1: mouseVisible = False
9.5861 	EXP 	Created Instruction = TextStim(__class__=<class 'psychopy.visual.text.TextStim'>, alignHoriz=method-wrapper(...), alignText='center', alignVert=method-wrapper(...), anchorHoriz='center', anchorVert='center', antialias=True, autoLog=True, bold=False, color=array([-1, -1, -1]), colorSpace='rgb', contrast=1.0, depth=0.0, flipHoriz=False, flipVert=False, font='Open Sans', fontFiles=[], height=0.04, italic=False, languageStyle='LTR', name='Instruction', opacity=1, ori=0.0, pos=array([0., 0.]), rgb=UNKNOWN, text=str(...), units='height', win=Window(...), wrapWidth=1)
9.5898 	EXP 	Created FixCross = ShapeStim(__class__=<class 'psychopy.visual.shape.ShapeStim'>, autoDraw=False, autoLog=True, closeShape=True, color=method-wrapper(...), colorSpace='rgb', contrast=None, depth=0.0, fillColor=array([-1, -1, -1]), fillColorSpace='rgb', fillRGB=UNKNOWN, interpolate=True, lineColor=array([-1, -1, -1]), lineColorSpace='rgb', lineRGB=UNKNOWN, lineWidth=1.0, name='FixCross', opacity=1, ori=0.0, pos=array([0., 0.]), size=array([20., 20.]), units='pix', vertices=ndarray(...), win=Window(...), windingRule=None)
9.5908 	EXP 	Created Box_p = Rect(__class__=<class 'psychopy.visual.rect.Rect'>, autoDraw=False, autoLog=True, closeShape=True, color=method-wrapper(...), colorSpace='rgb', contrast=None, depth=0.0, fillColor=array([1, 1, 1]), fillColorSpace='rgb', fillRGB=UNKNOWN, interpolate=True, lineColor=array([1, 1, 1]), lineColorSpace='rgb', lineRGB=UNKNOWN, lineWidth=1.0, name='Box_p', opacity=1, ori=0.0, pos=array([0., 0.]), size=array([0.05, 0.05]), units='height', vertices=ndarray(...), win=Window(...))
9.5919 	EXP 	Created FB_msg = TextStim(__class__=<class 'psychopy.visual.text.TextStim'>, alignHoriz=method-wrapper(...), alignText='center', alignVert=method-wrapper(...), anchorHoriz='center', anchorVert='center', antialias=True, autoLog=True, bold=False, color=array([1, 1, 1]), colorSpace='rgb', contrast=1.0, depth=-1.0, flipHoriz=False, flipVert=False, font='Open Sans', fontFiles=[], height=0.06, italic=False, languageStyle='LTR', name='FB_msg', opacity=1, ori=0.0, pos=array([0., 0.]), rgb=UNKNOWN, text='', units='height', win=Window(...), wrapWidth=1)
9.5931 	EXP 	Created text_3 = TextStim(__class__=<class 'psychopy.visual.text.TextStim'>, alignHoriz=method-wrapper(...), alignText='center', alignVert=method-wrapper(...), anchorHoriz='center', anchorVert='center', antialias=True, autoLog=True, bold=False, color=array([-1, -1, -1]), colorSpace='rgb', contrast=1.0, depth=-1.0, flipHoriz=False, flipVert=False, font='Open Sans', fontFiles=[], height=0.05, italic=False, languageStyle='LTR', name='text_3', opacity=1, ori=0.0, pos=array([0., 0.]), rgb=UNKNOWN, text='', units='height', win=Window(...), wrapWidth=1)
9.6081 	EXP 	Created instr_text_2 = TextStim(__class__=<class 'psychopy.visual.text.TextStim'>, alignHoriz=method-wrapper(...), alignText='center', alignVert=method-wrapper(...), anchorHoriz='center', anchorVert='center', antialias=True, autoLog=True, bold=False, color=array([-1, -1, -1]), colorSpace='rgb', contrast=1.0, depth=0.0, flipHoriz=False, flipVert=False, font='Open Sans', fontFiles=[], height=0.05, italic=False, languageStyle='LTR', name='instr_text_2', opacity=1, ori=0.0, pos=array([0., 0.]), rgb=UNKNOWN, text=str(...), units='height', win=Window(...), wrapWidth=1)
9.6097 	EXP 	Created FixCross = ShapeStim(__class__=<class 'psychopy.visual.shape.ShapeStim'>, autoDraw=False, autoLog=True, closeShape=True, color=method-wrapper(...), colorSpace='rgb', contrast=None, depth=0.0, fillColor=array([-1, -1, -1]), fillColorSpace='rgb', fillRGB=UNKNOWN, interpolate=True, lineColor=array([-1, -1, -1]), lineColorSpace='rgb', lineRGB=UNKNOWN, lineWidth=1.0, name='FixCross', opacity=1, ori=0.0, pos=array([0., 0.]), size=array([20., 20.]), units='pix', vertices=ndarray(...), win=Window(...), windingRule=None)
9.6107 	EXP 	Created Box = Rect(__class__=<class 'psychopy.visual.rect.Rect'>, autoDraw=False, autoLog=True, closeShape=True, color=method-wrapper(...), colorSpace='rgb', contrast=None, depth=0.0, fillColor=array([1, 1, 1]), fillColorSpace='rgb', fillRGB=UNKNOWN, interpolate=True, lineColor=array([1, 1, 1]), lineColorSpace='rgb', lineRGB=UNKNOWN, lineWidth=1.0, name='Box', opacity=1, ori=0.0, pos=array([0., 0.]), size=array([0.05, 0.05]), units='height', vertices=ndarray(...), win=Window(...))
9.6113 	EXP 	Created text_2 = TextStim(__class__=<class 'psychopy.visual.text.TextStim'>, alignHoriz=method-wrapper(...), alignText='center', alignVert=method-wrapper(...), anchorHoriz='center', anchorVert='center', antialias=True, autoLog=True, bold=False, color=array([-1, -1, -1]), colorSpace='rgb', contrast=1.0, depth=-1.0, flipHoriz=False, flipVert=False, font='Open Sans', fontFiles=[], height=0.05, italic=False, languageStyle='LTR', name='text_2', opacity=1, ori=0.0, pos=array([0., 0.]), rgb=UNKNOWN, text='', units='height', win=Window(...), wrapWidth=1)
9.6127 	EXP 	Created FixCross = ShapeStim(__class__=<class 'psychopy.visual.shape.ShapeStim'>, autoDraw=False, autoLog=True, closeShape=True, color=method-wrapper(...), colorSpace='rgb', contrast=None, depth=0.0, fillColor=array([-1, -1, -1]), fillColorSpace='rgb', fillRGB=UNKNOWN, interpolate=True, lineColor=array([-1, -1, -1]), lineColorSpace='rgb', lineRGB=UNKNOWN, lineWidth=1.0, name='FixCross', opacity=1, ori=0.0, pos=array([0., 0.]), size=array([20., 20.]), units='pix', vertices=ndarray(...), win=Window(...), windingRule=None)
9.6136 	EXP 	Created Box = Rect(__class__=<class 'psychopy.visual.rect.Rect'>, autoDraw=False, autoLog=True, closeShape=True, color=method-wrapper(...), colorSpace='rgb', contrast=None, depth=0.0, fillColor=array([1, 1, 1]), fillColorSpace='rgb', fillRGB=UNKNOWN, interpolate=True, lineColor=array([1, 1, 1]), lineColorSpace='rgb', lineRGB=UNKNOWN, lineWidth=1.0, name='Box', opacity=1, ori=0.0, pos=array([0., 0.]), size=array([0.05, 0.05]), units='height', vertices=ndarray(...), win=Window(...))
9.6142 	EXP 	Created text_2 = TextStim(__class__=<class 'psychopy.visual.text.TextStim'>, alignHoriz=method-wrapper(...), alignText='center', alignVert=method-wrapper(...), anchorHoriz='center', anchorVert='center', antialias=True, autoLog=True, bold=False, color=array([-1, -1, -1]), colorSpace='rgb', contrast=1.0, depth=-1.0, flipHoriz=False, flipVert=False, font='Open Sans', fontFiles=[], height=0.05, italic=False, languageStyle='LTR', name='text_2', opacity=1, ori=0.0, pos=array([0., 0.]), rgb=UNKNOWN, text='', units='height', win=Window(...), wrapWidth=1)
9.6155 	EXP 	Created FixCross = ShapeStim(__class__=<class 'psychopy.visual.shape.ShapeStim'>, autoDraw=False, autoLog=True, closeShape=True, color=method-wrapper(...), colorSpace='rgb', contrast=None, depth=0.0, fillColor=array([-1, -1, -1]), fillColorSpace='rgb', fillRGB=UNKNOWN, interpolate=True, lineColor=array([-1, -1, -1]), lineColorSpace='rgb', lineRGB=UNKNOWN, lineWidth=1.0, name='FixCross', opacity=1, ori=0.0, pos=array([0., 0.]), size=array([20., 20.]), units='pix', vertices=ndarray(...), win=Window(...), windingRule=None)
9.6164 	EXP 	Created Box = Rect(__class__=<class 'psychopy.visual.rect.Rect'>, autoDraw=False, autoLog=True, closeShape=True, color=method-wrapper(...), colorSpace='rgb', contrast=None, depth=0.0, fillColor=array([1, 1, 1]), fillColorSpace='rgb', fillRGB=UNKNOWN, interpolate=True, lineColor=array([1, 1, 1]), lineColorSpace='rgb', lineRGB=UNKNOWN, lineWidth=1.0, name='Box', opacity=1, ori=0.0, pos=array([0., 0.]), size=array([0.05, 0.05]), units='height', vertices=ndarray(...), win=Window(...))
9.6169 	EXP 	Created text_2 = TextStim(__class__=<class 'psychopy.visual.text.TextStim'>, alignHoriz=method-wrapper(...), alignText='center', alignVert=method-wrapper(...), anchorHoriz='center', anchorVert='center', antialias=True, autoLog=True, bold=False, color=array([-1, -1, -1]), colorSpace='rgb', contrast=1.0, depth=-1.0, flipHoriz=False, flipVert=False, font='Open Sans', fontFiles=[], height=0.05, italic=False, languageStyle='LTR', name='text_2', opacity=1, ori=0.0, pos=array([0., 0.]), rgb=UNKNOWN, text='', units='height', win=Window(...), wrapWidth=1)
9.6329 	EXP 	Created text = TextStim(__class__=<class 'psychopy.visual.text.TextStim'>, alignHoriz=method-wrapper(...), alignText='center', alignVert=method-wrapper(...), anchorHoriz='center', anchorVert='center', antialias=True, autoLog=True, bold=False, color=array([-1, -1, -1]), colorSpace='rgb', contrast=1.0, depth=0.0, flipHoriz=False, flipVert=False, font='Open Sans', fontFiles=[], height=0.05, italic=False, languageStyle='LTR', name='text', opacity=1, ori=0.0, pos=array([0., 0.]), rgb=UNKNOWN, text=str(...), units='height', win=Window(...), wrapWidth=1)
9.6656 	EXP 	Instruction: autoDraw = True
18.8622 	EXP 	Imported SimonTask.xlsx as conditions, 6 conditions, 6 params
18.8626 	EXP 	Created sequence: fullRandom, trialTypes=6, nReps=4, seed=None
18.8629 	EXP 	New trial (rep=0, index=0): {'images': 'red_neutral', 'congruentcy': 0, 'corrAns': 'k', 'box_pos': 'middle', 'box_color': 'red', 'box_x': 0}
18.8663 	DATA 	Keypress: space
18.8711 	EXP 	Instruction: autoDraw = False
18.8711 	EXP 	FixCross: autoDraw = True
20.0974 	EXP 	FixCross: autoDraw = False
20.0974 	EXP 	FixCross: autoDraw = False
20.0974 	EXP 	Box_p: pos = array([0., 0.])
20.0974 	EXP 	Box_p: autoDraw = True
21.0156 	DATA 	Keypress: k
21.0192 	EXP 	Box_p: autoDraw = False
21.0192 	EXP 	FB_msg: text = 'Doğru cevap'
21.0192 	EXP 	FB_msg: autoDraw = True
22.0086 	EXP 	New trial (rep=0, index=1): {'images': 'blue_congruent', 'congruentcy': 1, 'corrAns': 'a', 'box_pos': 'left', 'box_color': 'blue', 'box_x': -0.6}
22.0161 	EXP 	FB_msg: autoDraw = False
22.0161 	EXP 	FixCross: autoDraw = True
23.0339 	EXP 	FixCross: autoDraw = False
23.0339 	EXP 	FixCross: autoDraw = False
23.0339 	EXP 	Box_p: pos = array([-0.6,  0. ])
23.0339 	EXP 	Box_p: autoDraw = True
23.7313 	DATA 	Keypress: a
23.7472 	EXP 	Box_p: autoDraw = False
23.7472 	EXP 	FB_msg: text = 'Doğru cevap'
23.7472 	EXP 	FB_msg: autoDraw = True
24.7402 	EXP 	New trial (rep=0, index=2): {'images': 'red_congruent', 'congruentcy': 1, 'corrAns': 'k', 'box_pos': 'right', 'box_color': 'red', 'box_x': 0.6}
24.7484 	EXP 	FB_msg: autoDraw = False
24.7484 	EXP 	FixCross: autoDraw = True
25.8495 	EXP 	FixCross: autoDraw = False
25.8495 	EXP 	FixCross: autoDraw = False
25.8495 	EXP 	Box_p: pos = array([0.6, 0. ])
25.8495 	EXP 	Box_p: autoDraw = True
26.4206 	DATA 	Keypress: k
26.4376 	EXP 	Box_p: autoDraw = False
26.4376 	EXP 	FB_msg: text = 'Doğru cevap'
26.4376 	EXP 	FB_msg: autoDraw = True
27.4306 	EXP 	New trial (rep=0, index=3): {'images': 'red_neutral', 'congruentcy': 0, 'corrAns': 'k', 'box_pos': 'middle', 'box_color': 'red', 'box_x': 0}
27.4386 	EXP 	FB_msg: autoDraw = False
27.4386 	EXP 	FixCross: autoDraw = True
28.4729 	EXP 	FixCross: autoDraw = False
28.4729 	EXP 	FixCross: autoDraw = False
28.4729 	EXP 	Box_p: pos = array([0., 0.])
28.4729 	EXP 	Box_p: autoDraw = True
29.1633 	DATA 	Keypress: k
29.1697 	EXP 	Box_p: autoDraw = False
29.1697 	EXP 	FB_msg: text = 'Doğru cevap'
29.1697 	EXP 	FB_msg: autoDraw = True
30.1668 	EXP 	New trial (rep=0, index=4): {'images': 'blue_incongruent', 'congruentcy': 0, 'corrAns': 'a', 'box_pos': 'right', 'box_color': 'blue', 'box_x': 0.6}
30.1749 	EXP 	FB_msg: autoDraw = False
30.1749 	EXP 	FixCross: autoDraw = True
31.3344 	EXP 	FixCross: autoDraw = False
31.3344 	EXP 	FixCross: autoDraw = False
31.3344 	EXP 	Box_p: pos = array([0.6, 0. ])
31.3344 	EXP 	Box_p: autoDraw = True
31.9709 	DATA 	Keypress: a
31.9768 	EXP 	Box_p: autoDraw = False
31.9768 	EXP 	FB_msg: text = 'Doğru cevap'
31.9768 	EXP 	FB_msg: autoDraw = True
32.9740 	EXP 	New trial (rep=0, index=5): {'images': 'red_neutral', 'congruentcy': 0, 'corrAns': 'k', 'box_pos': 'middle', 'box_color': 'red', 'box_x': 0}
32.9820 	EXP 	FB_msg: autoDraw = False
32.9820 	EXP 	FixCross: autoDraw = True
34.1040 	EXP 	FixCross: autoDraw = False
34.1040 	EXP 	FixCross: autoDraw = False
34.1040 	EXP 	Box_p: pos = array([0., 0.])
34.1040 	EXP 	Box_p: autoDraw = True
34.6655 	DATA 	Keypress: k
34.6713 	EXP 	Box_p: autoDraw = False
34.6713 	EXP 	FB_msg: text = 'Doğru cevap'
34.6713 	EXP 	FB_msg: autoDraw = True
35.6684 	EXP 	New trial (rep=1, index=0): {'images': 'red_incongruent', 'congruentcy': 0, 'corrAns': 'k', 'box_pos': 'left', 'box_color': 'red', 'box_x': -0.6}
35.6765 	EXP 	FB_msg: autoDraw = False
35.6765 	EXP 	FixCross: autoDraw = True
36.8985 	EXP 	FixCross: autoDraw = False
36.8985 	EXP 	FixCross: autoDraw = False
36.8985 	EXP 	Box_p: pos = array([-0.6,  0. ])
36.8985 	EXP 	Box_p: autoDraw = True
37.4931 	DATA 	Keypress: k
37.4993 	EXP 	Box_p: autoDraw = False
37.4993 	EXP 	FB_msg: text = 'Doğru cevap'
37.4993 	EXP 	FB_msg: autoDraw = True
38.4922 	EXP 	New trial (rep=1, index=1): {'images': 'blue_congruent', 'congruentcy': 1, 'corrAns': 'a', 'box_pos': 'left', 'box_color': 'blue', 'box_x': -0.6}
38.5004 	EXP 	FB_msg: autoDraw = False
38.5004 	EXP 	FixCross: autoDraw = True
39.6557 	EXP 	FixCross: autoDraw = False
39.6557 	EXP 	FixCross: autoDraw = False
39.6557 	EXP 	Box_p: pos = array([-0.6,  0. ])
39.6557 	EXP 	Box_p: autoDraw = True
40.5486 	DATA 	Keypress: a
40.5650 	EXP 	Box_p: autoDraw = False
40.5650 	EXP 	FB_msg: text = 'Doğru cevap'
40.5650 	EXP 	FB_msg: autoDraw = True
41.5622 	EXP 	New trial (rep=1, index=2): {'images': 'blue_neutral', 'congruentcy': 0, 'corrAns': 'a', 'box_pos': 'middle', 'box_color': 'blue', 'box_x': 0}
41.5702 	EXP 	FB_msg: autoDraw = False
41.5702 	EXP 	FixCross: autoDraw = True
42.6421 	EXP 	FixCross: autoDraw = False
42.6421 	EXP 	FixCross: autoDraw = False
42.6421 	EXP 	Box_p: pos = array([0., 0.])
42.6421 	EXP 	Box_p: autoDraw = True
44.1815 	DATA 	Keypress: a
44.1981 	EXP 	Box_p: autoDraw = False
44.1981 	EXP 	FB_msg: text = 'Doğru cevap'
44.1981 	EXP 	FB_msg: autoDraw = True
45.1950 	EXP 	New trial (rep=1, index=3): {'images': 'red_congruent', 'congruentcy': 1, 'corrAns': 'k', 'box_pos': 'right', 'box_color': 'red', 'box_x': 0.6}
45.2033 	EXP 	FB_msg: autoDraw = False
45.2033 	EXP 	FixCross: autoDraw = True
46.2376 	EXP 	FixCross: autoDraw = False
46.2376 	EXP 	FixCross: autoDraw = False
46.2376 	EXP 	Box_p: pos = array([0.6, 0. ])
46.2376 	EXP 	Box_p: autoDraw = True
46.8152 	DATA 	Keypress: k
46.8216 	EXP 	Box_p: autoDraw = False
46.8216 	EXP 	FB_msg: text = 'Doğru cevap'
46.8216 	EXP 	FB_msg: autoDraw = True
47.8146 	EXP 	New trial (rep=1, index=4): {'images': 'blue_incongruent', 'congruentcy': 0, 'corrAns': 'a', 'box_pos': 'right', 'box_color': 'blue', 'box_x': 0.6}
47.8227 	EXP 	FB_msg: autoDraw = False
47.8227 	EXP 	FixCross: autoDraw = True
48.9030 	EXP 	FixCross: autoDraw = False
48.9030 	EXP 	FixCross: autoDraw = False
48.9030 	EXP 	Box_p: pos = array([0.6, 0. ])
48.9030 	EXP 	Box_p: autoDraw = True
49.5558 	DATA 	Keypress: a
49.5620 	EXP 	Box_p: autoDraw = False
49.5620 	EXP 	FB_msg: text = 'Doğru cevap'
49.5620 	EXP 	FB_msg: autoDraw = True
50.5551 	EXP 	New trial (rep=1, index=5): {'images': 'blue_incongruent', 'congruentcy': 0, 'corrAns': 'a', 'box_pos': 'right', 'box_color': 'blue', 'box_x': 0.6}
50.5632 	EXP 	FB_msg: autoDraw = False
50.5632 	EXP 	FixCross: autoDraw = True
51.6643 	EXP 	FixCross: autoDraw = False
51.6643 	EXP 	FixCross: autoDraw = False
51.6643 	EXP 	Box_p: pos = array([0.6, 0. ])
51.6643 	EXP 	Box_p: autoDraw = True
52.2294 	DATA 	Keypress: a
52.2358 	EXP 	Box_p: autoDraw = False
52.2358 	EXP 	FB_msg: text = 'Doğru cevap'
52.2358 	EXP 	FB_msg: autoDraw = True
53.2327 	EXP 	New trial (rep=2, index=0): {'images': 'blue_congruent', 'congruentcy': 1, 'corrAns': 'a', 'box_pos': 'left', 'box_color': 'blue', 'box_x': -0.6}
53.2408 	EXP 	FB_msg: autoDraw = False
53.2408 	EXP 	FixCross: autoDraw = True
54.2962 	EXP 	FixCross: autoDraw = False
54.2962 	EXP 	FixCross: autoDraw = False
54.2962 	EXP 	Box_p: pos = array([-0.6,  0. ])
54.2962 	EXP 	Box_p: autoDraw = True
54.8889 	DATA 	Keypress: a
54.9050 	EXP 	Box_p: autoDraw = False
54.9050 	EXP 	FB_msg: text = 'Doğru cevap'
54.9050 	EXP 	FB_msg: autoDraw = True
55.8981 	EXP 	New trial (rep=2, index=1): {'images': 'blue_neutral', 'congruentcy': 0, 'corrAns': 'a', 'box_pos': 'middle', 'box_color': 'blue', 'box_x': 0}
55.9063 	EXP 	FB_msg: autoDraw = False
55.9063 	EXP 	FixCross: autoDraw = True
57.0406 	EXP 	FixCross: autoDraw = False
57.0406 	EXP 	FixCross: autoDraw = False
57.0406 	EXP 	Box_p: pos = array([0., 0.])
57.0406 	EXP 	Box_p: autoDraw = True
57.5686 	DATA 	Keypress: a
57.5747 	EXP 	Box_p: autoDraw = False
57.5747 	EXP 	FB_msg: text = 'Doğru cevap'
57.5747 	EXP 	FB_msg: autoDraw = True
58.5718 	EXP 	New trial (rep=2, index=2): {'images': 'red_neutral', 'congruentcy': 0, 'corrAns': 'k', 'box_pos': 'middle', 'box_color': 'red', 'box_x': 0}
58.5800 	EXP 	FB_msg: autoDraw = False
58.5800 	EXP 	FixCross: autoDraw = True
59.6142 	EXP 	FixCross: autoDraw = False
59.6142 	EXP 	FixCross: autoDraw = False
59.6142 	EXP 	Box_p: pos = array([0., 0.])
59.6142 	EXP 	Box_p: autoDraw = True
60.2653 	DATA 	Keypress: k
60.2817 	EXP 	Box_p: autoDraw = False
60.2817 	EXP 	FB_msg: text = 'Doğru cevap'
60.2817 	EXP 	FB_msg: autoDraw = True
61.2788 	EXP 	New trial (rep=2, index=3): {'images': 'red_congruent', 'congruentcy': 1, 'corrAns': 'k', 'box_pos': 'right', 'box_color': 'red', 'box_x': 0.6}
61.2868 	EXP 	FB_msg: autoDraw = False
61.2868 	EXP 	FixCross: autoDraw = True
62.4882 	EXP 	FixCross: autoDraw = False
62.4882 	EXP 	FixCross: autoDraw = False
62.4882 	EXP 	Box_p: pos = array([0.6, 0. ])
62.4882 	EXP 	Box_p: autoDraw = True
62.9909 	DATA 	Keypress: k
62.9971 	EXP 	Box_p: autoDraw = False
62.9971 	EXP 	FB_msg: text = 'Doğru cevap'
62.9971 	EXP 	FB_msg: autoDraw = True
63.9901 	EXP 	New trial (rep=2, index=4): {'images': 'blue_neutral', 'congruentcy': 0, 'corrAns': 'a', 'box_pos': 'middle', 'box_color': 'blue', 'box_x': 0}
63.9980 	EXP 	FB_msg: autoDraw = False
63.9980 	EXP 	FixCross: autoDraw = True
65.1244 	EXP 	FixCross: autoDraw = False
65.1244 	EXP 	FixCross: autoDraw = False
65.1244 	EXP 	Box_p: pos = array([0., 0.])
65.1244 	EXP 	Box_p: autoDraw = True
65.8856 	DATA 	Keypress: a
65.8919 	EXP 	Box_p: autoDraw = False
65.8919 	EXP 	FB_msg: text = 'Doğru cevap'
65.8919 	EXP 	FB_msg: autoDraw = True
66.8848 	EXP 	New trial (rep=2, index=5): {'images': 'red_incongruent', 'congruentcy': 0, 'corrAns': 'k', 'box_pos': 'left', 'box_color': 'red', 'box_x': -0.6}
66.8928 	EXP 	FB_msg: autoDraw = False
66.8928 	EXP 	FixCross: autoDraw = True
68.0191 	EXP 	FixCross: autoDraw = False
68.0191 	EXP 	FixCross: autoDraw = False
68.0191 	EXP 	Box_p: pos = array([-0.6,  0. ])
68.0191 	EXP 	Box_p: autoDraw = True
68.4385 	DATA 	Keypress: a
68.4444 	EXP 	Box_p: autoDraw = False
68.4444 	EXP 	FB_msg: text = 'Yalnış cevap'
68.4444 	EXP 	FB_msg: autoDraw = True
69.4375 	EXP 	New trial (rep=3, index=0): {'images': 'red_incongruent', 'congruentcy': 0, 'corrAns': 'k', 'box_pos': 'left', 'box_color': 'red', 'box_x': -0.6}
69.4458 	EXP 	FB_msg: autoDraw = False
69.4458 	EXP 	FixCross: autoDraw = True
70.5633 	EXP 	FixCross: autoDraw = False
70.5633 	EXP 	FixCross: autoDraw = False
70.5633 	EXP 	Box_p: pos = array([-0.6,  0. ])
70.5633 	EXP 	Box_p: autoDraw = True
71.1931 	DATA 	Keypress: k
71.1973 	EXP 	Box_p: autoDraw = False
71.1973 	EXP 	FB_msg: text = 'Doğru cevap'
71.1973 	EXP 	FB_msg: autoDraw = True
72.1904 	EXP 	New trial (rep=3, index=1): {'images': 'blue_incongruent', 'congruentcy': 0, 'corrAns': 'a', 'box_pos': 'right', 'box_color': 'blue', 'box_x': 0.6}
72.1987 	EXP 	FB_msg: autoDraw = False
72.1987 	EXP 	FixCross: autoDraw = True
73.3121 	EXP 	FixCross: autoDraw = False
73.3121 	EXP 	FixCross: autoDraw = False
73.3121 	EXP 	Box_p: pos = array([0.6, 0. ])
73.3121 	EXP 	Box_p: autoDraw = True
74.2487 	DATA 	Keypress: a
74.2547 	EXP 	Box_p: autoDraw = False
74.2547 	EXP 	FB_msg: text = 'Doğru cevap'
74.2547 	EXP 	FB_msg: autoDraw = True
75.2478 	EXP 	New trial (rep=3, index=2): {'images': 'blue_congruent', 'congruentcy': 1, 'corrAns': 'a', 'box_pos': 'left', 'box_color': 'blue', 'box_x': -0.6}
75.2559 	EXP 	FB_msg: autoDraw = False
75.2559 	EXP 	FixCross: autoDraw = True
76.3612 	EXP 	FixCross: autoDraw = False
76.3612 	EXP 	FixCross: autoDraw = False
76.3612 	EXP 	Box_p: pos = array([-0.6,  0. ])
76.3612 	EXP 	Box_p: autoDraw = True
77.5024 	DATA 	Keypress: a
77.5083 	EXP 	Box_p: autoDraw = False
77.5083 	EXP 	FB_msg: text = 'Doğru cevap'
77.5083 	EXP 	FB_msg: autoDraw = True
78.5054 	EXP 	New trial (rep=3, index=3): {'images': 'red_incongruent', 'congruentcy': 0, 'corrAns': 'k', 'box_pos': 'left', 'box_color': 'red', 'box_x': -0.6}
78.5135 	EXP 	FB_msg: autoDraw = False
78.5135 	EXP 	FixCross: autoDraw = True
79.5354 	EXP 	FixCross: autoDraw = False
79.5354 	EXP 	FixCross: autoDraw = False
79.5354 	EXP 	Box_p: pos = array([-0.6,  0. ])
79.5354 	EXP 	Box_p: autoDraw = True
80.1640 	DATA 	Keypress: k
80.1695 	EXP 	Box_p: autoDraw = False
80.1695 	EXP 	FB_msg: text = 'Doğru cevap'
80.1695 	EXP 	FB_msg: autoDraw = True
81.1624 	EXP 	New trial (rep=3, index=4): {'images': 'blue_neutral', 'congruentcy': 0, 'corrAns': 'a', 'box_pos': 'middle', 'box_color': 'blue', 'box_x': 0}
81.1705 	EXP 	FB_msg: autoDraw = False
81.1705 	EXP 	FixCross: autoDraw = True
82.2631 	EXP 	FixCross: autoDraw = False
82.2631 	EXP 	FixCross: autoDraw = False
82.2631 	EXP 	Box_p: pos = array([0., 0.])
82.2631 	EXP 	Box_p: autoDraw = True
82.9306 	DATA 	Keypress: a
82.9474 	EXP 	Box_p: autoDraw = False
82.9474 	EXP 	FB_msg: text = 'Doğru cevap'
82.9474 	EXP 	FB_msg: autoDraw = True
83.9403 	EXP 	New trial (rep=3, index=5): {'images': 'red_congruent', 'congruentcy': 1, 'corrAns': 'k', 'box_pos': 'right', 'box_color': 'red', 'box_x': 0.6}
83.9484 	EXP 	FB_msg: autoDraw = False
83.9484 	EXP 	FixCross: autoDraw = True
85.0914 	EXP 	FixCross: autoDraw = False
85.0914 	EXP 	FixCross: autoDraw = False
85.0914 	EXP 	Box_p: pos = array([0.6, 0. ])
85.0914 	EXP 	Box_p: autoDraw = True
85.7091 	DATA 	Keypress: k
85.7253 	EXP 	Box_p: autoDraw = False
85.7253 	EXP 	FB_msg: text = 'Doğru cevap'
85.7253 	EXP 	FB_msg: autoDraw = True
86.7348 	EXP 	FB_msg: autoDraw = False
86.7348 	EXP 	text_3: text = '\n\n 23 adet doğru cevap verdiniz. \n Ortalama cevap süreniz 6.15e+02ms.'
86.7348 	EXP 	text_3: autoDraw = True
88.7283 	EXP 	text_3: autoDraw = False
88.7283 	EXP 	instr_text_2: autoDraw = True
90.7897 	DATA 	Keypress: space
90.8027 	EXP 	Imported SimonTask.xlsx as conditions, 6 conditions, 6 params
90.8030 	EXP 	Created sequence: fullRandom, trialTypes=6, nReps=8, seed=None
90.8033 	EXP 	New trial (rep=0, index=0): {'images': 'blue_congruent', 'congruentcy': 1, 'corrAns': 'a', 'box_pos': 'left', 'box_color': 'blue', 'box_x': -0.6}
90.8097 	EXP 	instr_text_2: autoDraw = False
90.8097 	EXP 	FixCross: autoDraw = True
91.9484 	EXP 	FixCross: autoDraw = False
91.9484 	EXP 	FixCross: autoDraw = False
91.9484 	EXP 	Box: pos = array([-0.6,  0. ])
91.9484 	EXP 	Box: autoDraw = True
92.9331 	DATA 	Keypress: a
92.9412 	EXP 	New trial (rep=0, index=1): {'images': 'blue_neutral', 'congruentcy': 0, 'corrAns': 'a', 'box_pos': 'middle', 'box_color': 'blue', 'box_x': 0}
92.9497 	EXP 	Box: autoDraw = False
92.9497 	EXP 	FixCross: autoDraw = True
94.0590 	EXP 	FixCross: autoDraw = False
94.0590 	EXP 	FixCross: autoDraw = False
94.0590 	EXP 	Box: pos = array([0., 0.])
94.0590 	EXP 	Box: autoDraw = True
94.4683 	DATA 	Keypress: a
94.4763 	EXP 	New trial (rep=0, index=2): {'images': 'blue_congruent', 'congruentcy': 1, 'corrAns': 'a', 'box_pos': 'left', 'box_color': 'blue', 'box_x': -0.6}
94.4847 	EXP 	Box: autoDraw = False
94.4847 	EXP 	FixCross: autoDraw = True
95.5899 	EXP 	FixCross: autoDraw = False
95.5899 	EXP 	FixCross: autoDraw = False
95.5899 	EXP 	Box: pos = array([-0.6,  0. ])
95.5899 	EXP 	Box: autoDraw = True
96.0156 	EXP 	New trial (rep=0, index=3): {'images': 'red_congruent', 'congruentcy': 1, 'corrAns': 'k', 'box_pos': 'right', 'box_color': 'red', 'box_x': 0.6}
96.0177 	DATA 	Keypress: a
96.0236 	EXP 	Box: autoDraw = False
96.0236 	EXP 	FixCross: autoDraw = True
97.1289 	EXP 	FixCross: autoDraw = False
97.1289 	EXP 	FixCross: autoDraw = False
97.1289 	EXP 	Box: pos = array([0.6, 0. ])
97.1289 	EXP 	Box: autoDraw = True
97.5380 	EXP 	New trial (rep=0, index=4): {'images': 'blue_neutral', 'congruentcy': 0, 'corrAns': 'a', 'box_pos': 'middle', 'box_color': 'blue', 'box_x': 0}
97.5400 	DATA 	Keypress: k
97.5461 	EXP 	Box: autoDraw = False
97.5461 	EXP 	FixCross: autoDraw = True
98.5890 	EXP 	FixCross: autoDraw = False
98.5890 	EXP 	FixCross: autoDraw = False
98.5890 	EXP 	Box: pos = array([0., 0.])
98.5890 	EXP 	Box: autoDraw = True
99.0893 	EXP 	New trial (rep=0, index=5): {'images': 'blue_incongruent', 'congruentcy': 0, 'corrAns': 'a', 'box_pos': 'right', 'box_color': 'blue', 'box_x': 0.6}
99.0915 	DATA 	Keypress: a
99.0978 	EXP 	Box: autoDraw = False
99.0978 	EXP 	FixCross: autoDraw = True
100.1406 	EXP 	FixCross: autoDraw = False
100.1406 	EXP 	FixCross: autoDraw = False
100.1406 	EXP 	Box: pos = array([0.6, 0. ])
100.1406 	EXP 	Box: autoDraw = True
100.5366 	EXP 	New trial (rep=1, index=0): {'images': 'red_neutral', 'congruentcy': 0, 'corrAns': 'k', 'box_pos': 'middle', 'box_color': 'red', 'box_x': 0}
100.5387 	DATA 	Keypress: a
100.5450 	EXP 	Box: autoDraw = False
100.5450 	EXP 	FixCross: autoDraw = True
101.6798 	EXP 	FixCross: autoDraw = False
101.6798 	EXP 	FixCross: autoDraw = False
101.6798 	EXP 	Box: pos = array([0., 0.])
101.6798 	EXP 	Box: autoDraw = True
102.2142 	DATA 	Keypress: k
102.2220 	EXP 	New trial (rep=1, index=1): {'images': 'blue_incongruent', 'congruentcy': 0, 'corrAns': 'a', 'box_pos': 'right', 'box_color': 'blue', 'box_x': 0.6}
102.2304 	EXP 	Box: autoDraw = False
102.2304 	EXP 	FixCross: autoDraw = True
103.3523 	EXP 	FixCross: autoDraw = False
103.3523 	EXP 	FixCross: autoDraw = False
103.3523 	EXP 	Box: pos = array([0.6, 0. ])
103.3523 	EXP 	Box: autoDraw = True
103.9404 	EXP 	New trial (rep=1, index=2): {'images': 'red_incongruent', 'congruentcy': 0, 'corrAns': 'k', 'box_pos': 'left', 'box_color': 'red', 'box_x': -0.6}
103.9424 	DATA 	Keypress: a
103.9488 	EXP 	Box: autoDraw = False
103.9488 	EXP 	FixCross: autoDraw = True
105.0374 	EXP 	FixCross: autoDraw = False
105.0374 	EXP 	FixCross: autoDraw = False
105.0374 	EXP 	Box: pos = array([-0.6,  0. ])
105.0374 	EXP 	Box: autoDraw = True
105.6469 	DATA 	Keypress: k
105.6548 	EXP 	New trial (rep=1, index=3): {'images': 'blue_congruent', 'congruentcy': 1, 'corrAns': 'a', 'box_pos': 'left', 'box_color': 'blue', 'box_x': -0.6}
105.6631 	EXP 	Box: autoDraw = False
105.6631 	EXP 	FixCross: autoDraw = True
106.7182 	EXP 	FixCross: autoDraw = False
106.7182 	EXP 	FixCross: autoDraw = False
106.7182 	EXP 	Box: pos = array([-0.6,  0. ])
106.7182 	EXP 	Box: autoDraw = True
107.1901 	EXP 	New trial (rep=1, index=4): {'images': 'red_congruent', 'congruentcy': 1, 'corrAns': 'k', 'box_pos': 'right', 'box_color': 'red', 'box_x': 0.6}
107.1923 	DATA 	Keypress: a
107.1980 	EXP 	Box: autoDraw = False
107.1980 	EXP 	FixCross: autoDraw = True
108.2492 	EXP 	FixCross: autoDraw = False
108.2492 	EXP 	FixCross: autoDraw = False
108.2492 	EXP 	Box: pos = array([0.6, 0. ])
108.2492 	EXP 	Box: autoDraw = True
108.6415 	EXP 	New trial (rep=1, index=5): {'images': 'red_neutral', 'congruentcy': 0, 'corrAns': 'k', 'box_pos': 'middle', 'box_color': 'red', 'box_x': 0}
108.6436 	DATA 	Keypress: k
108.6497 	EXP 	Box: autoDraw = False
108.6497 	EXP 	FixCross: autoDraw = True
109.9342 	EXP 	FixCross: autoDraw = False
109.9342 	EXP 	FixCross: autoDraw = False
109.9342 	EXP 	Box: pos = array([0., 0.])
109.9342 	EXP 	Box: autoDraw = True
110.3269 	DATA 	Keypress: k
110.3348 	EXP 	New trial (rep=2, index=0): {'images': 'blue_neutral', 'congruentcy': 0, 'corrAns': 'a', 'box_pos': 'middle', 'box_color': 'blue', 'box_x': 0}
110.3430 	EXP 	Box: autoDraw = False
110.3430 	EXP 	FixCross: autoDraw = True
111.4610 	EXP 	FixCross: autoDraw = False
111.4610 	EXP 	FixCross: autoDraw = False
111.4610 	EXP 	Box: pos = array([0., 0.])
111.4610 	EXP 	Box: autoDraw = True
111.8952 	DATA 	Keypress: a
111.9032 	EXP 	New trial (rep=2, index=1): {'images': 'red_neutral', 'congruentcy': 0, 'corrAns': 'k', 'box_pos': 'middle', 'box_color': 'red', 'box_x': 0}
111.9114 	EXP 	Box: autoDraw = False
111.9114 	EXP 	FixCross: autoDraw = True
113.0292 	EXP 	FixCross: autoDraw = False
113.0292 	EXP 	FixCross: autoDraw = False
113.0292 	EXP 	Box: pos = array([0., 0.])
113.0292 	EXP 	Box: autoDraw = True
113.4215 	EXP 	New trial (rep=2, index=2): {'images': 'red_congruent', 'congruentcy': 1, 'corrAns': 'k', 'box_pos': 'right', 'box_color': 'red', 'box_x': 0.6}
113.4236 	DATA 	Keypress: k
113.4297 	EXP 	Box: autoDraw = False
113.4297 	EXP 	FixCross: autoDraw = True
114.4807 	EXP 	FixCross: autoDraw = False
114.4807 	EXP 	FixCross: autoDraw = False
114.4807 	EXP 	Box: pos = array([0.6, 0. ])
114.4807 	EXP 	Box: autoDraw = True
115.2652 	EXP 	New trial (rep=2, index=3): {'images': 'blue_neutral', 'congruentcy': 0, 'corrAns': 'a', 'box_pos': 'middle', 'box_color': 'blue', 'box_x': 0}
115.2673 	DATA 	Keypress: k
115.2732 	EXP 	Box: autoDraw = False
115.2732 	EXP 	FixCross: autoDraw = True
116.3659 	EXP 	FixCross: autoDraw = False
116.3659 	EXP 	FixCross: autoDraw = False
116.3659 	EXP 	Box: pos = array([0., 0.])
116.3659 	EXP 	Box: autoDraw = True
116.7835 	EXP 	New trial (rep=2, index=4): {'images': 'blue_neutral', 'congruentcy': 0, 'corrAns': 'a', 'box_pos': 'middle', 'box_color': 'blue', 'box_x': 0}
116.7855 	DATA 	Keypress: k
116.7916 	EXP 	Box: autoDraw = False
116.7916 	EXP 	FixCross: autoDraw = True
116.8275 	DATA 	Keypress: a
117.9093 	EXP 	FixCross: autoDraw = False
117.9093 	EXP 	FixCross: autoDraw = False
117.9093 	EXP 	Box: pos = array([0., 0.])
117.9093 	EXP 	Box: autoDraw = True
118.7099 	EXP 	New trial (rep=2, index=5): {'images': 'blue_incongruent', 'congruentcy': 0, 'corrAns': 'a', 'box_pos': 'right', 'box_color': 'blue', 'box_x': 0.6}
118.7120 	DATA 	Keypress: a
118.7186 	EXP 	Box: autoDraw = False
118.7186 	EXP 	FixCross: autoDraw = True
119.7738 	EXP 	FixCross: autoDraw = False
119.7738 	EXP 	FixCross: autoDraw = False
119.7738 	EXP 	Box: pos = array([0.6, 0. ])
119.7738 	EXP 	Box: autoDraw = True
120.4244 	DATA 	Keypress: a
120.4333 	EXP 	New trial (rep=3, index=0): {'images': 'red_neutral', 'congruentcy': 0, 'corrAns': 'k', 'box_pos': 'middle', 'box_color': 'red', 'box_x': 0}
120.4412 	EXP 	Box: autoDraw = False
120.4412 	EXP 	FixCross: autoDraw = True
121.6007 	EXP 	FixCross: autoDraw = False
121.6007 	EXP 	FixCross: autoDraw = False
121.6007 	EXP 	Box: pos = array([0., 0.])
121.6007 	EXP 	Box: autoDraw = True
122.1977 	EXP 	New trial (rep=3, index=1): {'images': 'red_congruent', 'congruentcy': 1, 'corrAns': 'k', 'box_pos': 'right', 'box_color': 'red', 'box_x': 0.6}
122.1997 	DATA 	Keypress: k
122.2056 	EXP 	Box: autoDraw = False
122.2056 	EXP 	FixCross: autoDraw = True
123.3860 	EXP 	FixCross: autoDraw = False
123.3860 	EXP 	FixCross: autoDraw = False
123.3860 	EXP 	Box: pos = array([0.6, 0. ])
123.3860 	EXP 	Box: autoDraw = True
124.0161 	EXP 	New trial (rep=3, index=2): {'images': 'red_incongruent', 'congruentcy': 0, 'corrAns': 'k', 'box_pos': 'left', 'box_color': 'red', 'box_x': -0.6}
124.0181 	DATA 	Keypress: k
124.0242 	EXP 	Box: autoDraw = False
124.0242 	EXP 	FixCross: autoDraw = True
125.0669 	EXP 	FixCross: autoDraw = False
125.0669 	EXP 	FixCross: autoDraw = False
125.0669 	EXP 	Box: pos = array([-0.6,  0. ])
125.0669 	EXP 	Box: autoDraw = True
125.6005 	DATA 	Keypress: k
125.6094 	EXP 	New trial (rep=3, index=3): {'images': 'blue_neutral', 'congruentcy': 0, 'corrAns': 'a', 'box_pos': 'middle', 'box_color': 'blue', 'box_x': 0}
125.6176 	EXP 	Box: autoDraw = False
125.6176 	EXP 	FixCross: autoDraw = True
126.7020 	EXP 	FixCross: autoDraw = False
126.7020 	EXP 	FixCross: autoDraw = False
126.7020 	EXP 	Box: pos = array([0., 0.])
126.7020 	EXP 	Box: autoDraw = True
127.1610 	DATA 	Keypress: a
127.1691 	EXP 	New trial (rep=3, index=4): {'images': 'blue_neutral', 'congruentcy': 0, 'corrAns': 'a', 'box_pos': 'middle', 'box_color': 'blue', 'box_x': 0}
127.1776 	EXP 	Box: autoDraw = False
127.1776 	EXP 	FixCross: autoDraw = True
128.2536 	EXP 	FixCross: autoDraw = False
128.2536 	EXP 	FixCross: autoDraw = False
128.2536 	EXP 	Box: pos = array([0., 0.])
128.2536 	EXP 	Box: autoDraw = True
128.6123 	EXP 	New trial (rep=3, index=5): {'images': 'blue_incongruent', 'congruentcy': 0, 'corrAns': 'a', 'box_pos': 'right', 'box_color': 'blue', 'box_x': 0.6}
128.6143 	DATA 	Keypress: a
128.6207 	EXP 	Box: autoDraw = False
128.6207 	EXP 	FixCross: autoDraw = True
129.7260 	EXP 	FixCross: autoDraw = False
129.7260 	EXP 	FixCross: autoDraw = False
129.7260 	EXP 	Box: pos = array([0.6, 0. ])
129.7260 	EXP 	Box: autoDraw = True
130.2097 	DATA 	Keypress: a
130.2186 	EXP 	New trial (rep=4, index=0): {'images': 'red_congruent', 'congruentcy': 1, 'corrAns': 'k', 'box_pos': 'right', 'box_color': 'red', 'box_x': 0.6}
130.2266 	EXP 	Box: autoDraw = False
130.2266 	EXP 	FixCross: autoDraw = True
131.3486 	EXP 	FixCross: autoDraw = False
131.3486 	EXP 	FixCross: autoDraw = False
131.3486 	EXP 	Box: pos = array([0.6, 0. ])
131.3486 	EXP 	Box: autoDraw = True
131.8661 	DATA 	Keypress: k
131.8740 	EXP 	New trial (rep=4, index=1): {'images': 'red_incongruent', 'congruentcy': 0, 'corrAns': 'k', 'box_pos': 'left', 'box_color': 'red', 'box_x': -0.6}
131.8825 	EXP 	Box: autoDraw = False
131.8825 	EXP 	FixCross: autoDraw = True
132.9670 	EXP 	FixCross: autoDraw = False
132.9670 	EXP 	FixCross: autoDraw = False
132.9670 	EXP 	Box: pos = array([-0.6,  0. ])
132.9670 	EXP 	Box: autoDraw = True
133.4924 	EXP 	New trial (rep=4, index=2): {'images': 'red_congruent', 'congruentcy': 1, 'corrAns': 'k', 'box_pos': 'right', 'box_color': 'red', 'box_x': 0.6}
133.4945 	DATA 	Keypress: k
133.5010 	EXP 	Box: autoDraw = False
133.5010 	EXP 	FixCross: autoDraw = True
134.6104 	EXP 	FixCross: autoDraw = False
134.6104 	EXP 	FixCross: autoDraw = False
134.6104 	EXP 	Box: pos = array([0.6, 0. ])
134.6104 	EXP 	Box: autoDraw = True
135.0447 	EXP 	New trial (rep=4, index=3): {'images': 'blue_congruent', 'congruentcy': 1, 'corrAns': 'a', 'box_pos': 'left', 'box_color': 'blue', 'box_x': -0.6}
135.0469 	DATA 	Keypress: k
135.0525 	EXP 	Box: autoDraw = False
135.0525 	EXP 	FixCross: autoDraw = True
136.2037 	EXP 	FixCross: autoDraw = False
136.2037 	EXP 	FixCross: autoDraw = False
136.2037 	EXP 	Box: pos = array([-0.6,  0. ])
136.2037 	EXP 	Box: autoDraw = True
136.6292 	EXP 	New trial (rep=4, index=4): {'images': 'red_incongruent', 'congruentcy': 0, 'corrAns': 'k', 'box_pos': 'left', 'box_color': 'red', 'box_x': -0.6}
136.6311 	DATA 	Keypress: k
136.6375 	EXP 	Box: autoDraw = False
136.6375 	EXP 	FixCross: autoDraw = True
137.7345 	EXP 	FixCross: autoDraw = False
137.7345 	EXP 	FixCross: autoDraw = False
137.7345 	EXP 	Box: pos = array([-0.6,  0. ])
137.7345 	EXP 	Box: autoDraw = True
138.3145 	EXP 	New trial (rep=4, index=5): {'images': 'red_incongruent', 'congruentcy': 0, 'corrAns': 'k', 'box_pos': 'left', 'box_color': 'red', 'box_x': -0.6}
138.3166 	DATA 	Keypress: k
138.3225 	EXP 	Box: autoDraw = False
138.3225 	EXP 	FixCross: autoDraw = True
139.4154 	EXP 	FixCross: autoDraw = False
139.4154 	EXP 	FixCross: autoDraw = False
139.4154 	EXP 	Box: pos = array([-0.6,  0. ])
139.4154 	EXP 	Box: autoDraw = True
139.9989 	EXP 	New trial (rep=5, index=0): {'images': 'red_neutral', 'congruentcy': 0, 'corrAns': 'k', 'box_pos': 'middle', 'box_color': 'red', 'box_x': 0}
140.0010 	DATA 	Keypress: k
140.0078 	EXP 	Box: autoDraw = False
140.0078 	EXP 	FixCross: autoDraw = True
141.1257 	EXP 	FixCross: autoDraw = False
141.1257 	EXP 	FixCross: autoDraw = False
141.1257 	EXP 	Box: pos = array([0., 0.])
141.1257 	EXP 	Box: autoDraw = True
141.6764 	DATA 	Keypress: k
141.6842 	EXP 	New trial (rep=5, index=1): {'images': 'blue_congruent', 'congruentcy': 1, 'corrAns': 'a', 'box_pos': 'left', 'box_color': 'blue', 'box_x': -0.6}
141.6887 	EXP 	Box: autoDraw = False
141.6887 	EXP 	FixCross: autoDraw = True
142.7313 	EXP 	FixCross: autoDraw = False
142.7313 	EXP 	FixCross: autoDraw = False
142.7313 	EXP 	Box: pos = array([-0.6,  0. ])
142.7313 	EXP 	Box: autoDraw = True
143.5534 	EXP 	New trial (rep=5, index=2): {'images': 'blue_incongruent', 'congruentcy': 0, 'corrAns': 'a', 'box_pos': 'right', 'box_color': 'blue', 'box_x': 0.6}
143.5554 	DATA 	Keypress: a
143.5614 	EXP 	Box: autoDraw = False
143.5614 	EXP 	FixCross: autoDraw = True
144.7418 	EXP 	FixCross: autoDraw = False
144.7418 	EXP 	FixCross: autoDraw = False
144.7418 	EXP 	Box: pos = array([0.6, 0. ])
144.7418 	EXP 	Box: autoDraw = True
145.3308 	EXP 	New trial (rep=5, index=3): {'images': 'blue_congruent', 'congruentcy': 1, 'corrAns': 'a', 'box_pos': 'left', 'box_color': 'blue', 'box_x': -0.6}
145.3329 	DATA 	Keypress: a
145.3383 	EXP 	Box: autoDraw = False
145.3383 	EXP 	FixCross: autoDraw = True
146.4523 	EXP 	FixCross: autoDraw = False
146.4523 	EXP 	FixCross: autoDraw = False
146.4523 	EXP 	Box: pos = array([-0.6,  0. ])
146.4523 	EXP 	Box: autoDraw = True
147.1111 	EXP 	New trial (rep=5, index=4): {'images': 'red_neutral', 'congruentcy': 0, 'corrAns': 'k', 'box_pos': 'middle', 'box_color': 'red', 'box_x': 0}
147.1132 	DATA 	Keypress: a
147.1194 	EXP 	Box: autoDraw = False
147.1194 	EXP 	FixCross: autoDraw = True
148.1829 	EXP 	FixCross: autoDraw = False
148.1829 	EXP 	FixCross: autoDraw = False
148.1829 	EXP 	Box: pos = array([0., 0.])
148.1829 	EXP 	Box: autoDraw = True
148.8175 	EXP 	New trial (rep=5, index=5): {'images': 'red_neutral', 'congruentcy': 0, 'corrAns': 'k', 'box_pos': 'middle', 'box_color': 'red', 'box_x': 0}
148.8196 	DATA 	Keypress: k
148.8256 	EXP 	Box: autoDraw = False
148.8256 	EXP 	FixCross: autoDraw = True
149.8639 	EXP 	FixCross: autoDraw = False
149.8639 	EXP 	FixCross: autoDraw = False
149.8639 	EXP 	Box: pos = array([0., 0.])
149.8639 	EXP 	Box: autoDraw = True
150.3019 	EXP 	New trial (rep=6, index=0): {'images': 'red_congruent', 'congruentcy': 1, 'corrAns': 'k', 'box_pos': 'right', 'box_color': 'red', 'box_x': 0.6}
150.3039 	DATA 	Keypress: k
150.3103 	EXP 	Box: autoDraw = False
150.3103 	EXP 	FixCross: autoDraw = True
151.3905 	EXP 	FixCross: autoDraw = False
151.3905 	EXP 	FixCross: autoDraw = False
151.3905 	EXP 	Box: pos = array([0.6, 0. ])
151.3905 	EXP 	Box: autoDraw = True
152.0492 	EXP 	New trial (rep=6, index=1): {'images': 'red_incongruent', 'congruentcy': 0, 'corrAns': 'k', 'box_pos': 'left', 'box_color': 'red', 'box_x': -0.6}
152.0514 	DATA 	Keypress: k
152.0580 	EXP 	Box: autoDraw = False
152.0580 	EXP 	FixCross: autoDraw = True
153.1298 	EXP 	FixCross: autoDraw = False
153.1298 	EXP 	FixCross: autoDraw = False
153.1298 	EXP 	Box: pos = array([-0.6,  0. ])
153.1298 	EXP 	Box: autoDraw = True
153.6976 	EXP 	New trial (rep=6, index=2): {'images': 'blue_incongruent', 'congruentcy': 0, 'corrAns': 'a', 'box_pos': 'right', 'box_color': 'blue', 'box_x': 0.6}
153.6997 	DATA 	Keypress: k
153.7056 	EXP 	Box: autoDraw = False
153.7056 	EXP 	FixCross: autoDraw = True
154.9071 	EXP 	FixCross: autoDraw = False
154.9071 	EXP 	FixCross: autoDraw = False
154.9071 	EXP 	Box: pos = array([0.6, 0. ])
154.9071 	EXP 	Box: autoDraw = True
155.3491 	DATA 	Keypress: a
155.3570 	EXP 	New trial (rep=6, index=3): {'images': 'red_neutral', 'congruentcy': 0, 'corrAns': 'k', 'box_pos': 'middle', 'box_color': 'red', 'box_x': 0}
155.3613 	EXP 	Box: autoDraw = False
155.3613 	EXP 	FixCross: autoDraw = True
156.5002 	EXP 	FixCross: autoDraw = False
156.5002 	EXP 	FixCross: autoDraw = False
156.5002 	EXP 	Box: pos = array([0., 0.])
156.5002 	EXP 	Box: autoDraw = True
156.8963 	EXP 	New trial (rep=6, index=4): {'images': 'red_congruent', 'congruentcy': 1, 'corrAns': 'k', 'box_pos': 'right', 'box_color': 'red', 'box_x': 0.6}
156.8984 	DATA 	Keypress: k
156.9048 	EXP 	Box: autoDraw = False
156.9048 	EXP 	FixCross: autoDraw = True
157.9935 	EXP 	FixCross: autoDraw = False
157.9935 	EXP 	FixCross: autoDraw = False
157.9935 	EXP 	Box: pos = array([0.6, 0. ])
157.9935 	EXP 	Box: autoDraw = True
158.6859 	DATA 	Keypress: k
158.6947 	EXP 	New trial (rep=6, index=5): {'images': 'blue_congruent', 'congruentcy': 1, 'corrAns': 'a', 'box_pos': 'left', 'box_color': 'blue', 'box_x': -0.6}
158.7025 	EXP 	Box: autoDraw = False
158.7025 	EXP 	FixCross: autoDraw = True
159.7787 	EXP 	FixCross: autoDraw = False
159.7787 	EXP 	FixCross: autoDraw = False
159.7787 	EXP 	Box: pos = array([-0.6,  0. ])
159.7787 	EXP 	Box: autoDraw = True
160.2791 	EXP 	New trial (rep=7, index=0): {'images': 'red_incongruent', 'congruentcy': 0, 'corrAns': 'k', 'box_pos': 'left', 'box_color': 'red', 'box_x': -0.6}
160.2811 	DATA 	Keypress: a
160.2875 	EXP 	Box: autoDraw = False
160.2875 	EXP 	FixCross: autoDraw = True
161.3637 	EXP 	FixCross: autoDraw = False
161.3637 	EXP 	FixCross: autoDraw = False
161.3637 	EXP 	Box: pos = array([-0.6,  0. ])
161.3637 	EXP 	Box: autoDraw = True
161.7815 	DATA 	Keypress: a
161.7894 	EXP 	New trial (rep=7, index=1): {'images': 'blue_neutral', 'congruentcy': 0, 'corrAns': 'a', 'box_pos': 'middle', 'box_color': 'blue', 'box_x': 0}
161.7975 	EXP 	Box: autoDraw = False
161.7975 	EXP 	FixCross: autoDraw = True
162.8738 	EXP 	FixCross: autoDraw = False
162.8738 	EXP 	FixCross: autoDraw = False
162.8738 	EXP 	Box: pos = array([0., 0.])
162.8738 	EXP 	Box: autoDraw = True
164.5090 	EXP 	New trial (rep=7, index=2): {'images': 'blue_congruent', 'congruentcy': 1, 'corrAns': 'a', 'box_pos': 'left', 'box_color': 'blue', 'box_x': -0.6}
164.5112 	DATA 	Keypress: a
164.5170 	EXP 	Box: autoDraw = False
164.5170 	EXP 	FixCross: autoDraw = True
165.6430 	EXP 	FixCross: autoDraw = False
165.6430 	EXP 	FixCross: autoDraw = False
165.6430 	EXP 	Box: pos = array([-0.6,  0. ])
165.6430 	EXP 	Box: autoDraw = True
166.3695 	EXP 	New trial (rep=7, index=3): {'images': 'red_incongruent', 'congruentcy': 0, 'corrAns': 'k', 'box_pos': 'left', 'box_color': 'red', 'box_x': -0.6}
166.3715 	DATA 	Keypress: a
166.3775 	EXP 	Box: autoDraw = False
166.3775 	EXP 	FixCross: autoDraw = True
167.4910 	EXP 	FixCross: autoDraw = False
167.4910 	EXP 	FixCross: autoDraw = False
167.4910 	EXP 	Box: pos = array([-0.6,  0. ])
167.4910 	EXP 	Box: autoDraw = True
168.5840 	DATA 	Keypress: k
168.5919 	EXP 	New trial (rep=7, index=4): {'images': 'blue_incongruent', 'congruentcy': 0, 'corrAns': 'a', 'box_pos': 'right', 'box_color': 'blue', 'box_x': 0.6}
168.6006 	EXP 	Box: autoDraw = False
168.6006 	EXP 	FixCross: autoDraw = True
169.7058 	EXP 	FixCross: autoDraw = False
169.7058 	EXP 	FixCross: autoDraw = False
169.7058 	EXP 	Box: pos = array([0.6, 0. ])
169.7058 	EXP 	Box: autoDraw = True
170.4154 	DATA 	Keypress: a
170.4234 	EXP 	New trial (rep=7, index=5): {'images': 'blue_incongruent', 'congruentcy': 0, 'corrAns': 'a', 'box_pos': 'right', 'box_color': 'blue', 'box_x': 0.6}
170.4316 	EXP 	Box: autoDraw = False
170.4316 	EXP 	FixCross: autoDraw = True
171.5328 	EXP 	FixCross: autoDraw = False
171.5328 	EXP 	FixCross: autoDraw = False
171.5328 	EXP 	Box: pos = array([0.6, 0. ])
171.5328 	EXP 	Box: autoDraw = True
172.2448 	DATA 	Keypress: a
172.2501 	EXP 	Box: autoDraw = False
172.2501 	EXP 	text_2: text = 'Biraz mola verebilirsiniz. \n\n 45 adet doğru cevap verdiniz. \n Ortalama cevap süreniz 6.89e+02ms.\n\n Devam etmek için BOŞLUK tuşuna basınız.'
172.2501 	EXP 	text_2: autoDraw = True
177.0726 	DATA 	Keypress: space
177.0875 	EXP 	Imported SimonTask.xlsx as conditions, 6 conditions, 6 params
177.0878 	EXP 	Created sequence: fullRandom, trialTypes=6, nReps=8, seed=None
177.0881 	EXP 	New trial (rep=0, index=0): {'images': 'blue_incongruent', 'congruentcy': 0, 'corrAns': 'a', 'box_pos': 'right', 'box_color': 'blue', 'box_x': 0.6}
177.0971 	EXP 	text_2: autoDraw = False
177.0971 	EXP 	FixCross: autoDraw = True
178.1273 	EXP 	FixCross: autoDraw = False
178.1273 	EXP 	FixCross: autoDraw = False
178.1273 	EXP 	Box: pos = array([0.6, 0. ])
178.1273 	EXP 	Box: autoDraw = True
179.4204 	EXP 	New trial (rep=0, index=1): {'images': 'red_congruent', 'congruentcy': 1, 'corrAns': 'k', 'box_pos': 'right', 'box_color': 'red', 'box_x': 0.6}
179.4233 	DATA 	Keypress: a
179.4285 	EXP 	Box: autoDraw = False
179.4285 	EXP 	FixCross: autoDraw = True
180.5131 	EXP 	FixCross: autoDraw = False
180.5131 	EXP 	FixCross: autoDraw = False
180.5131 	EXP 	Box: pos = array([0.6, 0. ])
180.5131 	EXP 	Box: autoDraw = True
180.9715 	EXP 	New trial (rep=0, index=2): {'images': 'red_congruent', 'congruentcy': 1, 'corrAns': 'k', 'box_pos': 'right', 'box_color': 'red', 'box_x': 0.6}
180.9735 	DATA 	Keypress: k
180.9761 	EXP 	Box: autoDraw = False
180.9761 	EXP 	FixCross: autoDraw = True
182.0604 	EXP 	FixCross: autoDraw = False
182.0604 	EXP 	FixCross: autoDraw = False
182.0604 	EXP 	Box: pos = array([0.6, 0. ])
182.0604 	EXP 	Box: autoDraw = True
182.4858 	EXP 	New trial (rep=0, index=3): {'images': 'blue_neutral', 'congruentcy': 0, 'corrAns': 'a', 'box_pos': 'middle', 'box_color': 'blue', 'box_x': 0}
182.4880 	DATA 	Keypress: k
182.4944 	EXP 	Box: autoDraw = False
182.4944 	EXP 	FixCross: autoDraw = True
183.6204 	EXP 	FixCross: autoDraw = False
183.6204 	EXP 	FixCross: autoDraw = False
183.6204 	EXP 	Box: pos = array([0., 0.])
183.6204 	EXP 	Box: autoDraw = True
184.0882 	EXP 	New trial (rep=0, index=4): {'images': 'blue_neutral', 'congruentcy': 0, 'corrAns': 'a', 'box_pos': 'middle', 'box_color': 'blue', 'box_x': 0}
184.0902 	DATA 	Keypress: a
184.0961 	EXP 	Box: autoDraw = False
184.0961 	EXP 	FixCross: autoDraw = True
185.1304 	EXP 	FixCross: autoDraw = False
185.1304 	EXP 	FixCross: autoDraw = False
185.1304 	EXP 	Box: pos = array([0., 0.])
185.1304 	EXP 	Box: autoDraw = True
185.5265 	EXP 	New trial (rep=0, index=5): {'images': 'blue_congruent', 'congruentcy': 1, 'corrAns': 'a', 'box_pos': 'left', 'box_color': 'blue', 'box_x': -0.6}
185.5287 	DATA 	Keypress: a
185.5351 	EXP 	Box: autoDraw = False
185.5351 	EXP 	FixCross: autoDraw = True
186.5652 	EXP 	FixCross: autoDraw = False
186.5652 	EXP 	FixCross: autoDraw = False
186.5652 	EXP 	Box: pos = array([-0.6,  0. ])
186.5652 	EXP 	Box: autoDraw = True
187.2334 	DATA 	Keypress: a
187.2409 	EXP 	New trial (rep=1, index=0): {'images': 'blue_neutral', 'congruentcy': 0, 'corrAns': 'a', 'box_pos': 'middle', 'box_color': 'blue', 'box_x': 0}
187.2452 	EXP 	Box: autoDraw = False
187.2452 	EXP 	FixCross: autoDraw = True
188.3087 	EXP 	FixCross: autoDraw = False
188.3087 	EXP 	FixCross: autoDraw = False
188.3087 	EXP 	Box: pos = array([0., 0.])
188.3087 	EXP 	Box: autoDraw = True
188.6512 	EXP 	New trial (rep=1, index=1): {'images': 'red_incongruent', 'congruentcy': 0, 'corrAns': 'k', 'box_pos': 'left', 'box_color': 'red', 'box_x': -0.6}
188.6534 	DATA 	Keypress: a
188.6591 	EXP 	Box: autoDraw = False
188.6591 	EXP 	FixCross: autoDraw = True
189.7728 	EXP 	FixCross: autoDraw = False
189.7728 	EXP 	FixCross: autoDraw = False
189.7728 	EXP 	Box: pos = array([-0.6,  0. ])
189.7728 	EXP 	Box: autoDraw = True
190.3902 	EXP 	New trial (rep=1, index=2): {'images': 'red_neutral', 'congruentcy': 0, 'corrAns': 'k', 'box_pos': 'middle', 'box_color': 'red', 'box_x': 0}
190.3922 	DATA 	Keypress: k
190.3984 	EXP 	Box: autoDraw = False
190.3984 	EXP 	FixCross: autoDraw = True
191.4913 	EXP 	FixCross: autoDraw = False
191.4913 	EXP 	FixCross: autoDraw = False
191.4913 	EXP 	Box: pos = array([0., 0.])
191.4913 	EXP 	Box: autoDraw = True
192.0045 	EXP 	New trial (rep=1, index=3): {'images': 'blue_incongruent', 'congruentcy': 0, 'corrAns': 'a', 'box_pos': 'right', 'box_color': 'blue', 'box_x': 0.6}
192.0066 	DATA 	Keypress: k
192.0128 	EXP 	Box: autoDraw = False
192.0128 	EXP 	FixCross: autoDraw = True
193.0931 	EXP 	FixCross: autoDraw = False
193.0931 	EXP 	FixCross: autoDraw = False
193.0931 	EXP 	Box: pos = array([0.6, 0. ])
193.0931 	EXP 	Box: autoDraw = True
193.6020 	DATA 	Keypress: a
193.6109 	EXP 	New trial (rep=1, index=4): {'images': 'red_neutral', 'congruentcy': 0, 'corrAns': 'k', 'box_pos': 'middle', 'box_color': 'red', 'box_x': 0}
193.6185 	EXP 	Box: autoDraw = False
193.6185 	EXP 	FixCross: autoDraw = True
194.7365 	EXP 	FixCross: autoDraw = False
194.7365 	EXP 	FixCross: autoDraw = False
194.7365 	EXP 	Box: pos = array([0., 0.])
194.7365 	EXP 	Box: autoDraw = True
195.1793 	DATA 	Keypress: a
195.1872 	EXP 	New trial (rep=1, index=5): {'images': 'red_congruent', 'congruentcy': 1, 'corrAns': 'k', 'box_pos': 'right', 'box_color': 'red', 'box_x': 0.6}
195.1953 	EXP 	Box: autoDraw = False
195.1953 	EXP 	FixCross: autoDraw = True
195.2143 	DATA 	Keypress: k
196.3216 	EXP 	FixCross: autoDraw = False
196.3216 	EXP 	FixCross: autoDraw = False
196.3216 	EXP 	Box: pos = array([0.6, 0. ])
196.3216 	EXP 	Box: autoDraw = True
197.5688 	EXP 	New trial (rep=2, index=0): {'images': 'red_incongruent', 'congruentcy': 0, 'corrAns': 'k', 'box_pos': 'left', 'box_color': 'red', 'box_x': -0.6}
197.5708 	DATA 	Keypress: k
197.5770 	EXP 	Box: autoDraw = False
197.5770 	EXP 	FixCross: autoDraw = True
198.6447 	EXP 	FixCross: autoDraw = False
198.6447 	EXP 	FixCross: autoDraw = False
198.6447 	EXP 	Box: pos = array([-0.6,  0. ])
198.6447 	EXP 	Box: autoDraw = True
199.4212 	EXP 	New trial (rep=2, index=1): {'images': 'red_incongruent', 'congruentcy': 0, 'corrAns': 'k', 'box_pos': 'left', 'box_color': 'red', 'box_x': -0.6}
199.4232 	DATA 	Keypress: k
199.4290 	EXP 	Box: autoDraw = False
199.4290 	EXP 	FixCross: autoDraw = True
200.5093 	EXP 	FixCross: autoDraw = False
200.5093 	EXP 	FixCross: autoDraw = False
200.5093 	EXP 	Box: pos = array([-0.6,  0. ])
200.5093 	EXP 	Box: autoDraw = True
201.0190 	DATA 	Keypress: k
201.0266 	EXP 	New trial (rep=2, index=2): {'images': 'red_incongruent', 'congruentcy': 0, 'corrAns': 'k', 'box_pos': 'left', 'box_color': 'red', 'box_x': -0.6}
201.0347 	EXP 	Box: autoDraw = False
201.0347 	EXP 	FixCross: autoDraw = True
202.1152 	EXP 	FixCross: autoDraw = False
202.1152 	EXP 	FixCross: autoDraw = False
202.1152 	EXP 	Box: pos = array([-0.6,  0. ])
202.1152 	EXP 	Box: autoDraw = True
202.5489 	EXP 	New trial (rep=2, index=3): {'images': 'blue_congruent', 'congruentcy': 1, 'corrAns': 'a', 'box_pos': 'left', 'box_color': 'blue', 'box_x': -0.6}
202.5509 	DATA 	Keypress: k
202.5573 	EXP 	Box: autoDraw = False
202.5573 	EXP 	FixCross: autoDraw = True
203.6752 	EXP 	FixCross: autoDraw = False
203.6752 	EXP 	FixCross: autoDraw = False
203.6752 	EXP 	Box: pos = array([-0.6,  0. ])
203.6752 	EXP 	Box: autoDraw = True
204.0632 	EXP 	New trial (rep=2, index=4): {'images': 'red_incongruent', 'congruentcy': 0, 'corrAns': 'k', 'box_pos': 'left', 'box_color': 'red', 'box_x': -0.6}
204.0655 	DATA 	Keypress: a
204.0715 	EXP 	Box: autoDraw = False
204.0715 	EXP 	FixCross: autoDraw = True
205.2643 	EXP 	FixCross: autoDraw = False
205.2643 	EXP 	FixCross: autoDraw = False
205.2643 	EXP 	Box: pos = array([-0.6,  0. ])
205.2643 	EXP 	Box: autoDraw = True
205.7986 	EXP 	New trial (rep=2, index=5): {'images': 'red_neutral', 'congruentcy': 0, 'corrAns': 'k', 'box_pos': 'middle', 'box_color': 'red', 'box_x': 0}
205.8007 	DATA 	Keypress: k
205.8066 	EXP 	Box: autoDraw = False
205.8066 	EXP 	FixCross: autoDraw = True
206.8952 	EXP 	FixCross: autoDraw = False
206.8952 	EXP 	FixCross: autoDraw = False
206.8952 	EXP 	Box: pos = array([0., 0.])
206.8952 	EXP 	Box: autoDraw = True
207.3540 	EXP 	New trial (rep=3, index=0): {'images': 'red_incongruent', 'congruentcy': 0, 'corrAns': 'k', 'box_pos': 'left', 'box_color': 'red', 'box_x': -0.6}
207.3560 	DATA 	Keypress: a
207.3625 	EXP 	Box: autoDraw = False
207.3625 	EXP 	FixCross: autoDraw = True
208.4468 	EXP 	FixCross: autoDraw = False
208.4468 	EXP 	FixCross: autoDraw = False
208.4468 	EXP 	Box: pos = array([-0.6,  0. ])
208.4468 	EXP 	Box: autoDraw = True
209.9146 	EXP 	New trial (rep=3, index=1): {'images': 'red_incongruent', 'congruentcy': 0, 'corrAns': 'k', 'box_pos': 'left', 'box_color': 'red', 'box_x': -0.6}
209.9166 	DATA 	Keypress: k
209.9193 	EXP 	Box: autoDraw = False
209.9193 	EXP 	FixCross: autoDraw = True
211.1205 	EXP 	FixCross: autoDraw = False
211.1205 	EXP 	FixCross: autoDraw = False
211.1205 	EXP 	Box: pos = array([-0.6,  0. ])
211.1205 	EXP 	Box: autoDraw = True
211.8630 	EXP 	New trial (rep=3, index=2): {'images': 'blue_congruent', 'congruentcy': 1, 'corrAns': 'a', 'box_pos': 'left', 'box_color': 'blue', 'box_x': -0.6}
211.8650 	DATA 	Keypress: k
211.8713 	EXP 	Box: autoDraw = False
211.8713 	EXP 	FixCross: autoDraw = True
213.0267 	EXP 	FixCross: autoDraw = False
213.0267 	EXP 	FixCross: autoDraw = False
213.0267 	EXP 	Box: pos = array([-0.6,  0. ])
213.0267 	EXP 	Box: autoDraw = True
213.6864 	EXP 	New trial (rep=3, index=3): {'images': 'blue_incongruent', 'congruentcy': 0, 'corrAns': 'a', 'box_pos': 'right', 'box_color': 'blue', 'box_x': 0.6}
213.6885 	DATA 	Keypress: a
213.6941 	EXP 	Box: autoDraw = False
213.6941 	EXP 	FixCross: autoDraw = True
214.8870 	EXP 	FixCross: autoDraw = False
214.8870 	EXP 	FixCross: autoDraw = False
214.8870 	EXP 	Box: pos = array([0.6, 0. ])
214.8870 	EXP 	Box: autoDraw = True
215.5458 	EXP 	New trial (rep=3, index=4): {'images': 'red_neutral', 'congruentcy': 0, 'corrAns': 'k', 'box_pos': 'middle', 'box_color': 'red', 'box_x': 0}
215.5480 	DATA 	Keypress: a
215.5544 	EXP 	Box: autoDraw = False
215.5544 	EXP 	FixCross: autoDraw = True
216.6764 	EXP 	FixCross: autoDraw = False
216.6764 	EXP 	FixCross: autoDraw = False
216.6764 	EXP 	Box: pos = array([0., 0.])
216.6764 	EXP 	Box: autoDraw = True
217.4102 	EXP 	New trial (rep=3, index=5): {'images': 'blue_congruent', 'congruentcy': 1, 'corrAns': 'a', 'box_pos': 'left', 'box_color': 'blue', 'box_x': -0.6}
217.4124 	DATA 	Keypress: k
217.4188 	EXP 	Box: autoDraw = False
217.4188 	EXP 	FixCross: autoDraw = True
218.4948 	EXP 	FixCross: autoDraw = False
218.4948 	EXP 	FixCross: autoDraw = False
218.4948 	EXP 	Box: pos = array([-0.6,  0. ])
218.4948 	EXP 	Box: autoDraw = True
219.8968 	EXP 	New trial (rep=4, index=0): {'images': 'blue_congruent', 'congruentcy': 1, 'corrAns': 'a', 'box_pos': 'left', 'box_color': 'blue', 'box_x': -0.6}
219.8989 	DATA 	Keypress: a
219.9048 	EXP 	Box: autoDraw = False
219.9048 	EXP 	FixCross: autoDraw = True
220.9684 	EXP 	FixCross: autoDraw = False
220.9684 	EXP 	FixCross: autoDraw = False
220.9684 	EXP 	Box: pos = array([-0.6,  0. ])
220.9684 	EXP 	Box: autoDraw = True
221.5022 	DATA 	Keypress: a
221.5102 	EXP 	New trial (rep=4, index=1): {'images': 'red_neutral', 'congruentcy': 0, 'corrAns': 'k', 'box_pos': 'middle', 'box_color': 'red', 'box_x': 0}
221.5147 	EXP 	Box: autoDraw = False
221.5147 	EXP 	FixCross: autoDraw = True
222.5536 	EXP 	FixCross: autoDraw = False
222.5536 	EXP 	FixCross: autoDraw = False
222.5536 	EXP 	Box: pos = array([0., 0.])
222.5536 	EXP 	Box: autoDraw = True
222.9915 	EXP 	New trial (rep=4, index=2): {'images': 'blue_neutral', 'congruentcy': 0, 'corrAns': 'a', 'box_pos': 'middle', 'box_color': 'blue', 'box_x': 0}
222.9936 	DATA 	Keypress: k
222.9998 	EXP 	Box: autoDraw = False
222.9998 	EXP 	FixCross: autoDraw = True
224.0303 	EXP 	FixCross: autoDraw = False
224.0303 	EXP 	FixCross: autoDraw = False
224.0303 	EXP 	Box: pos = array([0., 0.])
224.0303 	EXP 	Box: autoDraw = True
224.5468 	EXP 	New trial (rep=4, index=3): {'images': 'red_congruent', 'congruentcy': 1, 'corrAns': 'k', 'box_pos': 'right', 'box_color': 'red', 'box_x': 0.6}
224.5489 	DATA 	Keypress: k
224.5513 	EXP 	Box: autoDraw = False
224.5513 	EXP 	FixCross: autoDraw = True
225.6984 	EXP 	FixCross: autoDraw = False
225.6984 	EXP 	FixCross: autoDraw = False
225.6984 	EXP 	Box: pos = array([0.6, 0. ])
225.6984 	EXP 	Box: autoDraw = True
226.5323 	EXP 	New trial (rep=4, index=4): {'images': 'red_incongruent', 'congruentcy': 0, 'corrAns': 'k', 'box_pos': 'left', 'box_color': 'red', 'box_x': -0.6}
226.5344 	DATA 	Keypress: k
226.5410 	EXP 	Box: autoDraw = False
226.5410 	EXP 	FixCross: autoDraw = True
227.7214 	EXP 	FixCross: autoDraw = False
227.7214 	EXP 	FixCross: autoDraw = False
227.7214 	EXP 	Box: pos = array([-0.6,  0. ])
227.7214 	EXP 	Box: autoDraw = True
228.4558 	DATA 	Keypress: k
228.4637 	EXP 	New trial (rep=4, index=5): {'images': 'blue_congruent', 'congruentcy': 1, 'corrAns': 'a', 'box_pos': 'left', 'box_color': 'blue', 'box_x': -0.6}
228.4721 	EXP 	Box: autoDraw = False
228.4721 	EXP 	FixCross: autoDraw = True
229.5400 	EXP 	FixCross: autoDraw = False
229.5400 	EXP 	FixCross: autoDraw = False
229.5400 	EXP 	Box: pos = array([-0.6,  0. ])
229.5400 	EXP 	Box: autoDraw = True
230.5372 	EXP 	New trial (rep=5, index=0): {'images': 'red_neutral', 'congruentcy': 0, 'corrAns': 'k', 'box_pos': 'middle', 'box_color': 'red', 'box_x': 0}
230.5394 	DATA 	Keypress: a
230.5454 	EXP 	Box: autoDraw = False
230.5454 	EXP 	FixCross: autoDraw = True
231.6422 	EXP 	FixCross: autoDraw = False
231.6422 	EXP 	FixCross: autoDraw = False
231.6422 	EXP 	Box: pos = array([0., 0.])
231.6422 	EXP 	Box: autoDraw = True
232.0845 	EXP 	New trial (rep=5, index=1): {'images': 'blue_neutral', 'congruentcy': 0, 'corrAns': 'a', 'box_pos': 'middle', 'box_color': 'blue', 'box_x': 0}
232.0866 	DATA 	Keypress: k
232.0927 	EXP 	Box: autoDraw = False
232.0927 	EXP 	FixCross: autoDraw = True
233.2980 	EXP 	FixCross: autoDraw = False
233.2980 	EXP 	FixCross: autoDraw = False
233.2980 	EXP 	Box: pos = array([0., 0.])
233.2980 	EXP 	Box: autoDraw = True
233.8359 	EXP 	New trial (rep=5, index=2): {'images': 'blue_incongruent', 'congruentcy': 0, 'corrAns': 'a', 'box_pos': 'right', 'box_color': 'blue', 'box_x': 0.6}
233.8380 	DATA 	Keypress: a
233.8446 	EXP 	Box: autoDraw = False
233.8446 	EXP 	FixCross: autoDraw = True
235.0333 	EXP 	FixCross: autoDraw = False
235.0333 	EXP 	FixCross: autoDraw = False
235.0333 	EXP 	Box: pos = array([0.6, 0. ])
235.0333 	EXP 	Box: autoDraw = True
235.5553 	EXP 	New trial (rep=5, index=3): {'images': 'red_congruent', 'congruentcy': 1, 'corrAns': 'k', 'box_pos': 'right', 'box_color': 'red', 'box_x': 0.6}
235.5574 	DATA 	Keypress: a
235.5630 	EXP 	Box: autoDraw = False
235.5630 	EXP 	FixCross: autoDraw = True
236.6977 	EXP 	FixCross: autoDraw = False
236.6977 	EXP 	FixCross: autoDraw = False
236.6977 	EXP 	Box: pos = array([0.6, 0. ])
236.6977 	EXP 	Box: autoDraw = True
237.2608 	EXP 	New trial (rep=5, index=4): {'images': 'blue_neutral', 'congruentcy': 0, 'corrAns': 'a', 'box_pos': 'middle', 'box_color': 'blue', 'box_x': 0}
237.2640 	DATA 	Keypress: k
237.2690 	EXP 	Box: autoDraw = False
237.2690 	EXP 	FixCross: autoDraw = True
238.4705 	EXP 	FixCross: autoDraw = False
238.4705 	EXP 	FixCross: autoDraw = False
238.4705 	EXP 	Box: pos = array([0., 0.])
238.4705 	EXP 	Box: autoDraw = True
238.9541 	EXP 	New trial (rep=5, index=5): {'images': 'blue_incongruent', 'congruentcy': 0, 'corrAns': 'a', 'box_pos': 'right', 'box_color': 'blue', 'box_x': 0.6}
238.9561 	DATA 	Keypress: a
238.9625 	EXP 	Box: autoDraw = False
238.9625 	EXP 	FixCross: autoDraw = True
240.1553 	EXP 	FixCross: autoDraw = False
240.1553 	EXP 	FixCross: autoDraw = False
240.1553 	EXP 	Box: pos = array([0.6, 0. ])
240.1553 	EXP 	Box: autoDraw = True
240.6642 	DATA 	Keypress: a
240.6731 	EXP 	New trial (rep=6, index=0): {'images': 'blue_congruent', 'congruentcy': 1, 'corrAns': 'a', 'box_pos': 'left', 'box_color': 'blue', 'box_x': -0.6}
240.6809 	EXP 	Box: autoDraw = False
240.6809 	EXP 	FixCross: autoDraw = True
241.7321 	EXP 	FixCross: autoDraw = False
241.7321 	EXP 	FixCross: autoDraw = False
241.7321 	EXP 	Box: pos = array([-0.6,  0. ])
241.7321 	EXP 	Box: autoDraw = True
242.3575 	EXP 	New trial (rep=6, index=1): {'images': 'red_congruent', 'congruentcy': 1, 'corrAns': 'k', 'box_pos': 'right', 'box_color': 'red', 'box_x': 0.6}
242.3596 	DATA 	Keypress: a
242.3663 	EXP 	Box: autoDraw = False
242.3663 	EXP 	FixCross: autoDraw = True
243.5965 	EXP 	FixCross: autoDraw = False
243.5965 	EXP 	FixCross: autoDraw = False
243.5965 	EXP 	Box: pos = array([0.6, 0. ])
243.5965 	EXP 	Box: autoDraw = True
244.0558 	EXP 	New trial (rep=6, index=2): {'images': 'blue_neutral', 'congruentcy': 0, 'corrAns': 'a', 'box_pos': 'middle', 'box_color': 'blue', 'box_x': 0}
244.0579 	DATA 	Keypress: k
244.0638 	EXP 	Box: autoDraw = False
244.0638 	EXP 	FixCross: autoDraw = True
245.1481 	EXP 	FixCross: autoDraw = False
245.1481 	EXP 	FixCross: autoDraw = False
245.1481 	EXP 	Box: pos = array([0., 0.])
245.1481 	EXP 	Box: autoDraw = True
245.6782 	EXP 	New trial (rep=6, index=3): {'images': 'blue_neutral', 'congruentcy': 0, 'corrAns': 'a', 'box_pos': 'middle', 'box_color': 'blue', 'box_x': 0}
245.6803 	DATA 	Keypress: a
245.6863 	EXP 	Box: autoDraw = False
245.6863 	EXP 	FixCross: autoDraw = True
246.7957 	EXP 	FixCross: autoDraw = False
246.7957 	EXP 	FixCross: autoDraw = False
246.7957 	EXP 	Box: pos = array([0., 0.])
246.7957 	EXP 	Box: autoDraw = True
247.1505 	EXP 	New trial (rep=6, index=4): {'images': 'red_congruent', 'congruentcy': 1, 'corrAns': 'k', 'box_pos': 'right', 'box_color': 'red', 'box_x': 0.6}
247.1526 	DATA 	Keypress: a
247.1589 	EXP 	Box: autoDraw = False
247.1589 	EXP 	FixCross: autoDraw = True
248.1889 	EXP 	FixCross: autoDraw = False
248.1889 	EXP 	FixCross: autoDraw = False
248.1889 	EXP 	Box: pos = array([0.6, 0. ])
248.1889 	EXP 	Box: autoDraw = True
248.5941 	DATA 	Keypress: k
248.6019 	EXP 	New trial (rep=6, index=5): {'images': 'blue_incongruent', 'congruentcy': 0, 'corrAns': 'a', 'box_pos': 'right', 'box_color': 'blue', 'box_x': 0.6}
248.6102 	EXP 	Box: autoDraw = False
248.6102 	EXP 	FixCross: autoDraw = True
249.7365 	EXP 	FixCross: autoDraw = False
249.7365 	EXP 	FixCross: autoDraw = False
249.7365 	EXP 	Box: pos = array([0.6, 0. ])
249.7365 	EXP 	Box: autoDraw = True
250.2122 	EXP 	New trial (rep=7, index=0): {'images': 'red_neutral', 'congruentcy': 0, 'corrAns': 'k', 'box_pos': 'middle', 'box_color': 'red', 'box_x': 0}
250.2143 	DATA 	Keypress: a
250.2202 	EXP 	Box: autoDraw = False
250.2202 	EXP 	FixCross: autoDraw = True
251.3046 	EXP 	FixCross: autoDraw = False
251.3046 	EXP 	FixCross: autoDraw = False
251.3046 	EXP 	Box: pos = array([0., 0.])
251.3046 	EXP 	Box: autoDraw = True
251.8016 	DATA 	Keypress: k
251.8096 	EXP 	New trial (rep=7, index=1): {'images': 'blue_incongruent', 'congruentcy': 0, 'corrAns': 'a', 'box_pos': 'right', 'box_color': 'blue', 'box_x': 0.6}
251.8177 	EXP 	Box: autoDraw = False
251.8177 	EXP 	FixCross: autoDraw = True
253.0107 	EXP 	FixCross: autoDraw = False
253.0107 	EXP 	FixCross: autoDraw = False
253.0107 	EXP 	Box: pos = array([0.6, 0. ])
253.0107 	EXP 	Box: autoDraw = True
253.7110 	EXP 	New trial (rep=7, index=2): {'images': 'red_neutral', 'congruentcy': 0, 'corrAns': 'k', 'box_pos': 'middle', 'box_color': 'red', 'box_x': 0}
253.7131 	DATA 	Keypress: a
253.7155 	EXP 	Box: autoDraw = False
253.7155 	EXP 	FixCross: autoDraw = True
254.8669 	EXP 	FixCross: autoDraw = False
254.8669 	EXP 	FixCross: autoDraw = False
254.8669 	EXP 	Box: pos = array([0., 0.])
254.8669 	EXP 	Box: autoDraw = True
255.2001 	EXP 	New trial (rep=7, index=3): {'images': 'blue_incongruent', 'congruentcy': 0, 'corrAns': 'a', 'box_pos': 'right', 'box_color': 'blue', 'box_x': 0.6}
255.2023 	DATA 	Keypress: k
255.2087 	EXP 	Box: autoDraw = False
255.2087 	EXP 	FixCross: autoDraw = True
256.2808 	EXP 	FixCross: autoDraw = False
256.2808 	EXP 	FixCross: autoDraw = False
256.2808 	EXP 	Box: pos = array([0.6, 0. ])
256.2808 	EXP 	Box: autoDraw = True
256.8735 	EXP 	New trial (rep=7, index=4): {'images': 'red_congruent', 'congruentcy': 1, 'corrAns': 'k', 'box_pos': 'right', 'box_color': 'red', 'box_x': 0.6}
256.8756 	DATA 	Keypress: a
256.8814 	EXP 	Box: autoDraw = False
256.8814 	EXP 	FixCross: autoDraw = True
257.9075 	EXP 	FixCross: autoDraw = False
257.9075 	EXP 	FixCross: autoDraw = False
257.9075 	EXP 	Box: pos = array([0.6, 0. ])
257.9075 	EXP 	Box: autoDraw = True
258.3248 	EXP 	New trial (rep=7, index=5): {'images': 'blue_congruent', 'congruentcy': 1, 'corrAns': 'a', 'box_pos': 'left', 'box_color': 'blue', 'box_x': -0.6}
258.3269 	DATA 	Keypress: k
258.3330 	EXP 	Box: autoDraw = False
258.3330 	EXP 	FixCross: autoDraw = True
259.4008 	EXP 	FixCross: autoDraw = False
259.4008 	EXP 	FixCross: autoDraw = False
259.4008 	EXP 	Box: pos = array([-0.6,  0. ])
259.4008 	EXP 	Box: autoDraw = True
259.8682 	DATA 	Keypress: a
259.8924 	EXP 	Box: autoDraw = False
259.8924 	EXP 	text_2: text = 'Biraz mola verebilirsiniz. \n\n 45 adet doğru cevap verdiniz. \n Ortalama cevap süreniz 4.65e+02ms.\n\n Devam etmek için BOŞLUK tuşuna basınız.'
259.8924 	EXP 	text_2: autoDraw = True
268.0793 	EXP 	Imported SimonTask.xlsx as conditions, 6 conditions, 6 params
268.0796 	EXP 	Created sequence: fullRandom, trialTypes=6, nReps=8, seed=None
268.0799 	EXP 	New trial (rep=0, index=0): {'images': 'blue_incongruent', 'congruentcy': 0, 'corrAns': 'a', 'box_pos': 'right', 'box_color': 'blue', 'box_x': 0.6}
268.0825 	DATA 	Keypress: space
268.0891 	EXP 	text_2: autoDraw = False
268.0891 	EXP 	FixCross: autoDraw = True
269.1985 	EXP 	FixCross: autoDraw = False
269.1985 	EXP 	FixCross: autoDraw = False
269.1985 	EXP 	Box: pos = array([0.6, 0. ])
269.1985 	EXP 	Box: autoDraw = True
270.4963 	EXP 	New trial (rep=0, index=1): {'images': 'blue_congruent', 'congruentcy': 1, 'corrAns': 'a', 'box_pos': 'left', 'box_color': 'blue', 'box_x': -0.6}
270.4989 	DATA 	Keypress: a
270.5041 	EXP 	Box: autoDraw = False
270.5041 	EXP 	FixCross: autoDraw = True
271.5927 	EXP 	FixCross: autoDraw = False
271.5927 	EXP 	FixCross: autoDraw = False
271.5927 	EXP 	Box: pos = array([-0.6,  0. ])
271.5927 	EXP 	Box: autoDraw = True
272.0272 	EXP 	New trial (rep=0, index=2): {'images': 'red_neutral', 'congruentcy': 0, 'corrAns': 'k', 'box_pos': 'middle', 'box_color': 'red', 'box_x': 0}
272.0292 	DATA 	Keypress: a
272.0349 	EXP 	Box: autoDraw = False
272.0349 	EXP 	FixCross: autoDraw = True
273.2820 	EXP 	FixCross: autoDraw = False
273.2820 	EXP 	FixCross: autoDraw = False
273.2820 	EXP 	Box: pos = array([0., 0.])
273.2820 	EXP 	Box: autoDraw = True
273.6996 	DATA 	Keypress: k
273.7078 	EXP 	New trial (rep=0, index=3): {'images': 'blue_neutral', 'congruentcy': 0, 'corrAns': 'a', 'box_pos': 'middle', 'box_color': 'blue', 'box_x': 0}
273.7161 	EXP 	Box: autoDraw = False
273.7161 	EXP 	FixCross: autoDraw = True
274.8503 	EXP 	FixCross: autoDraw = False
274.8503 	EXP 	FixCross: autoDraw = False
274.8503 	EXP 	Box: pos = array([0., 0.])
274.8503 	EXP 	Box: autoDraw = True
275.5270 	EXP 	New trial (rep=0, index=4): {'images': 'red_incongruent', 'congruentcy': 0, 'corrAns': 'k', 'box_pos': 'left', 'box_color': 'red', 'box_x': -0.6}
275.5290 	DATA 	Keypress: a
275.5344 	EXP 	Box: autoDraw = False
275.5344 	EXP 	FixCross: autoDraw = True
276.6775 	EXP 	FixCross: autoDraw = False
276.6775 	EXP 	FixCross: autoDraw = False
276.6775 	EXP 	Box: pos = array([-0.6,  0. ])
276.6775 	EXP 	Box: autoDraw = True
277.3034 	EXP 	New trial (rep=0, index=5): {'images': 'red_incongruent', 'congruentcy': 0, 'corrAns': 'k', 'box_pos': 'left', 'box_color': 'red', 'box_x': -0.6}
277.3054 	DATA 	Keypress: k
277.3116 	EXP 	Box: autoDraw = False
277.3116 	EXP 	FixCross: autoDraw = True
278.4250 	EXP 	FixCross: autoDraw = False
278.4250 	EXP 	FixCross: autoDraw = False
278.4250 	EXP 	Box: pos = array([-0.6,  0. ])
278.4250 	EXP 	Box: autoDraw = True
279.0259 	EXP 	New trial (rep=1, index=0): {'images': 'red_congruent', 'congruentcy': 1, 'corrAns': 'k', 'box_pos': 'right', 'box_color': 'red', 'box_x': 0.6}
279.0288 	DATA 	Keypress: k
279.0340 	EXP 	Box: autoDraw = False
279.0340 	EXP 	FixCross: autoDraw = True
280.1393 	EXP 	FixCross: autoDraw = False
280.1393 	EXP 	FixCross: autoDraw = False
280.1393 	EXP 	Box: pos = array([0.6, 0. ])
280.1393 	EXP 	Box: autoDraw = True
280.7572 	EXP 	New trial (rep=1, index=1): {'images': 'blue_incongruent', 'congruentcy': 0, 'corrAns': 'a', 'box_pos': 'right', 'box_color': 'blue', 'box_x': 0.6}
280.7592 	DATA 	Keypress: k
280.7651 	EXP 	Box: autoDraw = False
280.7651 	EXP 	FixCross: autoDraw = True
281.8160 	EXP 	FixCross: autoDraw = False
281.8160 	EXP 	FixCross: autoDraw = False
281.8160 	EXP 	Box: pos = array([0.6, 0. ])
281.8160 	EXP 	Box: autoDraw = True
282.4086 	EXP 	New trial (rep=1, index=2): {'images': 'red_incongruent', 'congruentcy': 0, 'corrAns': 'k', 'box_pos': 'left', 'box_color': 'red', 'box_x': -0.6}
282.4116 	DATA 	Keypress: a
282.4167 	EXP 	Box: autoDraw = False
282.4167 	EXP 	FixCross: autoDraw = True
283.5930 	EXP 	FixCross: autoDraw = False
283.5930 	EXP 	FixCross: autoDraw = False
283.5930 	EXP 	Box: pos = array([-0.6,  0. ])
283.5930 	EXP 	Box: autoDraw = True
284.0522 	EXP 	New trial (rep=1, index=3): {'images': 'red_incongruent', 'congruentcy': 0, 'corrAns': 'k', 'box_pos': 'left', 'box_color': 'red', 'box_x': -0.6}
284.0543 	DATA 	Keypress: k
284.0605 	EXP 	Box: autoDraw = False
284.0605 	EXP 	FixCross: autoDraw = True
285.1654 	EXP 	FixCross: autoDraw = False
285.1654 	EXP 	FixCross: autoDraw = False
285.1654 	EXP 	Box: pos = array([-0.6,  0. ])
285.1654 	EXP 	Box: autoDraw = True
285.6116 	EXP 	New trial (rep=1, index=4): {'images': 'red_congruent', 'congruentcy': 1, 'corrAns': 'k', 'box_pos': 'right', 'box_color': 'red', 'box_x': 0.6}
285.6136 	DATA 	Keypress: k
285.6201 	EXP 	Box: autoDraw = False
285.6201 	EXP 	FixCross: autoDraw = True
286.6671 	EXP 	FixCross: autoDraw = False
286.6671 	EXP 	FixCross: autoDraw = False
286.6671 	EXP 	Box: pos = array([0.6, 0. ])
286.6671 	EXP 	Box: autoDraw = True
287.3350 	DATA 	Keypress: k
287.3430 	EXP 	New trial (rep=1, index=5): {'images': 'blue_neutral', 'congruentcy': 0, 'corrAns': 'a', 'box_pos': 'middle', 'box_color': 'blue', 'box_x': 0}
287.3512 	EXP 	Box: autoDraw = False
287.3512 	EXP 	FixCross: autoDraw = True
288.4816 	EXP 	FixCross: autoDraw = False
288.4816 	EXP 	FixCross: autoDraw = False
288.4816 	EXP 	Box: pos = array([0., 0.])
288.4816 	EXP 	Box: autoDraw = True
289.0743 	EXP 	New trial (rep=2, index=0): {'images': 'red_incongruent', 'congruentcy': 0, 'corrAns': 'k', 'box_pos': 'left', 'box_color': 'red', 'box_x': -0.6}
289.0765 	DATA 	Keypress: a
289.0822 	EXP 	Box: autoDraw = False
289.0822 	EXP 	FixCross: autoDraw = True
290.2126 	EXP 	FixCross: autoDraw = False
290.2126 	EXP 	FixCross: autoDraw = False
290.2126 	EXP 	Box: pos = array([-0.6,  0. ])
290.2126 	EXP 	Box: autoDraw = True
290.7087 	EXP 	New trial (rep=2, index=1): {'images': 'blue_incongruent', 'congruentcy': 0, 'corrAns': 'a', 'box_pos': 'right', 'box_color': 'blue', 'box_x': 0.6}
290.7108 	DATA 	Keypress: k
290.7173 	EXP 	Box: autoDraw = False
290.7173 	EXP 	FixCross: autoDraw = True
291.7349 	EXP 	FixCross: autoDraw = False
291.7349 	EXP 	FixCross: autoDraw = False
291.7349 	EXP 	Box: pos = array([0.6, 0. ])
291.7349 	EXP 	Box: autoDraw = True
292.3151 	EXP 	New trial (rep=2, index=2): {'images': 'red_congruent', 'congruentcy': 1, 'corrAns': 'k', 'box_pos': 'right', 'box_color': 'red', 'box_x': 0.6}
292.3171 	DATA 	Keypress: a
292.3231 	EXP 	Box: autoDraw = False
292.3231 	EXP 	FixCross: autoDraw = True
293.4244 	EXP 	FixCross: autoDraw = False
293.4244 	EXP 	FixCross: autoDraw = False
293.4244 	EXP 	Box: pos = array([0.6, 0. ])
293.4244 	EXP 	Box: autoDraw = True
294.0166 	DATA 	Keypress: k
294.0254 	EXP 	New trial (rep=2, index=3): {'images': 'red_congruent', 'congruentcy': 1, 'corrAns': 'k', 'box_pos': 'right', 'box_color': 'red', 'box_x': 0.6}
294.0333 	EXP 	Box: autoDraw = False
294.0333 	EXP 	FixCross: autoDraw = True
295.1471 	EXP 	FixCross: autoDraw = False
295.1471 	EXP 	FixCross: autoDraw = False
295.1471 	EXP 	Box: pos = array([0.6, 0. ])
295.1471 	EXP 	Box: autoDraw = True
296.7911 	DATA 	Keypress: k
296.7991 	EXP 	New trial (rep=2, index=4): {'images': 'blue_congruent', 'congruentcy': 1, 'corrAns': 'a', 'box_pos': 'left', 'box_color': 'blue', 'box_x': -0.6}
296.8069 	EXP 	Box: autoDraw = False
296.8069 	EXP 	FixCross: autoDraw = True
297.9542 	EXP 	FixCross: autoDraw = False
297.9542 	EXP 	FixCross: autoDraw = False
297.9542 	EXP 	Box: pos = array([-0.6,  0. ])
297.9542 	EXP 	Box: autoDraw = True
298.4714 	DATA 	Keypress: a
298.4794 	EXP 	New trial (rep=2, index=5): {'images': 'blue_congruent', 'congruentcy': 1, 'corrAns': 'a', 'box_pos': 'left', 'box_color': 'blue', 'box_x': -0.6}
298.4880 	EXP 	Box: autoDraw = False
298.4880 	EXP 	FixCross: autoDraw = True
299.6518 	EXP 	FixCross: autoDraw = False
299.6518 	EXP 	FixCross: autoDraw = False
299.6518 	EXP 	Box: pos = array([-0.6,  0. ])
299.6518 	EXP 	Box: autoDraw = True
300.0228 	EXP 	New trial (rep=3, index=0): {'images': 'blue_incongruent', 'congruentcy': 0, 'corrAns': 'a', 'box_pos': 'right', 'box_color': 'blue', 'box_x': 0.6}
300.0249 	DATA 	Keypress: a
300.0313 	EXP 	Box: autoDraw = False
300.0313 	EXP 	FixCross: autoDraw = True
301.0991 	EXP 	FixCross: autoDraw = False
301.0991 	EXP 	FixCross: autoDraw = False
301.0991 	EXP 	Box: pos = array([0.6, 0. ])
301.0991 	EXP 	Box: autoDraw = True
301.6002 	EXP 	New trial (rep=3, index=1): {'images': 'blue_congruent', 'congruentcy': 1, 'corrAns': 'a', 'box_pos': 'left', 'box_color': 'blue', 'box_x': -0.6}
301.6022 	DATA 	Keypress: k
301.6081 	EXP 	Box: autoDraw = False
301.6081 	EXP 	FixCross: autoDraw = True
302.7342 	EXP 	FixCross: autoDraw = False
302.7342 	EXP 	FixCross: autoDraw = False
302.7342 	EXP 	Box: pos = array([-0.6,  0. ])
302.7342 	EXP 	Box: autoDraw = True
303.6936 	EXP 	New trial (rep=3, index=2): {'images': 'blue_neutral', 'congruentcy': 0, 'corrAns': 'a', 'box_pos': 'middle', 'box_color': 'blue', 'box_x': 0}
303.6957 	DATA 	Keypress: a
303.7018 	EXP 	Box: autoDraw = False
303.7018 	EXP 	FixCross: autoDraw = True
304.9156 	EXP 	FixCross: autoDraw = False
304.9156 	EXP 	FixCross: autoDraw = False
304.9156 	EXP 	Box: pos = array([0., 0.])
304.9156 	EXP 	Box: autoDraw = True
305.5751 	EXP 	New trial (rep=3, index=3): {'images': 'blue_neutral', 'congruentcy': 0, 'corrAns': 'a', 'box_pos': 'middle', 'box_color': 'blue', 'box_x': 0}
305.5771 	DATA 	Keypress: a
305.5830 	EXP 	Box: autoDraw = False
305.5830 	EXP 	FixCross: autoDraw = True
306.7008 	EXP 	FixCross: autoDraw = False
306.7008 	EXP 	FixCross: autoDraw = False
306.7008 	EXP 	Box: pos = array([0., 0.])
306.7008 	EXP 	Box: autoDraw = True
307.1514 	EXP 	New trial (rep=3, index=4): {'images': 'red_neutral', 'congruentcy': 0, 'corrAns': 'k', 'box_pos': 'middle', 'box_color': 'red', 'box_x': 0}
307.1534 	DATA 	Keypress: a
307.1598 	EXP 	Box: autoDraw = False
307.1598 	EXP 	FixCross: autoDraw = True
308.2191 	EXP 	FixCross: autoDraw = False
308.2191 	EXP 	FixCross: autoDraw = False
308.2191 	EXP 	Box: pos = array([0., 0.])
308.2191 	EXP 	Box: autoDraw = True
308.9198 	EXP 	New trial (rep=3, index=5): {'images': 'blue_neutral', 'congruentcy': 0, 'corrAns': 'a', 'box_pos': 'middle', 'box_color': 'blue', 'box_x': 0}
308.9218 	DATA 	Keypress: k
308.9282 	EXP 	Box: autoDraw = False
308.9282 	EXP 	FixCross: autoDraw = True
310.1336 	EXP 	FixCross: autoDraw = False
310.1336 	EXP 	FixCross: autoDraw = False
310.1336 	EXP 	Box: pos = array([0., 0.])
310.1336 	EXP 	Box: autoDraw = True
310.8095 	DATA 	Keypress: a
312.0855 	EXP 	New trial (rep=4, index=0): {'images': 'red_incongruent', 'congruentcy': 0, 'corrAns': 'k', 'box_pos': 'left', 'box_color': 'red', 'box_x': -0.6}
312.0876 	DATA 	Keypress: a
312.0940 	EXP 	Box: autoDraw = False
312.0940 	EXP 	FixCross: autoDraw = True
313.1367 	EXP 	FixCross: autoDraw = False
313.1367 	EXP 	FixCross: autoDraw = False
313.1367 	EXP 	Box: pos = array([-0.6,  0. ])
313.1367 	EXP 	Box: autoDraw = True
314.0592 	DATA 	Keypress: k
314.0670 	EXP 	New trial (rep=4, index=1): {'images': 'red_incongruent', 'congruentcy': 0, 'corrAns': 'k', 'box_pos': 'left', 'box_color': 'red', 'box_x': -0.6}
314.0752 	EXP 	Box: autoDraw = False
314.0752 	EXP 	FixCross: autoDraw = True
315.1015 	EXP 	FixCross: autoDraw = False
315.1015 	EXP 	FixCross: autoDraw = False
315.1015 	EXP 	Box: pos = array([-0.6,  0. ])
315.1015 	EXP 	Box: autoDraw = True
315.6944 	EXP 	New trial (rep=4, index=2): {'images': 'red_neutral', 'congruentcy': 0, 'corrAns': 'k', 'box_pos': 'middle', 'box_color': 'red', 'box_x': 0}
315.6964 	DATA 	Keypress: k
315.7020 	EXP 	Box: autoDraw = False
315.7020 	EXP 	FixCross: autoDraw = True
316.8406 	EXP 	FixCross: autoDraw = False
316.8406 	EXP 	FixCross: autoDraw = False
316.8406 	EXP 	Box: pos = array([0., 0.])
316.8406 	EXP 	Box: autoDraw = True
317.2787 	EXP 	New trial (rep=4, index=3): {'images': 'red_neutral', 'congruentcy': 0, 'corrAns': 'k', 'box_pos': 'middle', 'box_color': 'red', 'box_x': 0}
317.2808 	DATA 	Keypress: k
317.2870 	EXP 	Box: autoDraw = False
317.2870 	EXP 	FixCross: autoDraw = True
318.3883 	EXP 	FixCross: autoDraw = False
318.3883 	EXP 	FixCross: autoDraw = False
318.3883 	EXP 	Box: pos = array([0., 0.])
318.3883 	EXP 	Box: autoDraw = True
318.7423 	EXP 	New trial (rep=4, index=4): {'images': 'blue_incongruent', 'congruentcy': 0, 'corrAns': 'a', 'box_pos': 'right', 'box_color': 'blue', 'box_x': 0.6}
318.7443 	DATA 	Keypress: k
318.7469 	EXP 	Box: autoDraw = False
318.7469 	EXP 	FixCross: autoDraw = True
319.9482 	EXP 	FixCross: autoDraw = False
319.9482 	EXP 	FixCross: autoDraw = False
319.9482 	EXP 	Box: pos = array([0.6, 0. ])
319.9482 	EXP 	Box: autoDraw = True
320.5907 	EXP 	New trial (rep=4, index=5): {'images': 'blue_incongruent', 'congruentcy': 0, 'corrAns': 'a', 'box_pos': 'right', 'box_color': 'blue', 'box_x': 0.6}
320.5928 	DATA 	Keypress: a
320.5988 	EXP 	Box: autoDraw = False
320.5988 	EXP 	FixCross: autoDraw = True
321.7084 	EXP 	FixCross: autoDraw = False
321.7084 	EXP 	FixCross: autoDraw = False
321.7084 	EXP 	Box: pos = array([0.6, 0. ])
321.7084 	EXP 	Box: autoDraw = True
323.1683 	EXP 	New trial (rep=5, index=0): {'images': 'red_congruent', 'congruentcy': 1, 'corrAns': 'k', 'box_pos': 'right', 'box_color': 'red', 'box_x': 0.6}
323.1703 	DATA 	Keypress: a
323.1768 	EXP 	Box: autoDraw = False
323.1768 	EXP 	FixCross: autoDraw = True
324.2904 	EXP 	FixCross: autoDraw = False
324.2904 	EXP 	FixCross: autoDraw = False
324.2904 	EXP 	Box: pos = array([0.6, 0. ])
324.2904 	EXP 	Box: autoDraw = True
324.7656 	EXP 	New trial (rep=5, index=1): {'images': 'blue_neutral', 'congruentcy': 0, 'corrAns': 'a', 'box_pos': 'middle', 'box_color': 'blue', 'box_x': 0}
324.7677 	DATA 	Keypress: k
324.7741 	EXP 	Box: autoDraw = False
324.7741 	EXP 	FixCross: autoDraw = True
325.9629 	EXP 	FixCross: autoDraw = False
325.9629 	EXP 	FixCross: autoDraw = False
325.9629 	EXP 	Box: pos = array([0., 0.])
325.9629 	EXP 	Box: autoDraw = True
326.8641 	EXP 	New trial (rep=5, index=2): {'images': 'red_congruent', 'congruentcy': 1, 'corrAns': 'k', 'box_pos': 'right', 'box_color': 'red', 'box_x': 0.6}
326.8662 	DATA 	Keypress: a
326.8722 	EXP 	Box: autoDraw = False
326.8722 	EXP 	FixCross: autoDraw = True
327.9233 	EXP 	FixCross: autoDraw = False
327.9233 	EXP 	FixCross: autoDraw = False
327.9233 	EXP 	Box: pos = array([0.6, 0. ])
327.9233 	EXP 	Box: autoDraw = True
328.4784 	EXP 	New trial (rep=5, index=3): {'images': 'blue_neutral', 'congruentcy': 0, 'corrAns': 'a', 'box_pos': 'middle', 'box_color': 'blue', 'box_x': 0}
328.4806 	DATA 	Keypress: k
328.4864 	EXP 	Box: autoDraw = False
328.4864 	EXP 	FixCross: autoDraw = True
329.6752 	EXP 	FixCross: autoDraw = False
329.6752 	EXP 	FixCross: autoDraw = False
329.6752 	EXP 	Box: pos = array([0., 0.])
329.6752 	EXP 	Box: autoDraw = True
330.3509 	EXP 	New trial (rep=5, index=4): {'images': 'blue_congruent', 'congruentcy': 1, 'corrAns': 'a', 'box_pos': 'left', 'box_color': 'blue', 'box_x': -0.6}
330.3529 	DATA 	Keypress: a
330.3592 	EXP 	Box: autoDraw = False
330.3592 	EXP 	FixCross: autoDraw = True
331.3894 	EXP 	FixCross: autoDraw = False
331.3894 	EXP 	FixCross: autoDraw = False
331.3894 	EXP 	Box: pos = array([-0.6,  0. ])
331.3894 	EXP 	Box: autoDraw = True
331.8402 	EXP 	New trial (rep=5, index=5): {'images': 'red_neutral', 'congruentcy': 0, 'corrAns': 'k', 'box_pos': 'middle', 'box_color': 'red', 'box_x': 0}
331.8423 	DATA 	Keypress: a
331.8482 	EXP 	Box: autoDraw = False
331.8482 	EXP 	FixCross: autoDraw = True
333.0414 	EXP 	FixCross: autoDraw = False
333.0414 	EXP 	FixCross: autoDraw = False
333.0414 	EXP 	Box: pos = array([0., 0.])
333.0414 	EXP 	Box: autoDraw = True
333.5506 	EXP 	New trial (rep=6, index=0): {'images': 'blue_incongruent', 'congruentcy': 0, 'corrAns': 'a', 'box_pos': 'right', 'box_color': 'blue', 'box_x': 0.6}
333.5527 	DATA 	Keypress: k
333.5585 	EXP 	Box: autoDraw = False
333.5585 	EXP 	FixCross: autoDraw = True
334.6806 	EXP 	FixCross: autoDraw = False
334.6806 	EXP 	FixCross: autoDraw = False
334.6806 	EXP 	Box: pos = array([0.6, 0. ])
334.6806 	EXP 	Box: autoDraw = True
335.1981 	DATA 	Keypress: a
335.2060 	EXP 	New trial (rep=6, index=1): {'images': 'red_neutral', 'congruentcy': 0, 'corrAns': 'k', 'box_pos': 'middle', 'box_color': 'red', 'box_x': 0}
335.2144 	EXP 	Box: autoDraw = False
335.2144 	EXP 	FixCross: autoDraw = True
336.3114 	EXP 	FixCross: autoDraw = False
336.3114 	EXP 	FixCross: autoDraw = False
336.3114 	EXP 	Box: pos = array([0., 0.])
336.3114 	EXP 	Box: autoDraw = True
337.0414 	EXP 	New trial (rep=6, index=2): {'images': 'red_congruent', 'congruentcy': 1, 'corrAns': 'k', 'box_pos': 'right', 'box_color': 'red', 'box_x': 0.6}
337.0434 	DATA 	Keypress: k
337.0496 	EXP 	Box: autoDraw = False
337.0496 	EXP 	FixCross: autoDraw = True
338.1508 	EXP 	FixCross: autoDraw = False
338.1508 	EXP 	FixCross: autoDraw = False
338.1508 	EXP 	Box: pos = array([0.6, 0. ])
338.1508 	EXP 	Box: autoDraw = True
338.6727 	EXP 	New trial (rep=6, index=3): {'images': 'red_congruent', 'congruentcy': 1, 'corrAns': 'k', 'box_pos': 'right', 'box_color': 'red', 'box_x': 0.6}
338.6748 	DATA 	Keypress: k
338.6805 	EXP 	Box: autoDraw = False
338.6805 	EXP 	FixCross: autoDraw = True
339.7815 	EXP 	FixCross: autoDraw = False
339.7815 	EXP 	FixCross: autoDraw = False
339.7815 	EXP 	Box: pos = array([0.6, 0. ])
339.7815 	EXP 	Box: autoDraw = True
340.1821 	DATA 	Keypress: k
340.1901 	EXP 	New trial (rep=6, index=4): {'images': 'blue_congruent', 'congruentcy': 1, 'corrAns': 'a', 'box_pos': 'left', 'box_color': 'blue', 'box_x': -0.6}
340.1946 	EXP 	Box: autoDraw = False
340.1946 	EXP 	FixCross: autoDraw = True
341.4001 	EXP 	FixCross: autoDraw = False
341.4001 	EXP 	FixCross: autoDraw = False
341.4001 	EXP 	Box: pos = array([-0.6,  0. ])
341.4001 	EXP 	Box: autoDraw = True
341.8084 	EXP 	New trial (rep=6, index=5): {'images': 'blue_incongruent', 'congruentcy': 0, 'corrAns': 'a', 'box_pos': 'right', 'box_color': 'blue', 'box_x': 0.6}
341.8105 	DATA 	Keypress: a
341.8131 	EXP 	Box: autoDraw = False
341.8131 	EXP 	FixCross: autoDraw = True
342.9433 	EXP 	FixCross: autoDraw = False
342.9433 	EXP 	FixCross: autoDraw = False
342.9433 	EXP 	Box: pos = array([0.6, 0. ])
342.9433 	EXP 	Box: autoDraw = True
343.6529 	DATA 	Keypress: a
343.6609 	EXP 	New trial (rep=7, index=0): {'images': 'blue_congruent', 'congruentcy': 1, 'corrAns': 'a', 'box_pos': 'left', 'box_color': 'blue', 'box_x': -0.6}
343.6691 	EXP 	Box: autoDraw = False
343.6691 	EXP 	FixCross: autoDraw = True
344.7828 	EXP 	FixCross: autoDraw = False
344.7828 	EXP 	FixCross: autoDraw = False
344.7828 	EXP 	Box: pos = array([-0.6,  0. ])
344.7828 	EXP 	Box: autoDraw = True
345.2832 	EXP 	New trial (rep=7, index=1): {'images': 'red_neutral', 'congruentcy': 0, 'corrAns': 'k', 'box_pos': 'middle', 'box_color': 'red', 'box_x': 0}
345.2853 	DATA 	Keypress: a
345.2917 	EXP 	Box: autoDraw = False
345.2917 	EXP 	FixCross: autoDraw = True
346.3511 	EXP 	FixCross: autoDraw = False
346.3511 	EXP 	FixCross: autoDraw = False
346.3511 	EXP 	Box: pos = array([0., 0.])
346.3511 	EXP 	Box: autoDraw = True
346.7267 	DATA 	Keypress: k
346.7345 	EXP 	New trial (rep=7, index=2): {'images': 'blue_neutral', 'congruentcy': 0, 'corrAns': 'a', 'box_pos': 'middle', 'box_color': 'blue', 'box_x': 0}
346.7390 	EXP 	Box: autoDraw = False
346.7390 	EXP 	FixCross: autoDraw = True
347.7653 	EXP 	FixCross: autoDraw = False
347.7653 	EXP 	FixCross: autoDraw = False
347.7653 	EXP 	Box: pos = array([0., 0.])
347.7653 	EXP 	Box: autoDraw = True
348.1820 	DATA 	Keypress: k
348.1909 	EXP 	New trial (rep=7, index=3): {'images': 'blue_congruent', 'congruentcy': 1, 'corrAns': 'a', 'box_pos': 'left', 'box_color': 'blue', 'box_x': -0.6}
348.1990 	EXP 	Box: autoDraw = False
348.1990 	EXP 	FixCross: autoDraw = True
349.3125 	EXP 	FixCross: autoDraw = False
349.3125 	EXP 	FixCross: autoDraw = False
349.3125 	EXP 	Box: pos = array([-0.6,  0. ])
349.3125 	EXP 	Box: autoDraw = True
349.9633 	EXP 	New trial (rep=7, index=4): {'images': 'red_neutral', 'congruentcy': 0, 'corrAns': 'k', 'box_pos': 'middle', 'box_color': 'red', 'box_x': 0}
349.9654 	DATA 	Keypress: a
349.9715 	EXP 	Box: autoDraw = False
349.9715 	EXP 	FixCross: autoDraw = True
351.0187 	EXP 	FixCross: autoDraw = False
351.0187 	EXP 	FixCross: autoDraw = False
351.0187 	EXP 	Box: pos = array([0., 0.])
351.0187 	EXP 	Box: autoDraw = True
351.4736 	EXP 	New trial (rep=7, index=5): {'images': 'red_incongruent', 'congruentcy': 0, 'corrAns': 'k', 'box_pos': 'left', 'box_color': 'red', 'box_x': -0.6}
351.4757 	DATA 	Keypress: k
351.4816 	EXP 	Box: autoDraw = False
351.4816 	EXP 	FixCross: autoDraw = True
352.6412 	EXP 	FixCross: autoDraw = False
352.6412 	EXP 	FixCross: autoDraw = False
352.6412 	EXP 	Box: pos = array([-0.6,  0. ])
352.6412 	EXP 	Box: autoDraw = True
353.5215 	DATA 	Keypress: k
353.5255 	EXP 	Box: autoDraw = False
353.5255 	EXP 	text_2: text = 'Biraz mola verebilirsiniz. \n\n 46 adet doğru cevap verdiniz. \n Ortalama cevap süreniz 8.61e+02ms.\n\n Devam etmek için BOŞLUK tuşuna basınız.'
353.5255 	EXP 	text_2: autoDraw = True
362.0094 	DATA 	Keypress: space
362.0262 	EXP 	text_2: autoDraw = False
362.0262 	EXP 	text: autoDraw = True
368.4418 	DATA 	Keypress: space
368.4535 	EXP 	text: autoDraw = False
368.5108 	EXP 	window1: mouseVisible = True
