1.7814 	WARNING 	We strongly recommend you activate the PTB sound engine in PsychoPy prefs as the preferred audio engine. Its timing is vastly superior. Your prefs are currently set to use ['sounddevice', 'PTB', 'pyo', 'pygame'] (in that order).
10.6943 	WARNING 	User requested fullscreen with size [1440  900], but screen is actually [1920, 1080]. Using actual size
12.4578 	EXP 	Created window1 = Window(allowGUI=False, allowStencil=False, autoLog=True, backendConf=UNKNOWN, bitsMode=UNKNOWN, blendMode='avg', bpc=(8, 8, 8), color=array([1, 1, 1]), colorSpace='rgb', depthBits=8, fullscr=<method-wrapper '__getattribute__' of attributeSetter object at 0x0000029AD3DF8518>, gamma=None, gammaErrorPolicy='raise', lms=UNKNOWN, monitor=<psychopy.monitors.calibTools.Monitor object at 0x0000029AD388AE80>, multiSample=False, name='window1', numSamples=2, pos=[0.0, 0.0], screen=0, size=array([1920, 1080]), stencilBits=0, stereo=False, units='height', useFBO=True, useRetina=False, viewOri=0.0, viewPos=None, viewScale=None, waitBlanking=True, winType='pyglet')
12.4581 	EXP 	window1: mouseVisible = True
12.4581 	EXP 	window1: recordFrameIntervals = False
12.4991 	EXP 	window1: recordFrameIntervals = True
12.5449 	EXP 	window1: recordFrameIntervals = False
12.8226 	EXP 	window1: mouseVisible = False
13.2785 	EXP 	Created Instruction = TextStim(__class__=<class 'psychopy.visual.text.TextStim'>, alignHoriz=method-wrapper(...), alignText='center', alignVert=method-wrapper(...), anchorHoriz='center', anchorVert='center', antialias=True, autoLog=True, bold=False, color=array([-1, -1, -1]), colorSpace='rgb', contrast=1.0, depth=0.0, flipHoriz=False, flipVert=False, font='Open Sans', fontFiles=[], height=0.04, italic=False, languageStyle='LTR', name='Instruction', opacity=1, ori=0.0, pos=array([0., 0.]), rgb=UNKNOWN, text=str(...), units='height', win=Window(...), wrapWidth=1)
13.3115 	EXP 	Created FixCross = ShapeStim(__class__=<class 'psychopy.visual.shape.ShapeStim'>, autoDraw=False, autoLog=True, closeShape=True, color=method-wrapper(...), colorSpace='rgb', contrast=None, depth=0.0, fillColor=array([-1, -1, -1]), fillColorSpace='rgb', fillRGB=UNKNOWN, interpolate=True, lineColor=array([-1, -1, -1]), lineColorSpace='rgb', lineRGB=UNKNOWN, lineWidth=1.0, name='FixCross', opacity=1, ori=0.0, pos=array([0., 0.]), size=array([20., 20.]), units='pix', vertices=ndarray(...), win=Window(...), windingRule=None)
13.3124 	EXP 	Created Box_p = Rect(__class__=<class 'psychopy.visual.rect.Rect'>, autoDraw=False, autoLog=True, closeShape=True, color=method-wrapper(...), colorSpace='rgb', contrast=None, depth=0.0, fillColor=array([1, 1, 1]), fillColorSpace='rgb', fillRGB=UNKNOWN, interpolate=True, lineColor=array([1, 1, 1]), lineColorSpace='rgb', lineRGB=UNKNOWN, lineWidth=1.0, name='Box_p', opacity=1, ori=0.0, pos=array([0., 0.]), size=array([0.05, 0.05]), units='height', vertices=ndarray(...), win=Window(...))
13.3136 	EXP 	Created FB_msg = TextStim(__class__=<class 'psychopy.visual.text.TextStim'>, alignHoriz=method-wrapper(...), alignText='center', alignVert=method-wrapper(...), anchorHoriz='center', anchorVert='center', antialias=True, autoLog=True, bold=False, color=array([1, 1, 1]), colorSpace='rgb', contrast=1.0, depth=-1.0, flipHoriz=False, flipVert=False, font='Open Sans', fontFiles=[], height=0.06, italic=False, languageStyle='LTR', name='FB_msg', opacity=1, ori=0.0, pos=array([0., 0.]), rgb=UNKNOWN, text='', units='height', win=Window(...), wrapWidth=1)
13.3148 	EXP 	Created text_3 = TextStim(__class__=<class 'psychopy.visual.text.TextStim'>, alignHoriz=method-wrapper(...), alignText='center', alignVert=method-wrapper(...), anchorHoriz='center', anchorVert='center', antialias=True, autoLog=True, bold=False, color=array([-1, -1, -1]), colorSpace='rgb', contrast=1.0, depth=-1.0, flipHoriz=False, flipVert=False, font='Open Sans', fontFiles=[], height=0.05, italic=False, languageStyle='LTR', name='text_3', opacity=1, ori=0.0, pos=array([0., 0.]), rgb=UNKNOWN, text='', units='height', win=Window(...), wrapWidth=1)
13.3307 	EXP 	Created instr_text_2 = TextStim(__class__=<class 'psychopy.visual.text.TextStim'>, alignHoriz=method-wrapper(...), alignText='center', alignVert=method-wrapper(...), anchorHoriz='center', anchorVert='center', antialias=True, autoLog=True, bold=False, color=array([-1, -1, -1]), colorSpace='rgb', contrast=1.0, depth=0.0, flipHoriz=False, flipVert=False, font='Open Sans', fontFiles=[], height=0.05, italic=False, languageStyle='LTR', name='instr_text_2', opacity=1, ori=0.0, pos=array([0., 0.]), rgb=UNKNOWN, text=str(...), units='height', win=Window(...), wrapWidth=1)
13.3323 	EXP 	Created FixCross = ShapeStim(__class__=<class 'psychopy.visual.shape.ShapeStim'>, autoDraw=False, autoLog=True, closeShape=True, color=method-wrapper(...), colorSpace='rgb', contrast=None, depth=0.0, fillColor=array([-1, -1, -1]), fillColorSpace='rgb', fillRGB=UNKNOWN, interpolate=True, lineColor=array([-1, -1, -1]), lineColorSpace='rgb', lineRGB=UNKNOWN, lineWidth=1.0, name='FixCross', opacity=1, ori=0.0, pos=array([0., 0.]), size=array([20., 20.]), units='pix', vertices=ndarray(...), win=Window(...), windingRule=None)
13.3332 	EXP 	Created Box = Rect(__class__=<class 'psychopy.visual.rect.Rect'>, autoDraw=False, autoLog=True, closeShape=True, color=method-wrapper(...), colorSpace='rgb', contrast=None, depth=0.0, fillColor=array([1, 1, 1]), fillColorSpace='rgb', fillRGB=UNKNOWN, interpolate=True, lineColor=array([1, 1, 1]), lineColorSpace='rgb', lineRGB=UNKNOWN, lineWidth=1.0, name='Box', opacity=1, ori=0.0, pos=array([0., 0.]), size=array([0.05, 0.05]), units='height', vertices=ndarray(...), win=Window(...))
13.3338 	EXP 	Created text_2 = TextStim(__class__=<class 'psychopy.visual.text.TextStim'>, alignHoriz=method-wrapper(...), alignText='center', alignVert=method-wrapper(...), anchorHoriz='center', anchorVert='center', antialias=True, autoLog=True, bold=False, color=array([-1, -1, -1]), colorSpace='rgb', contrast=1.0, depth=-1.0, flipHoriz=False, flipVert=False, font='Open Sans', fontFiles=[], height=0.05, italic=False, languageStyle='LTR', name='text_2', opacity=1, ori=0.0, pos=array([0., 0.]), rgb=UNKNOWN, text='', units='height', win=Window(...), wrapWidth=1)
13.3351 	EXP 	Created FixCross = ShapeStim(__class__=<class 'psychopy.visual.shape.ShapeStim'>, autoDraw=False, autoLog=True, closeShape=True, color=method-wrapper(...), colorSpace='rgb', contrast=None, depth=0.0, fillColor=array([-1, -1, -1]), fillColorSpace='rgb', fillRGB=UNKNOWN, interpolate=True, lineColor=array([-1, -1, -1]), lineColorSpace='rgb', lineRGB=UNKNOWN, lineWidth=1.0, name='FixCross', opacity=1, ori=0.0, pos=array([0., 0.]), size=array([20., 20.]), units='pix', vertices=ndarray(...), win=Window(...), windingRule=None)
13.3361 	EXP 	Created Box = Rect(__class__=<class 'psychopy.visual.rect.Rect'>, autoDraw=False, autoLog=True, closeShape=True, color=method-wrapper(...), colorSpace='rgb', contrast=None, depth=0.0, fillColor=array([1, 1, 1]), fillColorSpace='rgb', fillRGB=UNKNOWN, interpolate=True, lineColor=array([1, 1, 1]), lineColorSpace='rgb', lineRGB=UNKNOWN, lineWidth=1.0, name='Box', opacity=1, ori=0.0, pos=array([0., 0.]), size=array([0.05, 0.05]), units='height', vertices=ndarray(...), win=Window(...))
13.3366 	EXP 	Created text_2 = TextStim(__class__=<class 'psychopy.visual.text.TextStim'>, alignHoriz=method-wrapper(...), alignText='center', alignVert=method-wrapper(...), anchorHoriz='center', anchorVert='center', antialias=True, autoLog=True, bold=False, color=array([-1, -1, -1]), colorSpace='rgb', contrast=1.0, depth=-1.0, flipHoriz=False, flipVert=False, font='Open Sans', fontFiles=[], height=0.05, italic=False, languageStyle='LTR', name='text_2', opacity=1, ori=0.0, pos=array([0., 0.]), rgb=UNKNOWN, text='', units='height', win=Window(...), wrapWidth=1)
13.3379 	EXP 	Created FixCross = ShapeStim(__class__=<class 'psychopy.visual.shape.ShapeStim'>, autoDraw=False, autoLog=True, closeShape=True, color=method-wrapper(...), colorSpace='rgb', contrast=None, depth=0.0, fillColor=array([-1, -1, -1]), fillColorSpace='rgb', fillRGB=UNKNOWN, interpolate=True, lineColor=array([-1, -1, -1]), lineColorSpace='rgb', lineRGB=UNKNOWN, lineWidth=1.0, name='FixCross', opacity=1, ori=0.0, pos=array([0., 0.]), size=array([20., 20.]), units='pix', vertices=ndarray(...), win=Window(...), windingRule=None)
13.3388 	EXP 	Created Box = Rect(__class__=<class 'psychopy.visual.rect.Rect'>, autoDraw=False, autoLog=True, closeShape=True, color=method-wrapper(...), colorSpace='rgb', contrast=None, depth=0.0, fillColor=array([1, 1, 1]), fillColorSpace='rgb', fillRGB=UNKNOWN, interpolate=True, lineColor=array([1, 1, 1]), lineColorSpace='rgb', lineRGB=UNKNOWN, lineWidth=1.0, name='Box', opacity=1, ori=0.0, pos=array([0., 0.]), size=array([0.05, 0.05]), units='height', vertices=ndarray(...), win=Window(...))
13.3394 	EXP 	Created text_2 = TextStim(__class__=<class 'psychopy.visual.text.TextStim'>, alignHoriz=method-wrapper(...), alignText='center', alignVert=method-wrapper(...), anchorHoriz='center', anchorVert='center', antialias=True, autoLog=True, bold=False, color=array([-1, -1, -1]), colorSpace='rgb', contrast=1.0, depth=-1.0, flipHoriz=False, flipVert=False, font='Open Sans', fontFiles=[], height=0.05, italic=False, languageStyle='LTR', name='text_2', opacity=1, ori=0.0, pos=array([0., 0.]), rgb=UNKNOWN, text='', units='height', win=Window(...), wrapWidth=1)
13.3555 	EXP 	Created text = TextStim(__class__=<class 'psychopy.visual.text.TextStim'>, alignHoriz=method-wrapper(...), alignText='center', alignVert=method-wrapper(...), anchorHoriz='center', anchorVert='center', antialias=True, autoLog=True, bold=False, color=array([-1, -1, -1]), colorSpace='rgb', contrast=1.0, depth=0.0, flipHoriz=False, flipVert=False, font='Open Sans', fontFiles=[], height=0.05, italic=False, languageStyle='LTR', name='text', opacity=1, ori=0.0, pos=array([0., 0.]), rgb=UNKNOWN, text=str(...), units='height', win=Window(...), wrapWidth=1)
13.4153 	EXP 	Instruction: autoDraw = True
21.3208 	DATA 	Keypress: space
21.3371 	EXP 	Imported SimonTask.xlsx as conditions, 6 conditions, 6 params
21.3375 	EXP 	Created sequence: fullRandom, trialTypes=6, nReps=4, seed=None
21.3378 	EXP 	New trial (rep=0, index=0): {'images': 'red_incongruent', 'congruentcy': 0, 'corrAns': 'k', 'box_pos': 'left', 'box_color': 'red', 'box_x': -0.6}
21.3583 	EXP 	Instruction: autoDraw = False
21.3583 	EXP 	FixCross: autoDraw = True
22.4011 	EXP 	FixCross: autoDraw = False
22.4011 	EXP 	FixCross: autoDraw = False
22.4011 	EXP 	Box_p: pos = array([-0.6,  0. ])
22.4011 	EXP 	Box_p: autoDraw = True
23.2813 	DATA 	Keypress: k
23.3023 	EXP 	Box_p: autoDraw = False
23.3023 	EXP 	FB_msg: text = 'Doğru cevap'
23.3023 	EXP 	FB_msg: autoDraw = True
24.2910 	EXP 	New trial (rep=0, index=1): {'images': 'blue_neutral', 'congruentcy': 0, 'corrAns': 'a', 'box_pos': 'middle', 'box_color': 'blue', 'box_x': 0}
24.2993 	EXP 	FB_msg: autoDraw = False
24.2993 	EXP 	FixCross: autoDraw = True
25.3502 	EXP 	FixCross: autoDraw = False
25.3502 	EXP 	FixCross: autoDraw = False
25.3502 	EXP 	Box_p: pos = array([0., 0.])
25.3502 	EXP 	Box_p: autoDraw = True
25.7573 	DATA 	Keypress: a
25.7632 	EXP 	Box_p: autoDraw = False
25.7632 	EXP 	FB_msg: text = 'Doğru cevap'
25.7632 	EXP 	FB_msg: autoDraw = True
26.7603 	EXP 	New trial (rep=0, index=2): {'images': 'red_neutral', 'congruentcy': 0, 'corrAns': 'k', 'box_pos': 'middle', 'box_color': 'red', 'box_x': 0}
26.7684 	EXP 	FB_msg: autoDraw = False
26.7684 	EXP 	FixCross: autoDraw = True
27.9071 	EXP 	FixCross: autoDraw = False
27.9071 	EXP 	FixCross: autoDraw = False
27.9071 	EXP 	Box_p: pos = array([0., 0.])
27.9071 	EXP 	Box_p: autoDraw = True
28.3998 	DATA 	Keypress: k
28.4158 	EXP 	Box_p: autoDraw = False
28.4158 	EXP 	FB_msg: text = 'Doğru cevap'
28.4158 	EXP 	FB_msg: autoDraw = True
29.4089 	EXP 	New trial (rep=0, index=3): {'images': 'blue_neutral', 'congruentcy': 0, 'corrAns': 'a', 'box_pos': 'middle', 'box_color': 'blue', 'box_x': 0}
29.4167 	EXP 	FB_msg: autoDraw = False
29.4167 	EXP 	FixCross: autoDraw = True
30.4681 	EXP 	FixCross: autoDraw = False
30.4681 	EXP 	FixCross: autoDraw = False
30.4681 	EXP 	Box_p: pos = array([0., 0.])
30.4681 	EXP 	Box_p: autoDraw = True
30.8704 	DATA 	Keypress: a
30.8768 	EXP 	Box_p: autoDraw = False
30.8768 	EXP 	FB_msg: text = 'Doğru cevap'
30.8768 	EXP 	FB_msg: autoDraw = True
31.8697 	EXP 	New trial (rep=0, index=4): {'images': 'blue_neutral', 'congruentcy': 0, 'corrAns': 'a', 'box_pos': 'middle', 'box_color': 'blue', 'box_x': 0}
31.8780 	EXP 	FB_msg: autoDraw = False
31.8780 	EXP 	FixCross: autoDraw = True
32.9333 	EXP 	FixCross: autoDraw = False
32.9333 	EXP 	FixCross: autoDraw = False
32.9333 	EXP 	Box_p: pos = array([0., 0.])
32.9333 	EXP 	Box_p: autoDraw = True
33.3690 	DATA 	Keypress: a
33.3752 	EXP 	Box_p: autoDraw = False
33.3752 	EXP 	FB_msg: text = 'Doğru cevap'
33.3752 	EXP 	FB_msg: autoDraw = True
34.3681 	EXP 	New trial (rep=0, index=5): {'images': 'red_congruent', 'congruentcy': 1, 'corrAns': 'k', 'box_pos': 'right', 'box_color': 'red', 'box_x': 0.6}
34.3763 	EXP 	FB_msg: autoDraw = False
34.3763 	EXP 	FixCross: autoDraw = True
35.4398 	EXP 	FixCross: autoDraw = False
35.4398 	EXP 	FixCross: autoDraw = False
35.4398 	EXP 	Box_p: pos = array([0.6, 0. ])
35.4398 	EXP 	Box_p: autoDraw = True
35.9515 	DATA 	Keypress: k
35.9572 	EXP 	Box_p: autoDraw = False
35.9572 	EXP 	FB_msg: text = 'Doğru cevap'
35.9572 	EXP 	FB_msg: autoDraw = True
36.9501 	EXP 	New trial (rep=1, index=0): {'images': 'red_neutral', 'congruentcy': 0, 'corrAns': 'k', 'box_pos': 'middle', 'box_color': 'red', 'box_x': 0}
36.9582 	EXP 	FB_msg: autoDraw = False
36.9582 	EXP 	FixCross: autoDraw = True
38.1263 	EXP 	FixCross: autoDraw = False
38.1263 	EXP 	FixCross: autoDraw = False
38.1263 	EXP 	Box_p: pos = array([0., 0.])
38.1263 	EXP 	Box_p: autoDraw = True
38.5628 	DATA 	Keypress: a
38.5681 	EXP 	Box_p: autoDraw = False
38.5681 	EXP 	FB_msg: text = 'Yalnış cevap'
38.5681 	EXP 	FB_msg: autoDraw = True
39.5611 	EXP 	New trial (rep=1, index=1): {'images': 'blue_incongruent', 'congruentcy': 0, 'corrAns': 'a', 'box_pos': 'right', 'box_color': 'blue', 'box_x': 0.6}
39.5694 	EXP 	FB_msg: autoDraw = False
39.5694 	EXP 	FixCross: autoDraw = True
40.6540 	EXP 	FixCross: autoDraw = False
40.6540 	EXP 	FixCross: autoDraw = False
40.6540 	EXP 	Box_p: pos = array([0.6, 0. ])
40.6540 	EXP 	Box_p: autoDraw = True
41.4005 	DATA 	Keypress: a
41.4048 	EXP 	Box_p: autoDraw = False
41.4048 	EXP 	FB_msg: text = 'Doğru cevap'
41.4048 	EXP 	FB_msg: autoDraw = True
42.3977 	EXP 	New trial (rep=1, index=2): {'images': 'blue_incongruent', 'congruentcy': 0, 'corrAns': 'a', 'box_pos': 'right', 'box_color': 'blue', 'box_x': 0.6}
42.4055 	EXP 	FB_msg: autoDraw = False
42.4055 	EXP 	FixCross: autoDraw = True
43.4441 	EXP 	FixCross: autoDraw = False
43.4441 	EXP 	FixCross: autoDraw = False
43.4441 	EXP 	Box_p: pos = array([0.6, 0. ])
43.4441 	EXP 	Box_p: autoDraw = True
44.3053 	DATA 	Keypress: a
44.3119 	EXP 	Box_p: autoDraw = False
44.3119 	EXP 	FB_msg: text = 'Doğru cevap'
44.3119 	EXP 	FB_msg: autoDraw = True
45.3091 	EXP 	New trial (rep=1, index=3): {'images': 'red_incongruent', 'congruentcy': 0, 'corrAns': 'k', 'box_pos': 'left', 'box_color': 'red', 'box_x': -0.6}
45.3169 	EXP 	FB_msg: autoDraw = False
45.3169 	EXP 	FixCross: autoDraw = True
46.3930 	EXP 	FixCross: autoDraw = False
46.3930 	EXP 	FixCross: autoDraw = False
46.3930 	EXP 	Box_p: pos = array([-0.6,  0. ])
46.3930 	EXP 	Box_p: autoDraw = True
46.9790 	DATA 	Keypress: k
46.9853 	EXP 	Box_p: autoDraw = False
46.9853 	EXP 	FB_msg: text = 'Doğru cevap'
46.9853 	EXP 	FB_msg: autoDraw = True
47.9786 	EXP 	New trial (rep=1, index=4): {'images': 'red_neutral', 'congruentcy': 0, 'corrAns': 'k', 'box_pos': 'middle', 'box_color': 'red', 'box_x': 0}
47.9864 	EXP 	FB_msg: autoDraw = False
47.9864 	EXP 	FixCross: autoDraw = True
49.0917 	EXP 	FixCross: autoDraw = False
49.0917 	EXP 	FixCross: autoDraw = False
49.0917 	EXP 	Box_p: pos = array([0., 0.])
49.0917 	EXP 	Box_p: autoDraw = True
49.5955 	DATA 	Keypress: k
49.6006 	EXP 	Box_p: autoDraw = False
49.6006 	EXP 	FB_msg: text = 'Doğru cevap'
49.6006 	EXP 	FB_msg: autoDraw = True
50.5980 	EXP 	New trial (rep=1, index=5): {'images': 'blue_incongruent', 'congruentcy': 0, 'corrAns': 'a', 'box_pos': 'right', 'box_color': 'blue', 'box_x': 0.6}
50.6061 	EXP 	FB_msg: autoDraw = False
50.6061 	EXP 	FixCross: autoDraw = True
51.6320 	EXP 	FixCross: autoDraw = False
51.6320 	EXP 	FixCross: autoDraw = False
51.6320 	EXP 	Box_p: pos = array([0.6, 0. ])
51.6320 	EXP 	Box_p: autoDraw = True
52.2281 	DATA 	Keypress: a
52.2454 	EXP 	Box_p: autoDraw = False
52.2454 	EXP 	FB_msg: text = 'Doğru cevap'
52.2454 	EXP 	FB_msg: autoDraw = True
53.2425 	EXP 	New trial (rep=2, index=0): {'images': 'blue_congruent', 'congruentcy': 1, 'corrAns': 'a', 'box_pos': 'left', 'box_color': 'blue', 'box_x': -0.6}
53.2503 	EXP 	FB_msg: autoDraw = False
53.2503 	EXP 	FixCross: autoDraw = True
54.3723 	EXP 	FixCross: autoDraw = False
54.3723 	EXP 	FixCross: autoDraw = False
54.3723 	EXP 	Box_p: pos = array([-0.6,  0. ])
54.3723 	EXP 	Box_p: autoDraw = True
54.9457 	DATA 	Keypress: a
54.9523 	EXP 	Box_p: autoDraw = False
54.9523 	EXP 	FB_msg: text = 'Doğru cevap'
54.9523 	EXP 	FB_msg: autoDraw = True
55.9495 	EXP 	New trial (rep=2, index=1): {'images': 'blue_congruent', 'congruentcy': 1, 'corrAns': 'a', 'box_pos': 'left', 'box_color': 'blue', 'box_x': -0.6}
55.9576 	EXP 	FB_msg: autoDraw = False
55.9576 	EXP 	FixCross: autoDraw = True
57.0501 	EXP 	FixCross: autoDraw = False
57.0501 	EXP 	FixCross: autoDraw = False
57.0501 	EXP 	Box_p: pos = array([-0.6,  0. ])
57.0501 	EXP 	Box_p: autoDraw = True
57.6574 	DATA 	Keypress: a
57.6633 	EXP 	Box_p: autoDraw = False
57.6633 	EXP 	FB_msg: text = 'Doğru cevap'
57.6633 	EXP 	FB_msg: autoDraw = True
58.6608 	EXP 	New trial (rep=2, index=2): {'images': 'red_congruent', 'congruentcy': 1, 'corrAns': 'k', 'box_pos': 'right', 'box_color': 'red', 'box_x': 0.6}
58.6685 	EXP 	FB_msg: autoDraw = False
58.6685 	EXP 	FixCross: autoDraw = True
59.7614 	EXP 	FixCross: autoDraw = False
59.7614 	EXP 	FixCross: autoDraw = False
59.7614 	EXP 	Box_p: pos = array([0.6, 0. ])
59.7614 	EXP 	Box_p: autoDraw = True
60.4209 	DATA 	Keypress: k
60.4371 	EXP 	Box_p: autoDraw = False
60.4371 	EXP 	FB_msg: text = 'Doğru cevap'
60.4371 	EXP 	FB_msg: autoDraw = True
61.4305 	EXP 	New trial (rep=2, index=3): {'images': 'blue_congruent', 'congruentcy': 1, 'corrAns': 'a', 'box_pos': 'left', 'box_color': 'blue', 'box_x': -0.6}
61.4381 	EXP 	FB_msg: autoDraw = False
61.4381 	EXP 	FixCross: autoDraw = True
62.4892 	EXP 	FixCross: autoDraw = False
62.4892 	EXP 	FixCross: autoDraw = False
62.4892 	EXP 	Box_p: pos = array([-0.6,  0. ])
62.4892 	EXP 	Box_p: autoDraw = True
62.9985 	DATA 	Keypress: a
63.0151 	EXP 	Box_p: autoDraw = False
63.0151 	EXP 	FB_msg: text = 'Doğru cevap'
63.0151 	EXP 	FB_msg: autoDraw = True
64.0081 	EXP 	New trial (rep=2, index=4): {'images': 'red_congruent', 'congruentcy': 1, 'corrAns': 'k', 'box_pos': 'right', 'box_color': 'red', 'box_x': 0.6}
64.0158 	EXP 	FB_msg: autoDraw = False
64.0158 	EXP 	FixCross: autoDraw = True
65.0503 	EXP 	FixCross: autoDraw = False
65.0503 	EXP 	FixCross: autoDraw = False
65.0503 	EXP 	Box_p: pos = array([0.6, 0. ])
65.0503 	EXP 	Box_p: autoDraw = True
65.6362 	DATA 	Keypress: k
65.6428 	EXP 	Box_p: autoDraw = False
65.6428 	EXP 	FB_msg: text = 'Doğru cevap'
65.6428 	EXP 	FB_msg: autoDraw = True
66.6358 	EXP 	New trial (rep=2, index=5): {'images': 'blue_congruent', 'congruentcy': 1, 'corrAns': 'a', 'box_pos': 'left', 'box_color': 'blue', 'box_x': -0.6}
66.6440 	EXP 	FB_msg: autoDraw = False
66.6440 	EXP 	FixCross: autoDraw = True
67.7618 	EXP 	FixCross: autoDraw = False
67.7618 	EXP 	FixCross: autoDraw = False
67.7618 	EXP 	Box_p: pos = array([-0.6,  0. ])
67.7618 	EXP 	Box_p: autoDraw = True
68.3393 	DATA 	Keypress: a
68.3457 	EXP 	Box_p: autoDraw = False
68.3457 	EXP 	FB_msg: text = 'Doğru cevap'
68.3457 	EXP 	FB_msg: autoDraw = True
69.3387 	EXP 	New trial (rep=3, index=0): {'images': 'blue_neutral', 'congruentcy': 0, 'corrAns': 'a', 'box_pos': 'middle', 'box_color': 'blue', 'box_x': 0}
69.3468 	EXP 	FB_msg: autoDraw = False
69.3468 	EXP 	FixCross: autoDraw = True
70.5313 	EXP 	FixCross: autoDraw = False
70.5313 	EXP 	FixCross: autoDraw = False
70.5313 	EXP 	Box_p: pos = array([0., 0.])
70.5313 	EXP 	Box_p: autoDraw = True
71.1821 	DATA 	Keypress: a
71.1986 	EXP 	Box_p: autoDraw = False
71.1986 	EXP 	FB_msg: text = 'Doğru cevap'
71.1986 	EXP 	FB_msg: autoDraw = True
72.1956 	EXP 	New trial (rep=3, index=1): {'images': 'red_congruent', 'congruentcy': 1, 'corrAns': 'k', 'box_pos': 'right', 'box_color': 'red', 'box_x': 0.6}
72.2040 	EXP 	FB_msg: autoDraw = False
72.2040 	EXP 	FixCross: autoDraw = True
73.3048 	EXP 	FixCross: autoDraw = False
73.3048 	EXP 	FixCross: autoDraw = False
73.3048 	EXP 	Box_p: pos = array([0.6, 0. ])
73.3048 	EXP 	Box_p: autoDraw = True
73.9575 	DATA 	Keypress: k
73.9641 	EXP 	Box_p: autoDraw = False
73.9641 	EXP 	FB_msg: text = 'Doğru cevap'
73.9641 	EXP 	FB_msg: autoDraw = True
74.9613 	EXP 	New trial (rep=3, index=2): {'images': 'red_neutral', 'congruentcy': 0, 'corrAns': 'k', 'box_pos': 'middle', 'box_color': 'red', 'box_x': 0}
74.9695 	EXP 	FB_msg: autoDraw = False
74.9695 	EXP 	FixCross: autoDraw = True
76.1207 	EXP 	FixCross: autoDraw = False
76.1207 	EXP 	FixCross: autoDraw = False
76.1207 	EXP 	Box_p: pos = array([0., 0.])
76.1207 	EXP 	Box_p: autoDraw = True
76.6961 	DATA 	Keypress: k
76.7085 	EXP 	Box_p: autoDraw = False
76.7085 	EXP 	FB_msg: text = 'Doğru cevap'
76.7085 	EXP 	FB_msg: autoDraw = True
77.7059 	EXP 	New trial (rep=3, index=3): {'images': 'red_incongruent', 'congruentcy': 0, 'corrAns': 'k', 'box_pos': 'left', 'box_color': 'red', 'box_x': -0.6}
77.7140 	EXP 	FB_msg: autoDraw = False
77.7140 	EXP 	FixCross: autoDraw = True
78.7527 	EXP 	FixCross: autoDraw = False
78.7527 	EXP 	FixCross: autoDraw = False
78.7527 	EXP 	Box_p: pos = array([-0.6,  0. ])
78.7527 	EXP 	Box_p: autoDraw = True
79.4788 	DATA 	Keypress: k
79.4950 	EXP 	Box_p: autoDraw = False
79.4950 	EXP 	FB_msg: text = 'Doğru cevap'
79.4950 	EXP 	FB_msg: autoDraw = True
80.4922 	EXP 	New trial (rep=3, index=4): {'images': 'blue_incongruent', 'congruentcy': 0, 'corrAns': 'a', 'box_pos': 'right', 'box_color': 'blue', 'box_x': 0.6}
80.5000 	EXP 	FB_msg: autoDraw = False
80.5000 	EXP 	FixCross: autoDraw = True
81.5594 	EXP 	FixCross: autoDraw = False
81.5594 	EXP 	FixCross: autoDraw = False
81.5594 	EXP 	Box_p: pos = array([0.6, 0. ])
81.5594 	EXP 	Box_p: autoDraw = True
82.1044 	DATA 	Keypress: a
82.1103 	EXP 	Box_p: autoDraw = False
82.1103 	EXP 	FB_msg: text = 'Doğru cevap'
82.1103 	EXP 	FB_msg: autoDraw = True
83.1074 	EXP 	New trial (rep=3, index=5): {'images': 'red_incongruent', 'congruentcy': 0, 'corrAns': 'k', 'box_pos': 'left', 'box_color': 'red', 'box_x': -0.6}
83.1155 	EXP 	FB_msg: autoDraw = False
83.1155 	EXP 	FixCross: autoDraw = True
84.1793 	EXP 	FixCross: autoDraw = False
84.1793 	EXP 	FixCross: autoDraw = False
84.1793 	EXP 	Box_p: pos = array([-0.6,  0. ])
84.1793 	EXP 	Box_p: autoDraw = True
84.9054 	DATA 	Keypress: k
84.9213 	EXP 	Box_p: autoDraw = False
84.9213 	EXP 	FB_msg: text = 'Doğru cevap'
84.9213 	EXP 	FB_msg: autoDraw = True
85.9352 	EXP 	FB_msg: autoDraw = False
85.9352 	EXP 	text_3: text = '\n\n 23 adet doğru cevap verdiniz. \n Ortalama cevap süreniz 7.24e+02ms.'
85.9352 	EXP 	text_3: autoDraw = True
87.9289 	EXP 	text_3: autoDraw = False
87.9289 	EXP 	instr_text_2: autoDraw = True
91.0878 	EXP 	Imported SimonTask.xlsx as conditions, 6 conditions, 6 params
91.0881 	EXP 	Created sequence: fullRandom, trialTypes=6, nReps=8, seed=None
91.0885 	EXP 	New trial (rep=0, index=0): {'images': 'blue_incongruent', 'congruentcy': 0, 'corrAns': 'a', 'box_pos': 'right', 'box_color': 'blue', 'box_x': 0.6}
91.0908 	DATA 	Keypress: space
91.0946 	EXP 	instr_text_2: autoDraw = False
91.0946 	EXP 	FixCross: autoDraw = True
92.2290 	EXP 	FixCross: autoDraw = False
92.2290 	EXP 	FixCross: autoDraw = False
92.2290 	EXP 	Box: pos = array([0.6, 0. ])
92.2290 	EXP 	Box: autoDraw = True
92.7461 	DATA 	Keypress: a
92.7555 	EXP 	New trial (rep=0, index=1): {'images': 'red_incongruent', 'congruentcy': 0, 'corrAns': 'k', 'box_pos': 'left', 'box_color': 'red', 'box_x': -0.6}
92.7630 	EXP 	Box: autoDraw = False
92.7630 	EXP 	FixCross: autoDraw = True
93.8809 	EXP 	FixCross: autoDraw = False
93.8809 	EXP 	FixCross: autoDraw = False
93.8809 	EXP 	Box: pos = array([-0.6,  0. ])
93.8809 	EXP 	Box: autoDraw = True
94.4904 	DATA 	Keypress: k
94.4986 	EXP 	New trial (rep=0, index=2): {'images': 'blue_neutral', 'congruentcy': 0, 'corrAns': 'a', 'box_pos': 'middle', 'box_color': 'blue', 'box_x': 0}
94.5065 	EXP 	Box: autoDraw = False
94.5065 	EXP 	FixCross: autoDraw = True
95.6287 	EXP 	FixCross: autoDraw = False
95.6287 	EXP 	FixCross: autoDraw = False
95.6287 	EXP 	Box: pos = array([0., 0.])
95.6287 	EXP 	Box: autoDraw = True
96.2088 	EXP 	New trial (rep=0, index=3): {'images': 'blue_incongruent', 'congruentcy': 0, 'corrAns': 'a', 'box_pos': 'right', 'box_color': 'blue', 'box_x': 0.6}
96.2118 	DATA 	Keypress: a
96.2169 	EXP 	Box: autoDraw = False
96.2169 	EXP 	FixCross: autoDraw = True
97.2636 	EXP 	FixCross: autoDraw = False
97.2636 	EXP 	FixCross: autoDraw = False
97.2636 	EXP 	Box: pos = array([0.6, 0. ])
97.2636 	EXP 	Box: autoDraw = True
98.1484 	EXP 	New trial (rep=0, index=4): {'images': 'blue_congruent', 'congruentcy': 1, 'corrAns': 'a', 'box_pos': 'left', 'box_color': 'blue', 'box_x': -0.6}
98.1512 	DATA 	Keypress: a
98.1562 	EXP 	Box: autoDraw = False
98.1562 	EXP 	FixCross: autoDraw = True
99.2699 	EXP 	FixCross: autoDraw = False
99.2699 	EXP 	FixCross: autoDraw = False
99.2699 	EXP 	Box: pos = array([-0.6,  0. ])
99.2699 	EXP 	Box: autoDraw = True
99.7376 	DATA 	Keypress: a
99.7458 	EXP 	New trial (rep=0, index=5): {'images': 'red_congruent', 'congruentcy': 1, 'corrAns': 'k', 'box_pos': 'right', 'box_color': 'red', 'box_x': 0.6}
99.7540 	EXP 	Box: autoDraw = False
99.7540 	EXP 	FixCross: autoDraw = True
100.9466 	EXP 	FixCross: autoDraw = False
100.9466 	EXP 	FixCross: autoDraw = False
100.9466 	EXP 	Box: pos = array([0.6, 0. ])
100.9466 	EXP 	Box: autoDraw = True
101.4023 	DATA 	Keypress: k
101.4101 	EXP 	New trial (rep=1, index=0): {'images': 'red_incongruent', 'congruentcy': 0, 'corrAns': 'k', 'box_pos': 'left', 'box_color': 'red', 'box_x': -0.6}
101.4180 	EXP 	Box: autoDraw = False
101.4180 	EXP 	FixCross: autoDraw = True
102.6067 	EXP 	FixCross: autoDraw = False
102.6067 	EXP 	FixCross: autoDraw = False
102.6067 	EXP 	Box: pos = array([-0.6,  0. ])
102.6067 	EXP 	Box: autoDraw = True
103.0994 	DATA 	Keypress: k
103.1072 	EXP 	New trial (rep=1, index=1): {'images': 'red_congruent', 'congruentcy': 1, 'corrAns': 'k', 'box_pos': 'right', 'box_color': 'red', 'box_x': 0.6}
103.1158 	EXP 	Box: autoDraw = False
103.1158 	EXP 	FixCross: autoDraw = True
104.2881 	EXP 	FixCross: autoDraw = False
104.2881 	EXP 	FixCross: autoDraw = False
104.2881 	EXP 	Box: pos = array([0.6, 0. ])
104.2881 	EXP 	Box: autoDraw = True
104.7886 	EXP 	New trial (rep=1, index=2): {'images': 'red_incongruent', 'congruentcy': 0, 'corrAns': 'k', 'box_pos': 'left', 'box_color': 'red', 'box_x': -0.6}
104.7908 	DATA 	Keypress: k
104.7967 	EXP 	Box: autoDraw = False
104.7967 	EXP 	FixCross: autoDraw = True
105.9394 	EXP 	FixCross: autoDraw = False
105.9394 	EXP 	FixCross: autoDraw = False
105.9394 	EXP 	Box: pos = array([-0.6,  0. ])
105.9394 	EXP 	Box: autoDraw = True
106.4572 	EXP 	New trial (rep=1, index=3): {'images': 'blue_neutral', 'congruentcy': 0, 'corrAns': 'a', 'box_pos': 'middle', 'box_color': 'blue', 'box_x': 0}
106.4601 	DATA 	Keypress: k
106.4650 	EXP 	Box: autoDraw = False
106.4650 	EXP 	FixCross: autoDraw = True
107.5828 	EXP 	FixCross: autoDraw = False
107.5828 	EXP 	FixCross: autoDraw = False
107.5828 	EXP 	Box: pos = array([0., 0.])
107.5828 	EXP 	Box: autoDraw = True
108.1085 	DATA 	Keypress: a
108.1164 	EXP 	New trial (rep=1, index=4): {'images': 'blue_congruent', 'congruentcy': 1, 'corrAns': 'a', 'box_pos': 'left', 'box_color': 'blue', 'box_x': -0.6}
108.1206 	EXP 	Box: autoDraw = False
108.1206 	EXP 	FixCross: autoDraw = True
109.2095 	EXP 	FixCross: autoDraw = False
109.2095 	EXP 	FixCross: autoDraw = False
109.2095 	EXP 	Box: pos = array([-0.6,  0. ])
109.2095 	EXP 	Box: autoDraw = True
109.7398 	DATA 	Keypress: a
109.7480 	EXP 	New trial (rep=1, index=5): {'images': 'blue_neutral', 'congruentcy': 0, 'corrAns': 'a', 'box_pos': 'middle', 'box_color': 'blue', 'box_x': 0}
109.7563 	EXP 	Box: autoDraw = False
109.7563 	EXP 	FixCross: autoDraw = True
110.8780 	EXP 	FixCross: autoDraw = False
110.8780 	EXP 	FixCross: autoDraw = False
110.8780 	EXP 	Box: pos = array([0., 0.])
110.8780 	EXP 	Box: autoDraw = True
111.3832 	EXP 	New trial (rep=2, index=0): {'images': 'blue_neutral', 'congruentcy': 0, 'corrAns': 'a', 'box_pos': 'middle', 'box_color': 'blue', 'box_x': 0}
111.3863 	DATA 	Keypress: a
111.3915 	EXP 	Box: autoDraw = False
111.3915 	EXP 	FixCross: autoDraw = True
112.5216 	EXP 	FixCross: autoDraw = False
112.5216 	EXP 	FixCross: autoDraw = False
112.5216 	EXP 	Box: pos = array([0., 0.])
112.5216 	EXP 	Box: autoDraw = True
112.9875 	DATA 	Keypress: a
112.9975 	EXP 	New trial (rep=2, index=1): {'images': 'blue_congruent', 'congruentcy': 1, 'corrAns': 'a', 'box_pos': 'left', 'box_color': 'blue', 'box_x': -0.6}
113.0055 	EXP 	Box: autoDraw = False
113.0055 	EXP 	FixCross: autoDraw = True
114.1397 	EXP 	FixCross: autoDraw = False
114.1397 	EXP 	FixCross: autoDraw = False
114.1397 	EXP 	Box: pos = array([-0.6,  0. ])
114.1397 	EXP 	Box: autoDraw = True
114.6949 	EXP 	New trial (rep=2, index=2): {'images': 'blue_congruent', 'congruentcy': 1, 'corrAns': 'a', 'box_pos': 'left', 'box_color': 'blue', 'box_x': -0.6}
114.6979 	DATA 	Keypress: a
114.7029 	EXP 	Box: autoDraw = False
114.7029 	EXP 	FixCross: autoDraw = True
115.7456 	EXP 	FixCross: autoDraw = False
115.7456 	EXP 	FixCross: autoDraw = False
115.7456 	EXP 	Box: pos = array([-0.6,  0. ])
115.7456 	EXP 	Box: autoDraw = True
116.3382 	EXP 	New trial (rep=2, index=3): {'images': 'blue_congruent', 'congruentcy': 1, 'corrAns': 'a', 'box_pos': 'left', 'box_color': 'blue', 'box_x': -0.6}
116.3403 	DATA 	Keypress: a
116.3466 	EXP 	Box: autoDraw = False
116.3466 	EXP 	FixCross: autoDraw = True
117.4641 	EXP 	FixCross: autoDraw = False
117.4641 	EXP 	FixCross: autoDraw = False
117.4641 	EXP 	Box: pos = array([-0.6,  0. ])
117.4641 	EXP 	Box: autoDraw = True
117.9896 	DATA 	Keypress: a
117.9986 	EXP 	New trial (rep=2, index=4): {'images': 'red_neutral', 'congruentcy': 0, 'corrAns': 'k', 'box_pos': 'middle', 'box_color': 'red', 'box_x': 0}
118.0064 	EXP 	Box: autoDraw = False
118.0064 	EXP 	FixCross: autoDraw = True
119.1370 	EXP 	FixCross: autoDraw = False
119.1370 	EXP 	FixCross: autoDraw = False
119.1370 	EXP 	Box: pos = array([0., 0.])
119.1370 	EXP 	Box: autoDraw = True
119.6840 	DATA 	Keypress: k
119.6920 	EXP 	New trial (rep=2, index=5): {'images': 'blue_incongruent', 'congruentcy': 0, 'corrAns': 'a', 'box_pos': 'right', 'box_color': 'blue', 'box_x': 0.6}
119.7001 	EXP 	Box: autoDraw = False
119.7001 	EXP 	FixCross: autoDraw = True
120.7718 	EXP 	FixCross: autoDraw = False
120.7718 	EXP 	FixCross: autoDraw = False
120.7718 	EXP 	Box: pos = array([0.6, 0. ])
120.7718 	EXP 	Box: autoDraw = True
121.2803 	EXP 	New trial (rep=3, index=0): {'images': 'red_neutral', 'congruentcy': 0, 'corrAns': 'k', 'box_pos': 'middle', 'box_color': 'red', 'box_x': 0}
121.2824 	DATA 	Keypress: a
121.2843 	EXP 	Box: autoDraw = False
121.2843 	EXP 	FixCross: autoDraw = True
122.4613 	EXP 	FixCross: autoDraw = False
122.4613 	EXP 	FixCross: autoDraw = False
122.4613 	EXP 	Box: pos = array([0., 0.])
122.4613 	EXP 	Box: autoDraw = True
122.9788 	EXP 	New trial (rep=3, index=1): {'images': 'blue_neutral', 'congruentcy': 0, 'corrAns': 'a', 'box_pos': 'middle', 'box_color': 'blue', 'box_x': 0}
122.9818 	DATA 	Keypress: k
122.9866 	EXP 	Box: autoDraw = False
122.9866 	EXP 	FixCross: autoDraw = True
124.0878 	EXP 	FixCross: autoDraw = False
124.0878 	EXP 	FixCross: autoDraw = False
124.0878 	EXP 	Box: pos = array([0., 0.])
124.0878 	EXP 	Box: autoDraw = True
124.5978 	DATA 	Keypress: a
124.6053 	EXP 	New trial (rep=3, index=2): {'images': 'blue_congruent', 'congruentcy': 1, 'corrAns': 'a', 'box_pos': 'left', 'box_color': 'blue', 'box_x': -0.6}
124.6136 	EXP 	Box: autoDraw = False
124.6136 	EXP 	FixCross: autoDraw = True
125.7315 	EXP 	FixCross: autoDraw = False
125.7315 	EXP 	FixCross: autoDraw = False
125.7315 	EXP 	Box: pos = array([-0.6,  0. ])
125.7315 	EXP 	Box: autoDraw = True
126.2987 	EXP 	New trial (rep=3, index=3): {'images': 'blue_incongruent', 'congruentcy': 0, 'corrAns': 'a', 'box_pos': 'right', 'box_color': 'blue', 'box_x': 0.6}
126.3008 	DATA 	Keypress: a
126.3069 	EXP 	Box: autoDraw = False
126.3069 	EXP 	FixCross: autoDraw = True
127.3665 	EXP 	FixCross: autoDraw = False
127.3665 	EXP 	FixCross: autoDraw = False
127.3665 	EXP 	Box: pos = array([0.6, 0. ])
127.3665 	EXP 	Box: autoDraw = True
127.9090 	EXP 	New trial (rep=3, index=4): {'images': 'red_neutral', 'congruentcy': 0, 'corrAns': 'k', 'box_pos': 'middle', 'box_color': 'red', 'box_x': 0}
127.9111 	DATA 	Keypress: a
127.9171 	EXP 	Box: autoDraw = False
127.9171 	EXP 	FixCross: autoDraw = True
128.9933 	EXP 	FixCross: autoDraw = False
128.9933 	EXP 	FixCross: autoDraw = False
128.9933 	EXP 	Box: pos = array([0., 0.])
128.9933 	EXP 	Box: autoDraw = True
129.5017 	DATA 	Keypress: k
129.5107 	EXP 	New trial (rep=3, index=5): {'images': 'blue_incongruent', 'congruentcy': 0, 'corrAns': 'a', 'box_pos': 'right', 'box_color': 'blue', 'box_x': 0.6}
129.5188 	EXP 	Box: autoDraw = False
129.5188 	EXP 	FixCross: autoDraw = True
130.6199 	EXP 	FixCross: autoDraw = False
130.6199 	EXP 	FixCross: autoDraw = False
130.6199 	EXP 	Box: pos = array([0.6, 0. ])
130.6199 	EXP 	Box: autoDraw = True
131.3285 	EXP 	New trial (rep=4, index=0): {'images': 'red_congruent', 'congruentcy': 1, 'corrAns': 'k', 'box_pos': 'right', 'box_color': 'red', 'box_x': 0.6}
131.3306 	DATA 	Keypress: a
131.3333 	EXP 	Box: autoDraw = False
131.3333 	EXP 	FixCross: autoDraw = True
132.3510 	EXP 	FixCross: autoDraw = False
132.3510 	EXP 	FixCross: autoDraw = False
132.3510 	EXP 	Box: pos = array([0.6, 0. ])
132.3510 	EXP 	Box: autoDraw = True
133.0224 	DATA 	Keypress: k
133.0312 	EXP 	New trial (rep=4, index=1): {'images': 'red_congruent', 'congruentcy': 1, 'corrAns': 'k', 'box_pos': 'right', 'box_color': 'red', 'box_x': 0.6}
133.0393 	EXP 	Box: autoDraw = False
133.0393 	EXP 	FixCross: autoDraw = True
134.1151 	EXP 	FixCross: autoDraw = False
134.1151 	EXP 	FixCross: autoDraw = False
134.1151 	EXP 	Box: pos = array([0.6, 0. ])
134.1151 	EXP 	Box: autoDraw = True
135.1999 	DATA 	Keypress: k
135.2078 	EXP 	New trial (rep=4, index=2): {'images': 'blue_incongruent', 'congruentcy': 0, 'corrAns': 'a', 'box_pos': 'right', 'box_color': 'blue', 'box_x': 0.6}
135.2162 	EXP 	Box: autoDraw = False
135.2162 	EXP 	FixCross: autoDraw = True
136.3132 	EXP 	FixCross: autoDraw = False
136.3132 	EXP 	FixCross: autoDraw = False
136.3132 	EXP 	Box: pos = array([0.6, 0. ])
136.3132 	EXP 	Box: autoDraw = True
136.9894 	EXP 	New trial (rep=4, index=3): {'images': 'red_congruent', 'congruentcy': 1, 'corrAns': 'k', 'box_pos': 'right', 'box_color': 'red', 'box_x': 0.6}
136.9923 	DATA 	Keypress: a
136.9977 	EXP 	Box: autoDraw = False
136.9977 	EXP 	FixCross: autoDraw = True
138.1028 	EXP 	FixCross: autoDraw = False
138.1028 	EXP 	FixCross: autoDraw = False
138.1028 	EXP 	Box: pos = array([0.6, 0. ])
138.1028 	EXP 	Box: autoDraw = True
138.7538 	EXP 	New trial (rep=4, index=4): {'images': 'red_incongruent', 'congruentcy': 0, 'corrAns': 'k', 'box_pos': 'left', 'box_color': 'red', 'box_x': -0.6}
138.7565 	DATA 	Keypress: k
138.7616 	EXP 	Box: autoDraw = False
138.7616 	EXP 	FixCross: autoDraw = True
139.9963 	EXP 	FixCross: autoDraw = False
139.9963 	EXP 	FixCross: autoDraw = False
139.9963 	EXP 	Box: pos = array([-0.6,  0. ])
139.9963 	EXP 	Box: autoDraw = True
140.6141 	EXP 	New trial (rep=4, index=5): {'images': 'red_incongruent', 'congruentcy': 0, 'corrAns': 'k', 'box_pos': 'left', 'box_color': 'red', 'box_x': -0.6}
140.6171 	DATA 	Keypress: k
140.6220 	EXP 	Box: autoDraw = False
140.6220 	EXP 	FixCross: autoDraw = True
141.7483 	EXP 	FixCross: autoDraw = False
141.7483 	EXP 	FixCross: autoDraw = False
141.7483 	EXP 	Box: pos = array([-0.6,  0. ])
141.7483 	EXP 	Box: autoDraw = True
142.2943 	EXP 	New trial (rep=5, index=0): {'images': 'blue_neutral', 'congruentcy': 0, 'corrAns': 'a', 'box_pos': 'middle', 'box_color': 'blue', 'box_x': 0}
142.2964 	DATA 	Keypress: k
142.2988 	EXP 	Box: autoDraw = False
142.2988 	EXP 	FixCross: autoDraw = True
143.3415 	EXP 	FixCross: autoDraw = False
143.3415 	EXP 	FixCross: autoDraw = False
143.3415 	EXP 	Box: pos = array([0., 0.])
143.3415 	EXP 	Box: autoDraw = True
143.8299 	EXP 	New trial (rep=5, index=1): {'images': 'red_congruent', 'congruentcy': 1, 'corrAns': 'k', 'box_pos': 'right', 'box_color': 'red', 'box_x': 0.6}
143.8328 	DATA 	Keypress: a
143.8379 	EXP 	Box: autoDraw = False
143.8379 	EXP 	FixCross: autoDraw = True
145.0559 	EXP 	FixCross: autoDraw = False
145.0559 	EXP 	FixCross: autoDraw = False
145.0559 	EXP 	Box: pos = array([0.6, 0. ])
145.0559 	EXP 	Box: autoDraw = True
145.6691 	EXP 	New trial (rep=5, index=2): {'images': 'red_congruent', 'congruentcy': 1, 'corrAns': 'k', 'box_pos': 'right', 'box_color': 'red', 'box_x': 0.6}
145.6713 	DATA 	Keypress: k
145.6776 	EXP 	Box: autoDraw = False
145.6776 	EXP 	FixCross: autoDraw = True
146.7201 	EXP 	FixCross: autoDraw = False
146.7201 	EXP 	FixCross: autoDraw = False
146.7201 	EXP 	Box: pos = array([0.6, 0. ])
146.7201 	EXP 	Box: autoDraw = True
147.3624 	EXP 	New trial (rep=5, index=3): {'images': 'red_incongruent', 'congruentcy': 0, 'corrAns': 'k', 'box_pos': 'left', 'box_color': 'red', 'box_x': -0.6}
147.3646 	DATA 	Keypress: k
147.3708 	EXP 	Box: autoDraw = False
147.3708 	EXP 	FixCross: autoDraw = True
148.5345 	EXP 	FixCross: autoDraw = False
148.5345 	EXP 	FixCross: autoDraw = False
148.5345 	EXP 	Box: pos = array([-0.6,  0. ])
148.5345 	EXP 	Box: autoDraw = True
149.3689 	DATA 	Keypress: k
149.3769 	EXP 	New trial (rep=5, index=4): {'images': 'blue_neutral', 'congruentcy': 0, 'corrAns': 'a', 'box_pos': 'middle', 'box_color': 'blue', 'box_x': 0}
149.3856 	EXP 	Box: autoDraw = False
149.3856 	EXP 	FixCross: autoDraw = True
150.5491 	EXP 	FixCross: autoDraw = False
150.5491 	EXP 	FixCross: autoDraw = False
150.5491 	EXP 	Box: pos = array([0., 0.])
150.5491 	EXP 	Box: autoDraw = True
151.1293 	DATA 	Keypress: a
151.1373 	EXP 	New trial (rep=5, index=5): {'images': 'blue_congruent', 'congruentcy': 1, 'corrAns': 'a', 'box_pos': 'left', 'box_color': 'blue', 'box_x': -0.6}
151.1459 	EXP 	Box: autoDraw = False
151.1459 	EXP 	FixCross: autoDraw = True
152.3344 	EXP 	FixCross: autoDraw = False
152.3344 	EXP 	FixCross: autoDraw = False
152.3344 	EXP 	Box: pos = array([-0.6,  0. ])
152.3344 	EXP 	Box: autoDraw = True
152.9438 	EXP 	New trial (rep=6, index=0): {'images': 'red_neutral', 'congruentcy': 0, 'corrAns': 'k', 'box_pos': 'middle', 'box_color': 'red', 'box_x': 0}
152.9467 	DATA 	Keypress: a
152.9517 	EXP 	Box: autoDraw = False
152.9517 	EXP 	FixCross: autoDraw = True
153.9778 	EXP 	FixCross: autoDraw = False
153.9778 	EXP 	FixCross: autoDraw = False
153.9778 	EXP 	Box: pos = array([0., 0.])
153.9778 	EXP 	Box: autoDraw = True
154.7741 	EXP 	New trial (rep=6, index=1): {'images': 'blue_incongruent', 'congruentcy': 0, 'corrAns': 'a', 'box_pos': 'right', 'box_color': 'blue', 'box_x': 0.6}
154.7762 	DATA 	Keypress: k
154.7787 	EXP 	Box: autoDraw = False
154.7787 	EXP 	FixCross: autoDraw = True
155.8340 	EXP 	FixCross: autoDraw = False
155.8340 	EXP 	FixCross: autoDraw = False
155.8340 	EXP 	Box: pos = array([0.6, 0. ])
155.8340 	EXP 	Box: autoDraw = True
156.4595 	EXP 	New trial (rep=6, index=2): {'images': 'red_neutral', 'congruentcy': 0, 'corrAns': 'k', 'box_pos': 'middle', 'box_color': 'red', 'box_x': 0}
156.4615 	DATA 	Keypress: a
156.4681 	EXP 	Box: autoDraw = False
156.4681 	EXP 	FixCross: autoDraw = True
157.6149 	EXP 	FixCross: autoDraw = False
157.6149 	EXP 	FixCross: autoDraw = False
157.6149 	EXP 	Box: pos = array([0., 0.])
157.6149 	EXP 	Box: autoDraw = True
158.2529 	EXP 	New trial (rep=6, index=3): {'images': 'blue_congruent', 'congruentcy': 1, 'corrAns': 'a', 'box_pos': 'left', 'box_color': 'blue', 'box_x': -0.6}
158.2550 	DATA 	Keypress: k
158.2618 	EXP 	Box: autoDraw = False
158.2618 	EXP 	FixCross: autoDraw = True
159.4630 	EXP 	FixCross: autoDraw = False
159.4630 	EXP 	FixCross: autoDraw = False
159.4630 	EXP 	Box: pos = array([-0.6,  0. ])
159.4630 	EXP 	Box: autoDraw = True
160.0555 	EXP 	New trial (rep=6, index=4): {'images': 'blue_neutral', 'congruentcy': 0, 'corrAns': 'a', 'box_pos': 'middle', 'box_color': 'blue', 'box_x': 0}
160.0584 	DATA 	Keypress: a
160.0634 	EXP 	Box: autoDraw = False
160.0634 	EXP 	FixCross: autoDraw = True
161.1146 	EXP 	FixCross: autoDraw = False
161.1146 	EXP 	FixCross: autoDraw = False
161.1146 	EXP 	Box: pos = array([0., 0.])
161.1146 	EXP 	Box: autoDraw = True
161.7857 	DATA 	Keypress: a
161.7949 	EXP 	New trial (rep=6, index=5): {'images': 'red_incongruent', 'congruentcy': 0, 'corrAns': 'k', 'box_pos': 'left', 'box_color': 'red', 'box_x': -0.6}
161.8027 	EXP 	Box: autoDraw = False
161.8027 	EXP 	FixCross: autoDraw = True
162.9165 	EXP 	FixCross: autoDraw = False
162.9165 	EXP 	FixCross: autoDraw = False
162.9165 	EXP 	Box: pos = array([-0.6,  0. ])
162.9165 	EXP 	Box: autoDraw = True
163.5501 	EXP 	New trial (rep=7, index=0): {'images': 'red_neutral', 'congruentcy': 0, 'corrAns': 'k', 'box_pos': 'middle', 'box_color': 'red', 'box_x': 0}
163.5522 	DATA 	Keypress: k
163.5546 	EXP 	Box: autoDraw = False
163.5546 	EXP 	FixCross: autoDraw = True
164.6140 	EXP 	FixCross: autoDraw = False
164.6140 	EXP 	FixCross: autoDraw = False
164.6140 	EXP 	Box: pos = array([0., 0.])
164.6140 	EXP 	Box: autoDraw = True
165.4155 	EXP 	New trial (rep=7, index=1): {'images': 'red_incongruent', 'congruentcy': 0, 'corrAns': 'k', 'box_pos': 'left', 'box_color': 'red', 'box_x': -0.6}
165.4176 	DATA 	Keypress: k
165.4232 	EXP 	Box: autoDraw = False
165.4232 	EXP 	FixCross: autoDraw = True
166.6036 	EXP 	FixCross: autoDraw = False
166.6036 	EXP 	FixCross: autoDraw = False
166.6036 	EXP 	Box: pos = array([-0.6,  0. ])
166.6036 	EXP 	Box: autoDraw = True
167.1801 	DATA 	Keypress: k
167.1881 	EXP 	New trial (rep=7, index=2): {'images': 'red_neutral', 'congruentcy': 0, 'corrAns': 'k', 'box_pos': 'middle', 'box_color': 'red', 'box_x': 0}
167.1959 	EXP 	Box: autoDraw = False
167.1959 	EXP 	FixCross: autoDraw = True
168.2768 	EXP 	FixCross: autoDraw = False
168.2768 	EXP 	FixCross: autoDraw = False
168.2768 	EXP 	Box: pos = array([0., 0.])
168.2768 	EXP 	Box: autoDraw = True
168.6856 	EXP 	New trial (rep=7, index=3): {'images': 'red_congruent', 'congruentcy': 1, 'corrAns': 'k', 'box_pos': 'right', 'box_color': 'red', 'box_x': 0.6}
168.6883 	DATA 	Keypress: k
168.6933 	EXP 	Box: autoDraw = False
168.6933 	EXP 	FixCross: autoDraw = True
169.8195 	EXP 	FixCross: autoDraw = False
169.8195 	EXP 	FixCross: autoDraw = False
169.8195 	EXP 	Box: pos = array([0.6, 0. ])
169.8195 	EXP 	Box: autoDraw = True
170.2996 	EXP 	New trial (rep=7, index=4): {'images': 'blue_incongruent', 'congruentcy': 0, 'corrAns': 'a', 'box_pos': 'right', 'box_color': 'blue', 'box_x': 0.6}
170.3016 	DATA 	Keypress: k
170.3078 	EXP 	Box: autoDraw = False
170.3078 	EXP 	FixCross: autoDraw = True
171.4216 	EXP 	FixCross: autoDraw = False
171.4216 	EXP 	FixCross: autoDraw = False
171.4216 	EXP 	Box: pos = array([0.6, 0. ])
171.4216 	EXP 	Box: autoDraw = True
172.0391 	EXP 	New trial (rep=7, index=5): {'images': 'red_neutral', 'congruentcy': 0, 'corrAns': 'k', 'box_pos': 'middle', 'box_color': 'red', 'box_x': 0}
172.0422 	DATA 	Keypress: a
172.0469 	EXP 	Box: autoDraw = False
172.0469 	EXP 	FixCross: autoDraw = True
173.1648 	EXP 	FixCross: autoDraw = False
173.1648 	EXP 	FixCross: autoDraw = False
173.1648 	EXP 	Box: pos = array([0., 0.])
173.1648 	EXP 	Box: autoDraw = True
173.8399 	DATA 	Keypress: k
173.8446 	EXP 	Box: autoDraw = False
173.8446 	EXP 	text_2: text = 'Biraz mola verebilirsiniz. \n\n 48 adet doğru cevap verdiniz. \n Ortalama cevap süreniz 6.54e+02ms.\n\n Devam etmek için BOŞLUK tuşuna basınız.'
173.8446 	EXP 	text_2: autoDraw = True
180.2252 	EXP 	Imported SimonTask.xlsx as conditions, 6 conditions, 6 params
180.2256 	EXP 	Created sequence: fullRandom, trialTypes=6, nReps=8, seed=None
180.2259 	EXP 	New trial (rep=0, index=0): {'images': 'blue_neutral', 'congruentcy': 0, 'corrAns': 'a', 'box_pos': 'middle', 'box_color': 'blue', 'box_x': 0}
180.2291 	DATA 	Keypress: space
180.2347 	EXP 	text_2: autoDraw = False
180.2347 	EXP 	FixCross: autoDraw = True
181.3150 	EXP 	FixCross: autoDraw = False
181.3150 	EXP 	FixCross: autoDraw = False
181.3150 	EXP 	Box: pos = array([0., 0.])
181.3150 	EXP 	Box: autoDraw = True
181.8115 	EXP 	New trial (rep=0, index=1): {'images': 'red_neutral', 'congruentcy': 0, 'corrAns': 'k', 'box_pos': 'middle', 'box_color': 'red', 'box_x': 0}
181.8143 	DATA 	Keypress: a
181.8201 	EXP 	Box: autoDraw = False
181.8201 	EXP 	FixCross: autoDraw = True
182.8917 	EXP 	FixCross: autoDraw = False
182.8917 	EXP 	FixCross: autoDraw = False
182.8917 	EXP 	Box: pos = array([0., 0.])
182.8917 	EXP 	Box: autoDraw = True
183.3506 	DATA 	Keypress: k
183.3585 	EXP 	New trial (rep=0, index=2): {'images': 'blue_incongruent', 'congruentcy': 0, 'corrAns': 'a', 'box_pos': 'right', 'box_color': 'blue', 'box_x': 0.6}
183.3634 	EXP 	Box: autoDraw = False
183.3634 	EXP 	FixCross: autoDraw = True
184.4772 	EXP 	FixCross: autoDraw = False
184.4772 	EXP 	FixCross: autoDraw = False
184.4772 	EXP 	Box: pos = array([0.6, 0. ])
184.4772 	EXP 	Box: autoDraw = True
185.0860 	DATA 	Keypress: a
185.0949 	EXP 	New trial (rep=0, index=3): {'images': 'blue_incongruent', 'congruentcy': 0, 'corrAns': 'a', 'box_pos': 'right', 'box_color': 'blue', 'box_x': 0.6}
185.1026 	EXP 	Box: autoDraw = False
185.1026 	EXP 	FixCross: autoDraw = True
186.3162 	EXP 	FixCross: autoDraw = False
186.3162 	EXP 	FixCross: autoDraw = False
186.3162 	EXP 	Box: pos = array([0.6, 0. ])
186.3162 	EXP 	Box: autoDraw = True
186.7463 	EXP 	New trial (rep=0, index=4): {'images': 'blue_neutral', 'congruentcy': 0, 'corrAns': 'a', 'box_pos': 'middle', 'box_color': 'blue', 'box_x': 0}
186.7484 	DATA 	Keypress: a
186.7543 	EXP 	Box: autoDraw = False
186.7543 	EXP 	FixCross: autoDraw = True
187.8974 	EXP 	FixCross: autoDraw = False
187.8974 	EXP 	FixCross: autoDraw = False
187.8974 	EXP 	Box: pos = array([0., 0.])
187.8974 	EXP 	Box: autoDraw = True
188.5812 	DATA 	Keypress: a
188.5892 	EXP 	New trial (rep=0, index=5): {'images': 'red_incongruent', 'congruentcy': 0, 'corrAns': 'k', 'box_pos': 'left', 'box_color': 'red', 'box_x': -0.6}
188.5939 	EXP 	Box: autoDraw = False
188.5939 	EXP 	FixCross: autoDraw = True
189.6324 	EXP 	FixCross: autoDraw = False
189.6324 	EXP 	FixCross: autoDraw = False
189.6324 	EXP 	Box: pos = array([-0.6,  0. ])
189.6324 	EXP 	Box: autoDraw = True
190.2750 	EXP 	New trial (rep=1, index=0): {'images': 'red_neutral', 'congruentcy': 0, 'corrAns': 'k', 'box_pos': 'middle', 'box_color': 'red', 'box_x': 0}
190.2779 	DATA 	Keypress: k
190.2829 	EXP 	Box: autoDraw = False
190.2829 	EXP 	FixCross: autoDraw = True
191.4424 	EXP 	FixCross: autoDraw = False
191.4424 	EXP 	FixCross: autoDraw = False
191.4424 	EXP 	Box: pos = array([0., 0.])
191.4424 	EXP 	Box: autoDraw = True
191.9014 	DATA 	Keypress: k
191.9104 	EXP 	New trial (rep=1, index=1): {'images': 'blue_neutral', 'congruentcy': 0, 'corrAns': 'a', 'box_pos': 'middle', 'box_color': 'blue', 'box_x': 0}
191.9180 	EXP 	Box: autoDraw = False
191.9180 	EXP 	FixCross: autoDraw = True
193.1150 	EXP 	FixCross: autoDraw = False
193.1150 	EXP 	FixCross: autoDraw = False
193.1150 	EXP 	Box: pos = array([0., 0.])
193.1150 	EXP 	Box: autoDraw = True
193.6736 	EXP 	New trial (rep=1, index=2): {'images': 'blue_congruent', 'congruentcy': 1, 'corrAns': 'a', 'box_pos': 'left', 'box_color': 'blue', 'box_x': -0.6}
193.6757 	DATA 	Keypress: a
193.6826 	EXP 	Box: autoDraw = False
193.6826 	EXP 	FixCross: autoDraw = True
194.9089 	EXP 	FixCross: autoDraw = False
194.9089 	EXP 	FixCross: autoDraw = False
194.9089 	EXP 	Box: pos = array([-0.6,  0. ])
194.9089 	EXP 	Box: autoDraw = True
195.3969 	EXP 	New trial (rep=1, index=3): {'images': 'red_incongruent', 'congruentcy': 0, 'corrAns': 'k', 'box_pos': 'left', 'box_color': 'red', 'box_x': -0.6}
195.3991 	DATA 	Keypress: a
195.4052 	EXP 	Box: autoDraw = False
195.4052 	EXP 	FixCross: autoDraw = True
196.4687 	EXP 	FixCross: autoDraw = False
196.4687 	EXP 	FixCross: autoDraw = False
196.4687 	EXP 	Box: pos = array([-0.6,  0. ])
196.4687 	EXP 	Box: autoDraw = True
196.9523 	DATA 	Keypress: k
196.9612 	EXP 	New trial (rep=1, index=4): {'images': 'blue_congruent', 'congruentcy': 1, 'corrAns': 'a', 'box_pos': 'left', 'box_color': 'blue', 'box_x': -0.6}
196.9695 	EXP 	Box: autoDraw = False
196.9695 	EXP 	FixCross: autoDraw = True
198.0580 	EXP 	FixCross: autoDraw = False
198.0580 	EXP 	FixCross: autoDraw = False
198.0580 	EXP 	Box: pos = array([-0.6,  0. ])
198.0580 	EXP 	Box: autoDraw = True
198.7089 	EXP 	New trial (rep=1, index=5): {'images': 'red_incongruent', 'congruentcy': 0, 'corrAns': 'k', 'box_pos': 'left', 'box_color': 'red', 'box_x': -0.6}
198.7110 	DATA 	Keypress: a
198.7171 	EXP 	Box: autoDraw = False
198.7171 	EXP 	FixCross: autoDraw = True
199.7637 	EXP 	FixCross: autoDraw = False
199.7637 	EXP 	FixCross: autoDraw = False
199.7637 	EXP 	Box: pos = array([-0.6,  0. ])
199.7637 	EXP 	Box: autoDraw = True
200.2813 	EXP 	New trial (rep=2, index=0): {'images': 'blue_neutral', 'congruentcy': 0, 'corrAns': 'a', 'box_pos': 'middle', 'box_color': 'blue', 'box_x': 0}
200.2833 	DATA 	Keypress: k
200.2896 	EXP 	Box: autoDraw = False
200.2896 	EXP 	FixCross: autoDraw = True
201.3571 	EXP 	FixCross: autoDraw = False
201.3571 	EXP 	FixCross: autoDraw = False
201.3571 	EXP 	Box: pos = array([0., 0.])
201.3571 	EXP 	Box: autoDraw = True
201.9249 	EXP 	New trial (rep=2, index=1): {'images': 'blue_incongruent', 'congruentcy': 0, 'corrAns': 'a', 'box_pos': 'right', 'box_color': 'blue', 'box_x': 0.6}
201.9277 	DATA 	Keypress: a
201.9327 	EXP 	Box: autoDraw = False
201.9327 	EXP 	FixCross: autoDraw = True
203.0592 	EXP 	FixCross: autoDraw = False
203.0592 	EXP 	FixCross: autoDraw = False
203.0592 	EXP 	Box: pos = array([0.6, 0. ])
203.0592 	EXP 	Box: autoDraw = True
203.5433 	DATA 	Keypress: a
203.5510 	EXP 	New trial (rep=2, index=2): {'images': 'blue_incongruent', 'congruentcy': 0, 'corrAns': 'a', 'box_pos': 'right', 'box_color': 'blue', 'box_x': 0.6}
203.5553 	EXP 	Box: autoDraw = False
203.5553 	EXP 	FixCross: autoDraw = True
204.6398 	EXP 	FixCross: autoDraw = False
204.6398 	EXP 	FixCross: autoDraw = False
204.6398 	EXP 	Box: pos = array([0.6, 0. ])
204.6398 	EXP 	Box: autoDraw = True
205.0823 	EXP 	New trial (rep=2, index=3): {'images': 'red_congruent', 'congruentcy': 1, 'corrAns': 'k', 'box_pos': 'right', 'box_color': 'red', 'box_x': 0.6}
205.0845 	DATA 	Keypress: a
205.0902 	EXP 	Box: autoDraw = False
205.0902 	EXP 	FixCross: autoDraw = True
206.2414 	EXP 	FixCross: autoDraw = False
206.2414 	EXP 	FixCross: autoDraw = False
206.2414 	EXP 	Box: pos = array([0.6, 0. ])
206.2414 	EXP 	Box: autoDraw = True
206.7047 	DATA 	Keypress: k
206.7127 	EXP 	New trial (rep=2, index=4): {'images': 'blue_congruent', 'congruentcy': 1, 'corrAns': 'a', 'box_pos': 'left', 'box_color': 'blue', 'box_x': -0.6}
206.7211 	EXP 	Box: autoDraw = False
206.7211 	EXP 	FixCross: autoDraw = True
207.8390 	EXP 	FixCross: autoDraw = False
207.8390 	EXP 	FixCross: autoDraw = False
207.8390 	EXP 	Box: pos = array([-0.6,  0. ])
207.8390 	EXP 	Box: autoDraw = True
208.4861 	EXP 	New trial (rep=2, index=5): {'images': 'red_congruent', 'congruentcy': 1, 'corrAns': 'k', 'box_pos': 'right', 'box_color': 'red', 'box_x': 0.6}
208.4882 	DATA 	Keypress: a
208.4938 	EXP 	Box: autoDraw = False
208.4938 	EXP 	FixCross: autoDraw = True
209.7493 	EXP 	FixCross: autoDraw = False
209.7493 	EXP 	FixCross: autoDraw = False
209.7493 	EXP 	Box: pos = array([0.6, 0. ])
209.7493 	EXP 	Box: autoDraw = True
210.3126 	DATA 	Keypress: k
210.3205 	EXP 	New trial (rep=3, index=0): {'images': 'blue_congruent', 'congruentcy': 1, 'corrAns': 'a', 'box_pos': 'left', 'box_color': 'blue', 'box_x': -0.6}
210.3250 	EXP 	Box: autoDraw = False
210.3250 	EXP 	FixCross: autoDraw = True
211.5220 	EXP 	FixCross: autoDraw = False
211.5220 	EXP 	FixCross: autoDraw = False
211.5220 	EXP 	Box: pos = array([-0.6,  0. ])
211.5220 	EXP 	Box: autoDraw = True
212.1399 	EXP 	New trial (rep=3, index=1): {'images': 'blue_congruent', 'congruentcy': 1, 'corrAns': 'a', 'box_pos': 'left', 'box_color': 'blue', 'box_x': -0.6}
212.1420 	DATA 	Keypress: a
212.1477 	EXP 	Box: autoDraw = False
212.1477 	EXP 	FixCross: autoDraw = True
213.1904 	EXP 	FixCross: autoDraw = False
213.1904 	EXP 	FixCross: autoDraw = False
213.1904 	EXP 	Box: pos = array([-0.6,  0. ])
213.1904 	EXP 	Box: autoDraw = True
213.7165 	EXP 	New trial (rep=3, index=2): {'images': 'red_incongruent', 'congruentcy': 0, 'corrAns': 'k', 'box_pos': 'left', 'box_color': 'red', 'box_x': -0.6}
213.7194 	DATA 	Keypress: a
213.7246 	EXP 	Box: autoDraw = False
213.7246 	EXP 	FixCross: autoDraw = True
214.9217 	EXP 	FixCross: autoDraw = False
214.9217 	EXP 	FixCross: autoDraw = False
214.9217 	EXP 	Box: pos = array([-0.6,  0. ])
214.9217 	EXP 	Box: autoDraw = True
215.4016 	EXP 	New trial (rep=3, index=3): {'images': 'red_congruent', 'congruentcy': 1, 'corrAns': 'k', 'box_pos': 'right', 'box_color': 'red', 'box_x': 0.6}
215.4037 	DATA 	Keypress: k
215.4098 	EXP 	Box: autoDraw = False
215.4098 	EXP 	FixCross: autoDraw = True
216.4315 	EXP 	FixCross: autoDraw = False
216.4315 	EXP 	FixCross: autoDraw = False
216.4315 	EXP 	Box: pos = array([0.6, 0. ])
216.4315 	EXP 	Box: autoDraw = True
216.9660 	EXP 	New trial (rep=3, index=4): {'images': 'blue_congruent', 'congruentcy': 1, 'corrAns': 'a', 'box_pos': 'left', 'box_color': 'blue', 'box_x': -0.6}
216.9681 	DATA 	Keypress: k
216.9737 	EXP 	Box: autoDraw = False
216.9737 	EXP 	FixCross: autoDraw = True
218.1999 	EXP 	FixCross: autoDraw = False
218.1999 	EXP 	FixCross: autoDraw = False
218.1999 	EXP 	Box: pos = array([-0.6,  0. ])
218.1999 	EXP 	Box: autoDraw = True
218.6014 	DATA 	Keypress: a
218.6084 	EXP 	New trial (rep=3, index=5): {'images': 'red_congruent', 'congruentcy': 1, 'corrAns': 'k', 'box_pos': 'right', 'box_color': 'red', 'box_x': 0.6}
218.6126 	EXP 	Box: autoDraw = False
218.6126 	EXP 	FixCross: autoDraw = True
219.6598 	EXP 	FixCross: autoDraw = False
219.6598 	EXP 	FixCross: autoDraw = False
219.6598 	EXP 	Box: pos = array([0.6, 0. ])
219.6598 	EXP 	Box: autoDraw = True
220.3318 	DATA 	Keypress: k
221.0319 	EXP 	New trial (rep=4, index=0): {'images': 'blue_incongruent', 'congruentcy': 0, 'corrAns': 'a', 'box_pos': 'right', 'box_color': 'blue', 'box_x': 0.6}
221.0341 	DATA 	Keypress: k
221.0406 	EXP 	Box: autoDraw = False
221.0406 	EXP 	FixCross: autoDraw = True
222.1041 	EXP 	FixCross: autoDraw = False
222.1041 	EXP 	FixCross: autoDraw = False
222.1041 	EXP 	Box: pos = array([0.6, 0. ])
222.1041 	EXP 	Box: autoDraw = True
222.6503 	DATA 	Keypress: a
222.6593 	EXP 	New trial (rep=4, index=1): {'images': 'red_congruent', 'congruentcy': 1, 'corrAns': 'k', 'box_pos': 'right', 'box_color': 'red', 'box_x': 0.6}
222.6675 	EXP 	Box: autoDraw = False
222.6675 	EXP 	FixCross: autoDraw = True
223.7559 	EXP 	FixCross: autoDraw = False
223.7559 	EXP 	FixCross: autoDraw = False
223.7559 	EXP 	Box: pos = array([0.6, 0. ])
223.7559 	EXP 	Box: autoDraw = True
224.2568 	EXP 	New trial (rep=4, index=2): {'images': 'red_congruent', 'congruentcy': 1, 'corrAns': 'k', 'box_pos': 'right', 'box_color': 'red', 'box_x': 0.6}
224.2597 	DATA 	Keypress: k
224.2647 	EXP 	Box: autoDraw = False
224.2647 	EXP 	FixCross: autoDraw = True
225.2949 	EXP 	FixCross: autoDraw = False
225.2949 	EXP 	FixCross: autoDraw = False
225.2949 	EXP 	Box: pos = array([0.6, 0. ])
225.2949 	EXP 	Box: autoDraw = True
225.7330 	EXP 	New trial (rep=4, index=3): {'images': 'red_incongruent', 'congruentcy': 0, 'corrAns': 'k', 'box_pos': 'left', 'box_color': 'red', 'box_x': -0.6}
225.7351 	DATA 	Keypress: k
225.7412 	EXP 	Box: autoDraw = False
225.7412 	EXP 	FixCross: autoDraw = True
226.8049 	EXP 	FixCross: autoDraw = False
226.8049 	EXP 	FixCross: autoDraw = False
226.8049 	EXP 	Box: pos = array([-0.6,  0. ])
226.8049 	EXP 	Box: autoDraw = True
227.3805 	DATA 	Keypress: k
227.3893 	EXP 	New trial (rep=4, index=4): {'images': 'blue_incongruent', 'congruentcy': 0, 'corrAns': 'a', 'box_pos': 'right', 'box_color': 'blue', 'box_x': 0.6}
227.3975 	EXP 	Box: autoDraw = False
227.3975 	EXP 	FixCross: autoDraw = True
228.4775 	EXP 	FixCross: autoDraw = False
228.4775 	EXP 	FixCross: autoDraw = False
228.4775 	EXP 	Box: pos = array([0.6, 0. ])
228.4775 	EXP 	Box: autoDraw = True
229.0160 	EXP 	New trial (rep=4, index=5): {'images': 'red_congruent', 'congruentcy': 1, 'corrAns': 'k', 'box_pos': 'right', 'box_color': 'red', 'box_x': 0.6}
229.0189 	DATA 	Keypress: a
229.0242 	EXP 	Box: autoDraw = False
229.0242 	EXP 	FixCross: autoDraw = True
230.2252 	EXP 	FixCross: autoDraw = False
230.2252 	EXP 	FixCross: autoDraw = False
230.2252 	EXP 	Box: pos = array([0.6, 0. ])
230.2252 	EXP 	Box: autoDraw = True
230.9092 	DATA 	Keypress: k
230.9181 	EXP 	New trial (rep=5, index=0): {'images': 'blue_neutral', 'congruentcy': 0, 'corrAns': 'a', 'box_pos': 'middle', 'box_color': 'blue', 'box_x': 0}
230.9262 	EXP 	Box: autoDraw = False
230.9262 	EXP 	FixCross: autoDraw = True
232.0312 	EXP 	FixCross: autoDraw = False
232.0312 	EXP 	FixCross: autoDraw = False
232.0312 	EXP 	Box: pos = array([0., 0.])
232.0312 	EXP 	Box: autoDraw = True
232.9698 	EXP 	New trial (rep=5, index=1): {'images': 'red_neutral', 'congruentcy': 0, 'corrAns': 'k', 'box_pos': 'middle', 'box_color': 'red', 'box_x': 0}
232.9727 	DATA 	Keypress: a
232.9781 	EXP 	Box: autoDraw = False
232.9781 	EXP 	FixCross: autoDraw = True
234.0376 	EXP 	FixCross: autoDraw = False
234.0376 	EXP 	FixCross: autoDraw = False
234.0376 	EXP 	Box: pos = array([0., 0.])
234.0376 	EXP 	Box: autoDraw = True
234.5471 	DATA 	Keypress: k
234.5550 	EXP 	New trial (rep=5, index=2): {'images': 'blue_incongruent', 'congruentcy': 0, 'corrAns': 'a', 'box_pos': 'right', 'box_color': 'blue', 'box_x': 0.6}
234.5634 	EXP 	Box: autoDraw = False
234.5634 	EXP 	FixCross: autoDraw = True
235.6267 	EXP 	FixCross: autoDraw = False
235.6267 	EXP 	FixCross: autoDraw = False
235.6267 	EXP 	Box: pos = array([0.6, 0. ])
235.6267 	EXP 	Box: autoDraw = True
236.7205 	EXP 	New trial (rep=5, index=3): {'images': 'red_neutral', 'congruentcy': 0, 'corrAns': 'k', 'box_pos': 'middle', 'box_color': 'red', 'box_x': 0}
236.7225 	DATA 	Keypress: a
236.7279 	EXP 	Box: autoDraw = False
236.7279 	EXP 	FixCross: autoDraw = True
237.8168 	EXP 	FixCross: autoDraw = False
237.8168 	EXP 	FixCross: autoDraw = False
237.8168 	EXP 	Box: pos = array([0., 0.])
237.8168 	EXP 	Box: autoDraw = True
238.3378 	EXP 	New trial (rep=5, index=4): {'images': 'red_incongruent', 'congruentcy': 0, 'corrAns': 'k', 'box_pos': 'left', 'box_color': 'red', 'box_x': -0.6}
238.3400 	DATA 	Keypress: k
238.3465 	EXP 	Box: autoDraw = False
238.3465 	EXP 	FixCross: autoDraw = True
239.5725 	EXP 	FixCross: autoDraw = False
239.5725 	EXP 	FixCross: autoDraw = False
239.5725 	EXP 	Box: pos = array([-0.6,  0. ])
239.5725 	EXP 	Box: autoDraw = True
240.0903 	EXP 	New trial (rep=5, index=5): {'images': 'blue_incongruent', 'congruentcy': 0, 'corrAns': 'a', 'box_pos': 'right', 'box_color': 'blue', 'box_x': 0.6}
240.0935 	DATA 	Keypress: k
240.0981 	EXP 	Box: autoDraw = False
240.0981 	EXP 	FixCross: autoDraw = True
241.2244 	EXP 	FixCross: autoDraw = False
241.2244 	EXP 	FixCross: autoDraw = False
241.2244 	EXP 	Box: pos = array([0.6, 0. ])
241.2244 	EXP 	Box: autoDraw = True
241.8129 	DATA 	Keypress: a
241.8206 	EXP 	New trial (rep=6, index=0): {'images': 'blue_congruent', 'congruentcy': 1, 'corrAns': 'a', 'box_pos': 'left', 'box_color': 'blue', 'box_x': -0.6}
241.8250 	EXP 	Box: autoDraw = False
241.8250 	EXP 	FixCross: autoDraw = True
242.8678 	EXP 	FixCross: autoDraw = False
242.8678 	EXP 	FixCross: autoDraw = False
242.8678 	EXP 	Box: pos = array([-0.6,  0. ])
242.8678 	EXP 	Box: autoDraw = True
243.5523 	EXP 	New trial (rep=6, index=1): {'images': 'red_neutral', 'congruentcy': 0, 'corrAns': 'k', 'box_pos': 'middle', 'box_color': 'red', 'box_x': 0}
243.5552 	DATA 	Keypress: a
243.5602 	EXP 	Box: autoDraw = False
243.5602 	EXP 	FixCross: autoDraw = True
244.6404 	EXP 	FixCross: autoDraw = False
244.6404 	EXP 	FixCross: autoDraw = False
244.6404 	EXP 	Box: pos = array([0., 0.])
244.6404 	EXP 	Box: autoDraw = True
245.1034 	EXP 	New trial (rep=6, index=2): {'images': 'red_congruent', 'congruentcy': 1, 'corrAns': 'k', 'box_pos': 'right', 'box_color': 'red', 'box_x': 0.6}
245.1055 	DATA 	Keypress: k
245.1117 	EXP 	Box: autoDraw = False
245.1117 	EXP 	FixCross: autoDraw = True
246.1837 	EXP 	FixCross: autoDraw = False
246.1837 	EXP 	FixCross: autoDraw = False
246.1837 	EXP 	Box: pos = array([0.6, 0. ])
246.1837 	EXP 	Box: autoDraw = True
247.9404 	EXP 	New trial (rep=6, index=3): {'images': 'red_neutral', 'congruentcy': 0, 'corrAns': 'k', 'box_pos': 'middle', 'box_color': 'red', 'box_x': 0}
247.9430 	DATA 	Keypress: k
247.9481 	EXP 	Box: autoDraw = False
247.9481 	EXP 	FixCross: autoDraw = True
249.0701 	EXP 	FixCross: autoDraw = False
249.0701 	EXP 	FixCross: autoDraw = False
249.0701 	EXP 	Box: pos = array([0., 0.])
249.0701 	EXP 	Box: autoDraw = True
249.5253 	EXP 	New trial (rep=6, index=4): {'images': 'red_incongruent', 'congruentcy': 0, 'corrAns': 'k', 'box_pos': 'left', 'box_color': 'red', 'box_x': -0.6}
249.5274 	DATA 	Keypress: k
249.5331 	EXP 	Box: autoDraw = False
249.5331 	EXP 	FixCross: autoDraw = True
250.5801 	EXP 	FixCross: autoDraw = False
250.5801 	EXP 	FixCross: autoDraw = False
250.5801 	EXP 	Box: pos = array([-0.6,  0. ])
250.5801 	EXP 	Box: autoDraw = True
251.1557 	EXP 	New trial (rep=6, index=5): {'images': 'red_incongruent', 'congruentcy': 0, 'corrAns': 'k', 'box_pos': 'left', 'box_color': 'red', 'box_x': -0.6}
251.1578 	DATA 	Keypress: k
251.1643 	EXP 	Box: autoDraw = False
251.1643 	EXP 	FixCross: autoDraw = True
252.2693 	EXP 	FixCross: autoDraw = False
252.2693 	EXP 	FixCross: autoDraw = False
252.2693 	EXP 	Box: pos = array([-0.6,  0. ])
252.2693 	EXP 	Box: autoDraw = True
253.0123 	EXP 	New trial (rep=7, index=0): {'images': 'blue_neutral', 'congruentcy': 0, 'corrAns': 'a', 'box_pos': 'middle', 'box_color': 'blue', 'box_x': 0}
253.0152 	DATA 	Keypress: k
253.0201 	EXP 	Box: autoDraw = False
253.0201 	EXP 	FixCross: autoDraw = True
254.1964 	EXP 	FixCross: autoDraw = False
254.1964 	EXP 	FixCross: autoDraw = False
254.1964 	EXP 	Box: pos = array([0., 0.])
254.1964 	EXP 	Box: autoDraw = True
254.7175 	EXP 	New trial (rep=7, index=1): {'images': 'blue_congruent', 'congruentcy': 1, 'corrAns': 'a', 'box_pos': 'left', 'box_color': 'blue', 'box_x': -0.6}
254.7196 	DATA 	Keypress: a
254.7264 	EXP 	Box: autoDraw = False
254.7264 	EXP 	FixCross: autoDraw = True
255.8065 	EXP 	FixCross: autoDraw = False
255.8065 	EXP 	FixCross: autoDraw = False
255.8065 	EXP 	Box: pos = array([-0.6,  0. ])
255.8065 	EXP 	Box: autoDraw = True
256.3821 	DATA 	Keypress: a
256.3909 	EXP 	New trial (rep=7, index=2): {'images': 'blue_neutral', 'congruentcy': 0, 'corrAns': 'a', 'box_pos': 'middle', 'box_color': 'blue', 'box_x': 0}
256.3990 	EXP 	Box: autoDraw = False
256.3990 	EXP 	FixCross: autoDraw = True
257.5500 	EXP 	FixCross: autoDraw = False
257.5500 	EXP 	FixCross: autoDraw = False
257.5500 	EXP 	Box: pos = array([0., 0.])
257.5500 	EXP 	Box: autoDraw = True
257.9633 	EXP 	New trial (rep=7, index=3): {'images': 'blue_neutral', 'congruentcy': 0, 'corrAns': 'a', 'box_pos': 'middle', 'box_color': 'blue', 'box_x': 0}
257.9663 	DATA 	Keypress: a
257.9713 	EXP 	Box: autoDraw = False
257.9713 	EXP 	FixCross: autoDraw = True
259.0266 	EXP 	FixCross: autoDraw = False
259.0266 	EXP 	FixCross: autoDraw = False
259.0266 	EXP 	Box: pos = array([0., 0.])
259.0266 	EXP 	Box: autoDraw = True
259.4986 	EXP 	New trial (rep=7, index=4): {'images': 'red_neutral', 'congruentcy': 0, 'corrAns': 'k', 'box_pos': 'middle', 'box_color': 'red', 'box_x': 0}
259.5006 	DATA 	Keypress: a
259.5064 	EXP 	Box: autoDraw = False
259.5064 	EXP 	FixCross: autoDraw = True
260.7578 	EXP 	FixCross: autoDraw = False
260.7578 	EXP 	FixCross: autoDraw = False
260.7578 	EXP 	Box: pos = array([0., 0.])
260.7578 	EXP 	Box: autoDraw = True
261.3000 	EXP 	New trial (rep=7, index=5): {'images': 'red_neutral', 'congruentcy': 0, 'corrAns': 'k', 'box_pos': 'middle', 'box_color': 'red', 'box_x': 0}
261.3022 	DATA 	Keypress: k
261.3083 	EXP 	Box: autoDraw = False
261.3083 	EXP 	FixCross: autoDraw = True
262.4679 	EXP 	FixCross: autoDraw = False
262.4679 	EXP 	FixCross: autoDraw = False
262.4679 	EXP 	Box: pos = array([0., 0.])
262.4679 	EXP 	Box: autoDraw = True
262.9518 	DATA 	Keypress: k
262.9810 	EXP 	Box: autoDraw = False
262.9810 	EXP 	text_2: text = 'Biraz mola verebilirsiniz. \n\n 48 adet doğru cevap verdiniz. \n Ortalama cevap süreniz 4.83e+02ms.\n\n Devam etmek için BOŞLUK tuşuna basınız.'
262.9810 	EXP 	text_2: autoDraw = True
269.3048 	DATA 	Keypress: space
269.3194 	EXP 	Imported SimonTask.xlsx as conditions, 6 conditions, 6 params
269.3198 	EXP 	Created sequence: fullRandom, trialTypes=6, nReps=8, seed=None
269.3201 	EXP 	New trial (rep=0, index=0): {'images': 'blue_congruent', 'congruentcy': 1, 'corrAns': 'a', 'box_pos': 'left', 'box_color': 'blue', 'box_x': -0.6}
269.3294 	EXP 	text_2: autoDraw = False
269.3294 	EXP 	FixCross: autoDraw = True
270.3843 	EXP 	FixCross: autoDraw = False
270.3843 	EXP 	FixCross: autoDraw = False
270.3843 	EXP 	Box: pos = array([-0.6,  0. ])
270.3843 	EXP 	Box: autoDraw = True
270.8649 	EXP 	New trial (rep=0, index=1): {'images': 'blue_incongruent', 'congruentcy': 0, 'corrAns': 'a', 'box_pos': 'right', 'box_color': 'blue', 'box_x': 0.6}
270.8677 	DATA 	Keypress: a
270.8724 	EXP 	Box: autoDraw = False
270.8724 	EXP 	FixCross: autoDraw = True
271.9652 	EXP 	FixCross: autoDraw = False
271.9652 	EXP 	FixCross: autoDraw = False
271.9652 	EXP 	Box: pos = array([0.6, 0. ])
271.9652 	EXP 	Box: autoDraw = True
272.6582 	DATA 	Keypress: space
273.0252 	EXP 	New trial (rep=0, index=2): {'images': 'red_neutral', 'congruentcy': 0, 'corrAns': 'k', 'box_pos': 'middle', 'box_color': 'red', 'box_x': 0}
273.0282 	DATA 	Keypress: a
273.0333 	EXP 	Box: autoDraw = False
273.0333 	EXP 	FixCross: autoDraw = True
274.1675 	EXP 	FixCross: autoDraw = False
274.1675 	EXP 	FixCross: autoDraw = False
274.1675 	EXP 	Box: pos = array([0., 0.])
274.1675 	EXP 	Box: autoDraw = True
274.6514 	EXP 	New trial (rep=0, index=3): {'images': 'red_neutral', 'congruentcy': 0, 'corrAns': 'k', 'box_pos': 'middle', 'box_color': 'red', 'box_x': 0}
274.6535 	DATA 	Keypress: k
274.6600 	EXP 	Box: autoDraw = False
274.6600 	EXP 	FixCross: autoDraw = True
275.7692 	EXP 	FixCross: autoDraw = False
275.7692 	EXP 	FixCross: autoDraw = False
275.7692 	EXP 	Box: pos = array([0., 0.])
275.7692 	EXP 	Box: autoDraw = True
276.3371 	DATA 	Keypress: k
276.3448 	EXP 	New trial (rep=0, index=4): {'images': 'red_incongruent', 'congruentcy': 0, 'corrAns': 'k', 'box_pos': 'left', 'box_color': 'red', 'box_x': -0.6}
276.3534 	EXP 	Box: autoDraw = False
276.3534 	EXP 	FixCross: autoDraw = True
277.5045 	EXP 	FixCross: autoDraw = False
277.5045 	EXP 	FixCross: autoDraw = False
277.5045 	EXP 	Box: pos = array([-0.6,  0. ])
277.5045 	EXP 	Box: autoDraw = True
278.0382 	EXP 	New trial (rep=0, index=5): {'images': 'blue_congruent', 'congruentcy': 1, 'corrAns': 'a', 'box_pos': 'left', 'box_color': 'blue', 'box_x': -0.6}
278.0404 	DATA 	Keypress: k
278.0468 	EXP 	Box: autoDraw = False
278.0468 	EXP 	FixCross: autoDraw = True
279.1066 	EXP 	FixCross: autoDraw = False
279.1066 	EXP 	FixCross: autoDraw = False
279.1066 	EXP 	Box: pos = array([-0.6,  0. ])
279.1066 	EXP 	Box: autoDraw = True
279.5738 	EXP 	New trial (rep=1, index=0): {'images': 'red_congruent', 'congruentcy': 1, 'corrAns': 'k', 'box_pos': 'right', 'box_color': 'red', 'box_x': 0.6}
279.5766 	DATA 	Keypress: a
279.5816 	EXP 	Box: autoDraw = False
279.5816 	EXP 	FixCross: autoDraw = True
280.6828 	EXP 	FixCross: autoDraw = False
280.6828 	EXP 	FixCross: autoDraw = False
280.6828 	EXP 	Box: pos = array([0.6, 0. ])
280.6828 	EXP 	Box: autoDraw = True
281.2539 	EXP 	New trial (rep=1, index=1): {'images': 'blue_incongruent', 'congruentcy': 0, 'corrAns': 'a', 'box_pos': 'right', 'box_color': 'blue', 'box_x': 0.6}
281.2560 	DATA 	Keypress: k
281.2584 	EXP 	Box: autoDraw = False
281.2584 	EXP 	FixCross: autoDraw = True
282.3470 	EXP 	FixCross: autoDraw = False
282.3470 	EXP 	FixCross: autoDraw = False
282.3470 	EXP 	Box: pos = array([0.6, 0. ])
282.3470 	EXP 	Box: autoDraw = True
282.9106 	EXP 	New trial (rep=1, index=2): {'images': 'red_incongruent', 'congruentcy': 0, 'corrAns': 'k', 'box_pos': 'left', 'box_color': 'red', 'box_x': -0.6}
282.9135 	DATA 	Keypress: a
282.9184 	EXP 	Box: autoDraw = False
282.9184 	EXP 	FixCross: autoDraw = True
284.1115 	EXP 	FixCross: autoDraw = False
284.1115 	EXP 	FixCross: autoDraw = False
284.1115 	EXP 	Box: pos = array([-0.6,  0. ])
284.1115 	EXP 	Box: autoDraw = True
284.6828 	DATA 	Keypress: k
285.1171 	EXP 	New trial (rep=1, index=3): {'images': 'blue_neutral', 'congruentcy': 0, 'corrAns': 'a', 'box_pos': 'middle', 'box_color': 'blue', 'box_x': 0}
285.1198 	DATA 	Keypress: k
285.1250 	EXP 	Box: autoDraw = False
285.1250 	EXP 	FixCross: autoDraw = True
286.1510 	EXP 	FixCross: autoDraw = False
286.1510 	EXP 	FixCross: autoDraw = False
286.1510 	EXP 	Box: pos = array([0., 0.])
286.1510 	EXP 	Box: autoDraw = True
286.7313 	DATA 	Keypress: a
286.7392 	EXP 	New trial (rep=1, index=4): {'images': 'red_neutral', 'congruentcy': 0, 'corrAns': 'k', 'box_pos': 'middle', 'box_color': 'red', 'box_x': 0}
286.7429 	EXP 	Box: autoDraw = False
286.7429 	EXP 	FixCross: autoDraw = True
287.8028 	EXP 	FixCross: autoDraw = False
287.8028 	EXP 	FixCross: autoDraw = False
287.8028 	EXP 	Box: pos = array([0., 0.])
287.8028 	EXP 	Box: autoDraw = True
288.3615 	EXP 	New trial (rep=1, index=5): {'images': 'blue_incongruent', 'congruentcy': 0, 'corrAns': 'a', 'box_pos': 'right', 'box_color': 'blue', 'box_x': 0.6}
288.3637 	DATA 	Keypress: k
288.3703 	EXP 	Box: autoDraw = False
288.3703 	EXP 	FixCross: autoDraw = True
289.5964 	EXP 	FixCross: autoDraw = False
289.5964 	EXP 	FixCross: autoDraw = False
289.5964 	EXP 	Box: pos = array([0.6, 0. ])
289.5964 	EXP 	Box: autoDraw = True
290.2142 	EXP 	New trial (rep=2, index=0): {'images': 'red_incongruent', 'congruentcy': 0, 'corrAns': 'k', 'box_pos': 'left', 'box_color': 'red', 'box_x': -0.6}
290.2171 	DATA 	Keypress: a
290.2220 	EXP 	Box: autoDraw = False
290.2220 	EXP 	FixCross: autoDraw = True
291.2690 	EXP 	FixCross: autoDraw = False
291.2690 	EXP 	FixCross: autoDraw = False
291.2690 	EXP 	Box: pos = array([-0.6,  0. ])
291.2690 	EXP 	Box: autoDraw = True
291.9663 	EXP 	New trial (rep=2, index=1): {'images': 'blue_incongruent', 'congruentcy': 0, 'corrAns': 'a', 'box_pos': 'right', 'box_color': 'blue', 'box_x': 0.6}
291.9685 	DATA 	Keypress: k
291.9739 	EXP 	Box: autoDraw = False
291.9739 	EXP 	FixCross: autoDraw = True
293.0793 	EXP 	FixCross: autoDraw = False
293.0793 	EXP 	FixCross: autoDraw = False
293.0793 	EXP 	Box: pos = array([0.6, 0. ])
293.0793 	EXP 	Box: autoDraw = True
293.5968 	DATA 	Keypress: a
293.6048 	EXP 	New trial (rep=2, index=2): {'images': 'red_congruent', 'congruentcy': 1, 'corrAns': 'k', 'box_pos': 'right', 'box_color': 'red', 'box_x': 0.6}
293.6133 	EXP 	Box: autoDraw = False
293.6133 	EXP 	FixCross: autoDraw = True
294.6393 	EXP 	FixCross: autoDraw = False
294.6393 	EXP 	FixCross: autoDraw = False
294.6393 	EXP 	Box: pos = array([0.6, 0. ])
294.6393 	EXP 	Box: autoDraw = True
295.2570 	EXP 	New trial (rep=2, index=3): {'images': 'red_neutral', 'congruentcy': 0, 'corrAns': 'k', 'box_pos': 'middle', 'box_color': 'red', 'box_x': 0}
295.2591 	DATA 	Keypress: k
295.2652 	EXP 	Box: autoDraw = False
295.2652 	EXP 	FixCross: autoDraw = True
296.3831 	EXP 	FixCross: autoDraw = False
296.3831 	EXP 	FixCross: autoDraw = False
296.3831 	EXP 	Box: pos = array([0., 0.])
296.3831 	EXP 	Box: autoDraw = True
297.1757 	EXP 	New trial (rep=2, index=4): {'images': 'red_congruent', 'congruentcy': 1, 'corrAns': 'k', 'box_pos': 'right', 'box_color': 'red', 'box_x': 0.6}
297.1785 	DATA 	Keypress: k
297.1838 	EXP 	Box: autoDraw = False
297.1838 	EXP 	FixCross: autoDraw = True
298.3519 	EXP 	FixCross: autoDraw = False
298.3519 	EXP 	FixCross: autoDraw = False
298.3519 	EXP 	Box: pos = array([0.6, 0. ])
298.3519 	EXP 	Box: autoDraw = True
298.8191 	EXP 	New trial (rep=2, index=5): {'images': 'blue_congruent', 'congruentcy': 1, 'corrAns': 'a', 'box_pos': 'left', 'box_color': 'blue', 'box_x': -0.6}
298.8221 	DATA 	Keypress: k
298.8269 	EXP 	Box: autoDraw = False
298.8269 	EXP 	FixCross: autoDraw = True
299.9073 	EXP 	FixCross: autoDraw = False
299.9073 	EXP 	FixCross: autoDraw = False
299.9073 	EXP 	Box: pos = array([-0.6,  0. ])
299.9073 	EXP 	Box: autoDraw = True
300.3042 	EXP 	New trial (rep=3, index=0): {'images': 'blue_neutral', 'congruentcy': 0, 'corrAns': 'a', 'box_pos': 'middle', 'box_color': 'blue', 'box_x': 0}
300.3064 	DATA 	Keypress: a
300.3119 	EXP 	Box: autoDraw = False
300.3119 	EXP 	FixCross: autoDraw = True
301.5131 	EXP 	FixCross: autoDraw = False
301.5131 	EXP 	FixCross: autoDraw = False
301.5131 	EXP 	Box: pos = array([0., 0.])
301.5131 	EXP 	Box: autoDraw = True
301.9558 	EXP 	New trial (rep=3, index=1): {'images': 'red_congruent', 'congruentcy': 1, 'corrAns': 'k', 'box_pos': 'right', 'box_color': 'red', 'box_x': 0.6}
301.9586 	DATA 	Keypress: a
301.9636 	EXP 	Box: autoDraw = False
301.9636 	EXP 	FixCross: autoDraw = True
303.0648 	EXP 	FixCross: autoDraw = False
303.0648 	EXP 	FixCross: autoDraw = False
303.0648 	EXP 	Box: pos = array([0.6, 0. ])
303.0648 	EXP 	Box: autoDraw = True
303.5199 	EXP 	New trial (rep=3, index=2): {'images': 'red_incongruent', 'congruentcy': 0, 'corrAns': 'k', 'box_pos': 'left', 'box_color': 'red', 'box_x': -0.6}
303.5220 	DATA 	Keypress: k
303.5278 	EXP 	Box: autoDraw = False
303.5278 	EXP 	FixCross: autoDraw = True
304.6206 	EXP 	FixCross: autoDraw = False
304.6206 	EXP 	FixCross: autoDraw = False
304.6206 	EXP 	Box: pos = array([-0.6,  0. ])
304.6206 	EXP 	Box: autoDraw = True
305.2963 	EXP 	New trial (rep=3, index=3): {'images': 'blue_neutral', 'congruentcy': 0, 'corrAns': 'a', 'box_pos': 'middle', 'box_color': 'blue', 'box_x': 0}
305.2985 	DATA 	Keypress: k
305.3049 	EXP 	Box: autoDraw = False
305.3049 	EXP 	FixCross: autoDraw = True
306.4934 	EXP 	FixCross: autoDraw = False
306.4934 	EXP 	FixCross: autoDraw = False
306.4934 	EXP 	Box: pos = array([0., 0.])
306.4934 	EXP 	Box: autoDraw = True
306.9398 	EXP 	New trial (rep=3, index=4): {'images': 'blue_congruent', 'congruentcy': 1, 'corrAns': 'a', 'box_pos': 'left', 'box_color': 'blue', 'box_x': -0.6}
306.9428 	DATA 	Keypress: a
306.9481 	EXP 	Box: autoDraw = False
306.9481 	EXP 	FixCross: autoDraw = True
308.1744 	EXP 	FixCross: autoDraw = False
308.1744 	EXP 	FixCross: autoDraw = False
308.1744 	EXP 	Box: pos = array([-0.6,  0. ])
308.1744 	EXP 	Box: autoDraw = True
308.9423 	DATA 	Keypress: a
308.9501 	EXP 	New trial (rep=3, index=5): {'images': 'blue_congruent', 'congruentcy': 1, 'corrAns': 'a', 'box_pos': 'left', 'box_color': 'blue', 'box_x': -0.6}
308.9544 	EXP 	Box: autoDraw = False
308.9544 	EXP 	FixCross: autoDraw = True
310.1640 	EXP 	FixCross: autoDraw = False
310.1640 	EXP 	FixCross: autoDraw = False
310.1640 	EXP 	Box: pos = array([-0.6,  0. ])
310.1640 	EXP 	Box: autoDraw = True
310.6485 	EXP 	New trial (rep=4, index=0): {'images': 'red_incongruent', 'congruentcy': 0, 'corrAns': 'k', 'box_pos': 'left', 'box_color': 'red', 'box_x': -0.6}
310.6506 	DATA 	Keypress: a
310.6561 	EXP 	Box: autoDraw = False
310.6561 	EXP 	FixCross: autoDraw = True
311.7656 	EXP 	FixCross: autoDraw = False
311.7656 	EXP 	FixCross: autoDraw = False
311.7656 	EXP 	Box: pos = array([-0.6,  0. ])
311.7656 	EXP 	Box: autoDraw = True
312.3293 	EXP 	New trial (rep=4, index=1): {'images': 'blue_neutral', 'congruentcy': 0, 'corrAns': 'a', 'box_pos': 'middle', 'box_color': 'blue', 'box_x': 0}
312.3319 	DATA 	Keypress: k
312.3371 	EXP 	Box: autoDraw = False
312.3371 	EXP 	FixCross: autoDraw = True
313.4011 	EXP 	FixCross: autoDraw = False
313.4011 	EXP 	FixCross: autoDraw = False
313.4011 	EXP 	Box: pos = array([0., 0.])
313.4011 	EXP 	Box: autoDraw = True
313.9184 	EXP 	New trial (rep=4, index=2): {'images': 'blue_incongruent', 'congruentcy': 0, 'corrAns': 'a', 'box_pos': 'right', 'box_color': 'blue', 'box_x': 0.6}
313.9213 	DATA 	Keypress: a
313.9263 	EXP 	Box: autoDraw = False
313.9263 	EXP 	FixCross: autoDraw = True
315.0107 	EXP 	FixCross: autoDraw = False
315.0107 	EXP 	FixCross: autoDraw = False
315.0107 	EXP 	Box: pos = array([0.6, 0. ])
315.0107 	EXP 	Box: autoDraw = True
315.9037 	DATA 	Keypress: a
315.9127 	EXP 	New trial (rep=4, index=3): {'images': 'red_incongruent', 'congruentcy': 0, 'corrAns': 'k', 'box_pos': 'left', 'box_color': 'red', 'box_x': -0.6}
315.9203 	EXP 	Box: autoDraw = False
315.9203 	EXP 	FixCross: autoDraw = True
317.1088 	EXP 	FixCross: autoDraw = False
317.1088 	EXP 	FixCross: autoDraw = False
317.1088 	EXP 	Box: pos = array([-0.6,  0. ])
317.1088 	EXP 	Box: autoDraw = True
317.5391 	EXP 	New trial (rep=4, index=4): {'images': 'red_neutral', 'congruentcy': 0, 'corrAns': 'k', 'box_pos': 'middle', 'box_color': 'red', 'box_x': 0}
317.5411 	DATA 	Keypress: k
317.5471 	EXP 	Box: autoDraw = False
317.5471 	EXP 	FixCross: autoDraw = True
318.6479 	EXP 	FixCross: autoDraw = False
318.6479 	EXP 	FixCross: autoDraw = False
318.6479 	EXP 	Box: pos = array([0., 0.])
318.6479 	EXP 	Box: autoDraw = True
319.5665 	EXP 	New trial (rep=4, index=5): {'images': 'blue_neutral', 'congruentcy': 0, 'corrAns': 'a', 'box_pos': 'middle', 'box_color': 'blue', 'box_x': 0}
319.5686 	DATA 	Keypress: k
319.5739 	EXP 	Box: autoDraw = False
319.5739 	EXP 	FixCross: autoDraw = True
320.7878 	EXP 	FixCross: autoDraw = False
320.7878 	EXP 	FixCross: autoDraw = False
320.7878 	EXP 	Box: pos = array([0., 0.])
320.7878 	EXP 	Box: autoDraw = True
321.2589 	EXP 	New trial (rep=5, index=0): {'images': 'red_congruent', 'congruentcy': 1, 'corrAns': 'k', 'box_pos': 'right', 'box_color': 'red', 'box_x': 0.6}
321.2610 	DATA 	Keypress: a
321.2676 	EXP 	Box: autoDraw = False
321.2676 	EXP 	FixCross: autoDraw = True
322.3269 	EXP 	FixCross: autoDraw = False
322.3269 	EXP 	FixCross: autoDraw = False
322.3269 	EXP 	Box: pos = array([0.6, 0. ])
322.3269 	EXP 	Box: autoDraw = True
322.8189 	EXP 	New trial (rep=5, index=1): {'images': 'red_congruent', 'congruentcy': 1, 'corrAns': 'k', 'box_pos': 'right', 'box_color': 'red', 'box_x': 0.6}
322.8209 	DATA 	Keypress: k
322.8277 	EXP 	Box: autoDraw = False
322.8277 	EXP 	FixCross: autoDraw = True
323.9413 	EXP 	FixCross: autoDraw = False
323.9413 	EXP 	FixCross: autoDraw = False
323.9413 	EXP 	Box: pos = array([0.6, 0. ])
323.9413 	EXP 	Box: autoDraw = True
324.5044 	DATA 	Keypress: k
324.5132 	EXP 	New trial (rep=5, index=2): {'images': 'blue_incongruent', 'congruentcy': 0, 'corrAns': 'a', 'box_pos': 'right', 'box_color': 'blue', 'box_x': 0.6}
324.5211 	EXP 	Box: autoDraw = False
324.5211 	EXP 	FixCross: autoDraw = True
325.6345 	EXP 	FixCross: autoDraw = False
325.6345 	EXP 	FixCross: autoDraw = False
325.6345 	EXP 	Box: pos = array([0.6, 0. ])
325.6345 	EXP 	Box: autoDraw = True
326.3818 	EXP 	New trial (rep=5, index=3): {'images': 'red_neutral', 'congruentcy': 0, 'corrAns': 'k', 'box_pos': 'middle', 'box_color': 'red', 'box_x': 0}
326.3847 	DATA 	Keypress: a
326.3895 	EXP 	Box: autoDraw = False
326.3895 	EXP 	FixCross: autoDraw = True
327.4867 	EXP 	FixCross: autoDraw = False
327.4867 	EXP 	FixCross: autoDraw = False
327.4867 	EXP 	Box: pos = array([0., 0.])
327.4867 	EXP 	Box: autoDraw = True
328.0120 	EXP 	New trial (rep=5, index=4): {'images': 'red_incongruent', 'congruentcy': 0, 'corrAns': 'k', 'box_pos': 'left', 'box_color': 'red', 'box_x': -0.6}
328.0141 	DATA 	Keypress: k
328.0206 	EXP 	Box: autoDraw = False
328.0206 	EXP 	FixCross: autoDraw = True
329.1969 	EXP 	FixCross: autoDraw = False
329.1969 	EXP 	FixCross: autoDraw = False
329.1969 	EXP 	Box: pos = array([-0.6,  0. ])
329.1969 	EXP 	Box: autoDraw = True
329.8977 	DATA 	Keypress: k
329.9064 	EXP 	New trial (rep=5, index=5): {'images': 'red_congruent', 'congruentcy': 1, 'corrAns': 'k', 'box_pos': 'right', 'box_color': 'red', 'box_x': 0.6}
329.9140 	EXP 	Box: autoDraw = False
329.9140 	EXP 	FixCross: autoDraw = True
330.9989 	EXP 	FixCross: autoDraw = False
330.9989 	EXP 	FixCross: autoDraw = False
330.9989 	EXP 	Box: pos = array([0.6, 0. ])
330.9989 	EXP 	Box: autoDraw = True
331.4869 	EXP 	New trial (rep=6, index=0): {'images': 'blue_incongruent', 'congruentcy': 0, 'corrAns': 'a', 'box_pos': 'right', 'box_color': 'blue', 'box_x': 0.6}
331.4899 	DATA 	Keypress: k
331.4952 	EXP 	Box: autoDraw = False
331.4952 	EXP 	FixCross: autoDraw = True
332.5672 	EXP 	FixCross: autoDraw = False
332.5672 	EXP 	FixCross: autoDraw = False
332.5672 	EXP 	Box: pos = array([0.6, 0. ])
332.5672 	EXP 	Box: autoDraw = True
333.3974 	EXP 	New trial (rep=6, index=1): {'images': 'blue_congruent', 'congruentcy': 1, 'corrAns': 'a', 'box_pos': 'left', 'box_color': 'blue', 'box_x': -0.6}
333.4003 	DATA 	Keypress: a
333.4056 	EXP 	Box: autoDraw = False
333.4056 	EXP 	FixCross: autoDraw = True
334.5943 	EXP 	FixCross: autoDraw = False
334.5943 	EXP 	FixCross: autoDraw = False
334.5943 	EXP 	Box: pos = array([-0.6,  0. ])
334.5943 	EXP 	Box: autoDraw = True
334.9867 	DATA 	Keypress: a
334.9946 	EXP 	New trial (rep=6, index=2): {'images': 'blue_congruent', 'congruentcy': 1, 'corrAns': 'a', 'box_pos': 'left', 'box_color': 'blue', 'box_x': -0.6}
335.0030 	EXP 	Box: autoDraw = False
335.0030 	EXP 	FixCross: autoDraw = True
336.1040 	EXP 	FixCross: autoDraw = False
336.1040 	EXP 	FixCross: autoDraw = False
336.1040 	EXP 	Box: pos = array([-0.6,  0. ])
336.1040 	EXP 	Box: autoDraw = True
336.4759 	EXP 	New trial (rep=6, index=3): {'images': 'red_incongruent', 'congruentcy': 0, 'corrAns': 'k', 'box_pos': 'left', 'box_color': 'red', 'box_x': -0.6}
336.4780 	DATA 	Keypress: a
336.4838 	EXP 	Box: autoDraw = False
336.4838 	EXP 	FixCross: autoDraw = True
337.6808 	EXP 	FixCross: autoDraw = False
337.6808 	EXP 	FixCross: autoDraw = False
337.6808 	EXP 	Box: pos = array([-0.6,  0. ])
337.6808 	EXP 	Box: autoDraw = True
338.2564 	EXP 	New trial (rep=6, index=4): {'images': 'blue_incongruent', 'congruentcy': 0, 'corrAns': 'a', 'box_pos': 'right', 'box_color': 'blue', 'box_x': 0.6}
338.2586 	DATA 	Keypress: k
338.2645 	EXP 	Box: autoDraw = False
338.2645 	EXP 	FixCross: autoDraw = True
339.3452 	EXP 	FixCross: autoDraw = False
339.3452 	EXP 	FixCross: autoDraw = False
339.3452 	EXP 	Box: pos = array([0.6, 0. ])
339.3452 	EXP 	Box: autoDraw = True
339.8287 	EXP 	New trial (rep=6, index=5): {'images': 'red_neutral', 'congruentcy': 0, 'corrAns': 'k', 'box_pos': 'middle', 'box_color': 'red', 'box_x': 0}
339.8309 	DATA 	Keypress: a
339.8373 	EXP 	Box: autoDraw = False
339.8373 	EXP 	FixCross: autoDraw = True
340.8968 	EXP 	FixCross: autoDraw = False
340.8968 	EXP 	FixCross: autoDraw = False
340.8968 	EXP 	Box: pos = array([0., 0.])
340.8968 	EXP 	Box: autoDraw = True
341.4050 	EXP 	New trial (rep=7, index=0): {'images': 'blue_neutral', 'congruentcy': 0, 'corrAns': 'a', 'box_pos': 'middle', 'box_color': 'blue', 'box_x': 0}
341.4071 	DATA 	Keypress: k
341.4100 	EXP 	Box: autoDraw = False
341.4100 	EXP 	FixCross: autoDraw = True
342.4732 	EXP 	FixCross: autoDraw = False
342.4732 	EXP 	FixCross: autoDraw = False
342.4732 	EXP 	Box: pos = array([0., 0.])
342.4732 	EXP 	Box: autoDraw = True
342.9365 	EXP 	New trial (rep=7, index=1): {'images': 'blue_neutral', 'congruentcy': 0, 'corrAns': 'a', 'box_pos': 'middle', 'box_color': 'blue', 'box_x': 0}
342.9394 	DATA 	Keypress: a
342.9447 	EXP 	Box: autoDraw = False
342.9447 	EXP 	FixCross: autoDraw = True
344.1083 	EXP 	FixCross: autoDraw = False
344.1083 	EXP 	FixCross: autoDraw = False
344.1083 	EXP 	Box: pos = array([0., 0.])
344.1083 	EXP 	Box: autoDraw = True
344.5758 	EXP 	New trial (rep=7, index=2): {'images': 'red_neutral', 'congruentcy': 0, 'corrAns': 'k', 'box_pos': 'middle', 'box_color': 'red', 'box_x': 0}
344.5780 	DATA 	Keypress: a
344.5839 	EXP 	Box: autoDraw = False
344.5839 	EXP 	FixCross: autoDraw = True
345.6766 	EXP 	FixCross: autoDraw = False
345.6766 	EXP 	FixCross: autoDraw = False
345.6766 	EXP 	Box: pos = array([0., 0.])
345.6766 	EXP 	Box: autoDraw = True
346.1692 	EXP 	New trial (rep=7, index=3): {'images': 'blue_neutral', 'congruentcy': 0, 'corrAns': 'a', 'box_pos': 'middle', 'box_color': 'blue', 'box_x': 0}
346.1713 	DATA 	Keypress: k
346.1774 	EXP 	Box: autoDraw = False
346.1774 	EXP 	FixCross: autoDraw = True
347.2369 	EXP 	FixCross: autoDraw = False
347.2369 	EXP 	FixCross: autoDraw = False
347.2369 	EXP 	Box: pos = array([0., 0.])
347.2369 	EXP 	Box: autoDraw = True
348.3216 	EXP 	New trial (rep=7, index=4): {'images': 'red_congruent', 'congruentcy': 1, 'corrAns': 'k', 'box_pos': 'right', 'box_color': 'red', 'box_x': 0.6}
348.3237 	DATA 	Keypress: a
348.3294 	EXP 	Box: autoDraw = False
348.3294 	EXP 	FixCross: autoDraw = True
349.4681 	EXP 	FixCross: autoDraw = False
349.4681 	EXP 	FixCross: autoDraw = False
349.4681 	EXP 	Box: pos = array([0.6, 0. ])
349.4681 	EXP 	Box: autoDraw = True
350.0232 	EXP 	New trial (rep=7, index=5): {'images': 'blue_congruent', 'congruentcy': 1, 'corrAns': 'a', 'box_pos': 'left', 'box_color': 'blue', 'box_x': -0.6}
350.0261 	DATA 	Keypress: k
350.0312 	EXP 	Box: autoDraw = False
350.0312 	EXP 	FixCross: autoDraw = True
351.2116 	EXP 	FixCross: autoDraw = False
351.2116 	EXP 	FixCross: autoDraw = False
351.2116 	EXP 	Box: pos = array([-0.6,  0. ])
351.2116 	EXP 	Box: autoDraw = True
351.8850 	DATA 	Keypress: a
351.8916 	EXP 	Box: autoDraw = False
351.8916 	EXP 	text_2: text = 'Biraz mola verebilirsiniz. \n\n 48 adet doğru cevap verdiniz. \n Ortalama cevap süreniz 6.55e+02ms.\n\n Devam etmek için BOŞLUK tuşuna basınız.'
351.8916 	EXP 	text_2: autoDraw = True
357.8261 	DATA 	Keypress: space
357.8311 	EXP 	text_2: autoDraw = False
357.8311 	EXP 	text: autoDraw = True
362.1858 	DATA 	Keypress: space
362.1902 	EXP 	text: autoDraw = False
362.2397 	EXP 	window1: mouseVisible = True
